[ 2017-08-22T10:52:53+08:00 ] 127.0.0.1 /index.php?m=award&a=reward_list&version=2
NOTIC: [8] Constant GROUP_NAME already defined F:\ThinkPHP\Lib\Core\Dispatcher.class.php 第 140 行.
NOTIC: [8192] preg_replace(): The /e modifier is deprecated, use preg_replace_callback instead F:\ThinkPHP\Common\common.php 第 171 行.
INFO: [ app_begin ] --START--
INFO: Run ReadHtmlCache Behavior [ RunTime:0.001000s ]
INFO: [ app_begin ] --END-- [ RunTime:0.001000s ]
NOTIC: [8] Memcache::connect():  F:\ThinkPHP\Extend\Driver\Session\SessionMemcache.class.php 第 38 行.
NOTIC: [2] Memcache::connect():  F:\ThinkPHP\Extend\Driver\Session\SessionMemcache.class.php 第 38 行.
NOTIC: 建议使用I方法替代_request
NOTIC: 建议使用I方法替代_request
SQL: SHOW COLUMNS FROM `fa_user_user` [ RunTime:0.003000s ]
NOTIC: [8192] preg_replace(): The /e modifier is deprecated, use preg_replace_callback instead F:\ThinkPHP\Lib\Core\Db.class.php 第 601 行.
SQL: SELECT * FROM `fa_user_user` WHERE ( `token` = '165e60de9d4807eaa63a0dd39eaa1e19' ) LIMIT 1   [ RunTime:0.001000s ]
NOTIC: [8] Undefined index: page F:\work\__App__\Api\Modules\Api2\Action\AwardAction.class.php 第 368 行.
SQL: SHOW COLUMNS FROM `fa_user_bet_gess_2` [ RunTime:0.002000s ]
SQL: SHOW COLUMNS FROM `fa_shop_goods` [ RunTime:0.002000s ]
NOTIC: [8192] preg_replace(): The /e modifier is deprecated, use preg_replace_callback instead F:\ThinkPHP\Lib\Core\Db.class.php 第 601 行.
SQL: SELECT COUNT(*) AS tp_count FROM `fa_user_bet_gess_2` WHERE ( `uid` = 1 ) LIMIT 1   [ RunTime:0.015001s ]
NOTIC: [8192] preg_replace(): The /e modifier is deprecated, use preg_replace_callback instead F:\ThinkPHP\Lib\Core\Db.class.php 第 601 行.
SQL: SELECT t1.*,t2.name,t2.type_id,t2.match_start_time,t2.prize_goods_id FROM `fa_user_bet_gess_2` as t1 left join fa_match_room as t2 on t1.room_id = t2.id WHERE ( t1.uid = '1' ) ORDER BY t2.match_start_time desc LIMIT 0,10   [ RunTime:0.002000s ]
NOTIC: [2] Missing argument 3 for CommonAction::cache(), called in F:\work\__App__\Api\Lib\Action\CommonAction.class.php on line 93 and defined F:\work\__App__\Api\Lib\Action\CommonAction.class.php 第 74 行.
SQL: SHOW COLUMNS FROM `fa_match_room_type` [ RunTime:0.002000s ]
NOTIC: [8192] preg_replace(): The /e modifier is deprecated, use preg_replace_callback instead F:\ThinkPHP\Lib\Core\Db.class.php 第 601 行.
SQL: SELECT `id`,`name`,`tag_img` FROM `fa_match_room_type`  [ RunTime:0.001000s ]

[ 2017-08-22T10:54:47+08:00 ] 127.0.0.1 /index.php?m=award&a=reward_list&version=2
NOTIC: [8] Constant GROUP_NAME already defined F:\ThinkPHP\Lib\Core\Dispatcher.class.php 第 140 行.
NOTIC: [8192] preg_replace(): The /e modifier is deprecated, use preg_replace_callback instead F:\ThinkPHP\Common\common.php 第 171 行.
INFO: [ app_begin ] --START--
INFO: Run ReadHtmlCache Behavior [ RunTime:0.001000s ]
INFO: [ app_begin ] --END-- [ RunTime:0.001000s ]
NOTIC: [8] Memcache::connect():  F:\ThinkPHP\Extend\Driver\Session\SessionMemcache.class.php 第 38 行.
NOTIC: [2] Memcache::connect():  F:\ThinkPHP\Extend\Driver\Session\SessionMemcache.class.php 第 38 行.
NOTIC: 建议使用I方法替代_request
NOTIC: 建议使用I方法替代_request
SQL: SHOW COLUMNS FROM `fa_user_user` [ RunTime:0.002000s ]
NOTIC: [8192] preg_replace(): The /e modifier is deprecated, use preg_replace_callback instead F:\ThinkPHP\Lib\Core\Db.class.php 第 601 行.
SQL: SELECT * FROM `fa_user_user` WHERE ( `token` = '165e60de9d4807eaa63a0dd39eaa1e19' ) LIMIT 1   [ RunTime:0.001000s ]
NOTIC: [8] Undefined index: page F:\work\__App__\Api\Modules\Api2\Action\AwardAction.class.php 第 368 行.
SQL: SHOW COLUMNS FROM `fa_user_bet_gess_2` [ RunTime:0.002000s ]
SQL: SHOW COLUMNS FROM `fa_shop_goods` [ RunTime:0.002000s ]
NOTIC: [8192] preg_replace(): The /e modifier is deprecated, use preg_replace_callback instead F:\ThinkPHP\Lib\Core\Db.class.php 第 601 行.
SQL: SELECT COUNT(*) AS tp_count FROM `fa_user_bet_gess_2` WHERE ( `uid` = 1 ) LIMIT 1   [ RunTime:0.001000s ]
NOTIC: [8192] preg_replace(): The /e modifier is deprecated, use preg_replace_callback instead F:\ThinkPHP\Lib\Core\Db.class.php 第 601 行.
SQL: SELECT t1.*,t2.prize,t2.name,t2.type_id,t2.match_start_time,t2.prize_goods_id FROM `fa_user_bet_gess_2` as t1 left join fa_match_room as t2 on t1.room_id = t2.id WHERE ( t1.uid = '1' ) ORDER BY t2.match_start_time desc LIMIT 0,10   [ RunTime:0.001000s ]
ERR: 1054:Unknown column 't2.prize' in 'field list'
 [ SQL语句 ] : SELECT t1.*,t2.prize,t2.name,t2.type_id,t2.match_start_time,t2.prize_goods_id FROM `fa_user_bet_gess_2` as t1 left join fa_match_room as t2 on t1.room_id = t2.id WHERE ( t1.uid = '1' ) ORDER BY t2.match_start_time desc LIMIT 0,10  

[ 2017-08-22T10:55:03+08:00 ] 127.0.0.1 /index.php?m=award&a=reward_list&version=2
NOTIC: [8] Constant GROUP_NAME already defined F:\ThinkPHP\Lib\Core\Dispatcher.class.php 第 140 行.
NOTIC: [8192] preg_replace(): The /e modifier is deprecated, use preg_replace_callback instead F:\ThinkPHP\Common\common.php 第 171 行.
INFO: [ app_begin ] --START--
INFO: Run ReadHtmlCache Behavior [ RunTime:0.001000s ]
INFO: [ app_begin ] --END-- [ RunTime:0.001000s ]
NOTIC: [8] Memcache::connect():  F:\ThinkPHP\Extend\Driver\Session\SessionMemcache.class.php 第 38 行.
NOTIC: [2] Memcache::connect():  F:\ThinkPHP\Extend\Driver\Session\SessionMemcache.class.php 第 38 行.
NOTIC: 建议使用I方法替代_request
NOTIC: 建议使用I方法替代_request
SQL: SHOW COLUMNS FROM `fa_user_user` [ RunTime:0.003000s ]
NOTIC: [8192] preg_replace(): The /e modifier is deprecated, use preg_replace_callback instead F:\ThinkPHP\Lib\Core\Db.class.php 第 601 行.
SQL: SELECT * FROM `fa_user_user` WHERE ( `token` = '165e60de9d4807eaa63a0dd39eaa1e19' ) LIMIT 1   [ RunTime:0.001001s ]
NOTIC: [8] Undefined index: page F:\work\__App__\Api\Modules\Api2\Action\AwardAction.class.php 第 368 行.
SQL: SHOW COLUMNS FROM `fa_user_bet_gess_2` [ RunTime:0.002000s ]
SQL: SHOW COLUMNS FROM `fa_shop_goods` [ RunTime:0.002000s ]
NOTIC: [8192] preg_replace(): The /e modifier is deprecated, use preg_replace_callback instead F:\ThinkPHP\Lib\Core\Db.class.php 第 601 行.
SQL: SELECT COUNT(*) AS tp_count FROM `fa_user_bet_gess_2` WHERE ( `uid` = 1 ) LIMIT 1   [ RunTime:0.000000s ]
NOTIC: [8192] preg_replace(): The /e modifier is deprecated, use preg_replace_callback instead F:\ThinkPHP\Lib\Core\Db.class.php 第 601 行.
SQL: SELECT t1.*,t2.name,t2.type_id,t2.match_start_time,t2.prize_goods_id FROM `fa_user_bet_gess_2` as t1 left join fa_match_room as t2 on t1.room_id = t2.id WHERE ( t1.uid = '1' ) ORDER BY t2.match_start_time desc LIMIT 0,10   [ RunTime:0.000000s ]
NOTIC: [2] Missing argument 3 for CommonAction::cache(), called in F:\work\__App__\Api\Lib\Action\CommonAction.class.php on line 93 and defined F:\work\__App__\Api\Lib\Action\CommonAction.class.php 第 74 行.

[ 2017-08-22T10:55:39+08:00 ] 127.0.0.1 /index.php?m=award&a=reward_list&version=2
NOTIC: [8] Constant GROUP_NAME already defined F:\ThinkPHP\Lib\Core\Dispatcher.class.php 第 140 行.
NOTIC: [8192] preg_replace(): The /e modifier is deprecated, use preg_replace_callback instead F:\ThinkPHP\Common\common.php 第 171 行.
INFO: [ app_begin ] --START--
INFO: Run ReadHtmlCache Behavior [ RunTime:0.001000s ]
INFO: [ app_begin ] --END-- [ RunTime:0.001000s ]
NOTIC: [8] Memcache::connect():  F:\ThinkPHP\Extend\Driver\Session\SessionMemcache.class.php 第 38 行.
NOTIC: [2] Memcache::connect():  F:\ThinkPHP\Extend\Driver\Session\SessionMemcache.class.php 第 38 行.
NOTIC: 建议使用I方法替代_request
NOTIC: 建议使用I方法替代_request
SQL: SHOW COLUMNS FROM `fa_user_user` [ RunTime:0.002000s ]
NOTIC: [8192] preg_replace(): The /e modifier is deprecated, use preg_replace_callback instead F:\ThinkPHP\Lib\Core\Db.class.php 第 601 行.
SQL: SELECT * FROM `fa_user_user` WHERE ( `token` = '165e60de9d4807eaa63a0dd39eaa1e19' ) LIMIT 1   [ RunTime:0.001000s ]
NOTIC: [8] Undefined index: page F:\work\__App__\Api\Modules\Api2\Action\AwardAction.class.php 第 368 行.
SQL: SHOW COLUMNS FROM `fa_user_bet_gess_2` [ RunTime:0.001000s ]
SQL: SHOW COLUMNS FROM `fa_shop_goods` [ RunTime:0.002000s ]
NOTIC: [8192] preg_replace(): The /e modifier is deprecated, use preg_replace_callback instead F:\ThinkPHP\Lib\Core\Db.class.php 第 601 行.
SQL: SELECT COUNT(*) AS tp_count FROM `fa_user_bet_gess_2` WHERE ( `uid` = 1 ) LIMIT 1   [ RunTime:0.001000s ]
NOTIC: [8192] preg_replace(): The /e modifier is deprecated, use preg_replace_callback instead F:\ThinkPHP\Lib\Core\Db.class.php 第 601 行.
SQL: SELECT t1.*,t2.price,t2.name,t2.type_id,t2.match_start_time,t2.prize_goods_id FROM `fa_user_bet_gess_2` as t1 left join fa_match_room as t2 on t1.room_id = t2.id WHERE ( t1.uid = '1' ) ORDER BY t2.match_start_time desc LIMIT 0,10   [ RunTime:0.001000s ]
NOTIC: [2] Missing argument 3 for CommonAction::cache(), called in F:\work\__App__\Api\Lib\Action\CommonAction.class.php on line 93 and defined F:\work\__App__\Api\Lib\Action\CommonAction.class.php 第 74 行.

[ 2017-08-22T11:00:40+08:00 ] 127.0.0.1 /index.php?m=award&a=reward_list&version=2
NOTIC: [8] Constant GROUP_NAME already defined F:\ThinkPHP\Lib\Core\Dispatcher.class.php 第 140 行.
NOTIC: [8192] preg_replace(): The /e modifier is deprecated, use preg_replace_callback instead F:\ThinkPHP\Common\common.php 第 171 行.
INFO: [ app_begin ] --START--
INFO: Run ReadHtmlCache Behavior [ RunTime:0.001000s ]
INFO: [ app_begin ] --END-- [ RunTime:0.001000s ]
NOTIC: [8] Memcache::connect():  F:\ThinkPHP\Extend\Driver\Session\SessionMemcache.class.php 第 38 行.
NOTIC: [2] Memcache::connect():  F:\ThinkPHP\Extend\Driver\Session\SessionMemcache.class.php 第 38 行.
NOTIC: 建议使用I方法替代_request
NOTIC: 建议使用I方法替代_request
SQL: SHOW COLUMNS FROM `fa_user_user` [ RunTime:0.003000s ]
NOTIC: [8192] preg_replace(): The /e modifier is deprecated, use preg_replace_callback instead F:\ThinkPHP\Lib\Core\Db.class.php 第 601 行.
SQL: SELECT * FROM `fa_user_user` WHERE ( `token` = '165e60de9d4807eaa63a0dd39eaa1e19' ) LIMIT 1   [ RunTime:0.001000s ]
NOTIC: [8] Undefined index: page F:\work\__App__\Api\Modules\Api2\Action\AwardAction.class.php 第 368 行.
SQL: SHOW COLUMNS FROM `fa_user_guess_record` [ RunTime:0.002000s ]
SQL: SHOW COLUMNS FROM `fa_shop_goods` [ RunTime:0.002000s ]
NOTIC: [8192] preg_replace(): The /e modifier is deprecated, use preg_replace_callback instead F:\ThinkPHP\Lib\Core\Db.class.php 第 601 行.
SQL: SELECT COUNT(*) AS tp_count FROM `fa_user_guess_record` WHERE ( `uid` = 1 ) LIMIT 1   [ RunTime:0.002000s ]
NOTIC: [8192] preg_replace(): The /e modifier is deprecated, use preg_replace_callback instead F:\ThinkPHP\Lib\Core\Db.class.php 第 601 行.
SQL: SELECT t1.*,t2.price,t2.name,t2.type_id,t2.match_start_time,t2.prize_goods_id FROM `fa_user_guess_record` as t1 left join fa_match_room as t2 on t1.room_id = t2.id WHERE ( t1.uid = '1' ) ORDER BY t2.match_start_time desc LIMIT 0,10   [ RunTime:0.004001s ]
NOTIC: [2] Missing argument 3 for CommonAction::cache(), called in F:\work\__App__\Api\Lib\Action\CommonAction.class.php on line 93 and defined F:\work\__App__\Api\Lib\Action\CommonAction.class.php 第 74 行.
NOTIC: [8] Undefined index: type F:\work\__App__\Api\Modules\Api2\Action\AwardAction.class.php 第 388 行.
NOTIC: [8] Undefined index: awardtime F:\work\__App__\Api\Modules\Api2\Action\AwardAction.class.php 第 395 行.
NOTIC: [8] Undefined index: type F:\work\__App__\Api\Modules\Api2\Action\AwardAction.class.php 第 388 行.
NOTIC: [8] Undefined index: awardtime F:\work\__App__\Api\Modules\Api2\Action\AwardAction.class.php 第 395 行.
NOTIC: [8] Undefined index: type F:\work\__App__\Api\Modules\Api2\Action\AwardAction.class.php 第 388 行.
NOTIC: [8] Undefined index: awardtime F:\work\__App__\Api\Modules\Api2\Action\AwardAction.class.php 第 395 行.
NOTIC: [8] Undefined index: type F:\work\__App__\Api\Modules\Api2\Action\AwardAction.class.php 第 388 行.
NOTIC: [8] Undefined index: awardtime F:\work\__App__\Api\Modules\Api2\Action\AwardAction.class.php 第 395 行.
NOTIC: [8] Undefined index: type F:\work\__App__\Api\Modules\Api2\Action\AwardAction.class.php 第 388 行.
NOTIC: [8] Undefined index: awardtime F:\work\__App__\Api\Modules\Api2\Action\AwardAction.class.php 第 395 行.
NOTIC: [8] Undefined index: type F:\work\__App__\Api\Modules\Api2\Action\AwardAction.class.php 第 388 行.
NOTIC: [8] Undefined index: awardtime F:\work\__App__\Api\Modules\Api2\Action\AwardAction.class.php 第 395 行.
NOTIC: [8] Undefined index: type F:\work\__App__\Api\Modules\Api2\Action\AwardAction.class.php 第 388 行.
NOTIC: [8] Undefined index: awardtime F:\work\__App__\Api\Modules\Api2\Action\AwardAction.class.php 第 395 行.
NOTIC: [8] Undefined index: type F:\work\__App__\Api\Modules\Api2\Action\AwardAction.class.php 第 388 行.
NOTIC: [8] Undefined index: awardtime F:\work\__App__\Api\Modules\Api2\Action\AwardAction.class.php 第 395 行.
NOTIC: [8] Undefined index: type F:\work\__App__\Api\Modules\Api2\Action\AwardAction.class.php 第 388 行.
NOTIC: [8] Undefined index: awardtime F:\work\__App__\Api\Modules\Api2\Action\AwardAction.class.php 第 395 行.
NOTIC: [8] Undefined index: type F:\work\__App__\Api\Modules\Api2\Action\AwardAction.class.php 第 388 行.
NOTIC: [8] Undefined index: awardtime F:\work\__App__\Api\Modules\Api2\Action\AwardAction.class.php 第 395 行.

[ 2017-08-22T11:04:11+08:00 ] 127.0.0.1 /index.php?m=award&a=reward_list&version=2
NOTIC: [8] Constant GROUP_NAME already defined F:\ThinkPHP\Lib\Core\Dispatcher.class.php 第 140 行.
NOTIC: [8192] preg_replace(): The /e modifier is deprecated, use preg_replace_callback instead F:\ThinkPHP\Common\common.php 第 171 行.
INFO: [ app_begin ] --START--
INFO: Run ReadHtmlCache Behavior [ RunTime:0.001000s ]
INFO: [ app_begin ] --END-- [ RunTime:0.001000s ]
NOTIC: [8] Memcache::connect():  F:\ThinkPHP\Extend\Driver\Session\SessionMemcache.class.php 第 38 行.
NOTIC: [2] Memcache::connect():  F:\ThinkPHP\Extend\Driver\Session\SessionMemcache.class.php 第 38 行.
NOTIC: 建议使用I方法替代_request
NOTIC: 建议使用I方法替代_request
SQL: SHOW COLUMNS FROM `fa_user_user` [ RunTime:0.003000s ]
NOTIC: [8192] preg_replace(): The /e modifier is deprecated, use preg_replace_callback instead F:\ThinkPHP\Lib\Core\Db.class.php 第 601 行.
SQL: SELECT * FROM `fa_user_user` WHERE ( `token` = '165e60de9d4807eaa63a0dd39eaa1e19' ) LIMIT 1   [ RunTime:0.001000s ]
NOTIC: [8] Undefined index: page F:\work\__App__\Api\Modules\Api2\Action\AwardAction.class.php 第 368 行.
SQL: SHOW COLUMNS FROM `fa_user_guess_record` [ RunTime:0.001000s ]
SQL: SHOW COLUMNS FROM `fa_shop_goods` [ RunTime:0.002000s ]
NOTIC: [8192] preg_replace(): The /e modifier is deprecated, use preg_replace_callback instead F:\ThinkPHP\Lib\Core\Db.class.php 第 601 行.
SQL: SELECT COUNT(*) AS tp_count FROM `fa_user_guess_record` WHERE ( `uid` = 1 ) LIMIT 1   [ RunTime:0.000000s ]
NOTIC: [8192] preg_replace(): The /e modifier is deprecated, use preg_replace_callback instead F:\ThinkPHP\Lib\Core\Db.class.php 第 601 行.
SQL: SELECT t1.*,t2.price,t2.name,t2.type_id,t2.allow_uguess_num,t2.match_start_time,t2.prize_goods_id FROM `fa_user_guess_record` as t1 left join fa_match_room as t2 on t1.room_id = t2.id WHERE ( t1.uid = '1' ) ORDER BY t2.match_start_time desc LIMIT 0,10   [ RunTime:0.004001s ]
NOTIC: [2] Missing argument 3 for CommonAction::cache(), called in F:\work\__App__\Api\Lib\Action\CommonAction.class.php on line 93 and defined F:\work\__App__\Api\Lib\Action\CommonAction.class.php 第 74 行.
NOTIC: [8] Undefined index: type F:\work\__App__\Api\Modules\Api2\Action\AwardAction.class.php 第 388 行.
NOTIC: [8] Undefined index: awardtime F:\work\__App__\Api\Modules\Api2\Action\AwardAction.class.php 第 395 行.
NOTIC: [8] Undefined index: type F:\work\__App__\Api\Modules\Api2\Action\AwardAction.class.php 第 388 行.
NOTIC: [8] Undefined index: awardtime F:\work\__App__\Api\Modules\Api2\Action\AwardAction.class.php 第 395 行.
NOTIC: [8] Undefined index: type F:\work\__App__\Api\Modules\Api2\Action\AwardAction.class.php 第 388 行.
NOTIC: [8] Undefined index: awardtime F:\work\__App__\Api\Modules\Api2\Action\AwardAction.class.php 第 395 行.
NOTIC: [8] Undefined index: type F:\work\__App__\Api\Modules\Api2\Action\AwardAction.class.php 第 388 行.
NOTIC: [8] Undefined index: awardtime F:\work\__App__\Api\Modules\Api2\Action\AwardAction.class.php 第 395 行.
NOTIC: [8] Undefined index: type F:\work\__App__\Api\Modules\Api2\Action\AwardAction.class.php 第 388 行.
NOTIC: [8] Undefined index: awardtime F:\work\__App__\Api\Modules\Api2\Action\AwardAction.class.php 第 395 行.
NOTIC: [8] Undefined index: type F:\work\__App__\Api\Modules\Api2\Action\AwardAction.class.php 第 388 行.
NOTIC: [8] Undefined index: awardtime F:\work\__App__\Api\Modules\Api2\Action\AwardAction.class.php 第 395 行.
NOTIC: [8] Undefined index: type F:\work\__App__\Api\Modules\Api2\Action\AwardAction.class.php 第 388 行.
NOTIC: [8] Undefined index: awardtime F:\work\__App__\Api\Modules\Api2\Action\AwardAction.class.php 第 395 行.
NOTIC: [8] Undefined index: type F:\work\__App__\Api\Modules\Api2\Action\AwardAction.class.php 第 388 行.
NOTIC: [8] Undefined index: awardtime F:\work\__App__\Api\Modules\Api2\Action\AwardAction.class.php 第 395 行.
NOTIC: [8] Undefined index: type F:\work\__App__\Api\Modules\Api2\Action\AwardAction.class.php 第 388 行.
NOTIC: [8] Undefined index: awardtime F:\work\__App__\Api\Modules\Api2\Action\AwardAction.class.php 第 395 行.
NOTIC: [8] Undefined index: type F:\work\__App__\Api\Modules\Api2\Action\AwardAction.class.php 第 388 行.
NOTIC: [8] Undefined index: awardtime F:\work\__App__\Api\Modules\Api2\Action\AwardAction.class.php 第 395 行.

[ 2017-08-22T11:11:03+08:00 ] 127.0.0.1 /index.php?m=award&a=reward_list&version=2
NOTIC: [8] Constant GROUP_NAME already defined F:\ThinkPHP\Lib\Core\Dispatcher.class.php 第 140 行.
NOTIC: [8192] preg_replace(): The /e modifier is deprecated, use preg_replace_callback instead F:\ThinkPHP\Common\common.php 第 171 行.
INFO: [ app_begin ] --START--
INFO: Run ReadHtmlCache Behavior [ RunTime:0.001000s ]
INFO: [ app_begin ] --END-- [ RunTime:0.001000s ]
NOTIC: [8] Memcache::connect():  F:\ThinkPHP\Extend\Driver\Session\SessionMemcache.class.php 第 38 行.
NOTIC: [2] Memcache::connect():  F:\ThinkPHP\Extend\Driver\Session\SessionMemcache.class.php 第 38 行.
NOTIC: 建议使用I方法替代_request
NOTIC: 建议使用I方法替代_request
SQL: SHOW COLUMNS FROM `fa_user_user` [ RunTime:0.003000s ]
NOTIC: [8192] preg_replace(): The /e modifier is deprecated, use preg_replace_callback instead F:\ThinkPHP\Lib\Core\Db.class.php 第 601 行.
SQL: SELECT * FROM `fa_user_user` WHERE ( `token` = '165e60de9d4807eaa63a0dd39eaa1e19' ) LIMIT 1   [ RunTime:0.001000s ]
NOTIC: [8] Undefined index: page F:\work\__App__\Api\Modules\Api2\Action\AwardAction.class.php 第 368 行.
SQL: SHOW COLUMNS FROM `fa_user_guess_record` [ RunTime:0.002000s ]
SQL: SHOW COLUMNS FROM `fa_shop_goods` [ RunTime:0.002000s ]
NOTIC: [8192] preg_replace(): The /e modifier is deprecated, use preg_replace_callback instead F:\ThinkPHP\Lib\Core\Db.class.php 第 601 行.
SQL: SELECT COUNT(*) AS tp_count FROM `fa_user_guess_record` WHERE ( `uid` = 1 ) LIMIT 1   [ RunTime:0.000000s ]
NOTIC: [8192] preg_replace(): The /e modifier is deprecated, use preg_replace_callback instead F:\ThinkPHP\Lib\Core\Db.class.php 第 601 行.
SQL: SELECT t1.is_reward,t1.guess_num,t1.settlement_status,t1.match_status,t1.ranking,t2.price,t2.name,t2.type_id,t2.allow_uguess_num,t2.match_start_time,t2.prize_goods_id FROM `fa_user_guess_record` as t1 left join fa_match_room as t2 on t1.room_id = t2.id WHERE ( t1.uid = '1' ) ORDER BY t2.match_start_time desc LIMIT 0,10   [ RunTime:0.003000s ]
NOTIC: [2] Missing argument 3 for CommonAction::cache(), called in F:\work\__App__\Api\Lib\Action\CommonAction.class.php on line 93 and defined F:\work\__App__\Api\Lib\Action\CommonAction.class.php 第 74 行.
NOTIC: [8] Undefined index: type F:\work\__App__\Api\Modules\Api2\Action\AwardAction.class.php 第 388 行.
NOTIC: [8] Undefined index: lineup_score F:\work\__App__\Api\Modules\Api2\Action\AwardAction.class.php 第 391 行.
NOTIC: [8] Undefined index: awardtime F:\work\__App__\Api\Modules\Api2\Action\AwardAction.class.php 第 395 行.
NOTIC: [8] Undefined index: type F:\work\__App__\Api\Modules\Api2\Action\AwardAction.class.php 第 388 行.
NOTIC: [8] Undefined index: lineup_score F:\work\__App__\Api\Modules\Api2\Action\AwardAction.class.php 第 391 行.
NOTIC: [8] Undefined index: awardtime F:\work\__App__\Api\Modules\Api2\Action\AwardAction.class.php 第 395 行.
NOTIC: [8] Undefined index: type F:\work\__App__\Api\Modules\Api2\Action\AwardAction.class.php 第 388 行.
NOTIC: [8] Undefined index: lineup_score F:\work\__App__\Api\Modules\Api2\Action\AwardAction.class.php 第 391 行.
NOTIC: [8] Undefined index: awardtime F:\work\__App__\Api\Modules\Api2\Action\AwardAction.class.php 第 395 行.
NOTIC: [8] Undefined index: type F:\work\__App__\Api\Modules\Api2\Action\AwardAction.class.php 第 388 行.
NOTIC: [8] Undefined index: lineup_score F:\work\__App__\Api\Modules\Api2\Action\AwardAction.class.php 第 391 行.
NOTIC: [8] Undefined index: awardtime F:\work\__App__\Api\Modules\Api2\Action\AwardAction.class.php 第 395 行.
NOTIC: [8] Undefined index: type F:\work\__App__\Api\Modules\Api2\Action\AwardAction.class.php 第 388 行.
NOTIC: [8] Undefined index: lineup_score F:\work\__App__\Api\Modules\Api2\Action\AwardAction.class.php 第 391 行.
NOTIC: [8] Undefined index: awardtime F:\work\__App__\Api\Modules\Api2\Action\AwardAction.class.php 第 395 行.
NOTIC: [8] Undefined index: type F:\work\__App__\Api\Modules\Api2\Action\AwardAction.class.php 第 388 行.
NOTIC: [8] Undefined index: lineup_score F:\work\__App__\Api\Modules\Api2\Action\AwardAction.class.php 第 391 行.
NOTIC: [8] Undefined index: awardtime F:\work\__App__\Api\Modules\Api2\Action\AwardAction.class.php 第 395 行.
NOTIC: [8] Undefined index: type F:\work\__App__\Api\Modules\Api2\Action\AwardAction.class.php 第 388 行.
NOTIC: [8] Undefined index: lineup_score F:\work\__App__\Api\Modules\Api2\Action\AwardAction.class.php 第 391 行.
NOTIC: [8] Undefined index: awardtime F:\work\__App__\Api\Modules\Api2\Action\AwardAction.class.php 第 395 行.
NOTIC: [8] Undefined index: type F:\work\__App__\Api\Modules\Api2\Action\AwardAction.class.php 第 388 行.
NOTIC: [8] Undefined index: lineup_score F:\work\__App__\Api\Modules\Api2\Action\AwardAction.class.php 第 391 行.
NOTIC: [8] Undefined index: awardtime F:\work\__App__\Api\Modules\Api2\Action\AwardAction.class.php 第 395 行.
NOTIC: [8] Undefined index: type F:\work\__App__\Api\Modules\Api2\Action\AwardAction.class.php 第 388 行.
NOTIC: [8] Undefined index: lineup_score F:\work\__App__\Api\Modules\Api2\Action\AwardAction.class.php 第 391 行.
NOTIC: [8] Undefined index: awardtime F:\work\__App__\Api\Modules\Api2\Action\AwardAction.class.php 第 395 行.
NOTIC: [8] Undefined index: type F:\work\__App__\Api\Modules\Api2\Action\AwardAction.class.php 第 388 行.
NOTIC: [8] Undefined index: lineup_score F:\work\__App__\Api\Modules\Api2\Action\AwardAction.class.php 第 391 行.
NOTIC: [8] Undefined index: awardtime F:\work\__App__\Api\Modules\Api2\Action\AwardAction.class.php 第 395 行.

[ 2017-08-22T11:14:36+08:00 ] 127.0.0.1 /index.php?m=award&a=reward_list&version=2
NOTIC: [8] Constant GROUP_NAME already defined F:\ThinkPHP\Lib\Core\Dispatcher.class.php 第 140 行.
NOTIC: [8192] preg_replace(): The /e modifier is deprecated, use preg_replace_callback instead F:\ThinkPHP\Common\common.php 第 171 行.
INFO: [ app_begin ] --START--
INFO: Run ReadHtmlCache Behavior [ RunTime:0.001000s ]
INFO: [ app_begin ] --END-- [ RunTime:0.001000s ]
NOTIC: [8] Memcache::connect():  F:\ThinkPHP\Extend\Driver\Session\SessionMemcache.class.php 第 38 行.
NOTIC: [2] Memcache::connect():  F:\ThinkPHP\Extend\Driver\Session\SessionMemcache.class.php 第 38 行.
NOTIC: 建议使用I方法替代_request
NOTIC: 建议使用I方法替代_request
SQL: SHOW COLUMNS FROM `fa_user_user` [ RunTime:0.003000s ]
NOTIC: [8192] preg_replace(): The /e modifier is deprecated, use preg_replace_callback instead F:\ThinkPHP\Lib\Core\Db.class.php 第 601 行.
SQL: SELECT * FROM `fa_user_user` WHERE ( `token` = '165e60de9d4807eaa63a0dd39eaa1e19' ) LIMIT 1   [ RunTime:0.001000s ]
NOTIC: [8] Undefined index: page F:\work\__App__\Api\Modules\Api2\Action\AwardAction.class.php 第 368 行.
SQL: SHOW COLUMNS FROM `fa_user_guess_record` [ RunTime:0.002000s ]
SQL: SHOW COLUMNS FROM `fa_shop_goods` [ RunTime:0.002000s ]
NOTIC: [8192] preg_replace(): The /e modifier is deprecated, use preg_replace_callback instead F:\ThinkPHP\Lib\Core\Db.class.php 第 601 行.
SQL: SELECT COUNT(*) AS tp_count FROM `fa_user_guess_record` WHERE ( `uid` = 1 ) LIMIT 1   [ RunTime:0.000000s ]
NOTIC: [8192] preg_replace(): The /e modifier is deprecated, use preg_replace_callback instead F:\ThinkPHP\Lib\Core\Db.class.php 第 601 行.
SQL: SELECT t1.is_reward,t1.guess_num,t1.settlement_status,t1.ranking,t1.lineup_score,``,t2.price,t2.name,t2.type_id,t2.allow_uguess_num,t2.match_start_time,t2.prize_goods_id FROM `fa_user_guess_record` as t1 left join fa_match_room as t2 on t1.room_id = t2.id WHERE ( t1.uid = '1' ) ORDER BY t2.match_start_time desc LIMIT 0,10   [ RunTime:0.001001s ]
ERR: 1054:Unknown column '' in 'field list'
 [ SQL语句 ] : SELECT t1.is_reward,t1.guess_num,t1.settlement_status,t1.ranking,t1.lineup_score,``,t2.price,t2.name,t2.type_id,t2.allow_uguess_num,t2.match_start_time,t2.prize_goods_id FROM `fa_user_guess_record` as t1 left join fa_match_room as t2 on t1.room_id = t2.id WHERE ( t1.uid = '1' ) ORDER BY t2.match_start_time desc LIMIT 0,10  

[ 2017-08-22T11:14:57+08:00 ] 127.0.0.1 /index.php?m=award&a=reward_list&version=2
NOTIC: [8] Constant GROUP_NAME already defined F:\ThinkPHP\Lib\Core\Dispatcher.class.php 第 140 行.
NOTIC: [8192] preg_replace(): The /e modifier is deprecated, use preg_replace_callback instead F:\ThinkPHP\Common\common.php 第 171 行.
INFO: [ app_begin ] --START--
INFO: Run ReadHtmlCache Behavior [ RunTime:0.001000s ]
INFO: [ app_begin ] --END-- [ RunTime:0.001000s ]
NOTIC: [8] Memcache::connect():  F:\ThinkPHP\Extend\Driver\Session\SessionMemcache.class.php 第 38 行.
NOTIC: [2] Memcache::connect():  F:\ThinkPHP\Extend\Driver\Session\SessionMemcache.class.php 第 38 行.
NOTIC: 建议使用I方法替代_request
NOTIC: 建议使用I方法替代_request
SQL: SHOW COLUMNS FROM `fa_user_user` [ RunTime:0.002000s ]
NOTIC: [8192] preg_replace(): The /e modifier is deprecated, use preg_replace_callback instead F:\ThinkPHP\Lib\Core\Db.class.php 第 601 行.
SQL: SELECT * FROM `fa_user_user` WHERE ( `token` = '165e60de9d4807eaa63a0dd39eaa1e19' ) LIMIT 1   [ RunTime:0.001000s ]
NOTIC: [8] Undefined index: page F:\work\__App__\Api\Modules\Api2\Action\AwardAction.class.php 第 368 行.
SQL: SHOW COLUMNS FROM `fa_user_guess_record` [ RunTime:0.002000s ]
SQL: SHOW COLUMNS FROM `fa_shop_goods` [ RunTime:0.003000s ]
NOTIC: [8192] preg_replace(): The /e modifier is deprecated, use preg_replace_callback instead F:\ThinkPHP\Lib\Core\Db.class.php 第 601 行.
SQL: SELECT COUNT(*) AS tp_count FROM `fa_user_guess_record` WHERE ( `uid` = 1 ) LIMIT 1   [ RunTime:0.001001s ]
NOTIC: [8192] preg_replace(): The /e modifier is deprecated, use preg_replace_callback instead F:\ThinkPHP\Lib\Core\Db.class.php 第 601 行.
SQL: SELECT t1.is_reward,t1.guess_num,t1.settlement_status,t1.ranking,t1.lineup_score,``,t2.price,t2.name,t2.type_id,t2.allow_uguess_num,t2.match_start_time,t2.prize_goods_id FROM `fa_user_guess_record` as t1 left join fa_match_room as t2 on t1.room_id = t2.id WHERE ( t1.uid = '1' ) ORDER BY t2.match_start_time desc LIMIT 0,10   [ RunTime:0.001000s ]
ERR: 1054:Unknown column '' in 'field list'
 [ SQL语句 ] : SELECT t1.is_reward,t1.guess_num,t1.settlement_status,t1.ranking,t1.lineup_score,``,t2.price,t2.name,t2.type_id,t2.allow_uguess_num,t2.match_start_time,t2.prize_goods_id FROM `fa_user_guess_record` as t1 left join fa_match_room as t2 on t1.room_id = t2.id WHERE ( t1.uid = '1' ) ORDER BY t2.match_start_time desc LIMIT 0,10  

[ 2017-08-22T11:15:01+08:00 ] 127.0.0.1 /index.php?m=award&a=reward_list&version=2
NOTIC: [8] Constant GROUP_NAME already defined F:\ThinkPHP\Lib\Core\Dispatcher.class.php 第 140 行.
NOTIC: [8192] preg_replace(): The /e modifier is deprecated, use preg_replace_callback instead F:\ThinkPHP\Common\common.php 第 171 行.
INFO: [ app_begin ] --START--
INFO: Run ReadHtmlCache Behavior [ RunTime:0.001000s ]
INFO: [ app_begin ] --END-- [ RunTime:0.001000s ]
NOTIC: [8] Memcache::connect():  F:\ThinkPHP\Extend\Driver\Session\SessionMemcache.class.php 第 38 行.
NOTIC: [2] Memcache::connect():  F:\ThinkPHP\Extend\Driver\Session\SessionMemcache.class.php 第 38 行.
NOTIC: 建议使用I方法替代_request
NOTIC: 建议使用I方法替代_request
SQL: SHOW COLUMNS FROM `fa_user_user` [ RunTime:0.002001s ]
NOTIC: [8192] preg_replace(): The /e modifier is deprecated, use preg_replace_callback instead F:\ThinkPHP\Lib\Core\Db.class.php 第 601 行.
SQL: SELECT * FROM `fa_user_user` WHERE ( `token` = '165e60de9d4807eaa63a0dd39eaa1e19' ) LIMIT 1   [ RunTime:0.001000s ]
NOTIC: [8] Undefined index: page F:\work\__App__\Api\Modules\Api2\Action\AwardAction.class.php 第 368 行.
SQL: SHOW COLUMNS FROM `fa_user_guess_record` [ RunTime:0.002000s ]
SQL: SHOW COLUMNS FROM `fa_shop_goods` [ RunTime:0.002000s ]
NOTIC: [8192] preg_replace(): The /e modifier is deprecated, use preg_replace_callback instead F:\ThinkPHP\Lib\Core\Db.class.php 第 601 行.
SQL: SELECT COUNT(*) AS tp_count FROM `fa_user_guess_record` WHERE ( `uid` = 1 ) LIMIT 1   [ RunTime:0.001000s ]
NOTIC: [8192] preg_replace(): The /e modifier is deprecated, use preg_replace_callback instead F:\ThinkPHP\Lib\Core\Db.class.php 第 601 行.
SQL: SELECT t1.is_reward,t1.guess_num,t1.settlement_status,t1.match_status,t1.ranking,t1.lineup_score,``,t2.price,t2.name,t2.type_id,t2.allow_uguess_num,t2.match_start_time,t2.prize_goods_id FROM `fa_user_guess_record` as t1 left join fa_match_room as t2 on t1.room_id = t2.id WHERE ( t1.uid = '1' ) ORDER BY t2.match_start_time desc LIMIT 0,10   [ RunTime:0.000000s ]
ERR: 1054:Unknown column '' in 'field list'
 [ SQL语句 ] : SELECT t1.is_reward,t1.guess_num,t1.settlement_status,t1.match_status,t1.ranking,t1.lineup_score,``,t2.price,t2.name,t2.type_id,t2.allow_uguess_num,t2.match_start_time,t2.prize_goods_id FROM `fa_user_guess_record` as t1 left join fa_match_room as t2 on t1.room_id = t2.id WHERE ( t1.uid = '1' ) ORDER BY t2.match_start_time desc LIMIT 0,10  

[ 2017-08-22T11:15:15+08:00 ] 127.0.0.1 /index.php?m=award&a=reward_list&version=2
NOTIC: [8] Constant GROUP_NAME already defined F:\ThinkPHP\Lib\Core\Dispatcher.class.php 第 140 行.
NOTIC: [8192] preg_replace(): The /e modifier is deprecated, use preg_replace_callback instead F:\ThinkPHP\Common\common.php 第 171 行.
INFO: [ app_begin ] --START--
INFO: Run ReadHtmlCache Behavior [ RunTime:0.001000s ]
INFO: [ app_begin ] --END-- [ RunTime:0.001000s ]
NOTIC: [8] Memcache::connect():  F:\ThinkPHP\Extend\Driver\Session\SessionMemcache.class.php 第 38 行.
NOTIC: [2] Memcache::connect():  F:\ThinkPHP\Extend\Driver\Session\SessionMemcache.class.php 第 38 行.
NOTIC: 建议使用I方法替代_request
NOTIC: 建议使用I方法替代_request
SQL: SHOW COLUMNS FROM `fa_user_user` [ RunTime:0.002000s ]
NOTIC: [8192] preg_replace(): The /e modifier is deprecated, use preg_replace_callback instead F:\ThinkPHP\Lib\Core\Db.class.php 第 601 行.
SQL: SELECT * FROM `fa_user_user` WHERE ( `token` = '165e60de9d4807eaa63a0dd39eaa1e19' ) LIMIT 1   [ RunTime:0.001000s ]
NOTIC: [8] Undefined index: page F:\work\__App__\Api\Modules\Api2\Action\AwardAction.class.php 第 368 行.
SQL: SHOW COLUMNS FROM `fa_user_guess_record` [ RunTime:0.002000s ]
SQL: SHOW COLUMNS FROM `fa_shop_goods` [ RunTime:0.002000s ]
NOTIC: [8192] preg_replace(): The /e modifier is deprecated, use preg_replace_callback instead F:\ThinkPHP\Lib\Core\Db.class.php 第 601 行.
SQL: SELECT COUNT(*) AS tp_count FROM `fa_user_guess_record` WHERE ( `uid` = 1 ) LIMIT 1   [ RunTime:0.001000s ]
NOTIC: [8192] preg_replace(): The /e modifier is deprecated, use preg_replace_callback instead F:\ThinkPHP\Lib\Core\Db.class.php 第 601 行.
SQL: SELECT t1.is_reward,t1.guess_num,t1.settlement_status,t1.match_status,t1.ranking,t1.lineup_score,``,t2.price,t2.name,t2.type_id,t2.allow_uguess_num,t2.match_start_time,t2.prize_goods_id FROM `fa_user_guess_record` as t1 left join fa_match_room as t2 on t1.room_id = t2.id WHERE ( t1.uid = '1' ) ORDER BY t2.match_start_time desc LIMIT 0,10   [ RunTime:0.001000s ]
ERR: 1054:Unknown column '' in 'field list'
 [ SQL语句 ] : SELECT t1.is_reward,t1.guess_num,t1.settlement_status,t1.match_status,t1.ranking,t1.lineup_score,``,t2.price,t2.name,t2.type_id,t2.allow_uguess_num,t2.match_start_time,t2.prize_goods_id FROM `fa_user_guess_record` as t1 left join fa_match_room as t2 on t1.room_id = t2.id WHERE ( t1.uid = '1' ) ORDER BY t2.match_start_time desc LIMIT 0,10  

[ 2017-08-22T11:15:23+08:00 ] 127.0.0.1 /index.php?m=award&a=reward_list&version=2
NOTIC: [8] Constant GROUP_NAME already defined F:\ThinkPHP\Lib\Core\Dispatcher.class.php 第 140 行.
NOTIC: [8192] preg_replace(): The /e modifier is deprecated, use preg_replace_callback instead F:\ThinkPHP\Common\common.php 第 171 行.
INFO: [ app_begin ] --START--
INFO: Run ReadHtmlCache Behavior [ RunTime:0.001000s ]
INFO: [ app_begin ] --END-- [ RunTime:0.001000s ]
NOTIC: [8] Memcache::connect():  F:\ThinkPHP\Extend\Driver\Session\SessionMemcache.class.php 第 38 行.
NOTIC: [2] Memcache::connect():  F:\ThinkPHP\Extend\Driver\Session\SessionMemcache.class.php 第 38 行.
NOTIC: 建议使用I方法替代_request
NOTIC: 建议使用I方法替代_request
SQL: SHOW COLUMNS FROM `fa_user_user` [ RunTime:0.002000s ]
NOTIC: [8192] preg_replace(): The /e modifier is deprecated, use preg_replace_callback instead F:\ThinkPHP\Lib\Core\Db.class.php 第 601 行.
SQL: SELECT * FROM `fa_user_user` WHERE ( `token` = '165e60de9d4807eaa63a0dd39eaa1e19' ) LIMIT 1   [ RunTime:0.001000s ]
NOTIC: [8] Undefined index: page F:\work\__App__\Api\Modules\Api2\Action\AwardAction.class.php 第 368 行.
SQL: SHOW COLUMNS FROM `fa_user_guess_record` [ RunTime:0.002000s ]
SQL: SHOW COLUMNS FROM `fa_shop_goods` [ RunTime:0.002000s ]
NOTIC: [8192] preg_replace(): The /e modifier is deprecated, use preg_replace_callback instead F:\ThinkPHP\Lib\Core\Db.class.php 第 601 行.
SQL: SELECT COUNT(*) AS tp_count FROM `fa_user_guess_record` WHERE ( `uid` = 1 ) LIMIT 1   [ RunTime:0.000000s ]
NOTIC: [8192] preg_replace(): The /e modifier is deprecated, use preg_replace_callback instead F:\ThinkPHP\Lib\Core\Db.class.php 第 601 行.
SQL: SELECT t1.is_reward,t1.guess_num,t1.settlement_status,t1.match_status,t1.ranking,t1.lineup_score,t2.price,t2.name,t2.type_id,t2.allow_uguess_num,t2.match_start_time,t2.prize_goods_id FROM `fa_user_guess_record` as t1 left join fa_match_room as t2 on t1.room_id = t2.id WHERE ( t1.uid = '1' ) ORDER BY t2.match_start_time desc LIMIT 0,10   [ RunTime:0.003000s ]
NOTIC: [2] Missing argument 3 for CommonAction::cache(), called in F:\work\__App__\Api\Lib\Action\CommonAction.class.php on line 93 and defined F:\work\__App__\Api\Lib\Action\CommonAction.class.php 第 74 行.
NOTIC: [8] Undefined index: type F:\work\__App__\Api\Modules\Api2\Action\AwardAction.class.php 第 388 行.
NOTIC: [8] Undefined index: awardtime F:\work\__App__\Api\Modules\Api2\Action\AwardAction.class.php 第 395 行.
NOTIC: [8] Undefined index: type F:\work\__App__\Api\Modules\Api2\Action\AwardAction.class.php 第 388 行.
NOTIC: [8] Undefined index: awardtime F:\work\__App__\Api\Modules\Api2\Action\AwardAction.class.php 第 395 行.
NOTIC: [8] Undefined index: type F:\work\__App__\Api\Modules\Api2\Action\AwardAction.class.php 第 388 行.
NOTIC: [8] Undefined index: awardtime F:\work\__App__\Api\Modules\Api2\Action\AwardAction.class.php 第 395 行.
NOTIC: [8] Undefined index: type F:\work\__App__\Api\Modules\Api2\Action\AwardAction.class.php 第 388 行.
NOTIC: [8] Undefined index: awardtime F:\work\__App__\Api\Modules\Api2\Action\AwardAction.class.php 第 395 行.
NOTIC: [8] Undefined index: type F:\work\__App__\Api\Modules\Api2\Action\AwardAction.class.php 第 388 行.
NOTIC: [8] Undefined index: awardtime F:\work\__App__\Api\Modules\Api2\Action\AwardAction.class.php 第 395 行.
NOTIC: [8] Undefined index: type F:\work\__App__\Api\Modules\Api2\Action\AwardAction.class.php 第 388 行.
NOTIC: [8] Undefined index: awardtime F:\work\__App__\Api\Modules\Api2\Action\AwardAction.class.php 第 395 行.
NOTIC: [8] Undefined index: type F:\work\__App__\Api\Modules\Api2\Action\AwardAction.class.php 第 388 行.
NOTIC: [8] Undefined index: awardtime F:\work\__App__\Api\Modules\Api2\Action\AwardAction.class.php 第 395 行.
NOTIC: [8] Undefined index: type F:\work\__App__\Api\Modules\Api2\Action\AwardAction.class.php 第 388 行.
NOTIC: [8] Undefined index: awardtime F:\work\__App__\Api\Modules\Api2\Action\AwardAction.class.php 第 395 行.
NOTIC: [8] Undefined index: type F:\work\__App__\Api\Modules\Api2\Action\AwardAction.class.php 第 388 行.
NOTIC: [8] Undefined index: awardtime F:\work\__App__\Api\Modules\Api2\Action\AwardAction.class.php 第 395 行.
NOTIC: [8] Undefined index: type F:\work\__App__\Api\Modules\Api2\Action\AwardAction.class.php 第 388 行.
NOTIC: [8] Undefined index: awardtime F:\work\__App__\Api\Modules\Api2\Action\AwardAction.class.php 第 395 行.

[ 2017-08-22T11:15:36+08:00 ] 127.0.0.1 /index.php?m=award&a=reward_list&version=2
NOTIC: [8] Constant GROUP_NAME already defined F:\ThinkPHP\Lib\Core\Dispatcher.class.php 第 140 行.
NOTIC: [8192] preg_replace(): The /e modifier is deprecated, use preg_replace_callback instead F:\ThinkPHP\Common\common.php 第 171 行.
INFO: [ app_begin ] --START--
INFO: Run ReadHtmlCache Behavior [ RunTime:0.001000s ]
INFO: [ app_begin ] --END-- [ RunTime:0.001000s ]
NOTIC: [8] Memcache::connect():  F:\ThinkPHP\Extend\Driver\Session\SessionMemcache.class.php 第 38 行.
NOTIC: [2] Memcache::connect():  F:\ThinkPHP\Extend\Driver\Session\SessionMemcache.class.php 第 38 行.
NOTIC: 建议使用I方法替代_request
NOTIC: 建议使用I方法替代_request
SQL: SHOW COLUMNS FROM `fa_user_user` [ RunTime:0.002000s ]
NOTIC: [8192] preg_replace(): The /e modifier is deprecated, use preg_replace_callback instead F:\ThinkPHP\Lib\Core\Db.class.php 第 601 行.
SQL: SELECT * FROM `fa_user_user` WHERE ( `token` = '165e60de9d4807eaa63a0dd39eaa1e19' ) LIMIT 1   [ RunTime:0.001000s ]
NOTIC: [8] Undefined index: page F:\work\__App__\Api\Modules\Api2\Action\AwardAction.class.php 第 368 行.
SQL: SHOW COLUMNS FROM `fa_user_guess_record` [ RunTime:0.001000s ]
SQL: SHOW COLUMNS FROM `fa_shop_goods` [ RunTime:0.002000s ]
NOTIC: [8192] preg_replace(): The /e modifier is deprecated, use preg_replace_callback instead F:\ThinkPHP\Lib\Core\Db.class.php 第 601 行.
SQL: SELECT COUNT(*) AS tp_count FROM `fa_user_guess_record` WHERE ( `uid` = 1 ) LIMIT 1   [ RunTime:0.000000s ]
NOTIC: [8192] preg_replace(): The /e modifier is deprecated, use preg_replace_callback instead F:\ThinkPHP\Lib\Core\Db.class.php 第 601 行.
SQL: SELECT t1.is_reward,t1.guess_num,t1.settlement_status,t1.ranking,t1.lineup_score,``,t2.price,t2.name,t2.type_id,t2.allow_uguess_num,t2.match_start_time,t2.prize_goods_id FROM `fa_user_guess_record` as t1 left join fa_match_room as t2 on t1.room_id = t2.id WHERE ( t1.uid = '1' ) ORDER BY t2.match_start_time desc LIMIT 0,10   [ RunTime:0.001000s ]
ERR: 1054:Unknown column '' in 'field list'
 [ SQL语句 ] : SELECT t1.is_reward,t1.guess_num,t1.settlement_status,t1.ranking,t1.lineup_score,``,t2.price,t2.name,t2.type_id,t2.allow_uguess_num,t2.match_start_time,t2.prize_goods_id FROM `fa_user_guess_record` as t1 left join fa_match_room as t2 on t1.room_id = t2.id WHERE ( t1.uid = '1' ) ORDER BY t2.match_start_time desc LIMIT 0,10  

[ 2017-08-22T11:15:49+08:00 ] 127.0.0.1 /index.php?m=award&a=reward_list&version=2
NOTIC: [8] Constant GROUP_NAME already defined F:\ThinkPHP\Lib\Core\Dispatcher.class.php 第 140 行.
NOTIC: [8192] preg_replace(): The /e modifier is deprecated, use preg_replace_callback instead F:\ThinkPHP\Common\common.php 第 171 行.
INFO: [ app_begin ] --START--
INFO: Run ReadHtmlCache Behavior [ RunTime:0.000000s ]
INFO: [ app_begin ] --END-- [ RunTime:0.000000s ]
NOTIC: [8] Memcache::connect():  F:\ThinkPHP\Extend\Driver\Session\SessionMemcache.class.php 第 38 行.
NOTIC: [2] Memcache::connect():  F:\ThinkPHP\Extend\Driver\Session\SessionMemcache.class.php 第 38 行.
NOTIC: 建议使用I方法替代_request
NOTIC: 建议使用I方法替代_request
SQL: SHOW COLUMNS FROM `fa_user_user` [ RunTime:0.003000s ]
NOTIC: [8192] preg_replace(): The /e modifier is deprecated, use preg_replace_callback instead F:\ThinkPHP\Lib\Core\Db.class.php 第 601 行.
SQL: SELECT * FROM `fa_user_user` WHERE ( `token` = '165e60de9d4807eaa63a0dd39eaa1e19' ) LIMIT 1   [ RunTime:0.001000s ]
NOTIC: [8] Undefined index: page F:\work\__App__\Api\Modules\Api2\Action\AwardAction.class.php 第 368 行.
SQL: SHOW COLUMNS FROM `fa_user_guess_record` [ RunTime:0.001000s ]
SQL: SHOW COLUMNS FROM `fa_shop_goods` [ RunTime:0.002000s ]
NOTIC: [8192] preg_replace(): The /e modifier is deprecated, use preg_replace_callback instead F:\ThinkPHP\Lib\Core\Db.class.php 第 601 行.
SQL: SELECT COUNT(*) AS tp_count FROM `fa_user_guess_record` WHERE ( `uid` = 1 ) LIMIT 1   [ RunTime:0.000000s ]
NOTIC: [8192] preg_replace(): The /e modifier is deprecated, use preg_replace_callback instead F:\ThinkPHP\Lib\Core\Db.class.php 第 601 行.
SQL: SELECT t1.is_reward,t1.guess_num,t1.settlement_status,t1.ranking,t1.lineup_score,t2.price,t2.name,t2.type_id,t2.allow_uguess_num,t2.match_start_time,t2.prize_goods_id FROM `fa_user_guess_record` as t1 left join fa_match_room as t2 on t1.room_id = t2.id WHERE ( t1.uid = '1' ) ORDER BY t2.match_start_time desc LIMIT 0,10   [ RunTime:0.003000s ]
NOTIC: [2] Missing argument 3 for CommonAction::cache(), called in F:\work\__App__\Api\Lib\Action\CommonAction.class.php on line 93 and defined F:\work\__App__\Api\Lib\Action\CommonAction.class.php 第 74 行.
NOTIC: [8] Undefined index: type F:\work\__App__\Api\Modules\Api2\Action\AwardAction.class.php 第 388 行.
NOTIC: [8] Undefined index: awardtime F:\work\__App__\Api\Modules\Api2\Action\AwardAction.class.php 第 395 行.
NOTIC: [8] Undefined index: type F:\work\__App__\Api\Modules\Api2\Action\AwardAction.class.php 第 388 行.
NOTIC: [8] Undefined index: awardtime F:\work\__App__\Api\Modules\Api2\Action\AwardAction.class.php 第 395 行.
NOTIC: [8] Undefined index: type F:\work\__App__\Api\Modules\Api2\Action\AwardAction.class.php 第 388 行.
NOTIC: [8] Undefined index: awardtime F:\work\__App__\Api\Modules\Api2\Action\AwardAction.class.php 第 395 行.
NOTIC: [8] Undefined index: type F:\work\__App__\Api\Modules\Api2\Action\AwardAction.class.php 第 388 行.
NOTIC: [8] Undefined index: awardtime F:\work\__App__\Api\Modules\Api2\Action\AwardAction.class.php 第 395 行.
NOTIC: [8] Undefined index: type F:\work\__App__\Api\Modules\Api2\Action\AwardAction.class.php 第 388 行.
NOTIC: [8] Undefined index: awardtime F:\work\__App__\Api\Modules\Api2\Action\AwardAction.class.php 第 395 行.
NOTIC: [8] Undefined index: type F:\work\__App__\Api\Modules\Api2\Action\AwardAction.class.php 第 388 行.
NOTIC: [8] Undefined index: awardtime F:\work\__App__\Api\Modules\Api2\Action\AwardAction.class.php 第 395 行.
NOTIC: [8] Undefined index: type F:\work\__App__\Api\Modules\Api2\Action\AwardAction.class.php 第 388 行.
NOTIC: [8] Undefined index: awardtime F:\work\__App__\Api\Modules\Api2\Action\AwardAction.class.php 第 395 行.
NOTIC: [8] Undefined index: type F:\work\__App__\Api\Modules\Api2\Action\AwardAction.class.php 第 388 行.
NOTIC: [8] Undefined index: awardtime F:\work\__App__\Api\Modules\Api2\Action\AwardAction.class.php 第 395 行.
NOTIC: [8] Undefined index: type F:\work\__App__\Api\Modules\Api2\Action\AwardAction.class.php 第 388 行.
NOTIC: [8] Undefined index: awardtime F:\work\__App__\Api\Modules\Api2\Action\AwardAction.class.php 第 395 行.
NOTIC: [8] Undefined index: type F:\work\__App__\Api\Modules\Api2\Action\AwardAction.class.php 第 388 行.
NOTIC: [8] Undefined index: awardtime F:\work\__App__\Api\Modules\Api2\Action\AwardAction.class.php 第 395 行.

[ 2017-08-22T11:26:48+08:00 ] 127.0.0.1 /index.php?m=award&a=reward_list&version=2
NOTIC: [8] Constant GROUP_NAME already defined F:\ThinkPHP\Lib\Core\Dispatcher.class.php 第 140 行.
NOTIC: [8192] preg_replace(): The /e modifier is deprecated, use preg_replace_callback instead F:\ThinkPHP\Common\common.php 第 171 行.
INFO: [ app_begin ] --START--
INFO: Run ReadHtmlCache Behavior [ RunTime:0.001000s ]
INFO: [ app_begin ] --END-- [ RunTime:0.001000s ]
NOTIC: [8] Memcache::connect():  F:\ThinkPHP\Extend\Driver\Session\SessionMemcache.class.php 第 38 行.
NOTIC: [2] Memcache::connect():  F:\ThinkPHP\Extend\Driver\Session\SessionMemcache.class.php 第 38 行.
NOTIC: 建议使用I方法替代_request
NOTIC: 建议使用I方法替代_request
SQL: SHOW COLUMNS FROM `fa_user_user` [ RunTime:0.003000s ]
NOTIC: [8192] preg_replace(): The /e modifier is deprecated, use preg_replace_callback instead F:\ThinkPHP\Lib\Core\Db.class.php 第 601 行.
SQL: SELECT * FROM `fa_user_user` WHERE ( `token` = '165e60de9d4807eaa63a0dd39eaa1e19' ) LIMIT 1   [ RunTime:0.001000s ]
NOTIC: [8] Undefined index: page F:\work\__App__\Api\Modules\Api2\Action\AwardAction.class.php 第 368 行.
SQL: SHOW COLUMNS FROM `fa_user_guess_record` [ RunTime:0.001000s ]
SQL: SHOW COLUMNS FROM `fa_shop_goods` [ RunTime:0.002000s ]
NOTIC: [8192] preg_replace(): The /e modifier is deprecated, use preg_replace_callback instead F:\ThinkPHP\Lib\Core\Db.class.php 第 601 行.
SQL: SELECT COUNT(*) AS tp_count FROM `fa_user_guess_record` WHERE ( `uid` = 1 ) LIMIT 1   [ RunTime:0.001000s ]
NOTIC: [8192] preg_replace(): The /e modifier is deprecated, use preg_replace_callback instead F:\ThinkPHP\Lib\Core\Db.class.php 第 601 行.
SQL: SELECT t1.is_reward,t1.guess_num,t1.settlement_status,t1.ranking,t1.lineup_score,t2.price,t2.name,t2.type_id,t2.allow_uguess_num,t2.match_start_time,t2.prize_goods_id FROM `fa_user_guess_record` as t1 left join fa_match_room as t2 on t1.room_id = t2.id WHERE ( t1.uid = '1' ) ORDER BY t2.match_start_time desc LIMIT 0,10   [ RunTime:0.001000s ]
NOTIC: [2] Missing argument 3 for CommonAction::cache(), called in F:\work\__App__\Api\Lib\Action\CommonAction.class.php on line 93 and defined F:\work\__App__\Api\Lib\Action\CommonAction.class.php 第 74 行.
NOTIC: [8] Undefined index: type F:\work\__App__\Api\Modules\Api2\Action\AwardAction.class.php 第 388 行.
NOTIC: [8] Undefined index: awardtime F:\work\__App__\Api\Modules\Api2\Action\AwardAction.class.php 第 395 行.
NOTIC: [8] Undefined index: type F:\work\__App__\Api\Modules\Api2\Action\AwardAction.class.php 第 388 行.
NOTIC: [8] Undefined index: awardtime F:\work\__App__\Api\Modules\Api2\Action\AwardAction.class.php 第 395 行.
NOTIC: [8] Undefined index: type F:\work\__App__\Api\Modules\Api2\Action\AwardAction.class.php 第 388 行.
NOTIC: [8] Undefined index: awardtime F:\work\__App__\Api\Modules\Api2\Action\AwardAction.class.php 第 395 行.
NOTIC: [8] Undefined index: type F:\work\__App__\Api\Modules\Api2\Action\AwardAction.class.php 第 388 行.
NOTIC: [8] Undefined index: awardtime F:\work\__App__\Api\Modules\Api2\Action\AwardAction.class.php 第 395 行.
NOTIC: [8] Undefined index: type F:\work\__App__\Api\Modules\Api2\Action\AwardAction.class.php 第 388 行.
NOTIC: [8] Undefined index: awardtime F:\work\__App__\Api\Modules\Api2\Action\AwardAction.class.php 第 395 行.
NOTIC: [8] Undefined index: type F:\work\__App__\Api\Modules\Api2\Action\AwardAction.class.php 第 388 行.
NOTIC: [8] Undefined index: awardtime F:\work\__App__\Api\Modules\Api2\Action\AwardAction.class.php 第 395 行.
NOTIC: [8] Undefined index: type F:\work\__App__\Api\Modules\Api2\Action\AwardAction.class.php 第 388 行.
NOTIC: [8] Undefined index: awardtime F:\work\__App__\Api\Modules\Api2\Action\AwardAction.class.php 第 395 行.
NOTIC: [8] Undefined index: type F:\work\__App__\Api\Modules\Api2\Action\AwardAction.class.php 第 388 行.
NOTIC: [8] Undefined index: awardtime F:\work\__App__\Api\Modules\Api2\Action\AwardAction.class.php 第 395 行.
NOTIC: [8] Undefined index: type F:\work\__App__\Api\Modules\Api2\Action\AwardAction.class.php 第 388 行.
NOTIC: [8] Undefined index: awardtime F:\work\__App__\Api\Modules\Api2\Action\AwardAction.class.php 第 395 行.
NOTIC: [8] Undefined index: type F:\work\__App__\Api\Modules\Api2\Action\AwardAction.class.php 第 388 行.
NOTIC: [8] Undefined index: awardtime F:\work\__App__\Api\Modules\Api2\Action\AwardAction.class.php 第 395 行.

[ 2017-08-22T11:28:22+08:00 ] 127.0.0.1 /index.php?m=award&a=reward_list&version=2
NOTIC: [8] Constant GROUP_NAME already defined F:\ThinkPHP\Lib\Core\Dispatcher.class.php 第 140 行.
NOTIC: [8192] preg_replace(): The /e modifier is deprecated, use preg_replace_callback instead F:\ThinkPHP\Common\common.php 第 171 行.
INFO: [ app_begin ] --START--
INFO: Run ReadHtmlCache Behavior [ RunTime:0.001000s ]
INFO: [ app_begin ] --END-- [ RunTime:0.001000s ]
NOTIC: [8] Memcache::connect():  F:\ThinkPHP\Extend\Driver\Session\SessionMemcache.class.php 第 38 行.
NOTIC: [2] Memcache::connect():  F:\ThinkPHP\Extend\Driver\Session\SessionMemcache.class.php 第 38 行.
NOTIC: 建议使用I方法替代_request
NOTIC: 建议使用I方法替代_request
SQL: SHOW COLUMNS FROM `fa_user_user` [ RunTime:0.002000s ]
NOTIC: [8192] preg_replace(): The /e modifier is deprecated, use preg_replace_callback instead F:\ThinkPHP\Lib\Core\Db.class.php 第 601 行.
SQL: SELECT * FROM `fa_user_user` WHERE ( `token` = '165e60de9d4807eaa63a0dd39eaa1e19' ) LIMIT 1   [ RunTime:0.001000s ]
NOTIC: [8] Undefined index: page F:\work\__App__\Api\Modules\Api2\Action\AwardAction.class.php 第 368 行.
SQL: SHOW COLUMNS FROM `fa_user_guess_record` [ RunTime:0.001000s ]
SQL: SHOW COLUMNS FROM `fa_shop_goods` [ RunTime:0.002000s ]
NOTIC: [8192] preg_replace(): The /e modifier is deprecated, use preg_replace_callback instead F:\ThinkPHP\Lib\Core\Db.class.php 第 601 行.
SQL: SELECT COUNT(*) AS tp_count FROM `fa_user_guess_record` WHERE ( `uid` = 1 ) LIMIT 1   [ RunTime:0.000000s ]
NOTIC: [8192] preg_replace(): The /e modifier is deprecated, use preg_replace_callback instead F:\ThinkPHP\Lib\Core\Db.class.php 第 601 行.
SQL: SELECT t1.is_reward,t1.guess_num,t1.settlement_status,t1.ranking,t1.lineup_score,t2.prize_type,t2.price,t2.name,t2.type_id,t2.allow_uguess_num,t2.match_start_time,t2.prize_goods_id FROM `fa_user_guess_record` as t1 left join fa_match_room as t2 on t1.room_id = t2.id WHERE ( t1.uid = '1' ) ORDER BY t2.match_start_time desc LIMIT 0,10   [ RunTime:0.003000s ]
NOTIC: [2] Missing argument 3 for CommonAction::cache(), called in F:\work\__App__\Api\Lib\Action\CommonAction.class.php on line 93 and defined F:\work\__App__\Api\Lib\Action\CommonAction.class.php 第 74 行.
NOTIC: [8] Undefined index: awardtime F:\work\__App__\Api\Modules\Api2\Action\AwardAction.class.php 第 395 行.
NOTIC: [8] Undefined index: awardtime F:\work\__App__\Api\Modules\Api2\Action\AwardAction.class.php 第 395 行.
NOTIC: [8] Undefined index: awardtime F:\work\__App__\Api\Modules\Api2\Action\AwardAction.class.php 第 395 行.
NOTIC: [8] Undefined index: awardtime F:\work\__App__\Api\Modules\Api2\Action\AwardAction.class.php 第 395 行.
NOTIC: [8] Undefined index: awardtime F:\work\__App__\Api\Modules\Api2\Action\AwardAction.class.php 第 395 行.
NOTIC: [8] Undefined index: awardtime F:\work\__App__\Api\Modules\Api2\Action\AwardAction.class.php 第 395 行.
NOTIC: [8] Undefined index: awardtime F:\work\__App__\Api\Modules\Api2\Action\AwardAction.class.php 第 395 行.
NOTIC: [8] Undefined index: awardtime F:\work\__App__\Api\Modules\Api2\Action\AwardAction.class.php 第 395 行.
NOTIC: [8] Undefined index: awardtime F:\work\__App__\Api\Modules\Api2\Action\AwardAction.class.php 第 395 行.
NOTIC: [8] Undefined index: awardtime F:\work\__App__\Api\Modules\Api2\Action\AwardAction.class.php 第 395 行.

[ 2017-08-22T11:36:30+08:00 ] 127.0.0.1 /index.php?m=award&a=reward_list&version=2
NOTIC: [8] Constant GROUP_NAME already defined F:\ThinkPHP\Lib\Core\Dispatcher.class.php 第 140 行.
NOTIC: [8192] preg_replace(): The /e modifier is deprecated, use preg_replace_callback instead F:\ThinkPHP\Common\common.php 第 171 行.
INFO: [ app_begin ] --START--
INFO: Run ReadHtmlCache Behavior [ RunTime:0.001001s ]
INFO: [ app_begin ] --END-- [ RunTime:0.001001s ]
NOTIC: [8] Memcache::connect():  F:\ThinkPHP\Extend\Driver\Session\SessionMemcache.class.php 第 38 行.
NOTIC: [2] Memcache::connect():  F:\ThinkPHP\Extend\Driver\Session\SessionMemcache.class.php 第 38 行.
NOTIC: 建议使用I方法替代_request
NOTIC: 建议使用I方法替代_request
SQL: SHOW COLUMNS FROM `fa_user_user` [ RunTime:0.002000s ]
NOTIC: [8192] preg_replace(): The /e modifier is deprecated, use preg_replace_callback instead F:\ThinkPHP\Lib\Core\Db.class.php 第 601 行.
SQL: SELECT * FROM `fa_user_user` WHERE ( `token` = '165e60de9d4807eaa63a0dd39eaa1e19' ) LIMIT 1   [ RunTime:0.001000s ]
NOTIC: [8] Undefined index: page F:\work\__App__\Api\Modules\Api2\Action\AwardAction.class.php 第 368 行.
SQL: SHOW COLUMNS FROM `fa_shop_goods` [ RunTime:0.002001s ]
NOTIC: [8] Undefined variable: UserBetGess F:\work\__App__\Api\Modules\Api2\Action\AwardAction.class.php 第 379 行.

[ 2017-08-22T11:36:42+08:00 ] 127.0.0.1 /index.php?m=award&a=reward_list&version=2
NOTIC: [8] Constant GROUP_NAME already defined F:\ThinkPHP\Lib\Core\Dispatcher.class.php 第 140 行.
NOTIC: [8192] preg_replace(): The /e modifier is deprecated, use preg_replace_callback instead F:\ThinkPHP\Common\common.php 第 171 行.
INFO: [ app_begin ] --START--
INFO: Run ReadHtmlCache Behavior [ RunTime:0.001000s ]
INFO: [ app_begin ] --END-- [ RunTime:0.001000s ]
NOTIC: [8] Memcache::connect():  F:\ThinkPHP\Extend\Driver\Session\SessionMemcache.class.php 第 38 行.
NOTIC: [2] Memcache::connect():  F:\ThinkPHP\Extend\Driver\Session\SessionMemcache.class.php 第 38 行.
NOTIC: 建议使用I方法替代_request
NOTIC: 建议使用I方法替代_request
SQL: SHOW COLUMNS FROM `fa_user_user` [ RunTime:0.002000s ]
NOTIC: [8192] preg_replace(): The /e modifier is deprecated, use preg_replace_callback instead F:\ThinkPHP\Lib\Core\Db.class.php 第 601 行.
SQL: SELECT * FROM `fa_user_user` WHERE ( `token` = '165e60de9d4807eaa63a0dd39eaa1e19' ) LIMIT 1   [ RunTime:0.001000s ]
NOTIC: [8] Undefined index: page F:\work\__App__\Api\Modules\Api2\Action\AwardAction.class.php 第 368 行.
SQL: SHOW COLUMNS FROM `fa_user_bet_gess_2` [ RunTime:0.002000s ]
SQL: SHOW COLUMNS FROM `fa_shop_goods` [ RunTime:0.002000s ]
NOTIC: [8192] preg_replace(): The /e modifier is deprecated, use preg_replace_callback instead F:\ThinkPHP\Lib\Core\Db.class.php 第 601 行.
SQL: SELECT COUNT(*) AS tp_count FROM `fa_user_bet_gess_2` WHERE ( `uid` = 1 ) LIMIT 1   [ RunTime:0.001000s ]
NOTIC: [8192] preg_replace(): The /e modifier is deprecated, use preg_replace_callback instead F:\ThinkPHP\Lib\Core\Db.class.php 第 601 行.
SQL: SELECT t1.*,t2.name,t2.type_id,t2.match_start_time,t2.prize_goods_id FROM `fa_user_bet_gess_2` as t1 left join fa_match_room as t2 on t1.room_id = t2.id WHERE ( t1.uid = '1' ) ORDER BY t2.match_start_time desc LIMIT 0,10   [ RunTime:0.001000s ]
NOTIC: [2] Missing argument 3 for CommonAction::cache(), called in F:\work\__App__\Api\Lib\Action\CommonAction.class.php on line 93 and defined F:\work\__App__\Api\Lib\Action\CommonAction.class.php 第 74 行.

[ 2017-08-22T11:37:39+08:00 ] 127.0.0.1 /index.php?m=award&a=reward_list&version=2
NOTIC: [8] Constant GROUP_NAME already defined F:\ThinkPHP\Lib\Core\Dispatcher.class.php 第 140 行.
NOTIC: [8192] preg_replace(): The /e modifier is deprecated, use preg_replace_callback instead F:\ThinkPHP\Common\common.php 第 171 行.
INFO: [ app_begin ] --START--
INFO: Run ReadHtmlCache Behavior [ RunTime:0.000000s ]
INFO: [ app_begin ] --END-- [ RunTime:0.001000s ]
NOTIC: [8] Memcache::connect():  F:\ThinkPHP\Extend\Driver\Session\SessionMemcache.class.php 第 38 行.
NOTIC: [2] Memcache::connect():  F:\ThinkPHP\Extend\Driver\Session\SessionMemcache.class.php 第 38 行.
NOTIC: 建议使用I方法替代_request
NOTIC: 建议使用I方法替代_request
SQL: SHOW COLUMNS FROM `fa_user_user` [ RunTime:0.003000s ]
NOTIC: [8192] preg_replace(): The /e modifier is deprecated, use preg_replace_callback instead F:\ThinkPHP\Lib\Core\Db.class.php 第 601 行.
SQL: SELECT * FROM `fa_user_user` WHERE ( `token` = '165e60de9d4807eaa63a0dd39eaa1e19' ) LIMIT 1   [ RunTime:0.001000s ]
NOTIC: [8] Undefined index: page F:\work\__App__\Api\Modules\Api2\Action\AwardAction.class.php 第 368 行.
SQL: SHOW COLUMNS FROM `fa_user_bet_gess_2` [ RunTime:0.002000s ]
SQL: SHOW COLUMNS FROM `fa_shop_goods` [ RunTime:0.002000s ]
NOTIC: [8192] preg_replace(): The /e modifier is deprecated, use preg_replace_callback instead F:\ThinkPHP\Lib\Core\Db.class.php 第 601 行.
SQL: SELECT COUNT(*) AS tp_count FROM `fa_user_bet_gess_2` WHERE ( `uid` = 1 ) LIMIT 1   [ RunTime:0.001000s ]
NOTIC: [8192] preg_replace(): The /e modifier is deprecated, use preg_replace_callback instead F:\ThinkPHP\Lib\Core\Db.class.php 第 601 行.
SQL: SELECT t1.*,t2.prize_type,t2.price,t2.name,t2.type_id,t2.allow_uguess_num,t2.match_start_time,t2.prize_goods_id FROM `fa_user_bet_gess_2` as t1 left join fa_match_room as t2 on t1.room_id = t2.id WHERE ( t1.uid = '1' ) ORDER BY t2.match_start_time desc LIMIT 0,10   [ RunTime:0.002000s ]
NOTIC: [2] Missing argument 3 for CommonAction::cache(), called in F:\work\__App__\Api\Lib\Action\CommonAction.class.php on line 93 and defined F:\work\__App__\Api\Lib\Action\CommonAction.class.php 第 74 行.

[ 2017-08-22T11:38:26+08:00 ] 127.0.0.1 /index.php?m=award&a=reward_list&version=2
NOTIC: [8] Constant GROUP_NAME already defined F:\ThinkPHP\Lib\Core\Dispatcher.class.php 第 140 行.
NOTIC: [8192] preg_replace(): The /e modifier is deprecated, use preg_replace_callback instead F:\ThinkPHP\Common\common.php 第 171 行.
INFO: [ app_begin ] --START--
INFO: Run ReadHtmlCache Behavior [ RunTime:0.001000s ]
INFO: [ app_begin ] --END-- [ RunTime:0.001000s ]
NOTIC: [8] Memcache::connect():  F:\ThinkPHP\Extend\Driver\Session\SessionMemcache.class.php 第 38 行.
NOTIC: [2] Memcache::connect():  F:\ThinkPHP\Extend\Driver\Session\SessionMemcache.class.php 第 38 行.
NOTIC: 建议使用I方法替代_request
NOTIC: 建议使用I方法替代_request
SQL: SHOW COLUMNS FROM `fa_user_user` [ RunTime:0.002000s ]
NOTIC: [8192] preg_replace(): The /e modifier is deprecated, use preg_replace_callback instead F:\ThinkPHP\Lib\Core\Db.class.php 第 601 行.
SQL: SELECT * FROM `fa_user_user` WHERE ( `token` = '165e60de9d4807eaa63a0dd39eaa1e19' ) LIMIT 1   [ RunTime:0.001000s ]
NOTIC: [8] Undefined index: page F:\work\__App__\Api\Modules\Api2\Action\AwardAction.class.php 第 368 行.
SQL: SHOW COLUMNS FROM `fa_user_bet_gess_2` [ RunTime:0.002000s ]
SQL: SHOW COLUMNS FROM `fa_shop_goods` [ RunTime:0.002000s ]
NOTIC: [8192] preg_replace(): The /e modifier is deprecated, use preg_replace_callback instead F:\ThinkPHP\Lib\Core\Db.class.php 第 601 行.
SQL: SELECT COUNT(*) AS tp_count FROM `fa_user_bet_gess_2` WHERE ( `uid` = 1 ) LIMIT 1   [ RunTime:0.001001s ]
NOTIC: [8192] preg_replace(): The /e modifier is deprecated, use preg_replace_callback instead F:\ThinkPHP\Lib\Core\Db.class.php 第 601 行.
SQL: SELECT t1.*,t2.prize_type,t2.price,t2.name,t2.type_id,t2.allow_uguess_num,t2.match_start_time,t2.prize_goods_id,t2.settlement_status FROM `fa_user_bet_gess_2` as t1 left join fa_match_room as t2 on t1.room_id = t2.id WHERE ( t1.uid = '1' ) ORDER BY t2.match_start_time desc LIMIT 0,10   [ RunTime:0.002000s ]
NOTIC: [2] Missing argument 3 for CommonAction::cache(), called in F:\work\__App__\Api\Lib\Action\CommonAction.class.php on line 93 and defined F:\work\__App__\Api\Lib\Action\CommonAction.class.php 第 74 行.

[ 2017-08-22T11:56:08+08:00 ] 127.0.0.1 /index.php?m=award&a=reward_list&version=2
NOTIC: [8] Constant GROUP_NAME already defined F:\ThinkPHP\Lib\Core\Dispatcher.class.php 第 140 行.
NOTIC: [8192] preg_replace(): The /e modifier is deprecated, use preg_replace_callback instead F:\ThinkPHP\Common\common.php 第 171 行.
INFO: [ app_begin ] --START--
INFO: Run ReadHtmlCache Behavior [ RunTime:0.003000s ]
INFO: [ app_begin ] --END-- [ RunTime:0.003000s ]
NOTIC: [8] Memcache::connect():  F:\ThinkPHP\Extend\Driver\Session\SessionMemcache.class.php 第 38 行.
NOTIC: [2] Memcache::connect():  F:\ThinkPHP\Extend\Driver\Session\SessionMemcache.class.php 第 38 行.
NOTIC: 建议使用I方法替代_request
NOTIC: 建议使用I方法替代_request
SQL: SHOW COLUMNS FROM `fa_user_user` [ RunTime:0.002000s ]
NOTIC: [8192] preg_replace(): The /e modifier is deprecated, use preg_replace_callback instead F:\ThinkPHP\Lib\Core\Db.class.php 第 601 行.
SQL: SELECT * FROM `fa_user_user` WHERE ( `token` = '165e60de9d4807eaa63a0dd39eaa1e19' ) LIMIT 1   [ RunTime:0.001000s ]
NOTIC: [8] Undefined index: page F:\work\__App__\Api\Modules\Api2\Action\AwardAction.class.php 第 368 行.
SQL: SHOW COLUMNS FROM `fa_user_bet_gess_2` [ RunTime:0.001000s ]
SQL: SHOW COLUMNS FROM `fa_user_guess_record` [ RunTime:0.001000s ]
SQL: SHOW COLUMNS FROM `fa_shop_goods` [ RunTime:0.002000s ]
NOTIC: [8192] preg_replace(): The /e modifier is deprecated, use preg_replace_callback instead F:\ThinkPHP\Lib\Core\Db.class.php 第 601 行.
SQL: SELECT COUNT(*) AS tp_count FROM `fa_user_bet_gess_2` WHERE ( `uid` = 1 ) LIMIT 1   [ RunTime:0.001000s ]
NOTIC: [8192] preg_replace(): The /e modifier is deprecated, use preg_replace_callback instead F:\ThinkPHP\Lib\Core\Db.class.php 第 601 行.
SQL: SELECT t1.*,t2.prize_type,t2.price,t2.name,t2.type_id,t2.allow_uguess_num,t2.match_start_time,t2.prize_goods_id,t2.settlement_status FROM `fa_user_bet_gess_2` as t1 left join fa_match_room as t2 on t1.room_id = t2.id WHERE ( t1.uid = '1' ) ORDER BY t2.match_start_time desc LIMIT 0,10   [ RunTime:0.001000s ]
NOTIC: [8192] preg_replace(): The /e modifier is deprecated, use preg_replace_callback instead F:\ThinkPHP\Lib\Core\Db.class.php 第 601 行.
SQL: SELECT t1.*,t2.prize_type,t2.price,t2.name,t2.type_id,t2.allow_uguess_num,t2.match_start_time,t2.prize_goods_id,t2.settlement_status FROM `fa_user_guess_record` as t1 left join fa_match_room as t2 on t1.room_id = t2.id WHERE ( t1.uid = '1' ) ORDER BY t2.match_start_time desc LIMIT 0,10   [ RunTime:0.004000s ]
NOTIC: [2] Missing argument 3 for CommonAction::cache(), called in F:\work\__App__\Api\Lib\Action\CommonAction.class.php on line 93 and defined F:\work\__App__\Api\Lib\Action\CommonAction.class.php 第 74 行.
SQL: SHOW COLUMNS FROM `fa_match_room_type` [ RunTime:0.002000s ]
NOTIC: [8192] preg_replace(): The /e modifier is deprecated, use preg_replace_callback instead F:\ThinkPHP\Lib\Core\Db.class.php 第 601 行.
SQL: SELECT `id`,`name`,`tag_img` FROM `fa_match_room_type`  [ RunTime:0.001000s ]

