[ 2017-05-19T17:11:26+08:00 ] 127.0.0.1 /index.php?g=api&m=room&a=roomplayer&user_token=1fehsdffd
NOTIC: [8192] preg_replace(): The /e modifier is deprecated, use preg_replace_callback instead F:\ThinkPHP\Common\common.php 第 171 行.
INFO: [ app_begin ] --START--
INFO: Run ReadHtmlCache Behavior [ RunTime:0.000000s ]
INFO: [ app_begin ] --END-- [ RunTime:0.000000s ]
NOTIC: 建议使用I方法替代_request
NOTIC: 建议使用I方法替代_request
SQL: SHOW COLUMNS FROM `fa_user_user` [ RunTime:0.002001s ]
NOTIC: [8192] preg_replace(): The /e modifier is deprecated, use preg_replace_callback instead F:\ThinkPHP\Lib\Core\Db.class.php 第 601 行.
SQL: SELECT * FROM `fa_user_user` WHERE ( `token` = '1fehsdffd' ) LIMIT 1   [ RunTime:0.001000s ]
NOTIC: [8] Undefined variable: room_players F:\work\__App__\Api\Lib\Action\CommonAction.class.php 第 186 行.
SQL: SHOW COLUMNS FROM `fa_match_room_info` [ RunTime:0.001000s ]
NOTIC: [8192] preg_replace(): The /e modifier is deprecated, use preg_replace_callback instead F:\ThinkPHP\Lib\Core\Db.class.php 第 601 行.
SQL: SELECT `match_team` FROM `fa_match_room_info` WHERE ( `room_id` = 1 ) LIMIT 1   [ RunTime:0.000000s ]
SQL: SHOW COLUMNS FROM `fa_match_room` [ RunTime:0.003000s ]
NOTIC: [8192] preg_replace(): The /e modifier is deprecated, use preg_replace_callback instead F:\ThinkPHP\Lib\Core\Db.class.php 第 601 行.
SQL: SELECT `project_id` FROM `fa_match_room` WHERE ( `status` = 1 ) AND ( `id` = 1 ) LIMIT 1   [ RunTime:0.001000s ]
SQL: SHOW COLUMNS FROM `fa_match_list` [ RunTime:0.002000s ]
NOTIC: [8192] preg_replace(): The /e modifier is deprecated, use preg_replace_callback instead F:\ThinkPHP\Lib\Core\Db.class.php 第 601 行.
SQL: SELECT `team_a`,`team_b` FROM `fa_match_list` WHERE ( `id` = 1 ) LIMIT 1   [ RunTime:0.001000s ]
NOTIC: [8192] preg_replace(): The /e modifier is deprecated, use preg_replace_callback instead F:\ThinkPHP\Lib\Core\Db.class.php 第 601 行.
SQL: SELECT `team_a`,`team_b` FROM `fa_match_list` WHERE ( `id` = 2 ) LIMIT 1   [ RunTime:0.000000s ]
NOTIC: [8192] preg_replace(): The /e modifier is deprecated, use preg_replace_callback instead F:\ThinkPHP\Lib\Core\Db.class.php 第 601 行.
SQL: SELECT `team_a`,`team_b` FROM `fa_match_list` WHERE ( `id` = 3 ) LIMIT 1   [ RunTime:0.001000s ]
NOTIC: [8] Undefined variable: data F:\work\__App__\Api\Lib\Action\CommonAction.class.php 第 104 行.
SQL: SHOW COLUMNS FROM `fa_match_player` [ RunTime:0.002000s ]
NOTIC: [8192] preg_replace(): The /e modifier is deprecated, use preg_replace_callback instead F:\ThinkPHP\Lib\Core\Db.class.php 第 601 行.
SQL: SELECT `id`,`team_id`,`name`,`img`,`salary`,`position`,`average`,`play_time`,`play_num`,`is_undetermined`,`is_illness`,`is_ban`,`is_out` FROM `fa_match_player`  [ RunTime:0.001000s ]
NOTIC: [8192] preg_replace(): The /e modifier is deprecated, use preg_replace_callback instead F:\ThinkPHP\Lib\Core\Db.class.php 第 601 行.
SQL: SELECT * FROM `fa_match_room_info` WHERE ( `room_id` = 1 ) LIMIT 1   [ RunTime:0.000000s ]
NOTIC: [8] Undefined variable: data F:\work\__App__\Api\Lib\Action\CommonAction.class.php 第 104 行.
SQL: SHOW COLUMNS FROM `fa_match_type` [ RunTime:0.001000s ]
NOTIC: [8192] preg_replace(): The /e modifier is deprecated, use preg_replace_callback instead F:\ThinkPHP\Lib\Core\Db.class.php 第 601 行.
SQL: SELECT `id`,`name`,`introduce` FROM `fa_match_type`  [ RunTime:0.001000s ]
NOTIC: [8192] preg_replace(): The /e modifier is deprecated, use preg_replace_callback instead F:\ThinkPHP\Lib\Core\Db.class.php 第 601 行.
SQL: SELECT * FROM `fa_match_list` WHERE ( `id` = 1 ) LIMIT 1   [ RunTime:0.001000s ]
NOTIC: [8192] preg_replace(): The /e modifier is deprecated, use preg_replace_callback instead F:\ThinkPHP\Lib\Core\Db.class.php 第 601 行.
SQL: SELECT * FROM `fa_match_list` WHERE ( `id` = 2 ) LIMIT 1   [ RunTime:0.001000s ]
NOTIC: [8192] preg_replace(): The /e modifier is deprecated, use preg_replace_callback instead F:\ThinkPHP\Lib\Core\Db.class.php 第 601 行.
SQL: SELECT * FROM `fa_match_list` WHERE ( `id` = 3 ) LIMIT 1   [ RunTime:0.000000s ]
SQL: SHOW COLUMNS FROM `fa_player_match_data` [ RunTime:0.002000s ]
NOTIC: [8192] preg_replace(): The /e modifier is deprecated, use preg_replace_callback instead F:\ThinkPHP\Lib\Core\Db.class.php 第 601 行.
SQL: SELECT `is_join` FROM `fa_player_match_data` WHERE ( `match_id` = 3 ) AND ( `player_id` = 2 ) LIMIT 1   [ RunTime:0.000000s ]
NOTIC: [8192] preg_replace(): The /e modifier is deprecated, use preg_replace_callback instead F:\ThinkPHP\Lib\Core\Db.class.php 第 601 行.
SQL: SELECT `is_join` FROM `fa_player_match_data` WHERE ( `match_id` = 3 ) AND ( `player_id` = 7 ) LIMIT 1   [ RunTime:0.001000s ]
NOTIC: [8192] preg_replace(): The /e modifier is deprecated, use preg_replace_callback instead F:\ThinkPHP\Lib\Core\Db.class.php 第 601 行.
SQL: SELECT `is_join` FROM `fa_player_match_data` WHERE ( `match_id` = 3 ) AND ( `player_id` = 8 ) LIMIT 1   [ RunTime:0.001000s ]
NOTIC: [8192] preg_replace(): The /e modifier is deprecated, use preg_replace_callback instead F:\ThinkPHP\Lib\Core\Db.class.php 第 601 行.
SQL: SELECT `is_join` FROM `fa_player_match_data` WHERE ( `match_id` = 3 ) AND ( `player_id` = 9 ) LIMIT 1   [ RunTime:0.000000s ]
NOTIC: [8192] preg_replace(): The /e modifier is deprecated, use preg_replace_callback instead F:\ThinkPHP\Lib\Core\Db.class.php 第 601 行.
SQL: SELECT `is_join` FROM `fa_player_match_data` WHERE ( `match_id` = 3 ) AND ( `player_id` = 11 ) LIMIT 1   [ RunTime:0.000000s ]
NOTIC: [8192] preg_replace(): The /e modifier is deprecated, use preg_replace_callback instead F:\ThinkPHP\Lib\Core\Db.class.php 第 601 行.
SQL: SELECT `is_join` FROM `fa_player_match_data` WHERE ( `match_id` = 3 ) AND ( `player_id` = 14 ) LIMIT 1   [ RunTime:0.000000s ]
NOTIC: [8192] preg_replace(): The /e modifier is deprecated, use preg_replace_callback instead F:\ThinkPHP\Lib\Core\Db.class.php 第 601 行.
SQL: SELECT `is_join` FROM `fa_player_match_data` WHERE ( `match_id` = 3 ) AND ( `player_id` = 15 ) LIMIT 1   [ RunTime:0.000000s ]
NOTIC: [8192] preg_replace(): The /e modifier is deprecated, use preg_replace_callback instead F:\ThinkPHP\Lib\Core\Db.class.php 第 601 行.
SQL: SELECT `is_join` FROM `fa_player_match_data` WHERE ( `match_id` = 3 ) AND ( `player_id` = 16 ) LIMIT 1   [ RunTime:0.000000s ]
NOTIC: [8192] preg_replace(): The /e modifier is deprecated, use preg_replace_callback instead F:\ThinkPHP\Lib\Core\Db.class.php 第 601 行.
SQL: SELECT `is_join` FROM `fa_player_match_data` WHERE ( `match_id` = 3 ) AND ( `player_id` = 17 ) LIMIT 1   [ RunTime:0.000000s ]
NOTIC: [8192] preg_replace(): The /e modifier is deprecated, use preg_replace_callback instead F:\ThinkPHP\Lib\Core\Db.class.php 第 601 行.
SQL: SELECT `is_join` FROM `fa_player_match_data` WHERE ( `match_id` = 3 ) AND ( `player_id` = 28 ) LIMIT 1   [ RunTime:0.001000s ]
NOTIC: [8192] preg_replace(): The /e modifier is deprecated, use preg_replace_callback instead F:\ThinkPHP\Lib\Core\Db.class.php 第 601 行.
SQL: SELECT `is_join` FROM `fa_player_match_data` WHERE ( `match_id` = 1 ) AND ( `player_id` = 39 ) LIMIT 1   [ RunTime:0.000000s ]
NOTIC: [8192] preg_replace(): The /e modifier is deprecated, use preg_replace_callback instead F:\ThinkPHP\Lib\Core\Db.class.php 第 601 行.
SQL: SELECT `is_join` FROM `fa_player_match_data` WHERE ( `match_id` = 1 ) AND ( `player_id` = 40 ) LIMIT 1   [ RunTime:0.001000s ]
NOTIC: [8192] preg_replace(): The /e modifier is deprecated, use preg_replace_callback instead F:\ThinkPHP\Lib\Core\Db.class.php 第 601 行.
SQL: SELECT `is_join` FROM `fa_player_match_data` WHERE ( `match_id` = 1 ) AND ( `player_id` = 41 ) LIMIT 1   [ RunTime:0.000000s ]
NOTIC: [8192] preg_replace(): The /e modifier is deprecated, use preg_replace_callback instead F:\ThinkPHP\Lib\Core\Db.class.php 第 601 行.
SQL: SELECT `is_join` FROM `fa_player_match_data` WHERE ( `match_id` = 1 ) AND ( `player_id` = 42 ) LIMIT 1   [ RunTime:0.002000s ]
NOTIC: [8192] preg_replace(): The /e modifier is deprecated, use preg_replace_callback instead F:\ThinkPHP\Lib\Core\Db.class.php 第 601 行.
SQL: SELECT `is_join` FROM `fa_player_match_data` WHERE ( `match_id` = 1 ) AND ( `player_id` = 43 ) LIMIT 1   [ RunTime:0.001001s ]
NOTIC: [8192] preg_replace(): The /e modifier is deprecated, use preg_replace_callback instead F:\ThinkPHP\Lib\Core\Db.class.php 第 601 行.
SQL: SELECT `is_join` FROM `fa_player_match_data` WHERE ( `match_id` = 1 ) AND ( `player_id` = 44 ) LIMIT 1   [ RunTime:0.000000s ]
NOTIC: [8192] preg_replace(): The /e modifier is deprecated, use preg_replace_callback instead F:\ThinkPHP\Lib\Core\Db.class.php 第 601 行.
SQL: SELECT `is_join` FROM `fa_player_match_data` WHERE ( `match_id` = 1 ) AND ( `player_id` = 45 ) LIMIT 1   [ RunTime:0.001000s ]
NOTIC: [8192] preg_replace(): The /e modifier is deprecated, use preg_replace_callback instead F:\ThinkPHP\Lib\Core\Db.class.php 第 601 行.
SQL: SELECT `is_join` FROM `fa_player_match_data` WHERE ( `match_id` = 1 ) AND ( `player_id` = 48 ) LIMIT 1   [ RunTime:0.000000s ]
NOTIC: [8192] preg_replace(): The /e modifier is deprecated, use preg_replace_callback instead F:\ThinkPHP\Lib\Core\Db.class.php 第 601 行.
SQL: SELECT `is_join` FROM `fa_player_match_data` WHERE ( `match_id` = 1 ) AND ( `player_id` = 49 ) LIMIT 1   [ RunTime:0.000000s ]
NOTIC: [8192] preg_replace(): The /e modifier is deprecated, use preg_replace_callback instead F:\ThinkPHP\Lib\Core\Db.class.php 第 601 行.
SQL: SELECT `is_join` FROM `fa_player_match_data` WHERE ( `match_id` = 1 ) AND ( `player_id` = 50 ) LIMIT 1   [ RunTime:0.000000s ]
NOTIC: [8192] preg_replace(): The /e modifier is deprecated, use preg_replace_callback instead F:\ThinkPHP\Lib\Core\Db.class.php 第 601 行.
SQL: SELECT `is_join` FROM `fa_player_match_data` WHERE ( `match_id` = 1 ) AND ( `player_id` = 51 ) LIMIT 1   [ RunTime:0.000000s ]
NOTIC: [8192] preg_replace(): The /e modifier is deprecated, use preg_replace_callback instead F:\ThinkPHP\Lib\Core\Db.class.php 第 601 行.
SQL: SELECT `is_join` FROM `fa_player_match_data` WHERE ( `match_id` = 1 ) AND ( `player_id` = 52 ) LIMIT 1   [ RunTime:0.001000s ]
NOTIC: [8192] preg_replace(): The /e modifier is deprecated, use preg_replace_callback instead F:\ThinkPHP\Lib\Core\Db.class.php 第 601 行.
SQL: SELECT `is_join` FROM `fa_player_match_data` WHERE ( `match_id` = 1 ) AND ( `player_id` = 53 ) LIMIT 1   [ RunTime:0.000000s ]
NOTIC: [8192] preg_replace(): The /e modifier is deprecated, use preg_replace_callback instead F:\ThinkPHP\Lib\Core\Db.class.php 第 601 行.
SQL: SELECT `is_join` FROM `fa_player_match_data` WHERE ( `match_id` = 1 ) AND ( `player_id` = 54 ) LIMIT 1   [ RunTime:0.001000s ]
NOTIC: [8192] preg_replace(): The /e modifier is deprecated, use preg_replace_callback instead F:\ThinkPHP\Lib\Core\Db.class.php 第 601 行.
SQL: SELECT `is_join` FROM `fa_player_match_data` WHERE ( `match_id` = 3 ) AND ( `player_id` = 55 ) LIMIT 1   [ RunTime:0.000000s ]
NOTIC: [8192] preg_replace(): The /e modifier is deprecated, use preg_replace_callback instead F:\ThinkPHP\Lib\Core\Db.class.php 第 601 行.
SQL: SELECT `is_join` FROM `fa_player_match_data` WHERE ( `match_id` = 3 ) AND ( `player_id` = 56 ) LIMIT 1   [ RunTime:0.000000s ]
NOTIC: [8192] preg_replace(): The /e modifier is deprecated, use preg_replace_callback instead F:\ThinkPHP\Lib\Core\Db.class.php 第 601 行.
SQL: SELECT `is_join` FROM `fa_player_match_data` WHERE ( `match_id` = 3 ) AND ( `player_id` = 57 ) LIMIT 1   [ RunTime:0.000000s ]
NOTIC: [8192] preg_replace(): The /e modifier is deprecated, use preg_replace_callback instead F:\ThinkPHP\Lib\Core\Db.class.php 第 601 行.
SQL: SELECT `is_join` FROM `fa_player_match_data` WHERE ( `match_id` = 3 ) AND ( `player_id` = 58 ) LIMIT 1   [ RunTime:0.001000s ]
NOTIC: [8192] preg_replace(): The /e modifier is deprecated, use preg_replace_callback instead F:\ThinkPHP\Lib\Core\Db.class.php 第 601 行.
SQL: SELECT `is_join` FROM `fa_player_match_data` WHERE ( `match_id` = 3 ) AND ( `player_id` = 59 ) LIMIT 1   [ RunTime:0.000000s ]
NOTIC: [8192] preg_replace(): The /e modifier is deprecated, use preg_replace_callback instead F:\ThinkPHP\Lib\Core\Db.class.php 第 601 行.
SQL: SELECT `is_join` FROM `fa_player_match_data` WHERE ( `match_id` = 3 ) AND ( `player_id` = 60 ) LIMIT 1   [ RunTime:0.000000s ]
NOTIC: [8192] preg_replace(): The /e modifier is deprecated, use preg_replace_callback instead F:\ThinkPHP\Lib\Core\Db.class.php 第 601 行.
SQL: SELECT `project_id` FROM `fa_match_room` WHERE ( id =1 ) LIMIT 1   [ RunTime:0.000000s ]
NOTIC: [8192] preg_replace(): The /e modifier is deprecated, use preg_replace_callback instead F:\ThinkPHP\Lib\Core\Db.class.php 第 601 行.
SQL: SELECT `match_id`,`score`,`is_join` FROM `fa_player_match_data` WHERE ( `player_id` = 2 ) ORDER BY id desc LIMIT 11   [ RunTime:0.000000s ]
NOTIC: [8192] preg_replace(): The /e modifier is deprecated, use preg_replace_callback instead F:\ThinkPHP\Lib\Core\Db.class.php 第 601 行.
SQL: SELECT `match_id`,`score`,`is_join` FROM `fa_player_match_data` WHERE ( `player_id` = 7 ) ORDER BY id desc LIMIT 11   [ RunTime:0.000000s ]
NOTIC: [8192] preg_replace(): The /e modifier is deprecated, use preg_replace_callback instead F:\ThinkPHP\Lib\Core\Db.class.php 第 601 行.
SQL: SELECT `match_id`,`score`,`is_join` FROM `fa_player_match_data` WHERE ( `player_id` = 8 ) ORDER BY id desc LIMIT 11   [ RunTime:0.000000s ]
NOTIC: [8192] preg_replace(): The /e modifier is deprecated, use preg_replace_callback instead F:\ThinkPHP\Lib\Core\Db.class.php 第 601 行.
SQL: SELECT `match_id`,`score`,`is_join` FROM `fa_player_match_data` WHERE ( `player_id` = 9 ) ORDER BY id desc LIMIT 11   [ RunTime:0.000000s ]
NOTIC: [8192] preg_replace(): The /e modifier is deprecated, use preg_replace_callback instead F:\ThinkPHP\Lib\Core\Db.class.php 第 601 行.
SQL: SELECT `match_id`,`score`,`is_join` FROM `fa_player_match_data` WHERE ( `player_id` = 11 ) ORDER BY id desc LIMIT 11   [ RunTime:0.000000s ]
NOTIC: [8192] preg_replace(): The /e modifier is deprecated, use preg_replace_callback instead F:\ThinkPHP\Lib\Core\Db.class.php 第 601 行.
SQL: SELECT `match_id`,`score`,`is_join` FROM `fa_player_match_data` WHERE ( `player_id` = 14 ) ORDER BY id desc LIMIT 11   [ RunTime:0.000000s ]
NOTIC: [8192] preg_replace(): The /e modifier is deprecated, use preg_replace_callback instead F:\ThinkPHP\Lib\Core\Db.class.php 第 601 行.
SQL: SELECT `match_id`,`score`,`is_join` FROM `fa_player_match_data` WHERE ( `player_id` = 15 ) ORDER BY id desc LIMIT 11   [ RunTime:0.000000s ]
NOTIC: [8192] preg_replace(): The /e modifier is deprecated, use preg_replace_callback instead F:\ThinkPHP\Lib\Core\Db.class.php 第 601 行.
SQL: SELECT `match_id`,`score`,`is_join` FROM `fa_player_match_data` WHERE ( `player_id` = 16 ) ORDER BY id desc LIMIT 11   [ RunTime:0.000000s ]
NOTIC: [8192] preg_replace(): The /e modifier is deprecated, use preg_replace_callback instead F:\ThinkPHP\Lib\Core\Db.class.php 第 601 行.
SQL: SELECT `match_id`,`score`,`is_join` FROM `fa_player_match_data` WHERE ( `player_id` = 17 ) ORDER BY id desc LIMIT 11   [ RunTime:0.000000s ]
NOTIC: [8192] preg_replace(): The /e modifier is deprecated, use preg_replace_callback instead F:\ThinkPHP\Lib\Core\Db.class.php 第 601 行.
SQL: SELECT `match_id`,`score`,`is_join` FROM `fa_player_match_data` WHERE ( `player_id` = 28 ) ORDER BY id desc LIMIT 11   [ RunTime:0.000000s ]
NOTIC: [8192] preg_replace(): The /e modifier is deprecated, use preg_replace_callback instead F:\ThinkPHP\Lib\Core\Db.class.php 第 601 行.
SQL: SELECT `match_id`,`score`,`is_join` FROM `fa_player_match_data` WHERE ( `player_id` = 39 ) ORDER BY id desc LIMIT 11   [ RunTime:0.000000s ]
NOTIC: [8192] preg_replace(): The /e modifier is deprecated, use preg_replace_callback instead F:\ThinkPHP\Lib\Core\Db.class.php 第 601 行.
SQL: SELECT `match_id`,`score`,`is_join` FROM `fa_player_match_data` WHERE ( `player_id` = 40 ) ORDER BY id desc LIMIT 11   [ RunTime:0.001000s ]
NOTIC: [8192] preg_replace(): The /e modifier is deprecated, use preg_replace_callback instead F:\ThinkPHP\Lib\Core\Db.class.php 第 601 行.
SQL: SELECT `match_id`,`score`,`is_join` FROM `fa_player_match_data` WHERE ( `player_id` = 41 ) ORDER BY id desc LIMIT 11   [ RunTime:0.000000s ]
NOTIC: [8192] preg_replace(): The /e modifier is deprecated, use preg_replace_callback instead F:\ThinkPHP\Lib\Core\Db.class.php 第 601 行.
SQL: SELECT `match_id`,`score`,`is_join` FROM `fa_player_match_data` WHERE ( `player_id` = 42 ) ORDER BY id desc LIMIT 11   [ RunTime:0.000000s ]
NOTIC: [8192] preg_replace(): The /e modifier is deprecated, use preg_replace_callback instead F:\ThinkPHP\Lib\Core\Db.class.php 第 601 行.
SQL: SELECT `match_id`,`score`,`is_join` FROM `fa_player_match_data` WHERE ( `player_id` = 43 ) ORDER BY id desc LIMIT 11   [ RunTime:0.000000s ]
NOTIC: [8192] preg_replace(): The /e modifier is deprecated, use preg_replace_callback instead F:\ThinkPHP\Lib\Core\Db.class.php 第 601 行.
SQL: SELECT `match_id`,`score`,`is_join` FROM `fa_player_match_data` WHERE ( `player_id` = 44 ) ORDER BY id desc LIMIT 11   [ RunTime:0.000000s ]
NOTIC: [8192] preg_replace(): The /e modifier is deprecated, use preg_replace_callback instead F:\ThinkPHP\Lib\Core\Db.class.php 第 601 行.
SQL: SELECT `match_id`,`score`,`is_join` FROM `fa_player_match_data` WHERE ( `player_id` = 45 ) ORDER BY id desc LIMIT 11   [ RunTime:0.000000s ]
NOTIC: [8192] preg_replace(): The /e modifier is deprecated, use preg_replace_callback instead F:\ThinkPHP\Lib\Core\Db.class.php 第 601 行.
SQL: SELECT `match_id`,`score`,`is_join` FROM `fa_player_match_data` WHERE ( `player_id` = 48 ) ORDER BY id desc LIMIT 11   [ RunTime:0.001000s ]
NOTIC: [8192] preg_replace(): The /e modifier is deprecated, use preg_replace_callback instead F:\ThinkPHP\Lib\Core\Db.class.php 第 601 行.
SQL: SELECT `match_id`,`score`,`is_join` FROM `fa_player_match_data` WHERE ( `player_id` = 49 ) ORDER BY id desc LIMIT 11   [ RunTime:0.000000s ]
NOTIC: [8192] preg_replace(): The /e modifier is deprecated, use preg_replace_callback instead F:\ThinkPHP\Lib\Core\Db.class.php 第 601 行.
SQL: SELECT `match_id`,`score`,`is_join` FROM `fa_player_match_data` WHERE ( `player_id` = 50 ) ORDER BY id desc LIMIT 11   [ RunTime:0.001000s ]
NOTIC: [8192] preg_replace(): The /e modifier is deprecated, use preg_replace_callback instead F:\ThinkPHP\Lib\Core\Db.class.php 第 601 行.
SQL: SELECT `match_id`,`score`,`is_join` FROM `fa_player_match_data` WHERE ( `player_id` = 51 ) ORDER BY id desc LIMIT 11   [ RunTime:0.000000s ]
NOTIC: [8192] preg_replace(): The /e modifier is deprecated, use preg_replace_callback instead F:\ThinkPHP\Lib\Core\Db.class.php 第 601 行.
SQL: SELECT `match_id`,`score`,`is_join` FROM `fa_player_match_data` WHERE ( `player_id` = 52 ) ORDER BY id desc LIMIT 11   [ RunTime:0.001000s ]
NOTIC: [8192] preg_replace(): The /e modifier is deprecated, use preg_replace_callback instead F:\ThinkPHP\Lib\Core\Db.class.php 第 601 行.
SQL: SELECT `match_id`,`score`,`is_join` FROM `fa_player_match_data` WHERE ( `player_id` = 53 ) ORDER BY id desc LIMIT 11   [ RunTime:0.000000s ]
NOTIC: [8192] preg_replace(): The /e modifier is deprecated, use preg_replace_callback instead F:\ThinkPHP\Lib\Core\Db.class.php 第 601 行.
SQL: SELECT `match_id`,`score`,`is_join` FROM `fa_player_match_data` WHERE ( `player_id` = 54 ) ORDER BY id desc LIMIT 11   [ RunTime:0.001000s ]
NOTIC: [8192] preg_replace(): The /e modifier is deprecated, use preg_replace_callback instead F:\ThinkPHP\Lib\Core\Db.class.php 第 601 行.
SQL: SELECT `match_id`,`score`,`is_join` FROM `fa_player_match_data` WHERE ( `player_id` = 55 ) ORDER BY id desc LIMIT 11   [ RunTime:0.000000s ]
NOTIC: [8192] preg_replace(): The /e modifier is deprecated, use preg_replace_callback instead F:\ThinkPHP\Lib\Core\Db.class.php 第 601 行.
SQL: SELECT `match_id`,`score`,`is_join` FROM `fa_player_match_data` WHERE ( `player_id` = 56 ) ORDER BY id desc LIMIT 11   [ RunTime:0.001000s ]
NOTIC: [8192] preg_replace(): The /e modifier is deprecated, use preg_replace_callback instead F:\ThinkPHP\Lib\Core\Db.class.php 第 601 行.
SQL: SELECT `match_id`,`score`,`is_join` FROM `fa_player_match_data` WHERE ( `player_id` = 57 ) ORDER BY id desc LIMIT 11   [ RunTime:0.001000s ]
NOTIC: [8192] preg_replace(): The /e modifier is deprecated, use preg_replace_callback instead F:\ThinkPHP\Lib\Core\Db.class.php 第 601 行.
SQL: SELECT `match_id`,`score`,`is_join` FROM `fa_player_match_data` WHERE ( `player_id` = 58 ) ORDER BY id desc LIMIT 11   [ RunTime:0.000000s ]
NOTIC: [8192] preg_replace(): The /e modifier is deprecated, use preg_replace_callback instead F:\ThinkPHP\Lib\Core\Db.class.php 第 601 行.
SQL: SELECT `match_id`,`score`,`is_join` FROM `fa_player_match_data` WHERE ( `player_id` = 59 ) ORDER BY id desc LIMIT 11   [ RunTime:0.001000s ]
NOTIC: [8192] preg_replace(): The /e modifier is deprecated, use preg_replace_callback instead F:\ThinkPHP\Lib\Core\Db.class.php 第 601 行.
SQL: SELECT `match_id`,`score`,`is_join` FROM `fa_player_match_data` WHERE ( `player_id` = 60 ) ORDER BY id desc LIMIT 11   [ RunTime:0.000000s ]

[ 2017-05-19T17:12:05+08:00 ] 127.0.0.1 /index.php?g=api&m=extra&a=lolplayermatchdata
NOTIC: [8192] preg_replace(): The /e modifier is deprecated, use preg_replace_callback instead F:\ThinkPHP\Common\common.php 第 171 行.
INFO: [ app_begin ] --START--
INFO: Run ReadHtmlCache Behavior [ RunTime:0.001000s ]
INFO: [ app_begin ] --END-- [ RunTime:0.001000s ]
NOTIC: 建议使用I方法替代_request
NOTIC: 建议使用I方法替代_request
SQL: SHOW COLUMNS FROM `fa_user_user` [ RunTime:0.002000s ]
NOTIC: [8192] preg_replace(): The /e modifier is deprecated, use preg_replace_callback instead F:\ThinkPHP\Lib\Core\Db.class.php 第 601 行.
SQL: SELECT * FROM `fa_user_user` WHERE ( `token` = '4' ) LIMIT 1   [ RunTime:0.000000s ]
SQL: SHOW COLUMNS FROM `fa_player_match_data_lol` [ RunTime:0.002000s ]
SQL: SHOW COLUMNS FROM `fa_match_player_wcg` [ RunTime:0.002001s ]
NOTIC: [8192] preg_replace(): The /e modifier is deprecated, use preg_replace_callback instead F:\ThinkPHP\Lib\Core\Db.class.php 第 601 行.
SQL: SELECT `team_id`,`position` FROM `fa_match_player_wcg` WHERE ( `id` = 2 )  [ RunTime:0.000000s ]

[ 2017-05-19T17:12:13+08:00 ] 127.0.0.1 /index.php?g=api&m=extra&a=lolplayermatchdata
NOTIC: [8192] preg_replace(): The /e modifier is deprecated, use preg_replace_callback instead F:\ThinkPHP\Common\common.php 第 171 行.
INFO: [ app_begin ] --START--
INFO: Run ReadHtmlCache Behavior [ RunTime:0.001001s ]
INFO: [ app_begin ] --END-- [ RunTime:0.001001s ]
NOTIC: 建议使用I方法替代_request
NOTIC: 建议使用I方法替代_request
SQL: SHOW COLUMNS FROM `fa_user_user` [ RunTime:0.001000s ]
NOTIC: [8192] preg_replace(): The /e modifier is deprecated, use preg_replace_callback instead F:\ThinkPHP\Lib\Core\Db.class.php 第 601 行.
SQL: SELECT * FROM `fa_user_user` WHERE ( `token` = '4' ) LIMIT 1   [ RunTime:0.000000s ]
SQL: SHOW COLUMNS FROM `fa_player_match_data_lol` [ RunTime:0.002000s ]
SQL: SHOW COLUMNS FROM `fa_match_player_wcg` [ RunTime:0.002000s ]
NOTIC: [8192] preg_replace(): The /e modifier is deprecated, use preg_replace_callback instead F:\ThinkPHP\Lib\Core\Db.class.php 第 601 行.
SQL: SELECT `team_id`,`position` FROM `fa_match_player_wcg` WHERE ( `id` = 9 )  [ RunTime:0.000000s ]
NOTIC: [8] Undefined index: team_id F:\work\__App__\Api\Modules\Api\Action\ExtraAction.class.php 第 141 行.
NOTIC: [8] Undefined index: position F:\work\__App__\Api\Modules\Api\Action\ExtraAction.class.php 第 142 行.
NOTIC: [8192] preg_replace(): The /e modifier is deprecated, use preg_replace_callback instead F:\ThinkPHP\Lib\Core\Db.class.php 第 601 行.
SQL: SELECT * FROM `fa_player_match_data_lol` WHERE ( `player_id` = 9 ) ORDER BY addtime desc  [ RunTime:0.005001s ]
SQL: SHOW COLUMNS FROM `fa_match_list` [ RunTime:0.002000s ]
NOTIC: [8192] preg_replace(): The /e modifier is deprecated, use preg_replace_callback instead F:\ThinkPHP\Lib\Core\Db.class.php 第 601 行.
SQL: SELECT * FROM `fa_match_list` WHERE ( `id` = 0 ) LIMIT 1   [ RunTime:0.000000s ]
NOTIC: [8] Undefined variable: team F:\work\__App__\Api\Modules\Api\Action\ExtraAction.class.php 第 149 行.
SQL: SHOW COLUMNS FROM `fa_match_team` [ RunTime:0.002000s ]
NOTIC: [8192] preg_replace(): The /e modifier is deprecated, use preg_replace_callback instead F:\ThinkPHP\Lib\Core\Db.class.php 第 601 行.
SQL: SELECT `e_name` FROM `fa_match_team` WHERE ( id =  ) LIMIT 1   [ RunTime:0.000000s ]
ERR: 1064:You have an error in your SQL syntax; check the manual that corresponds to your MySQL server version for the right syntax to use near ') LIMIT 1' at line 1
 [ SQL语句 ] : SELECT `e_name` FROM `fa_match_team` WHERE ( id =  ) LIMIT 1  
NOTIC: [8192] preg_replace(): The /e modifier is deprecated, use preg_replace_callback instead F:\ThinkPHP\Lib\Core\Db.class.php 第 601 行.
SQL: SELECT * FROM `fa_match_list` WHERE ( `id` = 0 ) LIMIT 1   [ RunTime:0.001000s ]
NOTIC: [8] Undefined variable: team F:\work\__App__\Api\Modules\Api\Action\ExtraAction.class.php 第 149 行.
NOTIC: [8192] preg_replace(): The /e modifier is deprecated, use preg_replace_callback instead F:\ThinkPHP\Lib\Core\Db.class.php 第 601 行.
SQL: SELECT `e_name` FROM `fa_match_team` WHERE ( id =  ) LIMIT 1   [ RunTime:0.000000s ]
ERR: 1064:You have an error in your SQL syntax; check the manual that corresponds to your MySQL server version for the right syntax to use near ') LIMIT 1' at line 1
 [ SQL语句 ] : SELECT `e_name` FROM `fa_match_team` WHERE ( id =  ) LIMIT 1  
NOTIC: [8] Undefined index: id F:\work\__App__\Api\Lib\Action\CommonAction.class.php 第 497 行.
NOTIC: [8] Undefined index: player_id F:\work\__App__\Api\Lib\Action\CommonAction.class.php 第 497 行.
NOTIC: [8] Undefined index: match_id F:\work\__App__\Api\Lib\Action\CommonAction.class.php 第 497 行.
NOTIC: [8] Undefined index: kill F:\work\__App__\Api\Lib\Action\CommonAction.class.php 第 497 行.
NOTIC: [8] Undefined index: death F:\work\__App__\Api\Lib\Action\CommonAction.class.php 第 497 行.
NOTIC: [8] Undefined index: assists F:\work\__App__\Api\Lib\Action\CommonAction.class.php 第 497 行.
NOTIC: [8] Undefined index: jungle F:\work\__App__\Api\Lib\Action\CommonAction.class.php 第 497 行.
NOTIC: [8] Undefined index: ten_kill F:\work\__App__\Api\Lib\Action\CommonAction.class.php 第 497 行.
NOTIC: [8] Undefined index: score F:\work\__App__\Api\Lib\Action\CommonAction.class.php 第 497 行.
NOTIC: [8] Undefined index: opp F:\work\__App__\Api\Lib\Action\CommonAction.class.php 第 497 行.
NOTIC: [8] Undefined index: scores F:\work\__App__\Api\Lib\Action\CommonAction.class.php 第 497 行.
NOTIC: [8] Undefined index: tower F:\work\__App__\Api\Lib\Action\CommonAction.class.php 第 497 行.
NOTIC: [8] Undefined index: dragons F:\work\__App__\Api\Lib\Action\CommonAction.class.php 第 497 行.
NOTIC: [8] Undefined index: barons F:\work\__App__\Api\Lib\Action\CommonAction.class.php 第 497 行.
NOTIC: [8] Undefined index: first_blood F:\work\__App__\Api\Lib\Action\CommonAction.class.php 第 497 行.
NOTIC: [8] Undefined index: is_win F:\work\__App__\Api\Lib\Action\CommonAction.class.php 第 497 行.
NOTIC: [8] Undefined index: is_join F:\work\__App__\Api\Lib\Action\CommonAction.class.php 第 497 行.
NOTIC: [8] Undefined index: is_fast F:\work\__App__\Api\Lib\Action\CommonAction.class.php 第 497 行.
NOTIC: [8] Undefined index: remain F:\work\__App__\Api\Lib\Action\CommonAction.class.php 第 497 行.
NOTIC: [8] Undefined index: season F:\work\__App__\Api\Lib\Action\CommonAction.class.php 第 497 行.
NOTIC: [8] Undefined index: date F:\work\__App__\Api\Lib\Action\CommonAction.class.php 第 497 行.
NOTIC: [8] Undefined index: time F:\work\__App__\Api\Lib\Action\CommonAction.class.php 第 497 行.
NOTIC: [8] Undefined index: opponents F:\work\__App__\Api\Lib\Action\CommonAction.class.php 第 497 行.
NOTIC: [8] Undefined index: id F:\work\__App__\Api\Lib\Action\CommonAction.class.php 第 497 行.
NOTIC: [8] Undefined index: player_id F:\work\__App__\Api\Lib\Action\CommonAction.class.php 第 497 行.
NOTIC: [8] Undefined index: match_id F:\work\__App__\Api\Lib\Action\CommonAction.class.php 第 497 行.
NOTIC: [8] Undefined index: kill F:\work\__App__\Api\Lib\Action\CommonAction.class.php 第 497 行.
NOTIC: [8] Undefined index: death F:\work\__App__\Api\Lib\Action\CommonAction.class.php 第 497 行.
NOTIC: [8] Undefined index: assists F:\work\__App__\Api\Lib\Action\CommonAction.class.php 第 497 行.
NOTIC: [8] Undefined index: jungle F:\work\__App__\Api\Lib\Action\CommonAction.class.php 第 497 行.
NOTIC: [8] Undefined index: ten_kill F:\work\__App__\Api\Lib\Action\CommonAction.class.php 第 497 行.
NOTIC: [8] Undefined index: score F:\work\__App__\Api\Lib\Action\CommonAction.class.php 第 497 行.
NOTIC: [8] Undefined index: opp F:\work\__App__\Api\Lib\Action\CommonAction.class.php 第 497 行.
NOTIC: [8] Undefined index: scores F:\work\__App__\Api\Lib\Action\CommonAction.class.php 第 497 行.
NOTIC: [8] Undefined index: tower F:\work\__App__\Api\Lib\Action\CommonAction.class.php 第 497 行.
NOTIC: [8] Undefined index: dragons F:\work\__App__\Api\Lib\Action\CommonAction.class.php 第 497 行.
NOTIC: [8] Undefined index: barons F:\work\__App__\Api\Lib\Action\CommonAction.class.php 第 497 行.
NOTIC: [8] Undefined index: first_blood F:\work\__App__\Api\Lib\Action\CommonAction.class.php 第 497 行.
NOTIC: [8] Undefined index: is_win F:\work\__App__\Api\Lib\Action\CommonAction.class.php 第 497 行.
NOTIC: [8] Undefined index: is_join F:\work\__App__\Api\Lib\Action\CommonAction.class.php 第 497 行.
NOTIC: [8] Undefined index: is_fast F:\work\__App__\Api\Lib\Action\CommonAction.class.php 第 497 行.
NOTIC: [8] Undefined index: remain F:\work\__App__\Api\Lib\Action\CommonAction.class.php 第 497 行.
NOTIC: [8] Undefined index: season F:\work\__App__\Api\Lib\Action\CommonAction.class.php 第 497 行.
NOTIC: [8] Undefined index: date F:\work\__App__\Api\Lib\Action\CommonAction.class.php 第 497 行.
NOTIC: [8] Undefined index: time F:\work\__App__\Api\Lib\Action\CommonAction.class.php 第 497 行.
NOTIC: [8] Undefined index: opponents F:\work\__App__\Api\Lib\Action\CommonAction.class.php 第 497 行.
NOTIC: [8] Undefined variable: season_data F:\work\__App__\Api\Modules\Api\Action\ExtraAction.class.php 第 170 行.
NOTIC: [2] Invalid argument supplied for foreach() F:\work\__App__\Api\Lib\Action\CommonAction.class.php 第 488 行.

[ 2017-05-19T17:19:22+08:00 ] 127.0.0.1 /index.php?g=api&m=extra&a=lolplayermatchdata
NOTIC: [8192] preg_replace(): The /e modifier is deprecated, use preg_replace_callback instead F:\ThinkPHP\Common\common.php 第 171 行.
INFO: [ app_begin ] --START--
INFO: Run ReadHtmlCache Behavior [ RunTime:0.001000s ]
INFO: [ app_begin ] --END-- [ RunTime:0.001000s ]
NOTIC: 建议使用I方法替代_request
NOTIC: 建议使用I方法替代_request
SQL: SHOW COLUMNS FROM `fa_user_user` [ RunTime:0.002000s ]
NOTIC: [8192] preg_replace(): The /e modifier is deprecated, use preg_replace_callback instead F:\ThinkPHP\Lib\Core\Db.class.php 第 601 行.
SQL: SELECT * FROM `fa_user_user` WHERE ( `token` = '4' ) LIMIT 1   [ RunTime:0.001000s ]
SQL: SHOW COLUMNS FROM `fa_player_match_data_lol` [ RunTime:0.002000s ]
SQL: SHOW COLUMNS FROM `fa_match_player_wcg` [ RunTime:0.002000s ]
NOTIC: [8192] preg_replace(): The /e modifier is deprecated, use preg_replace_callback instead F:\ThinkPHP\Lib\Core\Db.class.php 第 601 行.
SQL: SELECT `team_id`,`position` FROM `fa_match_player_wcg` WHERE ( `id` = 9 )  [ RunTime:0.000000s ]
NOTIC: [8] Undefined index: team_id F:\work\__App__\Api\Modules\Api\Action\ExtraAction.class.php 第 141 行.
NOTIC: [8] Undefined index: position F:\work\__App__\Api\Modules\Api\Action\ExtraAction.class.php 第 142 行.
NOTIC: [8192] preg_replace(): The /e modifier is deprecated, use preg_replace_callback instead F:\ThinkPHP\Lib\Core\Db.class.php 第 601 行.
SQL: SELECT * FROM `fa_player_match_data_lol` WHERE ( `player_id` = 9 ) ORDER BY addtime desc  [ RunTime:0.000000s ]
NOTIC: [8] Undefined index: id F:\work\__App__\Api\Lib\Action\CommonAction.class.php 第 497 行.
NOTIC: [8] Undefined index: player_id F:\work\__App__\Api\Lib\Action\CommonAction.class.php 第 497 行.
NOTIC: [8] Undefined index: match_id F:\work\__App__\Api\Lib\Action\CommonAction.class.php 第 497 行.
NOTIC: [8] Undefined index: kill F:\work\__App__\Api\Lib\Action\CommonAction.class.php 第 497 行.
NOTIC: [8] Undefined index: death F:\work\__App__\Api\Lib\Action\CommonAction.class.php 第 497 行.
NOTIC: [8] Undefined index: assists F:\work\__App__\Api\Lib\Action\CommonAction.class.php 第 497 行.
NOTIC: [8] Undefined index: jungle F:\work\__App__\Api\Lib\Action\CommonAction.class.php 第 497 行.
NOTIC: [8] Undefined index: ten_kill F:\work\__App__\Api\Lib\Action\CommonAction.class.php 第 497 行.
NOTIC: [8] Undefined index: score F:\work\__App__\Api\Lib\Action\CommonAction.class.php 第 497 行.
NOTIC: [8] Undefined index: scores F:\work\__App__\Api\Lib\Action\CommonAction.class.php 第 497 行.
NOTIC: [8] Undefined index: tower F:\work\__App__\Api\Lib\Action\CommonAction.class.php 第 497 行.
NOTIC: [8] Undefined index: dragons F:\work\__App__\Api\Lib\Action\CommonAction.class.php 第 497 行.
NOTIC: [8] Undefined index: barons F:\work\__App__\Api\Lib\Action\CommonAction.class.php 第 497 行.
NOTIC: [8] Undefined index: first_blood F:\work\__App__\Api\Lib\Action\CommonAction.class.php 第 497 行.
NOTIC: [8] Undefined index: is_win F:\work\__App__\Api\Lib\Action\CommonAction.class.php 第 497 行.
NOTIC: [8] Undefined index: is_join F:\work\__App__\Api\Lib\Action\CommonAction.class.php 第 497 行.
NOTIC: [8] Undefined index: is_fast F:\work\__App__\Api\Lib\Action\CommonAction.class.php 第 497 行.
NOTIC: [8] Undefined index: remain F:\work\__App__\Api\Lib\Action\CommonAction.class.php 第 497 行.
NOTIC: [8] Undefined index: season F:\work\__App__\Api\Lib\Action\CommonAction.class.php 第 497 行.
NOTIC: [8] Undefined index: opponents F:\work\__App__\Api\Lib\Action\CommonAction.class.php 第 497 行.
NOTIC: [8] Undefined index: time F:\work\__App__\Api\Lib\Action\CommonAction.class.php 第 497 行.
NOTIC: [8] Undefined index: id F:\work\__App__\Api\Lib\Action\CommonAction.class.php 第 497 行.
NOTIC: [8] Undefined index: player_id F:\work\__App__\Api\Lib\Action\CommonAction.class.php 第 497 行.
NOTIC: [8] Undefined index: match_id F:\work\__App__\Api\Lib\Action\CommonAction.class.php 第 497 行.
NOTIC: [8] Undefined index: kill F:\work\__App__\Api\Lib\Action\CommonAction.class.php 第 497 行.
NOTIC: [8] Undefined index: death F:\work\__App__\Api\Lib\Action\CommonAction.class.php 第 497 行.
NOTIC: [8] Undefined index: assists F:\work\__App__\Api\Lib\Action\CommonAction.class.php 第 497 行.
NOTIC: [8] Undefined index: jungle F:\work\__App__\Api\Lib\Action\CommonAction.class.php 第 497 行.
NOTIC: [8] Undefined index: ten_kill F:\work\__App__\Api\Lib\Action\CommonAction.class.php 第 497 行.
NOTIC: [8] Undefined index: score F:\work\__App__\Api\Lib\Action\CommonAction.class.php 第 497 行.
NOTIC: [8] Undefined index: scores F:\work\__App__\Api\Lib\Action\CommonAction.class.php 第 497 行.
NOTIC: [8] Undefined index: tower F:\work\__App__\Api\Lib\Action\CommonAction.class.php 第 497 行.
NOTIC: [8] Undefined index: dragons F:\work\__App__\Api\Lib\Action\CommonAction.class.php 第 497 行.
NOTIC: [8] Undefined index: barons F:\work\__App__\Api\Lib\Action\CommonAction.class.php 第 497 行.
NOTIC: [8] Undefined index: first_blood F:\work\__App__\Api\Lib\Action\CommonAction.class.php 第 497 行.
NOTIC: [8] Undefined index: is_win F:\work\__App__\Api\Lib\Action\CommonAction.class.php 第 497 行.
NOTIC: [8] Undefined index: is_join F:\work\__App__\Api\Lib\Action\CommonAction.class.php 第 497 行.
NOTIC: [8] Undefined index: is_fast F:\work\__App__\Api\Lib\Action\CommonAction.class.php 第 497 行.
NOTIC: [8] Undefined index: remain F:\work\__App__\Api\Lib\Action\CommonAction.class.php 第 497 行.
NOTIC: [8] Undefined index: season F:\work\__App__\Api\Lib\Action\CommonAction.class.php 第 497 行.
NOTIC: [8] Undefined index: opponents F:\work\__App__\Api\Lib\Action\CommonAction.class.php 第 497 行.
NOTIC: [8] Undefined index: time F:\work\__App__\Api\Lib\Action\CommonAction.class.php 第 497 行.
NOTIC: [8] Undefined variable: season_data F:\work\__App__\Api\Modules\Api\Action\ExtraAction.class.php 第 173 行.
NOTIC: [2] Invalid argument supplied for foreach() F:\work\__App__\Api\Lib\Action\CommonAction.class.php 第 488 行.

[ 2017-05-19T17:23:46+08:00 ] 127.0.0.1 /index.php?g=api&m=extra&a=lolplayermatchdata
NOTIC: [8192] preg_replace(): The /e modifier is deprecated, use preg_replace_callback instead F:\ThinkPHP\Common\common.php 第 171 行.
INFO: [ app_begin ] --START--
INFO: Run ReadHtmlCache Behavior [ RunTime:0.001000s ]
INFO: [ app_begin ] --END-- [ RunTime:0.001000s ]
NOTIC: 建议使用I方法替代_request
NOTIC: 建议使用I方法替代_request
SQL: SHOW COLUMNS FROM `fa_user_user` [ RunTime:0.002000s ]
NOTIC: [8192] preg_replace(): The /e modifier is deprecated, use preg_replace_callback instead F:\ThinkPHP\Lib\Core\Db.class.php 第 601 行.
SQL: SELECT * FROM `fa_user_user` WHERE ( `token` = '4' ) LIMIT 1   [ RunTime:0.001000s ]
SQL: SHOW COLUMNS FROM `fa_player_match_data_lol` [ RunTime:0.002001s ]
SQL: SHOW COLUMNS FROM `fa_match_player_wcg` [ RunTime:0.002000s ]
NOTIC: [8192] preg_replace(): The /e modifier is deprecated, use preg_replace_callback instead F:\ThinkPHP\Lib\Core\Db.class.php 第 601 行.
SQL: SELECT `team_id`,`position` FROM `fa_match_player_wcg` WHERE ( `id` = 9 )  [ RunTime:0.000000s ]
NOTIC: [8] Undefined index: team_id F:\work\__App__\Api\Modules\Api\Action\ExtraAction.class.php 第 141 行.
NOTIC: [8] Undefined index: position F:\work\__App__\Api\Modules\Api\Action\ExtraAction.class.php 第 142 行.
NOTIC: [8192] preg_replace(): The /e modifier is deprecated, use preg_replace_callback instead F:\ThinkPHP\Lib\Core\Db.class.php 第 601 行.
SQL: SELECT * FROM `fa_player_match_data_lol` WHERE ( `player_id` = 9 ) ORDER BY addtime desc  [ RunTime:0.005000s ]
NOTIC: [8] Undefined index: id F:\work\__App__\Api\Lib\Action\CommonAction.class.php 第 497 行.
NOTIC: [8] Undefined index: player_id F:\work\__App__\Api\Lib\Action\CommonAction.class.php 第 497 行.
NOTIC: [8] Undefined index: match_id F:\work\__App__\Api\Lib\Action\CommonAction.class.php 第 497 行.
NOTIC: [8] Undefined index: kill F:\work\__App__\Api\Lib\Action\CommonAction.class.php 第 497 行.
NOTIC: [8] Undefined index: death F:\work\__App__\Api\Lib\Action\CommonAction.class.php 第 497 行.
NOTIC: [8] Undefined index: assists F:\work\__App__\Api\Lib\Action\CommonAction.class.php 第 497 行.
NOTIC: [8] Undefined index: jungle F:\work\__App__\Api\Lib\Action\CommonAction.class.php 第 497 行.
NOTIC: [8] Undefined index: ten_kill F:\work\__App__\Api\Lib\Action\CommonAction.class.php 第 497 行.
NOTIC: [8] Undefined index: score F:\work\__App__\Api\Lib\Action\CommonAction.class.php 第 497 行.
NOTIC: [8] Undefined index: scores F:\work\__App__\Api\Lib\Action\CommonAction.class.php 第 497 行.
NOTIC: [8] Undefined index: tower F:\work\__App__\Api\Lib\Action\CommonAction.class.php 第 497 行.
NOTIC: [8] Undefined index: dragons F:\work\__App__\Api\Lib\Action\CommonAction.class.php 第 497 行.
NOTIC: [8] Undefined index: barons F:\work\__App__\Api\Lib\Action\CommonAction.class.php 第 497 行.
NOTIC: [8] Undefined index: first_blood F:\work\__App__\Api\Lib\Action\CommonAction.class.php 第 497 行.
NOTIC: [8] Undefined index: is_win F:\work\__App__\Api\Lib\Action\CommonAction.class.php 第 497 行.
NOTIC: [8] Undefined index: is_join F:\work\__App__\Api\Lib\Action\CommonAction.class.php 第 497 行.
NOTIC: [8] Undefined index: is_fast F:\work\__App__\Api\Lib\Action\CommonAction.class.php 第 497 行.
NOTIC: [8] Undefined index: remain F:\work\__App__\Api\Lib\Action\CommonAction.class.php 第 497 行.
NOTIC: [8] Undefined index: season F:\work\__App__\Api\Lib\Action\CommonAction.class.php 第 497 行.
NOTIC: [8] Undefined index: opponents F:\work\__App__\Api\Lib\Action\CommonAction.class.php 第 497 行.
NOTIC: [8] Undefined index: time F:\work\__App__\Api\Lib\Action\CommonAction.class.php 第 497 行.
NOTIC: [8] Undefined index: id F:\work\__App__\Api\Lib\Action\CommonAction.class.php 第 497 行.
NOTIC: [8] Undefined index: player_id F:\work\__App__\Api\Lib\Action\CommonAction.class.php 第 497 行.
NOTIC: [8] Undefined index: match_id F:\work\__App__\Api\Lib\Action\CommonAction.class.php 第 497 行.
NOTIC: [8] Undefined index: kill F:\work\__App__\Api\Lib\Action\CommonAction.class.php 第 497 行.
NOTIC: [8] Undefined index: death F:\work\__App__\Api\Lib\Action\CommonAction.class.php 第 497 行.
NOTIC: [8] Undefined index: assists F:\work\__App__\Api\Lib\Action\CommonAction.class.php 第 497 行.
NOTIC: [8] Undefined index: jungle F:\work\__App__\Api\Lib\Action\CommonAction.class.php 第 497 行.
NOTIC: [8] Undefined index: ten_kill F:\work\__App__\Api\Lib\Action\CommonAction.class.php 第 497 行.
NOTIC: [8] Undefined index: score F:\work\__App__\Api\Lib\Action\CommonAction.class.php 第 497 行.
NOTIC: [8] Undefined index: scores F:\work\__App__\Api\Lib\Action\CommonAction.class.php 第 497 行.
NOTIC: [8] Undefined index: tower F:\work\__App__\Api\Lib\Action\CommonAction.class.php 第 497 行.
NOTIC: [8] Undefined index: dragons F:\work\__App__\Api\Lib\Action\CommonAction.class.php 第 497 行.
NOTIC: [8] Undefined index: barons F:\work\__App__\Api\Lib\Action\CommonAction.class.php 第 497 行.
NOTIC: [8] Undefined index: first_blood F:\work\__App__\Api\Lib\Action\CommonAction.class.php 第 497 行.
NOTIC: [8] Undefined index: is_win F:\work\__App__\Api\Lib\Action\CommonAction.class.php 第 497 行.
NOTIC: [8] Undefined index: is_join F:\work\__App__\Api\Lib\Action\CommonAction.class.php 第 497 行.
NOTIC: [8] Undefined index: is_fast F:\work\__App__\Api\Lib\Action\CommonAction.class.php 第 497 行.
NOTIC: [8] Undefined index: remain F:\work\__App__\Api\Lib\Action\CommonAction.class.php 第 497 行.
NOTIC: [8] Undefined index: season F:\work\__App__\Api\Lib\Action\CommonAction.class.php 第 497 行.
NOTIC: [8] Undefined index: opponents F:\work\__App__\Api\Lib\Action\CommonAction.class.php 第 497 行.
NOTIC: [8] Undefined index: time F:\work\__App__\Api\Lib\Action\CommonAction.class.php 第 497 行.
NOTIC: [8] Undefined index: id F:\work\__App__\Api\Lib\Action\CommonAction.class.php 第 497 行.
NOTIC: [8] Undefined index: player_id F:\work\__App__\Api\Lib\Action\CommonAction.class.php 第 497 行.
NOTIC: [8] Undefined index: match_id F:\work\__App__\Api\Lib\Action\CommonAction.class.php 第 497 行.
NOTIC: [8] Undefined index: kill F:\work\__App__\Api\Lib\Action\CommonAction.class.php 第 497 行.
NOTIC: [8] Undefined index: death F:\work\__App__\Api\Lib\Action\CommonAction.class.php 第 497 行.
NOTIC: [8] Undefined index: assists F:\work\__App__\Api\Lib\Action\CommonAction.class.php 第 497 行.
NOTIC: [8] Undefined index: jungle F:\work\__App__\Api\Lib\Action\CommonAction.class.php 第 497 行.
NOTIC: [8] Undefined index: ten_kill F:\work\__App__\Api\Lib\Action\CommonAction.class.php 第 497 行.
NOTIC: [8] Undefined index: score F:\work\__App__\Api\Lib\Action\CommonAction.class.php 第 497 行.
NOTIC: [8] Undefined index: scores F:\work\__App__\Api\Lib\Action\CommonAction.class.php 第 497 行.
NOTIC: [8] Undefined index: tower F:\work\__App__\Api\Lib\Action\CommonAction.class.php 第 497 行.
NOTIC: [8] Undefined index: dragons F:\work\__App__\Api\Lib\Action\CommonAction.class.php 第 497 行.
NOTIC: [8] Undefined index: barons F:\work\__App__\Api\Lib\Action\CommonAction.class.php 第 497 行.
NOTIC: [8] Undefined index: first_blood F:\work\__App__\Api\Lib\Action\CommonAction.class.php 第 497 行.
NOTIC: [8] Undefined index: is_win F:\work\__App__\Api\Lib\Action\CommonAction.class.php 第 497 行.
NOTIC: [8] Undefined index: is_join F:\work\__App__\Api\Lib\Action\CommonAction.class.php 第 497 行.
NOTIC: [8] Undefined index: is_fast F:\work\__App__\Api\Lib\Action\CommonAction.class.php 第 497 行.
NOTIC: [8] Undefined index: remain F:\work\__App__\Api\Lib\Action\CommonAction.class.php 第 497 行.
NOTIC: [8] Undefined index: season F:\work\__App__\Api\Lib\Action\CommonAction.class.php 第 497 行.
NOTIC: [8] Undefined index: opponents F:\work\__App__\Api\Lib\Action\CommonAction.class.php 第 497 行.
NOTIC: [8] Undefined index: time F:\work\__App__\Api\Lib\Action\CommonAction.class.php 第 497 行.

