[ 2017-07-21T17:45:06+08:00 ] 127.0.0.1 /index.php?g=api&m=user&a=userroomdetail
NOTIC: [8192] preg_replace(): The /e modifier is deprecated, use preg_replace_callback instead F:\ThinkPHP\Common\common.php 第 171 行.
INFO: [ app_begin ] --START--
INFO: Run ReadHtmlCache Behavior [ RunTime:0.001000s ]
INFO: [ app_begin ] --END-- [ RunTime:0.001000s ]
NOTIC: [8] Memcache::connect():  F:\ThinkPHP\Extend\Driver\Session\SessionMemcache.class.php 第 38 行.
NOTIC: [2] Memcache::connect():  F:\ThinkPHP\Extend\Driver\Session\SessionMemcache.class.php 第 38 行.
NOTIC: 建议使用I方法替代_request
NOTIC: 建议使用I方法替代_request
SQL: SHOW COLUMNS FROM `fa_user_user` [ RunTime:0.002000s ]
NOTIC: [8192] preg_replace(): The /e modifier is deprecated, use preg_replace_callback instead F:\ThinkPHP\Lib\Core\Db.class.php 第 601 行.
SQL: SELECT * FROM `fa_user_user` WHERE ( `token` = '8db501c5c0367ad2553c63c6d59801eb' ) LIMIT 1   [ RunTime:0.001000s ]
SQL: SHOW COLUMNS FROM `fa_user_guess_record` [ RunTime:0.001000s ]
NOTIC: [8192] preg_replace(): The /e modifier is deprecated, use preg_replace_callback instead F:\ThinkPHP\Lib\Core\Db.class.php 第 601 行.
SQL: SELECT * FROM `fa_user_guess_record` WHERE ( `id` = 7 ) AND ( `room_id` = 19 ) AND ( `uid` = 11 ) LIMIT 1   [ RunTime:0.001000s ]

[ 2017-07-21T17:46:49+08:00 ] 127.0.0.1 /index.php?g=api&m=user&a=userroomdetail
NOTIC: [8192] preg_replace(): The /e modifier is deprecated, use preg_replace_callback instead F:\ThinkPHP\Common\common.php 第 171 行.
INFO: [ app_begin ] --START--
INFO: Run ReadHtmlCache Behavior [ RunTime:0.001000s ]
INFO: [ app_begin ] --END-- [ RunTime:0.001000s ]
NOTIC: [8] Memcache::connect():  F:\ThinkPHP\Extend\Driver\Session\SessionMemcache.class.php 第 38 行.
NOTIC: [2] Memcache::connect():  F:\ThinkPHP\Extend\Driver\Session\SessionMemcache.class.php 第 38 行.
NOTIC: 建议使用I方法替代_request
NOTIC: 建议使用I方法替代_request
SQL: SHOW COLUMNS FROM `fa_user_user` [ RunTime:0.002000s ]
NOTIC: [8192] preg_replace(): The /e modifier is deprecated, use preg_replace_callback instead F:\ThinkPHP\Lib\Core\Db.class.php 第 601 行.
SQL: SELECT * FROM `fa_user_user` WHERE ( `token` = 'f958bd24566da50baf8373dd04f61c0a' ) LIMIT 1   [ RunTime:0.001000s ]
SQL: SHOW COLUMNS FROM `fa_user_guess_record` [ RunTime:0.002000s ]
NOTIC: [8192] preg_replace(): The /e modifier is deprecated, use preg_replace_callback instead F:\ThinkPHP\Lib\Core\Db.class.php 第 601 行.
SQL: SELECT * FROM `fa_user_guess_record` WHERE ( `id` = 18 ) AND ( `room_id` = 6 ) AND ( `uid` = 4 ) LIMIT 1   [ RunTime:0.001000s ]
SQL: SHOW COLUMNS FROM `fa_lineup` [ RunTime:0.002000s ]
NOTIC: [8192] preg_replace(): The /e modifier is deprecated, use preg_replace_callback instead F:\ThinkPHP\Lib\Core\Db.class.php 第 601 行.
SQL: SELECT * FROM `fa_lineup` WHERE ( id = 17 ) LIMIT 1   [ RunTime:0.001000s ]
SQL: SHOW COLUMNS FROM `fa_match_room` [ RunTime:0.003000s ]
NOTIC: [8192] preg_replace(): The /e modifier is deprecated, use preg_replace_callback instead F:\ThinkPHP\Lib\Core\Db.class.php 第 601 行.
SQL: SELECT * FROM `fa_match_room` WHERE ( `status` = 1 ) AND ( `id` = 6 ) LIMIT 1   [ RunTime:0.001000s ]
NOTIC: [8] Undefined variable: data F:\work\__App__\Api\Lib\Action\CommonAction.class.php 第 104 行.
SQL: SHOW COLUMNS FROM `fa_match_room_type` [ RunTime:0.001000s ]
NOTIC: [8192] preg_replace(): The /e modifier is deprecated, use preg_replace_callback instead F:\ThinkPHP\Lib\Core\Db.class.php 第 601 行.
SQL: SELECT `id`,`name`,`tag_img` FROM `fa_match_room_type`  [ RunTime:0.001000s ]
NOTIC: [8] Undefined variable: data F:\work\__App__\Api\Lib\Action\CommonAction.class.php 第 104 行.
SQL: SHOW COLUMNS FROM `fa_match_project` [ RunTime:0.002001s ]
NOTIC: [8192] preg_replace(): The /e modifier is deprecated, use preg_replace_callback instead F:\ThinkPHP\Lib\Core\Db.class.php 第 601 行.
SQL: SELECT `id`,`name`,`img` FROM `fa_match_project`  [ RunTime:0.000000s ]
SQL: SHOW COLUMNS FROM `fa_match_room_info` [ RunTime:0.002000s ]
NOTIC: [8192] preg_replace(): The /e modifier is deprecated, use preg_replace_callback instead F:\ThinkPHP\Lib\Core\Db.class.php 第 601 行.
SQL: SELECT * FROM `fa_match_room_info` WHERE ( `room_id` = 6 ) LIMIT 1   [ RunTime:0.000000s ]
NOTIC: [8] Undefined variable: data F:\work\__App__\Api\Lib\Action\CommonAction.class.php 第 104 行.
SQL: SHOW COLUMNS FROM `fa_match_type` [ RunTime:0.001000s ]
NOTIC: [8192] preg_replace(): The /e modifier is deprecated, use preg_replace_callback instead F:\ThinkPHP\Lib\Core\Db.class.php 第 601 行.
SQL: SELECT `id`,`name`,`introduce` FROM `fa_match_type`  [ RunTime:0.001000s ]
SQL: SHOW COLUMNS FROM `fa_match_list` [ RunTime:0.002000s ]
NOTIC: [8192] preg_replace(): The /e modifier is deprecated, use preg_replace_callback instead F:\ThinkPHP\Lib\Core\Db.class.php 第 601 行.
SQL: SELECT * FROM `fa_match_list` WHERE ( `id` = 2 ) LIMIT 1   [ RunTime:0.001000s ]
NOTIC: [8] Undefined index:  F:\work\__App__\Api\Lib\Action\CommonAction.class.php 第 382 行.
NOTIC: [8] Undefined index: match_time F:\work\__App__\Api\Lib\Action\CommonAction.class.php 第 383 行.
NOTIC: [8192] preg_replace(): The /e modifier is deprecated, use preg_replace_callback instead F:\ThinkPHP\Lib\Core\Db.class.php 第 601 行.
SQL: SELECT * FROM `fa_match_list` WHERE ( `id` = 3 ) LIMIT 1   [ RunTime:0.001000s ]
NOTIC: [8] Undefined index:  F:\work\__App__\Api\Lib\Action\CommonAction.class.php 第 382 行.
NOTIC: [8] Undefined index: match_time F:\work\__App__\Api\Lib\Action\CommonAction.class.php 第 383 行.
NOTIC: [8192] preg_replace(): The /e modifier is deprecated, use preg_replace_callback instead F:\ThinkPHP\Lib\Core\Db.class.php 第 601 行.
SQL: SELECT * FROM `fa_match_list` WHERE ( `id` = 4 ) LIMIT 1   [ RunTime:0.001000s ]
NOTIC: [8] Undefined index:  F:\work\__App__\Api\Lib\Action\CommonAction.class.php 第 382 行.
NOTIC: [8] Undefined index: match_time F:\work\__App__\Api\Lib\Action\CommonAction.class.php 第 383 行.
NOTIC: [8192] preg_replace(): The /e modifier is deprecated, use preg_replace_callback instead F:\ThinkPHP\Lib\Core\Db.class.php 第 601 行.
SQL: SELECT * FROM `fa_match_list` WHERE ( `id` = 5 ) LIMIT 1   [ RunTime:0.001000s ]
NOTIC: [8] Undefined index:  F:\work\__App__\Api\Lib\Action\CommonAction.class.php 第 382 行.
NOTIC: [8] Undefined index: match_time F:\work\__App__\Api\Lib\Action\CommonAction.class.php 第 383 行.
NOTIC: [8192] preg_replace(): The /e modifier is deprecated, use preg_replace_callback instead F:\ThinkPHP\Lib\Core\Db.class.php 第 601 行.
SQL: SELECT * FROM `fa_match_list` WHERE ( `id` = 6 ) LIMIT 1   [ RunTime:0.001000s ]
NOTIC: [8] Undefined index:  F:\work\__App__\Api\Lib\Action\CommonAction.class.php 第 382 行.
NOTIC: [8] Undefined index: match_time F:\work\__App__\Api\Lib\Action\CommonAction.class.php 第 383 行.
NOTIC: [8192] preg_replace(): The /e modifier is deprecated, use preg_replace_callback instead F:\ThinkPHP\Lib\Core\Db.class.php 第 601 行.
SQL: SELECT * FROM `fa_user_guess_record` WHERE ( `room_id` = 6 ) ORDER BY guess_num desc LIMIT 20   [ RunTime:0.001000s ]
NOTIC: [8192] preg_replace(): The /e modifier is deprecated, use preg_replace_callback instead F:\ThinkPHP\Lib\Core\Db.class.php 第 601 行.
SQL: SELECT `username`,`rank` FROM `fa_user_user` WHERE ( `id` = 41 ) LIMIT 1   [ RunTime:0.001000s ]
NOTIC: [8] Undefined index: rank F:\work\__App__\Api\Lib\Action\CommonAction.class.php 第 363 行.
NOTIC: [8] Undefined index: username F:\work\__App__\Api\Lib\Action\CommonAction.class.php 第 350 行.
NOTIC: [8192] preg_replace(): The /e modifier is deprecated, use preg_replace_callback instead F:\ThinkPHP\Lib\Core\Db.class.php 第 601 行.
SQL: SELECT `username`,`rank` FROM `fa_user_user` WHERE ( `id` = 10 ) LIMIT 1   [ RunTime:0.001000s ]
NOTIC: [8] Undefined index: rank F:\work\__App__\Api\Lib\Action\CommonAction.class.php 第 363 行.
NOTIC: [8] Undefined index: username F:\work\__App__\Api\Lib\Action\CommonAction.class.php 第 350 行.
NOTIC: [8192] preg_replace(): The /e modifier is deprecated, use preg_replace_callback instead F:\ThinkPHP\Lib\Core\Db.class.php 第 601 行.
SQL: SELECT `username`,`rank` FROM `fa_user_user` WHERE ( `id` = 54 ) LIMIT 1   [ RunTime:0.000000s ]
NOTIC: [8] Undefined index: rank F:\work\__App__\Api\Lib\Action\CommonAction.class.php 第 363 行.
NOTIC: [8] Undefined index: username F:\work\__App__\Api\Lib\Action\CommonAction.class.php 第 350 行.
NOTIC: [8192] preg_replace(): The /e modifier is deprecated, use preg_replace_callback instead F:\ThinkPHP\Lib\Core\Db.class.php 第 601 行.
SQL: SELECT `username`,`rank` FROM `fa_user_user` WHERE ( `id` = 4 ) LIMIT 1   [ RunTime:0.000000s ]
NOTIC: [8192] preg_replace(): The /e modifier is deprecated, use preg_replace_callback instead F:\ThinkPHP\Lib\Core\Db.class.php 第 601 行.
SQL: SELECT SUM(guess_num) AS tp_sum FROM `fa_user_guess_record` WHERE ( `uid` = 4 ) AND ( `room_id` = 6 ) LIMIT 1   [ RunTime:0.000000s ]
NOTIC: [8] Undefined variable: data F:\work\__App__\Api\Lib\Action\CommonAction.class.php 第 104 行.
SQL: SHOW COLUMNS FROM `fa_match_player` [ RunTime:0.003001s ]
NOTIC: [8192] preg_replace(): The /e modifier is deprecated, use preg_replace_callback instead F:\ThinkPHP\Lib\Core\Db.class.php 第 601 行.
SQL: SELECT `id`,`team_id`,`name`,`img`,`salary`,`position`,`average`,`play_time`,`play_num`,`is_undetermined`,`is_illness`,`is_ban`,`is_out` FROM `fa_match_player`  [ RunTime:0.003000s ]
NOTIC: [8] Undefined offset: 40 F:\work\__App__\Api\Modules\Api\Action\UserAction.class.php 第 317 行.
NOTIC: [8] Undefined index: team_a F:\work\__App__\Api\Modules\Api\Action\UserAction.class.php 第 317 行.
NOTIC: [8] Undefined index: id F:\work\__App__\Api\Modules\Api\Action\UserAction.class.php 第 318 行.
NOTIC: [8] Undefined offset: 40 F:\work\__App__\Api\Modules\Api\Action\UserAction.class.php 第 317 行.
NOTIC: [8] Undefined index: team_a F:\work\__App__\Api\Modules\Api\Action\UserAction.class.php 第 317 行.
NOTIC: [8] Undefined index: id F:\work\__App__\Api\Modules\Api\Action\UserAction.class.php 第 318 行.
NOTIC: [8] Undefined offset: 40 F:\work\__App__\Api\Modules\Api\Action\UserAction.class.php 第 317 行.
NOTIC: [8] Undefined index: team_a F:\work\__App__\Api\Modules\Api\Action\UserAction.class.php 第 317 行.
NOTIC: [8] Undefined index: id F:\work\__App__\Api\Modules\Api\Action\UserAction.class.php 第 318 行.
NOTIC: [8] Undefined offset: 40 F:\work\__App__\Api\Modules\Api\Action\UserAction.class.php 第 317 行.
NOTIC: [8] Undefined index: team_a F:\work\__App__\Api\Modules\Api\Action\UserAction.class.php 第 317 行.
NOTIC: [8] Undefined index: id F:\work\__App__\Api\Modules\Api\Action\UserAction.class.php 第 318 行.
NOTIC: [8] Undefined offset: 40 F:\work\__App__\Api\Modules\Api\Action\UserAction.class.php 第 317 行.
NOTIC: [8] Undefined index: team_a F:\work\__App__\Api\Modules\Api\Action\UserAction.class.php 第 317 行.
NOTIC: [8] Undefined index: id F:\work\__App__\Api\Modules\Api\Action\UserAction.class.php 第 318 行.
NOTIC: [8] Undefined offset: 40 F:\work\__App__\Api\Modules\Api\Action\UserAction.class.php 第 321 行.
NOTIC: [8] Undefined offset: 40 F:\work\__App__\Api\Modules\Api\Action\UserAction.class.php 第 323 行.
NOTIC: [8] Undefined offset: 40 F:\work\__App__\Api\Modules\Api\Action\UserAction.class.php 第 324 行.
NOTIC: [8] Undefined offset: 40 F:\work\__App__\Api\Modules\Api\Action\UserAction.class.php 第 326 行.
NOTIC: [8] Undefined offset: 29 F:\work\__App__\Api\Modules\Api\Action\UserAction.class.php 第 317 行.
NOTIC: [8] Undefined index: team_a F:\work\__App__\Api\Modules\Api\Action\UserAction.class.php 第 317 行.
NOTIC: [8] Undefined index: id F:\work\__App__\Api\Modules\Api\Action\UserAction.class.php 第 318 行.
NOTIC: [8] Undefined offset: 29 F:\work\__App__\Api\Modules\Api\Action\UserAction.class.php 第 317 行.
NOTIC: [8] Undefined index: team_a F:\work\__App__\Api\Modules\Api\Action\UserAction.class.php 第 317 行.
NOTIC: [8] Undefined index: id F:\work\__App__\Api\Modules\Api\Action\UserAction.class.php 第 318 行.
NOTIC: [8] Undefined offset: 29 F:\work\__App__\Api\Modules\Api\Action\UserAction.class.php 第 317 行.
NOTIC: [8] Undefined index: team_a F:\work\__App__\Api\Modules\Api\Action\UserAction.class.php 第 317 行.
NOTIC: [8] Undefined index: id F:\work\__App__\Api\Modules\Api\Action\UserAction.class.php 第 318 行.
NOTIC: [8] Undefined offset: 29 F:\work\__App__\Api\Modules\Api\Action\UserAction.class.php 第 317 行.
NOTIC: [8] Undefined index: team_a F:\work\__App__\Api\Modules\Api\Action\UserAction.class.php 第 317 行.
NOTIC: [8] Undefined index: id F:\work\__App__\Api\Modules\Api\Action\UserAction.class.php 第 318 行.
NOTIC: [8] Undefined offset: 29 F:\work\__App__\Api\Modules\Api\Action\UserAction.class.php 第 317 行.
NOTIC: [8] Undefined index: team_a F:\work\__App__\Api\Modules\Api\Action\UserAction.class.php 第 317 行.
NOTIC: [8] Undefined index: id F:\work\__App__\Api\Modules\Api\Action\UserAction.class.php 第 318 行.
NOTIC: [8] Undefined offset: 29 F:\work\__App__\Api\Modules\Api\Action\UserAction.class.php 第 321 行.
NOTIC: [8] Undefined offset: 29 F:\work\__App__\Api\Modules\Api\Action\UserAction.class.php 第 323 行.
NOTIC: [8] Undefined offset: 29 F:\work\__App__\Api\Modules\Api\Action\UserAction.class.php 第 324 行.
NOTIC: [8] Undefined offset: 29 F:\work\__App__\Api\Modules\Api\Action\UserAction.class.php 第 326 行.
NOTIC: [8] Undefined offset: 46 F:\work\__App__\Api\Modules\Api\Action\UserAction.class.php 第 317 行.
NOTIC: [8] Undefined index: team_a F:\work\__App__\Api\Modules\Api\Action\UserAction.class.php 第 317 行.
NOTIC: [8] Undefined index: id F:\work\__App__\Api\Modules\Api\Action\UserAction.class.php 第 318 行.
NOTIC: [8] Undefined offset: 46 F:\work\__App__\Api\Modules\Api\Action\UserAction.class.php 第 317 行.
NOTIC: [8] Undefined index: team_a F:\work\__App__\Api\Modules\Api\Action\UserAction.class.php 第 317 行.
NOTIC: [8] Undefined index: id F:\work\__App__\Api\Modules\Api\Action\UserAction.class.php 第 318 行.
NOTIC: [8] Undefined offset: 46 F:\work\__App__\Api\Modules\Api\Action\UserAction.class.php 第 317 行.
NOTIC: [8] Undefined index: team_a F:\work\__App__\Api\Modules\Api\Action\UserAction.class.php 第 317 行.
NOTIC: [8] Undefined index: id F:\work\__App__\Api\Modules\Api\Action\UserAction.class.php 第 318 行.
NOTIC: [8] Undefined offset: 46 F:\work\__App__\Api\Modules\Api\Action\UserAction.class.php 第 317 行.
NOTIC: [8] Undefined index: team_a F:\work\__App__\Api\Modules\Api\Action\UserAction.class.php 第 317 行.
NOTIC: [8] Undefined index: id F:\work\__App__\Api\Modules\Api\Action\UserAction.class.php 第 318 行.
NOTIC: [8] Undefined offset: 46 F:\work\__App__\Api\Modules\Api\Action\UserAction.class.php 第 317 行.
NOTIC: [8] Undefined index: team_a F:\work\__App__\Api\Modules\Api\Action\UserAction.class.php 第 317 行.
NOTIC: [8] Undefined index: id F:\work\__App__\Api\Modules\Api\Action\UserAction.class.php 第 318 行.
NOTIC: [8] Undefined offset: 46 F:\work\__App__\Api\Modules\Api\Action\UserAction.class.php 第 321 行.
NOTIC: [8] Undefined offset: 46 F:\work\__App__\Api\Modules\Api\Action\UserAction.class.php 第 323 行.
NOTIC: [8] Undefined offset: 46 F:\work\__App__\Api\Modules\Api\Action\UserAction.class.php 第 324 行.
NOTIC: [8] Undefined offset: 46 F:\work\__App__\Api\Modules\Api\Action\UserAction.class.php 第 326 行.
NOTIC: [8] Undefined offset: 11 F:\work\__App__\Api\Modules\Api\Action\UserAction.class.php 第 317 行.
NOTIC: [8] Undefined index: team_a F:\work\__App__\Api\Modules\Api\Action\UserAction.class.php 第 317 行.
NOTIC: [8] Undefined index: id F:\work\__App__\Api\Modules\Api\Action\UserAction.class.php 第 318 行.
NOTIC: [8] Undefined offset: 11 F:\work\__App__\Api\Modules\Api\Action\UserAction.class.php 第 317 行.
NOTIC: [8] Undefined index: team_a F:\work\__App__\Api\Modules\Api\Action\UserAction.class.php 第 317 行.
NOTIC: [8] Undefined index: id F:\work\__App__\Api\Modules\Api\Action\UserAction.class.php 第 318 行.
NOTIC: [8] Undefined offset: 11 F:\work\__App__\Api\Modules\Api\Action\UserAction.class.php 第 317 行.
NOTIC: [8] Undefined index: team_a F:\work\__App__\Api\Modules\Api\Action\UserAction.class.php 第 317 行.
NOTIC: [8] Undefined index: id F:\work\__App__\Api\Modules\Api\Action\UserAction.class.php 第 318 行.
NOTIC: [8] Undefined offset: 11 F:\work\__App__\Api\Modules\Api\Action\UserAction.class.php 第 317 行.
NOTIC: [8] Undefined index: team_a F:\work\__App__\Api\Modules\Api\Action\UserAction.class.php 第 317 行.
NOTIC: [8] Undefined index: id F:\work\__App__\Api\Modules\Api\Action\UserAction.class.php 第 318 行.
NOTIC: [8] Undefined offset: 11 F:\work\__App__\Api\Modules\Api\Action\UserAction.class.php 第 317 行.
NOTIC: [8] Undefined index: team_a F:\work\__App__\Api\Modules\Api\Action\UserAction.class.php 第 317 行.
NOTIC: [8] Undefined index: id F:\work\__App__\Api\Modules\Api\Action\UserAction.class.php 第 318 行.
NOTIC: [8] Undefined offset: 11 F:\work\__App__\Api\Modules\Api\Action\UserAction.class.php 第 321 行.
NOTIC: [8] Undefined offset: 11 F:\work\__App__\Api\Modules\Api\Action\UserAction.class.php 第 323 行.
NOTIC: [8] Undefined offset: 11 F:\work\__App__\Api\Modules\Api\Action\UserAction.class.php 第 324 行.
NOTIC: [8] Undefined offset: 11 F:\work\__App__\Api\Modules\Api\Action\UserAction.class.php 第 326 行.
NOTIC: [8] Undefined offset: 38 F:\work\__App__\Api\Modules\Api\Action\UserAction.class.php 第 317 行.
NOTIC: [8] Undefined index: team_a F:\work\__App__\Api\Modules\Api\Action\UserAction.class.php 第 317 行.
NOTIC: [8] Undefined index: id F:\work\__App__\Api\Modules\Api\Action\UserAction.class.php 第 318 行.
NOTIC: [8] Undefined offset: 38 F:\work\__App__\Api\Modules\Api\Action\UserAction.class.php 第 317 行.
NOTIC: [8] Undefined index: team_a F:\work\__App__\Api\Modules\Api\Action\UserAction.class.php 第 317 行.
NOTIC: [8] Undefined index: id F:\work\__App__\Api\Modules\Api\Action\UserAction.class.php 第 318 行.
NOTIC: [8] Undefined offset: 38 F:\work\__App__\Api\Modules\Api\Action\UserAction.class.php 第 317 行.
NOTIC: [8] Undefined index: team_a F:\work\__App__\Api\Modules\Api\Action\UserAction.class.php 第 317 行.
NOTIC: [8] Undefined index: id F:\work\__App__\Api\Modules\Api\Action\UserAction.class.php 第 318 行.
NOTIC: [8] Undefined offset: 38 F:\work\__App__\Api\Modules\Api\Action\UserAction.class.php 第 317 行.
NOTIC: [8] Undefined index: team_a F:\work\__App__\Api\Modules\Api\Action\UserAction.class.php 第 317 行.
NOTIC: [8] Undefined index: id F:\work\__App__\Api\Modules\Api\Action\UserAction.class.php 第 318 行.
NOTIC: [8] Undefined offset: 38 F:\work\__App__\Api\Modules\Api\Action\UserAction.class.php 第 317 行.
NOTIC: [8] Undefined index: team_a F:\work\__App__\Api\Modules\Api\Action\UserAction.class.php 第 317 行.
NOTIC: [8] Undefined index: id F:\work\__App__\Api\Modules\Api\Action\UserAction.class.php 第 318 行.
NOTIC: [8] Undefined offset: 38 F:\work\__App__\Api\Modules\Api\Action\UserAction.class.php 第 321 行.
NOTIC: [8] Undefined offset: 38 F:\work\__App__\Api\Modules\Api\Action\UserAction.class.php 第 323 行.
NOTIC: [8] Undefined offset: 38 F:\work\__App__\Api\Modules\Api\Action\UserAction.class.php 第 324 行.
NOTIC: [8] Undefined offset: 38 F:\work\__App__\Api\Modules\Api\Action\UserAction.class.php 第 326 行.
SQL: SHOW COLUMNS FROM `fa_player_match_data` [ RunTime:0.003001s ]
NOTIC: [8192] preg_replace(): The /e modifier is deprecated, use preg_replace_callback instead F:\ThinkPHP\Lib\Core\Db.class.php 第 601 行.
SQL: SELECT * FROM `fa_player_match_data` WHERE ( `player_id` = 40 ) AND ( `match_id` = null ) LIMIT 1   [ RunTime:0.008000s ]
NOTIC: [8] Undefined index: score F:\work\__App__\Api\Modules\Api\Action\UserAction.class.php 第 355 行.
NOTIC: [8] Undefined index: is_join F:\work\__App__\Api\Modules\Api\Action\UserAction.class.php 第 357 行.
NOTIC: [8192] preg_replace(): The /e modifier is deprecated, use preg_replace_callback instead F:\ThinkPHP\Lib\Core\Db.class.php 第 601 行.
SQL: SELECT * FROM `fa_player_match_data` WHERE ( `player_id` = 29 ) AND ( `match_id` = null ) LIMIT 1   [ RunTime:0.007000s ]
NOTIC: [8] Undefined index: score F:\work\__App__\Api\Modules\Api\Action\UserAction.class.php 第 355 行.
NOTIC: [8] Undefined index: is_join F:\work\__App__\Api\Modules\Api\Action\UserAction.class.php 第 357 行.
NOTIC: [8192] preg_replace(): The /e modifier is deprecated, use preg_replace_callback instead F:\ThinkPHP\Lib\Core\Db.class.php 第 601 行.
SQL: SELECT * FROM `fa_player_match_data` WHERE ( `player_id` = 46 ) AND ( `match_id` = null ) LIMIT 1   [ RunTime:0.007000s ]
NOTIC: [8] Undefined index: score F:\work\__App__\Api\Modules\Api\Action\UserAction.class.php 第 355 行.
NOTIC: [8] Undefined index: is_join F:\work\__App__\Api\Modules\Api\Action\UserAction.class.php 第 357 行.
NOTIC: [8192] preg_replace(): The /e modifier is deprecated, use preg_replace_callback instead F:\ThinkPHP\Lib\Core\Db.class.php 第 601 行.
SQL: SELECT * FROM `fa_player_match_data` WHERE ( `player_id` = 11 ) AND ( `match_id` = null ) LIMIT 1   [ RunTime:0.008000s ]
NOTIC: [8] Undefined index: score F:\work\__App__\Api\Modules\Api\Action\UserAction.class.php 第 355 行.
NOTIC: [8] Undefined index: is_join F:\work\__App__\Api\Modules\Api\Action\UserAction.class.php 第 357 行.
NOTIC: [8192] preg_replace(): The /e modifier is deprecated, use preg_replace_callback instead F:\ThinkPHP\Lib\Core\Db.class.php 第 601 行.
SQL: SELECT * FROM `fa_player_match_data` WHERE ( `player_id` = 38 ) AND ( `match_id` = null ) LIMIT 1   [ RunTime:0.008001s ]
NOTIC: [8] Undefined index: score F:\work\__App__\Api\Modules\Api\Action\UserAction.class.php 第 355 行.
NOTIC: [8] Undefined index: is_join F:\work\__App__\Api\Modules\Api\Action\UserAction.class.php 第 357 行.
NOTIC: [8192] preg_replace(): The /e modifier is deprecated, use preg_replace_callback instead F:\ThinkPHP\Lib\Core\Db.class.php 第 601 行.
SQL: SELECT `id`,`uid`,`is_reward`,`ranking`,`lineup_score` FROM `fa_user_guess_record` WHERE ( `room_id` = 6 ) AND ( `uid` = 4 ) LIMIT 1   [ RunTime:0.001000s ]
NOTIC: [8192] preg_replace(): The /e modifier is deprecated, use preg_replace_callback instead F:\ThinkPHP\Lib\Core\Db.class.php 第 601 行.
SQL: SELECT `lineup_score` FROM `fa_user_guess_record` WHERE ( `room_id` = 6 ) ORDER BY lineup_score desc LIMIT 1   [ RunTime:0.001000s ]
NOTIC: [8192] preg_replace(): The /e modifier is deprecated, use preg_replace_callback instead F:\ThinkPHP\Lib\Core\Db.class.php 第 601 行.
SQL: SELECT `lineup_score`,`ranking` FROM `fa_user_guess_record` WHERE ( room_id=6 and is_reward>0 ) ORDER BY lineup_score asc LIMIT 1   [ RunTime:0.000000s ]
NOTIC: [8192] preg_replace(): The /e modifier is deprecated, use preg_replace_callback instead F:\ThinkPHP\Lib\Core\Db.class.php 第 601 行.
SQL: SELECT `id`,`uid`,`is_reward`,`ranking`,`lineup_score`,`lineup_id` FROM `fa_user_guess_record` WHERE ( `room_id` = 6 ) ORDER BY lineup_score desc LIMIT 50   [ RunTime:0.001000s ]
NOTIC: [8] Undefined index: guess_num F:\work\__App__\Api\Modules\Api\Action\UserAction.class.php 第 382 行.
NOTIC: [8] Undefined index: guess_num F:\work\__App__\Api\Modules\Api\Action\UserAction.class.php 第 382 行.
NOTIC: [8] Undefined index: guess_num F:\work\__App__\Api\Modules\Api\Action\UserAction.class.php 第 382 行.
NOTIC: [8] Undefined index: guess_num F:\work\__App__\Api\Modules\Api\Action\UserAction.class.php 第 382 行.
NOTIC: [8192] preg_replace(): The /e modifier is deprecated, use preg_replace_callback instead F:\ThinkPHP\Lib\Core\Db.class.php 第 601 行.
SQL: SELECT `username`,`rank` FROM `fa_user_user` WHERE ( `id` = 41 ) LIMIT 1   [ RunTime:0.000000s ]
NOTIC: [8] Undefined index: rank F:\work\__App__\Api\Lib\Action\CommonAction.class.php 第 363 行.
NOTIC: [8] Undefined index: username F:\work\__App__\Api\Modules\Api\Action\UserAction.class.php 第 418 行.
NOTIC: [8192] preg_replace(): The /e modifier is deprecated, use preg_replace_callback instead F:\ThinkPHP\Lib\Core\Db.class.php 第 601 行.
SQL: SELECT * FROM `fa_lineup` WHERE ( `id` = 3 ) LIMIT 1   [ RunTime:0.001000s ]
NOTIC: [8192] preg_replace(): The /e modifier is deprecated, use preg_replace_callback instead F:\ThinkPHP\Lib\Core\Db.class.php 第 601 行.
SQL: SELECT `username`,`rank` FROM `fa_user_user` WHERE ( `id` = 10 ) LIMIT 1   [ RunTime:0.001000s ]
NOTIC: [8] Undefined index: rank F:\work\__App__\Api\Lib\Action\CommonAction.class.php 第 363 行.
NOTIC: [8] Undefined index: username F:\work\__App__\Api\Modules\Api\Action\UserAction.class.php 第 418 行.
NOTIC: [8192] preg_replace(): The /e modifier is deprecated, use preg_replace_callback instead F:\ThinkPHP\Lib\Core\Db.class.php 第 601 行.
SQL: SELECT * FROM `fa_lineup` WHERE ( `id` = 5 ) LIMIT 1   [ RunTime:0.001000s ]
NOTIC: [8192] preg_replace(): The /e modifier is deprecated, use preg_replace_callback instead F:\ThinkPHP\Lib\Core\Db.class.php 第 601 行.
SQL: SELECT `username`,`rank` FROM `fa_user_user` WHERE ( `id` = 54 ) LIMIT 1   [ RunTime:0.001000s ]
NOTIC: [8] Undefined index: rank F:\work\__App__\Api\Lib\Action\CommonAction.class.php 第 363 行.
NOTIC: [8] Undefined index: username F:\work\__App__\Api\Modules\Api\Action\UserAction.class.php 第 418 行.
NOTIC: [8192] preg_replace(): The /e modifier is deprecated, use preg_replace_callback instead F:\ThinkPHP\Lib\Core\Db.class.php 第 601 行.
SQL: SELECT * FROM `fa_lineup` WHERE ( `id` = 11 ) LIMIT 1   [ RunTime:0.001000s ]
NOTIC: [8192] preg_replace(): The /e modifier is deprecated, use preg_replace_callback instead F:\ThinkPHP\Lib\Core\Db.class.php 第 601 行.
SQL: SELECT `username`,`rank` FROM `fa_user_user` WHERE ( `id` = 4 ) LIMIT 1   [ RunTime:0.000000s ]
NOTIC: [8192] preg_replace(): The /e modifier is deprecated, use preg_replace_callback instead F:\ThinkPHP\Lib\Core\Db.class.php 第 601 行.
SQL: SELECT * FROM `fa_lineup` WHERE ( `id` = 17 ) LIMIT 1   [ RunTime:0.000000s ]

