[ 2017-06-09T09:18:09+08:00 ] 127.0.0.1 /index.php?m=shop&a=order_list&user_token=1fehsdffd
NOTIC: [8192] preg_replace(): The /e modifier is deprecated, use preg_replace_callback instead F:\ThinkPHP\Common\common.php 第 171 行.
INFO: [ app_begin ] --START--
INFO: Run ReadHtmlCache Behavior [ RunTime:0.001000s ]
INFO: [ app_begin ] --END-- [ RunTime:0.001000s ]
NOTIC: [8] Memcache::connect():  F:\ThinkPHP\Extend\Driver\Session\SessionMemcache.class.php 第 38 行.
NOTIC: [2] Memcache::connect():  F:\ThinkPHP\Extend\Driver\Session\SessionMemcache.class.php 第 38 行.
NOTIC: 建议使用I方法替代_request
NOTIC: 建议使用I方法替代_request
SQL: SHOW COLUMNS FROM `fa_user_user` [ RunTime:0.003000s ]
NOTIC: [8192] preg_replace(): The /e modifier is deprecated, use preg_replace_callback instead F:\ThinkPHP\Lib\Core\Db.class.php 第 601 行.
SQL: SELECT * FROM `fa_user_user` WHERE ( `token` = '1fehsdffd' ) LIMIT 1   [ RunTime:0.001000s ]

[ 2017-06-09T10:02:08+08:00 ] 127.0.0.1 /index.php?m=user&a=order_list&user_token=1fehsdffd
NOTIC: [8192] preg_replace(): The /e modifier is deprecated, use preg_replace_callback instead F:\ThinkPHP\Common\common.php 第 171 行.
INFO: [ app_begin ] --START--
INFO: Run ReadHtmlCache Behavior [ RunTime:0.001000s ]
INFO: [ app_begin ] --END-- [ RunTime:0.001000s ]
NOTIC: [8] Memcache::connect():  F:\ThinkPHP\Extend\Driver\Session\SessionMemcache.class.php 第 38 行.
NOTIC: [2] Memcache::connect():  F:\ThinkPHP\Extend\Driver\Session\SessionMemcache.class.php 第 38 行.
NOTIC: 建议使用I方法替代_request
NOTIC: 建议使用I方法替代_request
SQL: SHOW COLUMNS FROM `fa_user_user` [ RunTime:0.002000s ]
NOTIC: [8192] preg_replace(): The /e modifier is deprecated, use preg_replace_callback instead F:\ThinkPHP\Lib\Core\Db.class.php 第 601 行.
SQL: SELECT * FROM `fa_user_user` WHERE ( `token` = '1fehsdffd' ) LIMIT 1   [ RunTime:0.000000s ]

[ 2017-06-09T10:02:52+08:00 ] 127.0.0.1 /index.php?m=user&a=bag&user_token=a4ebceb08f04b5a33b87129ad6a5ab95
NOTIC: [8192] preg_replace(): The /e modifier is deprecated, use preg_replace_callback instead F:\ThinkPHP\Common\common.php 第 171 行.
INFO: [ app_begin ] --START--
INFO: Run ReadHtmlCache Behavior [ RunTime:0.001000s ]
INFO: [ app_begin ] --END-- [ RunTime:0.001000s ]
NOTIC: [8] Memcache::connect():  F:\ThinkPHP\Extend\Driver\Session\SessionMemcache.class.php 第 38 行.
NOTIC: [2] Memcache::connect():  F:\ThinkPHP\Extend\Driver\Session\SessionMemcache.class.php 第 38 行.
NOTIC: 建议使用I方法替代_request
NOTIC: 建议使用I方法替代_request
SQL: SHOW COLUMNS FROM `fa_user_user` [ RunTime:0.002000s ]
NOTIC: [8192] preg_replace(): The /e modifier is deprecated, use preg_replace_callback instead F:\ThinkPHP\Lib\Core\Db.class.php 第 601 行.
SQL: SELECT * FROM `fa_user_user` WHERE ( `token` = 'a4ebceb08f04b5a33b87129ad6a5ab95' ) LIMIT 1   [ RunTime:0.001000s ]
NOTIC: [8] Undefined index: page F:\work\__App__\Api\Modules\Api\Action\UserAction.class.php 第 594 行.
SQL: SHOW COLUMNS FROM `fa_shop_goods_order` [ RunTime:0.001000s ]
NOTIC: [8192] preg_replace(): The /e modifier is deprecated, use preg_replace_callback instead F:\ThinkPHP\Lib\Core\Db.class.php 第 601 行.
SQL: SELECT COUNT(*) AS tp_count FROM `fa_shop_goods_order` WHERE ( `user_id` = 1 ) AND ( t1.address_id = 0 ) LIMIT 1   [ RunTime:0.000000s ]
ERR: 1054:Unknown column 't1.address_id' in 'where clause'
 [ SQL语句 ] : SELECT COUNT(*) AS tp_count FROM `fa_shop_goods_order` WHERE ( `user_id` = 1 ) AND ( t1.address_id = 0 ) LIMIT 1  
NOTIC: [8192] preg_replace(): The /e modifier is deprecated, use preg_replace_callback instead F:\ThinkPHP\Lib\Core\Db.class.php 第 601 行.
SQL: SELECT t1.id,t1.address_id,t1.numbers,t1.goods_nums,t1.status,t1.price,t2.name,t2.avatar_img,t2.type,t2.shop_sub_id,t1.addtime FROM `fa_shop_goods_order` as t1 LEFT JOIN fa_shop_goods as t2 on t1.goods_id = t2.id WHERE ( t1.user_id = '1' ) AND ( t1.address_id = 0 ) ORDER BY id desc LIMIT 0,10   [ RunTime:0.001000s ]

[ 2017-06-09T10:04:35+08:00 ] 127.0.0.1 /index.php?m=user&a=bag&user_token=a4ebceb08f04b5a33b87129ad6a5ab95
NOTIC: [8192] preg_replace(): The /e modifier is deprecated, use preg_replace_callback instead F:\ThinkPHP\Common\common.php 第 171 行.
INFO: [ app_begin ] --START--
INFO: Run ReadHtmlCache Behavior [ RunTime:0.001000s ]
INFO: [ app_begin ] --END-- [ RunTime:0.002000s ]
NOTIC: [8] Memcache::connect():  F:\ThinkPHP\Extend\Driver\Session\SessionMemcache.class.php 第 38 行.
NOTIC: [2] Memcache::connect():  F:\ThinkPHP\Extend\Driver\Session\SessionMemcache.class.php 第 38 行.
NOTIC: 建议使用I方法替代_request
NOTIC: 建议使用I方法替代_request
SQL: SHOW COLUMNS FROM `fa_user_user` [ RunTime:0.002000s ]
NOTIC: [8192] preg_replace(): The /e modifier is deprecated, use preg_replace_callback instead F:\ThinkPHP\Lib\Core\Db.class.php 第 601 行.
SQL: SELECT * FROM `fa_user_user` WHERE ( `token` = 'a4ebceb08f04b5a33b87129ad6a5ab95' ) LIMIT 1   [ RunTime:0.000000s ]
NOTIC: [8] Undefined index: page F:\work\__App__\Api\Modules\Api\Action\UserAction.class.php 第 594 行.
SQL: SHOW COLUMNS FROM `fa_shop_goods_order` [ RunTime:0.002000s ]
NOTIC: [8192] preg_replace(): The /e modifier is deprecated, use preg_replace_callback instead F:\ThinkPHP\Lib\Core\Db.class.php 第 601 行.
SQL: SELECT COUNT(*) AS tp_count FROM `fa_shop_goods_order` WHERE ( `user_id` = 1 ) AND ( t1.address_id = 0 ) LIMIT 1   [ RunTime:0.001000s ]
ERR: 1054:Unknown column 't1.address_id' in 'where clause'
 [ SQL语句 ] : SELECT COUNT(*) AS tp_count FROM `fa_shop_goods_order` WHERE ( `user_id` = 1 ) AND ( t1.address_id = 0 ) LIMIT 1  
NOTIC: [8192] preg_replace(): The /e modifier is deprecated, use preg_replace_callback instead F:\ThinkPHP\Lib\Core\Db.class.php 第 601 行.
SQL: SELECT t1.id,t1.address_id,t1.numbers,t1.goods_nums,t1.price,t2.name,t2.avatar_img,t2.type,t2.shop_sub_id,t1.addtime FROM `fa_shop_goods_order` as t1 LEFT JOIN fa_shop_goods as t2 on t1.goods_id = t2.id WHERE ( t1.user_id = '1' ) AND ( t1.address_id = 0 ) ORDER BY id desc LIMIT 0,10   [ RunTime:0.001000s ]

[ 2017-06-09T10:04:51+08:00 ] 127.0.0.1 /index.php?m=user&a=bag&user_token=a4ebceb08f04b5a33b87129ad6a5ab95
NOTIC: [8192] preg_replace(): The /e modifier is deprecated, use preg_replace_callback instead F:\ThinkPHP\Common\common.php 第 171 行.
INFO: [ app_begin ] --START--
INFO: Run ReadHtmlCache Behavior [ RunTime:0.001000s ]
INFO: [ app_begin ] --END-- [ RunTime:0.001000s ]
NOTIC: [8] Memcache::connect():  F:\ThinkPHP\Extend\Driver\Session\SessionMemcache.class.php 第 38 行.
NOTIC: [2] Memcache::connect():  F:\ThinkPHP\Extend\Driver\Session\SessionMemcache.class.php 第 38 行.
NOTIC: 建议使用I方法替代_request
NOTIC: 建议使用I方法替代_request
SQL: SHOW COLUMNS FROM `fa_user_user` [ RunTime:0.002000s ]
NOTIC: [8192] preg_replace(): The /e modifier is deprecated, use preg_replace_callback instead F:\ThinkPHP\Lib\Core\Db.class.php 第 601 行.
SQL: SELECT * FROM `fa_user_user` WHERE ( `token` = 'a4ebceb08f04b5a33b87129ad6a5ab95' ) LIMIT 1   [ RunTime:0.001000s ]
NOTIC: [8] Undefined index: page F:\work\__App__\Api\Modules\Api\Action\UserAction.class.php 第 594 行.
SQL: SHOW COLUMNS FROM `fa_shop_goods_order` [ RunTime:0.002000s ]
NOTIC: [8192] preg_replace(): The /e modifier is deprecated, use preg_replace_callback instead F:\ThinkPHP\Lib\Core\Db.class.php 第 601 行.
SQL: SELECT COUNT(*) AS tp_count FROM `fa_shop_goods_order` WHERE ( `user_id` = 1 ) AND ( t1.address_id = 0 ) LIMIT 1   [ RunTime:0.001000s ]
ERR: 1054:Unknown column 't1.address_id' in 'where clause'
 [ SQL语句 ] : SELECT COUNT(*) AS tp_count FROM `fa_shop_goods_order` WHERE ( `user_id` = 1 ) AND ( t1.address_id = 0 ) LIMIT 1  
NOTIC: [8192] preg_replace(): The /e modifier is deprecated, use preg_replace_callback instead F:\ThinkPHP\Lib\Core\Db.class.php 第 601 行.
SQL: SELECT t1.id,t1.numbers,t1.goods_nums,t1.price,t2.name,t2.avatar_img,t2.type,t2.shop_sub_id,t1.addtime FROM `fa_shop_goods_order` as t1 LEFT JOIN fa_shop_goods as t2 on t1.goods_id = t2.id WHERE ( t1.user_id = '1' ) AND ( t1.address_id = 0 ) ORDER BY id desc LIMIT 0,10   [ RunTime:0.001000s ]

[ 2017-06-09T10:05:20+08:00 ] 127.0.0.1 /index.php?m=user&a=bag&user_token=a4ebceb08f04b5a33b87129ad6a5ab95
NOTIC: [8192] preg_replace(): The /e modifier is deprecated, use preg_replace_callback instead F:\ThinkPHP\Common\common.php 第 171 行.
INFO: [ app_begin ] --START--
INFO: Run ReadHtmlCache Behavior [ RunTime:0.001000s ]
INFO: [ app_begin ] --END-- [ RunTime:0.001000s ]
NOTIC: [8] Memcache::connect():  F:\ThinkPHP\Extend\Driver\Session\SessionMemcache.class.php 第 38 行.
NOTIC: [2] Memcache::connect():  F:\ThinkPHP\Extend\Driver\Session\SessionMemcache.class.php 第 38 行.
NOTIC: 建议使用I方法替代_request
NOTIC: 建议使用I方法替代_request
SQL: SHOW COLUMNS FROM `fa_user_user` [ RunTime:0.002000s ]
NOTIC: [8192] preg_replace(): The /e modifier is deprecated, use preg_replace_callback instead F:\ThinkPHP\Lib\Core\Db.class.php 第 601 行.
SQL: SELECT * FROM `fa_user_user` WHERE ( `token` = 'a4ebceb08f04b5a33b87129ad6a5ab95' ) LIMIT 1   [ RunTime:0.000000s ]
NOTIC: [8] Undefined index: page F:\work\__App__\Api\Modules\Api\Action\UserAction.class.php 第 594 行.
SQL: SHOW COLUMNS FROM `fa_shop_goods_order` [ RunTime:0.001000s ]
NOTIC: [8192] preg_replace(): The /e modifier is deprecated, use preg_replace_callback instead F:\ThinkPHP\Lib\Core\Db.class.php 第 601 行.
SQL: SELECT COUNT(*) AS tp_count FROM `fa_shop_goods_order` WHERE ( `user_id` = 1 ) AND ( t1.address_id = 0 ) LIMIT 1   [ RunTime:0.000000s ]
ERR: 1054:Unknown column 't1.address_id' in 'where clause'
 [ SQL语句 ] : SELECT COUNT(*) AS tp_count FROM `fa_shop_goods_order` WHERE ( `user_id` = 1 ) AND ( t1.address_id = 0 ) LIMIT 1  
NOTIC: [8192] preg_replace(): The /e modifier is deprecated, use preg_replace_callback instead F:\ThinkPHP\Lib\Core\Db.class.php 第 601 行.
SQL: SELECT t1.id,t1.numbers,t1.goods_nums,t1.price,t2.name,t2.avatar_img,t2.type,t2.shop_sub_id FROM `fa_shop_goods_order` as t1 LEFT JOIN fa_shop_goods as t2 on t1.goods_id = t2.id WHERE ( t1.user_id = '1' ) AND ( t1.address_id = 0 ) ORDER BY id desc LIMIT 0,10   [ RunTime:0.002000s ]

[ 2017-06-09T10:09:00+08:00 ] 127.0.0.1 /index.php?m=user&a=bag&user_token=a4ebceb08f04b5a33b87129ad6a5ab95
NOTIC: [8192] preg_replace(): The /e modifier is deprecated, use preg_replace_callback instead F:\ThinkPHP\Common\common.php 第 171 行.
INFO: [ app_begin ] --START--
INFO: Run ReadHtmlCache Behavior [ RunTime:0.000000s ]
INFO: [ app_begin ] --END-- [ RunTime:0.000000s ]
NOTIC: [8] Memcache::connect():  F:\ThinkPHP\Extend\Driver\Session\SessionMemcache.class.php 第 38 行.
NOTIC: [2] Memcache::connect():  F:\ThinkPHP\Extend\Driver\Session\SessionMemcache.class.php 第 38 行.
NOTIC: 建议使用I方法替代_request
NOTIC: 建议使用I方法替代_request
SQL: SHOW COLUMNS FROM `fa_user_user` [ RunTime:0.002000s ]
NOTIC: [8192] preg_replace(): The /e modifier is deprecated, use preg_replace_callback instead F:\ThinkPHP\Lib\Core\Db.class.php 第 601 行.
SQL: SELECT * FROM `fa_user_user` WHERE ( `token` = 'a4ebceb08f04b5a33b87129ad6a5ab95' ) LIMIT 1   [ RunTime:0.000000s ]
NOTIC: [8] Undefined index: page F:\work\__App__\Api\Modules\Api\Action\UserAction.class.php 第 594 行.
SQL: SHOW COLUMNS FROM `fa_shop_goods_order` [ RunTime:0.002000s ]
NOTIC: [8192] preg_replace(): The /e modifier is deprecated, use preg_replace_callback instead F:\ThinkPHP\Lib\Core\Db.class.php 第 601 行.
SQL: SELECT COUNT(*) AS tp_count FROM `fa_shop_goods_order` WHERE ( `user_id` = 1 ) AND ( t1.address_id = 0 ) LIMIT 1   [ RunTime:0.001000s ]
ERR: 1054:Unknown column 't1.address_id' in 'where clause'
 [ SQL语句 ] : SELECT COUNT(*) AS tp_count FROM `fa_shop_goods_order` WHERE ( `user_id` = 1 ) AND ( t1.address_id = 0 ) LIMIT 1  
NOTIC: [8192] preg_replace(): The /e modifier is deprecated, use preg_replace_callback instead F:\ThinkPHP\Lib\Core\Db.class.php 第 601 行.
SQL: SELECT t1.id,t1.numbers,t1.goods_nums,t1.price,t2.name,t2.avatar_img,t2.type FROM `fa_shop_goods_order` as t1 LEFT JOIN fa_shop_goods as t2 on t1.goods_id = t2.id WHERE ( t1.user_id = '1' ) AND ( t1.address_id = 0 ) ORDER BY id desc LIMIT 0,10   [ RunTime:0.001000s ]

[ 2017-06-09T10:09:25+08:00 ] 127.0.0.1 /index.php?m=user&a=bag&user_token=a4ebceb08f04b5a33b87129ad6a5ab95
NOTIC: [8192] preg_replace(): The /e modifier is deprecated, use preg_replace_callback instead F:\ThinkPHP\Common\common.php 第 171 行.
INFO: [ app_begin ] --START--
INFO: Run ReadHtmlCache Behavior [ RunTime:0.000000s ]
INFO: [ app_begin ] --END-- [ RunTime:0.001000s ]
NOTIC: [8] Memcache::connect():  F:\ThinkPHP\Extend\Driver\Session\SessionMemcache.class.php 第 38 行.
NOTIC: [2] Memcache::connect():  F:\ThinkPHP\Extend\Driver\Session\SessionMemcache.class.php 第 38 行.
NOTIC: 建议使用I方法替代_request
NOTIC: 建议使用I方法替代_request
SQL: SHOW COLUMNS FROM `fa_user_user` [ RunTime:0.002000s ]
NOTIC: [8192] preg_replace(): The /e modifier is deprecated, use preg_replace_callback instead F:\ThinkPHP\Lib\Core\Db.class.php 第 601 行.
SQL: SELECT * FROM `fa_user_user` WHERE ( `token` = 'a4ebceb08f04b5a33b87129ad6a5ab95' ) LIMIT 1   [ RunTime:0.000000s ]
SQL: SHOW COLUMNS FROM `fa_shop_goods_order` [ RunTime:0.001000s ]
NOTIC: [8192] preg_replace(): The /e modifier is deprecated, use preg_replace_callback instead F:\ThinkPHP\Lib\Core\Db.class.php 第 601 行.
SQL: SELECT COUNT(*) AS tp_count FROM `fa_shop_goods_order` WHERE ( `user_id` = 1 ) AND ( t1.address_id = 0 ) LIMIT 1   [ RunTime:0.001000s ]
ERR: 1054:Unknown column 't1.address_id' in 'where clause'
 [ SQL语句 ] : SELECT COUNT(*) AS tp_count FROM `fa_shop_goods_order` WHERE ( `user_id` = 1 ) AND ( t1.address_id = 0 ) LIMIT 1  
NOTIC: [8192] preg_replace(): The /e modifier is deprecated, use preg_replace_callback instead F:\ThinkPHP\Lib\Core\Db.class.php 第 601 行.
SQL: SELECT t1.id,t1.numbers,t1.goods_nums,t1.price,t2.name,t2.avatar_img,t2.type FROM `fa_shop_goods_order` as t1 LEFT JOIN fa_shop_goods as t2 on t1.goods_id = t2.id WHERE ( t1.user_id = '1' ) AND ( t1.address_id = 0 ) ORDER BY id desc LIMIT 10,10   [ RunTime:0.001000s ]

[ 2017-06-09T10:10:21+08:00 ] 127.0.0.1 /index.php?m=user&a=bag&user_token=a4ebceb08f04b5a33b87129ad6a5ab95
NOTIC: [8192] preg_replace(): The /e modifier is deprecated, use preg_replace_callback instead F:\ThinkPHP\Common\common.php 第 171 行.
INFO: [ app_begin ] --START--
INFO: Run ReadHtmlCache Behavior [ RunTime:0.001000s ]
INFO: [ app_begin ] --END-- [ RunTime:0.001000s ]
NOTIC: [8] Memcache::connect():  F:\ThinkPHP\Extend\Driver\Session\SessionMemcache.class.php 第 38 行.
NOTIC: [2] Memcache::connect():  F:\ThinkPHP\Extend\Driver\Session\SessionMemcache.class.php 第 38 行.
NOTIC: 建议使用I方法替代_request
NOTIC: 建议使用I方法替代_request
SQL: SHOW COLUMNS FROM `fa_user_user` [ RunTime:0.002000s ]
NOTIC: [8192] preg_replace(): The /e modifier is deprecated, use preg_replace_callback instead F:\ThinkPHP\Lib\Core\Db.class.php 第 601 行.
SQL: SELECT * FROM `fa_user_user` WHERE ( `token` = 'a4ebceb08f04b5a33b87129ad6a5ab95' ) LIMIT 1   [ RunTime:0.001000s ]
SQL: SHOW COLUMNS FROM `fa_shop_goods_order` [ RunTime:0.001000s ]
NOTIC: [8192] preg_replace(): The /e modifier is deprecated, use preg_replace_callback instead F:\ThinkPHP\Lib\Core\Db.class.php 第 601 行.
SQL: SELECT COUNT(*) AS tp_count FROM `fa_shop_goods_order` WHERE ( `user_id` = 1 ) AND ( t1.address_id = 0 ) LIMIT 1   [ RunTime:0.001000s ]
ERR: 1054:Unknown column 't1.address_id' in 'where clause'
 [ SQL语句 ] : SELECT COUNT(*) AS tp_count FROM `fa_shop_goods_order` WHERE ( `user_id` = 1 ) AND ( t1.address_id = 0 ) LIMIT 1  
NOTIC: [8192] preg_replace(): The /e modifier is deprecated, use preg_replace_callback instead F:\ThinkPHP\Lib\Core\Db.class.php 第 601 行.
SQL: SELECT t1.id,t1.goods_nums,t1.price,t2.name,t2.avatar_img,t2.type FROM `fa_shop_goods_order` as t1 LEFT JOIN fa_shop_goods as t2 on t1.goods_id = t2.id WHERE ( t1.user_id = '1' ) AND ( t1.address_id = 0 ) ORDER BY id desc LIMIT 10,10   [ RunTime:0.001001s ]

[ 2017-06-09T10:11:10+08:00 ] 127.0.0.1 /index.php?m=user&a=bag&user_token=a4ebceb08f04b5a33b87129ad6a5ab95
NOTIC: [8192] preg_replace(): The /e modifier is deprecated, use preg_replace_callback instead F:\ThinkPHP\Common\common.php 第 171 行.
INFO: [ app_begin ] --START--
INFO: Run ReadHtmlCache Behavior [ RunTime:0.001000s ]
INFO: [ app_begin ] --END-- [ RunTime:0.001000s ]
NOTIC: [8] Memcache::connect():  F:\ThinkPHP\Extend\Driver\Session\SessionMemcache.class.php 第 38 行.
NOTIC: [2] Memcache::connect():  F:\ThinkPHP\Extend\Driver\Session\SessionMemcache.class.php 第 38 行.
NOTIC: 建议使用I方法替代_request
NOTIC: 建议使用I方法替代_request
SQL: SHOW COLUMNS FROM `fa_user_user` [ RunTime:0.002000s ]
NOTIC: [8192] preg_replace(): The /e modifier is deprecated, use preg_replace_callback instead F:\ThinkPHP\Lib\Core\Db.class.php 第 601 行.
SQL: SELECT * FROM `fa_user_user` WHERE ( `token` = 'a4ebceb08f04b5a33b87129ad6a5ab95' ) LIMIT 1   [ RunTime:0.000000s ]
SQL: SHOW COLUMNS FROM `fa_shop_goods_order` [ RunTime:0.002001s ]
NOTIC: [8192] preg_replace(): The /e modifier is deprecated, use preg_replace_callback instead F:\ThinkPHP\Lib\Core\Db.class.php 第 601 行.
SQL: SELECT COUNT(*) AS tp_count FROM `fa_shop_goods_order` WHERE ( `user_id` = 1 ) AND ( t1.address_id = 0 ) LIMIT 1   [ RunTime:0.000000s ]
ERR: 1054:Unknown column 't1.address_id' in 'where clause'
 [ SQL语句 ] : SELECT COUNT(*) AS tp_count FROM `fa_shop_goods_order` WHERE ( `user_id` = 1 ) AND ( t1.address_id = 0 ) LIMIT 1  
NOTIC: [8192] preg_replace(): The /e modifier is deprecated, use preg_replace_callback instead F:\ThinkPHP\Lib\Core\Db.class.php 第 601 行.
SQL: SELECT t1.id,t1.goods_id,t1.goods_nums,t1.price,t2.name,t2.avatar_img,t2.type FROM `fa_shop_goods_order` as t1 LEFT JOIN fa_shop_goods as t2 on t1.goods_id = t2.id WHERE ( t1.user_id = '1' ) AND ( t1.address_id = 0 ) ORDER BY id desc LIMIT 10,10   [ RunTime:0.001000s ]

[ 2017-06-09T10:13:40+08:00 ] 127.0.0.1 /index.php?m=user&a=bag&user_token=a4ebceb08f04b5a33b87129ad6a5ab95
NOTIC: [8192] preg_replace(): The /e modifier is deprecated, use preg_replace_callback instead F:\ThinkPHP\Common\common.php 第 171 行.
INFO: [ app_begin ] --START--
INFO: Run ReadHtmlCache Behavior [ RunTime:0.000000s ]
INFO: [ app_begin ] --END-- [ RunTime:0.001000s ]
NOTIC: [8] Memcache::connect():  F:\ThinkPHP\Extend\Driver\Session\SessionMemcache.class.php 第 38 行.
NOTIC: [2] Memcache::connect():  F:\ThinkPHP\Extend\Driver\Session\SessionMemcache.class.php 第 38 行.
NOTIC: 建议使用I方法替代_request
NOTIC: 建议使用I方法替代_request
SQL: SHOW COLUMNS FROM `fa_user_user` [ RunTime:0.002000s ]
NOTIC: [8192] preg_replace(): The /e modifier is deprecated, use preg_replace_callback instead F:\ThinkPHP\Lib\Core\Db.class.php 第 601 行.
SQL: SELECT * FROM `fa_user_user` WHERE ( `token` = 'a4ebceb08f04b5a33b87129ad6a5ab95' ) LIMIT 1   [ RunTime:0.001000s ]
SQL: SHOW COLUMNS FROM `fa_shop_goods_order` [ RunTime:0.001000s ]
NOTIC: [8192] preg_replace(): The /e modifier is deprecated, use preg_replace_callback instead F:\ThinkPHP\Lib\Core\Db.class.php 第 601 行.
SQL: SELECT COUNT(*) AS tp_count FROM `fa_shop_goods_order` WHERE ( `user_id` = 1 ) AND ( `address_id` = 0 ) LIMIT 1   [ RunTime:0.001001s ]
NOTIC: [8192] preg_replace(): The /e modifier is deprecated, use preg_replace_callback instead F:\ThinkPHP\Lib\Core\Db.class.php 第 601 行.
SQL: SELECT t1.id,t1.goods_id,t1.goods_nums,t1.price,t2.name,t2.avatar_img,t2.type FROM `fa_shop_goods_order` as t1 LEFT JOIN fa_shop_goods as t2 on t1.goods_id = t2.id WHERE ( t1.user_id = '1' ) AND ( t1.address_id = 0 ) ORDER BY id desc LIMIT 10,10   [ RunTime:0.000000s ]

[ 2017-06-09T10:14:06+08:00 ] 127.0.0.1 /index.php?m=user&a=bag&user_token=a4ebceb08f04b5a33b87129ad6a5ab95
NOTIC: [8192] preg_replace(): The /e modifier is deprecated, use preg_replace_callback instead F:\ThinkPHP\Common\common.php 第 171 行.
INFO: [ app_begin ] --START--
INFO: Run ReadHtmlCache Behavior [ RunTime:0.001000s ]
INFO: [ app_begin ] --END-- [ RunTime:0.001000s ]
NOTIC: [8] Memcache::connect():  F:\ThinkPHP\Extend\Driver\Session\SessionMemcache.class.php 第 38 行.
NOTIC: [2] Memcache::connect():  F:\ThinkPHP\Extend\Driver\Session\SessionMemcache.class.php 第 38 行.
NOTIC: 建议使用I方法替代_request
NOTIC: 建议使用I方法替代_request
SQL: SHOW COLUMNS FROM `fa_user_user` [ RunTime:0.002000s ]
NOTIC: [8192] preg_replace(): The /e modifier is deprecated, use preg_replace_callback instead F:\ThinkPHP\Lib\Core\Db.class.php 第 601 行.
SQL: SELECT * FROM `fa_user_user` WHERE ( `token` = 'a4ebceb08f04b5a33b87129ad6a5ab95' ) LIMIT 1   [ RunTime:0.001000s ]
SQL: SHOW COLUMNS FROM `fa_shop_goods_order` [ RunTime:0.001000s ]
NOTIC: [8192] preg_replace(): The /e modifier is deprecated, use preg_replace_callback instead F:\ThinkPHP\Lib\Core\Db.class.php 第 601 行.
SQL: SELECT COUNT(*) AS tp_count FROM `fa_shop_goods_order` WHERE ( `user_id` = 1 ) AND ( `address_id` = 0 ) LIMIT 1   [ RunTime:0.000000s ]
NOTIC: [8192] preg_replace(): The /e modifier is deprecated, use preg_replace_callback instead F:\ThinkPHP\Lib\Core\Db.class.php 第 601 行.
SQL: SELECT t1.id,t1.goods_id,t1.goods_nums,t1.price,t2.name,t2.avatar_img,t2.type FROM `fa_shop_goods_order` as t1 LEFT JOIN fa_shop_goods as t2 on t1.goods_id = t2.id WHERE ( t1.user_id = '1' ) AND ( t1.address_id = 0 ) ORDER BY id desc LIMIT 20,10   [ RunTime:0.001000s ]

[ 2017-06-09T10:16:02+08:00 ] 127.0.0.1 /index.php?m=user&a=bag&user_token=a4ebceb08f04b5a33b87129ad6a5ab95
NOTIC: [8192] preg_replace(): The /e modifier is deprecated, use preg_replace_callback instead F:\ThinkPHP\Common\common.php 第 171 行.
INFO: [ app_begin ] --START--
INFO: Run ReadHtmlCache Behavior [ RunTime:0.001000s ]
INFO: [ app_begin ] --END-- [ RunTime:0.001000s ]
NOTIC: [8] Memcache::connect():  F:\ThinkPHP\Extend\Driver\Session\SessionMemcache.class.php 第 38 行.
NOTIC: [2] Memcache::connect():  F:\ThinkPHP\Extend\Driver\Session\SessionMemcache.class.php 第 38 行.
NOTIC: 建议使用I方法替代_request
NOTIC: 建议使用I方法替代_request
SQL: SHOW COLUMNS FROM `fa_user_user` [ RunTime:0.002000s ]
NOTIC: [8192] preg_replace(): The /e modifier is deprecated, use preg_replace_callback instead F:\ThinkPHP\Lib\Core\Db.class.php 第 601 行.
SQL: SELECT * FROM `fa_user_user` WHERE ( `token` = 'a4ebceb08f04b5a33b87129ad6a5ab95' ) LIMIT 1   [ RunTime:0.001000s ]
SQL: SHOW COLUMNS FROM `fa_shop_goods_order` [ RunTime:0.002000s ]
NOTIC: [8192] preg_replace(): The /e modifier is deprecated, use preg_replace_callback instead F:\ThinkPHP\Lib\Core\Db.class.php 第 601 行.
SQL: SELECT COUNT(*) AS tp_count FROM `fa_shop_goods_order` WHERE ( `user_id` = 1 ) AND ( `address_id` = 0 ) LIMIT 1   [ RunTime:0.000000s ]
NOTIC: [8192] preg_replace(): The /e modifier is deprecated, use preg_replace_callback instead F:\ThinkPHP\Lib\Core\Db.class.php 第 601 行.
SQL: SELECT t1.id,t1.goods_id,t1.goods_nums,t1.price,t2.name,t2.avatar_img,t2.type FROM `fa_shop_goods_order` as t1 LEFT JOIN fa_shop_goods as t2 on t1.goods_id = t2.id WHERE ( t1.user_id = '1' ) AND ( t1.address_id = 0 ) ORDER BY id desc LIMIT 20,10   [ RunTime:0.000000s ]

[ 2017-06-09T10:16:10+08:00 ] 127.0.0.1 /index.php?m=user&a=bag&user_token=a4ebceb08f04b5a33b87129ad6a5ab95
NOTIC: [8192] preg_replace(): The /e modifier is deprecated, use preg_replace_callback instead F:\ThinkPHP\Common\common.php 第 171 行.
INFO: [ app_begin ] --START--
INFO: Run ReadHtmlCache Behavior [ RunTime:0.000000s ]
INFO: [ app_begin ] --END-- [ RunTime:0.000000s ]
NOTIC: [8] Memcache::connect():  F:\ThinkPHP\Extend\Driver\Session\SessionMemcache.class.php 第 38 行.
NOTIC: [2] Memcache::connect():  F:\ThinkPHP\Extend\Driver\Session\SessionMemcache.class.php 第 38 行.
NOTIC: 建议使用I方法替代_request
NOTIC: 建议使用I方法替代_request
SQL: SHOW COLUMNS FROM `fa_user_user` [ RunTime:0.002000s ]
NOTIC: [8192] preg_replace(): The /e modifier is deprecated, use preg_replace_callback instead F:\ThinkPHP\Lib\Core\Db.class.php 第 601 行.
SQL: SELECT * FROM `fa_user_user` WHERE ( `token` = 'a4ebceb08f04b5a33b87129ad6a5ab95' ) LIMIT 1   [ RunTime:0.000000s ]
SQL: SHOW COLUMNS FROM `fa_shop_goods_order` [ RunTime:0.001000s ]
NOTIC: [8192] preg_replace(): The /e modifier is deprecated, use preg_replace_callback instead F:\ThinkPHP\Lib\Core\Db.class.php 第 601 行.
SQL: SELECT COUNT(*) AS tp_count FROM `fa_shop_goods_order` WHERE ( `user_id` = 1 ) AND ( `address_id` = 0 ) LIMIT 1   [ RunTime:0.001000s ]
NOTIC: [8192] preg_replace(): The /e modifier is deprecated, use preg_replace_callback instead F:\ThinkPHP\Lib\Core\Db.class.php 第 601 行.
SQL: SELECT t1.id,t1.goods_id,t1.goods_nums,t1.price,t2.name,t2.avatar_img,t2.type FROM `fa_shop_goods_order` as t1 LEFT JOIN fa_shop_goods as t2 on t1.goods_id = t2.id WHERE ( t1.user_id = '1' ) AND ( t1.address_id = 0 ) ORDER BY id desc LIMIT 0,10   [ RunTime:0.001000s ]

[ 2017-06-09T10:29:59+08:00 ] 127.0.0.1 /index.php?m=shop&a=order_detail&user_token=56833419daf5744448f53477d1b094c1
NOTIC: [8192] preg_replace(): The /e modifier is deprecated, use preg_replace_callback instead F:\ThinkPHP\Common\common.php 第 171 行.
INFO: [ app_begin ] --START--
INFO: Run ReadHtmlCache Behavior [ RunTime:0.001000s ]
INFO: [ app_begin ] --END-- [ RunTime:0.001000s ]
NOTIC: [8] Memcache::connect():  F:\ThinkPHP\Extend\Driver\Session\SessionMemcache.class.php 第 38 行.
NOTIC: [2] Memcache::connect():  F:\ThinkPHP\Extend\Driver\Session\SessionMemcache.class.php 第 38 行.
NOTIC: 建议使用I方法替代_request
NOTIC: 建议使用I方法替代_request
SQL: SHOW COLUMNS FROM `fa_user_user` [ RunTime:0.002000s ]
NOTIC: [8192] preg_replace(): The /e modifier is deprecated, use preg_replace_callback instead F:\ThinkPHP\Lib\Core\Db.class.php 第 601 行.
SQL: SELECT * FROM `fa_user_user` WHERE ( `token` = '56833419daf5744448f53477d1b094c1' ) LIMIT 1   [ RunTime:0.000000s ]

[ 2017-06-09T10:30:07+08:00 ] 127.0.0.1 /index.php?m=shop&a=order_detail&user_token=56833419daf5744448f53477d1b094c1
NOTIC: [8192] preg_replace(): The /e modifier is deprecated, use preg_replace_callback instead F:\ThinkPHP\Common\common.php 第 171 行.
INFO: [ app_begin ] --START--
INFO: Run ReadHtmlCache Behavior [ RunTime:0.000000s ]
INFO: [ app_begin ] --END-- [ RunTime:0.001000s ]
NOTIC: [8] Memcache::connect():  F:\ThinkPHP\Extend\Driver\Session\SessionMemcache.class.php 第 38 行.
NOTIC: [2] Memcache::connect():  F:\ThinkPHP\Extend\Driver\Session\SessionMemcache.class.php 第 38 行.
NOTIC: 建议使用I方法替代_request
NOTIC: 建议使用I方法替代_request
SQL: SHOW COLUMNS FROM `fa_user_user` [ RunTime:0.002000s ]
NOTIC: [8192] preg_replace(): The /e modifier is deprecated, use preg_replace_callback instead F:\ThinkPHP\Lib\Core\Db.class.php 第 601 行.
SQL: SELECT * FROM `fa_user_user` WHERE ( `token` = '56833419daf5744448f53477d1b094c1' ) LIMIT 1   [ RunTime:0.000000s ]

[ 2017-06-09T11:41:15+08:00 ] 127.0.0.1 /index.php?m=user&a=notice_list&user_token=a4ebceb08f04b5a33b87129ad6a5ab95
NOTIC: [8192] preg_replace(): The /e modifier is deprecated, use preg_replace_callback instead F:\ThinkPHP\Common\common.php 第 171 行.
INFO: [ app_begin ] --START--
INFO: Run ReadHtmlCache Behavior [ RunTime:0.001000s ]
INFO: [ app_begin ] --END-- [ RunTime:0.001000s ]
NOTIC: [8] Memcache::connect():  F:\ThinkPHP\Extend\Driver\Session\SessionMemcache.class.php 第 38 行.
NOTIC: [2] Memcache::connect():  F:\ThinkPHP\Extend\Driver\Session\SessionMemcache.class.php 第 38 行.
NOTIC: 建议使用I方法替代_request
NOTIC: 建议使用I方法替代_request
SQL: SHOW COLUMNS FROM `fa_user_user` [ RunTime:0.002001s ]
NOTIC: [8192] preg_replace(): The /e modifier is deprecated, use preg_replace_callback instead F:\ThinkPHP\Lib\Core\Db.class.php 第 601 行.
SQL: SELECT * FROM `fa_user_user` WHERE ( `token` = 'a4ebceb08f04b5a33b87129ad6a5ab95' ) LIMIT 1   [ RunTime:0.001000s ]
NOTIC: [8] Undefined index: page F:\work\__App__\Api\Modules\Api\Action\UserAction.class.php 第 613 行.
SQL: SHOW COLUMNS FROM `fa_user_notice` [ RunTime:0.001000s ]
NOTIC: [8192] preg_replace(): The /e modifier is deprecated, use preg_replace_callback instead F:\ThinkPHP\Lib\Core\Db.class.php 第 601 行.
SQL: SELECT COUNT(*) AS tp_count FROM `fa_user_notice` WHERE ( user_id = 1 or classname = '公告' ) LIMIT 1   [ RunTime:0.000000s ]
NOTIC: [8192] preg_replace(): The /e modifier is deprecated, use preg_replace_callback instead F:\ThinkPHP\Lib\Core\Db.class.php 第 601 行.
SQL: SELECT * FROM `fa_user_notice` WHERE ( user_id = 1 or classname = '公告' ) ORDER BY id desc LIMIT 0,10   [ RunTime:0.000000s ]

[ 2017-06-09T14:22:57+08:00 ] 127.0.0.1 /index.php?m=user&a=notice_list&user_token=a4ebceb08f04b5a33b87129ad6a5ab95
NOTIC: [8192] preg_replace(): The /e modifier is deprecated, use preg_replace_callback instead F:\ThinkPHP\Common\common.php 第 171 行.
INFO: [ app_begin ] --START--
INFO: Run ReadHtmlCache Behavior [ RunTime:0.000000s ]
INFO: [ app_begin ] --END-- [ RunTime:0.000000s ]
NOTIC: [8] Memcache::connect():  F:\ThinkPHP\Extend\Driver\Session\SessionMemcache.class.php 第 38 行.
NOTIC: [2] Memcache::connect():  F:\ThinkPHP\Extend\Driver\Session\SessionMemcache.class.php 第 38 行.
NOTIC: 建议使用I方法替代_request
NOTIC: 建议使用I方法替代_request
SQL: SHOW COLUMNS FROM `fa_user_user` [ RunTime:0.002000s ]
NOTIC: [8192] preg_replace(): The /e modifier is deprecated, use preg_replace_callback instead F:\ThinkPHP\Lib\Core\Db.class.php 第 601 行.
SQL: SELECT * FROM `fa_user_user` WHERE ( `token` = 'a4ebceb08f04b5a33b87129ad6a5ab95' ) LIMIT 1   [ RunTime:0.001000s ]
NOTIC: [8] Undefined index: page F:\work\__App__\Api\Modules\Api\Action\UserAction.class.php 第 613 行.
SQL: SHOW COLUMNS FROM `fa_user_notice` [ RunTime:0.001000s ]
NOTIC: [8192] preg_replace(): The /e modifier is deprecated, use preg_replace_callback instead F:\ThinkPHP\Lib\Core\Db.class.php 第 601 行.
SQL: SELECT COUNT(*) AS tp_count FROM `fa_user_notice` WHERE ( user_id = 1 or classname = '公告' ) LIMIT 1   [ RunTime:0.000000s ]
NOTIC: [8192] preg_replace(): The /e modifier is deprecated, use preg_replace_callback instead F:\ThinkPHP\Lib\Core\Db.class.php 第 601 行.
SQL: SELECT * FROM `fa_user_notice` WHERE ( user_id = 1 or classname = '公告' ) ORDER BY id desc LIMIT 0,10   [ RunTime:0.000000s ]

[ 2017-06-09T14:54:32+08:00 ] 127.0.0.1 /index.php?m=user&a=notice_list&user_token=a4ebceb08f04b5a33b87129ad6a5ab95
NOTIC: [8192] preg_replace(): The /e modifier is deprecated, use preg_replace_callback instead F:\ThinkPHP\Common\common.php 第 171 行.
INFO: [ app_begin ] --START--
INFO: Run ReadHtmlCache Behavior [ RunTime:0.001000s ]
INFO: [ app_begin ] --END-- [ RunTime:0.001000s ]
NOTIC: [8] Memcache::connect():  F:\ThinkPHP\Extend\Driver\Session\SessionMemcache.class.php 第 38 行.
NOTIC: [2] Memcache::connect():  F:\ThinkPHP\Extend\Driver\Session\SessionMemcache.class.php 第 38 行.
NOTIC: 建议使用I方法替代_request
NOTIC: 建议使用I方法替代_request
SQL: SHOW COLUMNS FROM `fa_user_user` [ RunTime:0.002000s ]
NOTIC: [8192] preg_replace(): The /e modifier is deprecated, use preg_replace_callback instead F:\ThinkPHP\Lib\Core\Db.class.php 第 601 行.
SQL: SELECT * FROM `fa_user_user` WHERE ( `token` = 'a4ebceb08f04b5a33b87129ad6a5ab95' ) LIMIT 1   [ RunTime:0.001000s ]
NOTIC: [8] Undefined index: page F:\work\__App__\Api\Modules\Api\Action\UserAction.class.php 第 613 行.
SQL: SHOW COLUMNS FROM `fa_user_notice` [ RunTime:0.001000s ]
NOTIC: [8192] preg_replace(): The /e modifier is deprecated, use preg_replace_callback instead F:\ThinkPHP\Lib\Core\Db.class.php 第 601 行.
SQL: SELECT COUNT(*) AS tp_count FROM `fa_user_notice` WHERE ( user_id = 1 or classname = '公告' ) LIMIT 1   [ RunTime:0.000000s ]
NOTIC: [8192] preg_replace(): The /e modifier is deprecated, use preg_replace_callback instead F:\ThinkPHP\Lib\Core\Db.class.php 第 601 行.
SQL: SELECT `id`,`title`,`notice`,`classname`,`parentname`,`addtime`,`state` FROM `fa_user_notice` WHERE ( user_id = 1 or classname = '公告' ) ORDER BY id desc LIMIT 0,10   [ RunTime:0.001000s ]

[ 2017-06-09T14:55:12+08:00 ] 127.0.0.1 /index.php?m=user&a=notice_list&user_token=a4ebceb08f04b5a33b87129ad6a5ab95
NOTIC: [8192] preg_replace(): The /e modifier is deprecated, use preg_replace_callback instead F:\ThinkPHP\Common\common.php 第 171 行.
INFO: [ app_begin ] --START--
INFO: Run ReadHtmlCache Behavior [ RunTime:0.001000s ]
INFO: [ app_begin ] --END-- [ RunTime:0.001000s ]
NOTIC: [8] Memcache::connect():  F:\ThinkPHP\Extend\Driver\Session\SessionMemcache.class.php 第 38 行.
NOTIC: [2] Memcache::connect():  F:\ThinkPHP\Extend\Driver\Session\SessionMemcache.class.php 第 38 行.
NOTIC: 建议使用I方法替代_request
NOTIC: 建议使用I方法替代_request
SQL: SHOW COLUMNS FROM `fa_user_user` [ RunTime:0.002000s ]
NOTIC: [8192] preg_replace(): The /e modifier is deprecated, use preg_replace_callback instead F:\ThinkPHP\Lib\Core\Db.class.php 第 601 行.
SQL: SELECT * FROM `fa_user_user` WHERE ( `token` = 'a4ebceb08f04b5a33b87129ad6a5ab95' ) LIMIT 1   [ RunTime:0.000000s ]
NOTIC: [8] Undefined index: page F:\work\__App__\Api\Modules\Api\Action\UserAction.class.php 第 613 行.
SQL: SHOW COLUMNS FROM `fa_user_notice` [ RunTime:0.002000s ]
NOTIC: [8192] preg_replace(): The /e modifier is deprecated, use preg_replace_callback instead F:\ThinkPHP\Lib\Core\Db.class.php 第 601 行.
SQL: SELECT COUNT(*) AS tp_count FROM `fa_user_notice` WHERE ( user_id = 1 or classname = '公告' ) LIMIT 1   [ RunTime:0.001000s ]
NOTIC: [8192] preg_replace(): The /e modifier is deprecated, use preg_replace_callback instead F:\ThinkPHP\Lib\Core\Db.class.php 第 601 行.
SQL: SELECT `id`,`title`,`notice`,`classname`,`parentname`,`addtime`,`state` FROM `fa_user_notice` WHERE ( user_id = 1 or classname = '公告' ) ORDER BY id desc LIMIT 0,10   [ RunTime:0.000000s ]

[ 2017-06-09T15:26:06+08:00 ] 127.0.0.1 /index.php?m=user&a=notice_list&user_token=a4ebceb08f04b5a33b87129ad6a5ab95
NOTIC: [8192] preg_replace(): The /e modifier is deprecated, use preg_replace_callback instead F:\ThinkPHP\Common\common.php 第 171 行.
INFO: [ app_begin ] --START--
INFO: Run ReadHtmlCache Behavior [ RunTime:0.001000s ]
INFO: [ app_begin ] --END-- [ RunTime:0.001000s ]
NOTIC: [8] Memcache::connect():  F:\ThinkPHP\Extend\Driver\Session\SessionMemcache.class.php 第 38 行.
NOTIC: [2] Memcache::connect():  F:\ThinkPHP\Extend\Driver\Session\SessionMemcache.class.php 第 38 行.
NOTIC: 建议使用I方法替代_request
NOTIC: 建议使用I方法替代_request
SQL: SHOW COLUMNS FROM `fa_user_user` [ RunTime:0.002000s ]
NOTIC: [8192] preg_replace(): The /e modifier is deprecated, use preg_replace_callback instead F:\ThinkPHP\Lib\Core\Db.class.php 第 601 行.
SQL: SELECT * FROM `fa_user_user` WHERE ( `token` = 'a4ebceb08f04b5a33b87129ad6a5ab95' ) LIMIT 1   [ RunTime:0.001000s ]
NOTIC: [8] Undefined index: page F:\work\__App__\Api\Modules\Api\Action\UserAction.class.php 第 613 行.
SQL: SHOW COLUMNS FROM `fa_user_notice` [ RunTime:0.002000s ]
NOTIC: [8192] preg_replace(): The /e modifier is deprecated, use preg_replace_callback instead F:\ThinkPHP\Lib\Core\Db.class.php 第 601 行.
SQL: SELECT COUNT(*) AS tp_count FROM `fa_user_notice` WHERE ( user_id = 1 or classname = '公告' ) LIMIT 1   [ RunTime:0.001000s ]
NOTIC: [8192] preg_replace(): The /e modifier is deprecated, use preg_replace_callback instead F:\ThinkPHP\Lib\Core\Db.class.php 第 601 行.
SQL: SELECT `id`,`title`,`notice`,`classname`,`parentname`,`addtime`,`state` FROM `fa_user_notice` WHERE ( user_id = 1 or classname = '公告' ) ORDER BY id desc LIMIT 0,10   [ RunTime:0.001000s ]

[ 2017-06-09T15:41:56+08:00 ] 127.0.0.1 /index.php?m=user&a=set_notice_state&user_token=a4ebceb08f04b5a33b87129ad6a5ab95
NOTIC: [8192] preg_replace(): The /e modifier is deprecated, use preg_replace_callback instead F:\ThinkPHP\Common\common.php 第 171 行.
INFO: [ app_begin ] --START--
INFO: Run ReadHtmlCache Behavior [ RunTime:0.001000s ]
INFO: [ app_begin ] --END-- [ RunTime:0.001000s ]
NOTIC: [8] Memcache::connect():  F:\ThinkPHP\Extend\Driver\Session\SessionMemcache.class.php 第 38 行.
NOTIC: [2] Memcache::connect():  F:\ThinkPHP\Extend\Driver\Session\SessionMemcache.class.php 第 38 行.
NOTIC: 建议使用I方法替代_request
NOTIC: 建议使用I方法替代_request
SQL: SHOW COLUMNS FROM `fa_user_user` [ RunTime:0.002000s ]
NOTIC: [8192] preg_replace(): The /e modifier is deprecated, use preg_replace_callback instead F:\ThinkPHP\Lib\Core\Db.class.php 第 601 行.
SQL: SELECT * FROM `fa_user_user` WHERE ( `token` = 'a4ebceb08f04b5a33b87129ad6a5ab95' ) LIMIT 1   [ RunTime:0.000000s ]
SQL: SHOW COLUMNS FROM `fa_user_notice` [ RunTime:0.001000s ]
SQL: UPDATE `fa_user_notice` SET `state`=1 WHERE ( `user_id` = 1 ) AND ( `id` = 1 ) [ RunTime:0.077005s ]

