[ 2017-05-12T09:47:14+08:00 ] 127.0.0.1 /index.php?g=api&m=Match&a=team
NOTIC: [8192] preg_replace(): The /e modifier is deprecated, use preg_replace_callback instead F:\ThinkPHP\Common\common.php 第 171 行.
INFO: [ app_begin ] --START--
INFO: Run ReadHtmlCache Behavior [ RunTime:0.001000s ]
INFO: [ app_begin ] --END-- [ RunTime:0.002000s ]
NOTIC: 建议使用I方法替代_request
NOTIC: 建议使用I方法替代_request
NOTIC: [8] Undefined index: project_id F:\work\__App__\Api\Modules\Api\Action\MatchAction.class.php 第 12 行.
NOTIC: [8] Undefined variable: data F:\work\__App__\Api\Lib\Action\CommonAction.class.php 第 104 行.
SQL: SHOW COLUMNS FROM `fa_match_project` [ RunTime:0.001000s ]
NOTIC: [8192] preg_replace(): The /e modifier is deprecated, use preg_replace_callback instead F:\ThinkPHP\Lib\Core\Db.class.php 第 601 行.
SQL: SELECT `id`,`name`,`img` FROM `fa_match_project`  [ RunTime:0.000000s ]
NOTIC: [2] Missing argument 3 for CommonAction::cache(), called in F:\work\__App__\Api\Modules\Api\Action\MatchAction.class.php on line 22 and defined F:\work\__App__\Api\Lib\Action\CommonAction.class.php 第 75 行.
SQL: SHOW COLUMNS FROM `fa_match_team` [ RunTime:0.002000s ]
NOTIC: [8] Undefined variable: Map F:\work\__App__\Api\Modules\Api\Action\MatchAction.class.php 第 24 行.
NOTIC: [8192] preg_replace(): The /e modifier is deprecated, use preg_replace_callback instead F:\ThinkPHP\Lib\Core\Db.class.php 第 601 行.
SQL: SELECT `id`,`name`,`e_name`,`short_name`,`location`,`union`,`img`,`home_court` FROM `fa_match_team`  [ RunTime:0.000000s ]
NOTIC: [8] Undefined index: project_id F:\work\__App__\Api\Modules\Api\Action\MatchAction.class.php 第 26 行.
NOTIC: [8] Undefined index:  F:\work\__App__\Api\Modules\Api\Action\MatchAction.class.php 第 26 行.
NOTIC: [8] Undefined offset: 6 F:\work\__App__\Api\Modules\Api\Action\MatchAction.class.php 第 28 行.
NOTIC: [8] Undefined index: project_id F:\work\__App__\Api\Modules\Api\Action\MatchAction.class.php 第 26 行.
NOTIC: [8] Undefined index:  F:\work\__App__\Api\Modules\Api\Action\MatchAction.class.php 第 26 行.
NOTIC: [8] Undefined offset: 6 F:\work\__App__\Api\Modules\Api\Action\MatchAction.class.php 第 28 行.
NOTIC: [8] Undefined index: project_id F:\work\__App__\Api\Modules\Api\Action\MatchAction.class.php 第 26 行.
NOTIC: [8] Undefined index:  F:\work\__App__\Api\Modules\Api\Action\MatchAction.class.php 第 26 行.
NOTIC: [8] Undefined offset: 6 F:\work\__App__\Api\Modules\Api\Action\MatchAction.class.php 第 28 行.
NOTIC: [8] Undefined index: project_id F:\work\__App__\Api\Modules\Api\Action\MatchAction.class.php 第 26 行.
NOTIC: [8] Undefined index:  F:\work\__App__\Api\Modules\Api\Action\MatchAction.class.php 第 26 行.
NOTIC: [8] Undefined offset: 6 F:\work\__App__\Api\Modules\Api\Action\MatchAction.class.php 第 28 行.
NOTIC: [8] Undefined index: project_id F:\work\__App__\Api\Modules\Api\Action\MatchAction.class.php 第 26 行.
NOTIC: [8] Undefined index:  F:\work\__App__\Api\Modules\Api\Action\MatchAction.class.php 第 26 行.
NOTIC: [8] Undefined offset: 6 F:\work\__App__\Api\Modules\Api\Action\MatchAction.class.php 第 28 行.
NOTIC: [8] Undefined index: project_id F:\work\__App__\Api\Modules\Api\Action\MatchAction.class.php 第 26 行.
NOTIC: [8] Undefined index:  F:\work\__App__\Api\Modules\Api\Action\MatchAction.class.php 第 26 行.
NOTIC: [8] Undefined offset: 5 F:\work\__App__\Api\Modules\Api\Action\MatchAction.class.php 第 28 行.
NOTIC: [8] Undefined index: project_id F:\work\__App__\Api\Modules\Api\Action\MatchAction.class.php 第 26 行.
NOTIC: [8] Undefined index:  F:\work\__App__\Api\Modules\Api\Action\MatchAction.class.php 第 26 行.
NOTIC: [8] Undefined offset: 5 F:\work\__App__\Api\Modules\Api\Action\MatchAction.class.php 第 28 行.
NOTIC: [8] Undefined index: project_id F:\work\__App__\Api\Modules\Api\Action\MatchAction.class.php 第 26 行.
NOTIC: [8] Undefined index:  F:\work\__App__\Api\Modules\Api\Action\MatchAction.class.php 第 26 行.
NOTIC: [8] Undefined offset: 5 F:\work\__App__\Api\Modules\Api\Action\MatchAction.class.php 第 28 行.
NOTIC: [8] Undefined index: project_id F:\work\__App__\Api\Modules\Api\Action\MatchAction.class.php 第 26 行.
NOTIC: [8] Undefined index:  F:\work\__App__\Api\Modules\Api\Action\MatchAction.class.php 第 26 行.
NOTIC: [8] Undefined offset: 5 F:\work\__App__\Api\Modules\Api\Action\MatchAction.class.php 第 28 行.
NOTIC: [8] Undefined index: project_id F:\work\__App__\Api\Modules\Api\Action\MatchAction.class.php 第 26 行.
NOTIC: [8] Undefined index:  F:\work\__App__\Api\Modules\Api\Action\MatchAction.class.php 第 26 行.
NOTIC: [8] Undefined offset: 5 F:\work\__App__\Api\Modules\Api\Action\MatchAction.class.php 第 28 行.
NOTIC: [8] Undefined index: project_id F:\work\__App__\Api\Modules\Api\Action\MatchAction.class.php 第 26 行.
NOTIC: [8] Undefined index:  F:\work\__App__\Api\Modules\Api\Action\MatchAction.class.php 第 26 行.
NOTIC: [8] Undefined offset: 4 F:\work\__App__\Api\Modules\Api\Action\MatchAction.class.php 第 28 行.
NOTIC: [8] Undefined index: project_id F:\work\__App__\Api\Modules\Api\Action\MatchAction.class.php 第 26 行.
NOTIC: [8] Undefined index:  F:\work\__App__\Api\Modules\Api\Action\MatchAction.class.php 第 26 行.
NOTIC: [8] Undefined offset: 4 F:\work\__App__\Api\Modules\Api\Action\MatchAction.class.php 第 28 行.
NOTIC: [8] Undefined index: project_id F:\work\__App__\Api\Modules\Api\Action\MatchAction.class.php 第 26 行.
NOTIC: [8] Undefined index:  F:\work\__App__\Api\Modules\Api\Action\MatchAction.class.php 第 26 行.
NOTIC: [8] Undefined offset: 4 F:\work\__App__\Api\Modules\Api\Action\MatchAction.class.php 第 28 行.
NOTIC: [8] Undefined index: project_id F:\work\__App__\Api\Modules\Api\Action\MatchAction.class.php 第 26 行.
NOTIC: [8] Undefined index:  F:\work\__App__\Api\Modules\Api\Action\MatchAction.class.php 第 26 行.
NOTIC: [8] Undefined offset: 4 F:\work\__App__\Api\Modules\Api\Action\MatchAction.class.php 第 28 行.
NOTIC: [8] Undefined index: project_id F:\work\__App__\Api\Modules\Api\Action\MatchAction.class.php 第 26 行.
NOTIC: [8] Undefined index:  F:\work\__App__\Api\Modules\Api\Action\MatchAction.class.php 第 26 行.
NOTIC: [8] Undefined offset: 3 F:\work\__App__\Api\Modules\Api\Action\MatchAction.class.php 第 28 行.
NOTIC: [8] Undefined index: project_id F:\work\__App__\Api\Modules\Api\Action\MatchAction.class.php 第 26 行.
NOTIC: [8] Undefined index:  F:\work\__App__\Api\Modules\Api\Action\MatchAction.class.php 第 26 行.
NOTIC: [8] Undefined index: project_id F:\work\__App__\Api\Modules\Api\Action\MatchAction.class.php 第 26 行.
NOTIC: [8] Undefined index:  F:\work\__App__\Api\Modules\Api\Action\MatchAction.class.php 第 26 行.
NOTIC: [8] Undefined index: project_id F:\work\__App__\Api\Modules\Api\Action\MatchAction.class.php 第 26 行.
NOTIC: [8] Undefined index:  F:\work\__App__\Api\Modules\Api\Action\MatchAction.class.php 第 26 行.
NOTIC: [8] Undefined index: project_id F:\work\__App__\Api\Modules\Api\Action\MatchAction.class.php 第 26 行.
NOTIC: [8] Undefined index:  F:\work\__App__\Api\Modules\Api\Action\MatchAction.class.php 第 26 行.
NOTIC: [8] Undefined index: project_id F:\work\__App__\Api\Modules\Api\Action\MatchAction.class.php 第 26 行.
NOTIC: [8] Undefined index:  F:\work\__App__\Api\Modules\Api\Action\MatchAction.class.php 第 26 行.
NOTIC: [8] Undefined index: project_id F:\work\__App__\Api\Modules\Api\Action\MatchAction.class.php 第 26 行.
NOTIC: [8] Undefined index:  F:\work\__App__\Api\Modules\Api\Action\MatchAction.class.php 第 26 行.
NOTIC: [8] Undefined index: project_id F:\work\__App__\Api\Modules\Api\Action\MatchAction.class.php 第 26 行.
NOTIC: [8] Undefined index:  F:\work\__App__\Api\Modules\Api\Action\MatchAction.class.php 第 26 行.
NOTIC: [8] Undefined index: project_id F:\work\__App__\Api\Modules\Api\Action\MatchAction.class.php 第 26 行.
NOTIC: [8] Undefined index:  F:\work\__App__\Api\Modules\Api\Action\MatchAction.class.php 第 26 行.
NOTIC: [8] Undefined index: project_id F:\work\__App__\Api\Modules\Api\Action\MatchAction.class.php 第 26 行.
NOTIC: [8] Undefined index:  F:\work\__App__\Api\Modules\Api\Action\MatchAction.class.php 第 26 行.
NOTIC: [8] Undefined index: project_id F:\work\__App__\Api\Modules\Api\Action\MatchAction.class.php 第 26 行.
NOTIC: [8] Undefined index:  F:\work\__App__\Api\Modules\Api\Action\MatchAction.class.php 第 26 行.
NOTIC: [8] Undefined index: project_id F:\work\__App__\Api\Modules\Api\Action\MatchAction.class.php 第 26 行.
NOTIC: [8] Undefined index:  F:\work\__App__\Api\Modules\Api\Action\MatchAction.class.php 第 26 行.
NOTIC: [8] Undefined offset: 3 F:\work\__App__\Api\Modules\Api\Action\MatchAction.class.php 第 28 行.
NOTIC: [8] Undefined index: project_id F:\work\__App__\Api\Modules\Api\Action\MatchAction.class.php 第 26 行.
NOTIC: [8] Undefined index:  F:\work\__App__\Api\Modules\Api\Action\MatchAction.class.php 第 26 行.
NOTIC: [8] Undefined offset: 3 F:\work\__App__\Api\Modules\Api\Action\MatchAction.class.php 第 28 行.
NOTIC: [8] Undefined index: project_id F:\work\__App__\Api\Modules\Api\Action\MatchAction.class.php 第 26 行.
NOTIC: [8] Undefined index:  F:\work\__App__\Api\Modules\Api\Action\MatchAction.class.php 第 26 行.
NOTIC: [8] Undefined offset: 3 F:\work\__App__\Api\Modules\Api\Action\MatchAction.class.php 第 28 行.
NOTIC: [8] Undefined index: project_id F:\work\__App__\Api\Modules\Api\Action\MatchAction.class.php 第 26 行.
NOTIC: [8] Undefined index:  F:\work\__App__\Api\Modules\Api\Action\MatchAction.class.php 第 26 行.
NOTIC: [8] Undefined offset: 3 F:\work\__App__\Api\Modules\Api\Action\MatchAction.class.php 第 28 行.
NOTIC: [8] Undefined index: project_id F:\work\__App__\Api\Modules\Api\Action\MatchAction.class.php 第 26 行.
NOTIC: [8] Undefined index:  F:\work\__App__\Api\Modules\Api\Action\MatchAction.class.php 第 26 行.
NOTIC: [8] Undefined offset: 3 F:\work\__App__\Api\Modules\Api\Action\MatchAction.class.php 第 28 行.
NOTIC: [8] Undefined index: project_id F:\work\__App__\Api\Modules\Api\Action\MatchAction.class.php 第 26 行.
NOTIC: [8] Undefined index:  F:\work\__App__\Api\Modules\Api\Action\MatchAction.class.php 第 26 行.
NOTIC: [8] Undefined offset: 0 F:\work\__App__\Api\Modules\Api\Action\MatchAction.class.php 第 27 行.
NOTIC: [8] Undefined offset: 0 F:\work\__App__\Api\Modules\Api\Action\MatchAction.class.php 第 28 行.
NOTIC: [8] Undefined index: project_id F:\work\__App__\Api\Modules\Api\Action\MatchAction.class.php 第 26 行.
NOTIC: [8] Undefined index:  F:\work\__App__\Api\Modules\Api\Action\MatchAction.class.php 第 26 行.
NOTIC: [8] Undefined offset: 0 F:\work\__App__\Api\Modules\Api\Action\MatchAction.class.php 第 27 行.
NOTIC: [8] Undefined offset: 0 F:\work\__App__\Api\Modules\Api\Action\MatchAction.class.php 第 28 行.
NOTIC: [8] Undefined index: project_id F:\work\__App__\Api\Modules\Api\Action\MatchAction.class.php 第 26 行.
NOTIC: [8] Undefined index:  F:\work\__App__\Api\Modules\Api\Action\MatchAction.class.php 第 26 行.
NOTIC: [8] Undefined offset: 0 F:\work\__App__\Api\Modules\Api\Action\MatchAction.class.php 第 27 行.
NOTIC: [8] Undefined offset: 0 F:\work\__App__\Api\Modules\Api\Action\MatchAction.class.php 第 28 行.
NOTIC: [8] Undefined index: project_id F:\work\__App__\Api\Modules\Api\Action\MatchAction.class.php 第 26 行.
NOTIC: [8] Undefined index:  F:\work\__App__\Api\Modules\Api\Action\MatchAction.class.php 第 26 行.
NOTIC: [8] Undefined offset: 0 F:\work\__App__\Api\Modules\Api\Action\MatchAction.class.php 第 27 行.
NOTIC: [8] Undefined offset: 0 F:\work\__App__\Api\Modules\Api\Action\MatchAction.class.php 第 28 行.
NOTIC: [8] Undefined index: project_id F:\work\__App__\Api\Modules\Api\Action\MatchAction.class.php 第 26 行.
NOTIC: [8] Undefined index:  F:\work\__App__\Api\Modules\Api\Action\MatchAction.class.php 第 26 行.
NOTIC: [8] Undefined offset: 0 F:\work\__App__\Api\Modules\Api\Action\MatchAction.class.php 第 27 行.
NOTIC: [8] Undefined offset: 0 F:\work\__App__\Api\Modules\Api\Action\MatchAction.class.php 第 28 行.
NOTIC: [8] Undefined index: project_id F:\work\__App__\Api\Modules\Api\Action\MatchAction.class.php 第 26 行.
NOTIC: [8] Undefined index:  F:\work\__App__\Api\Modules\Api\Action\MatchAction.class.php 第 26 行.
NOTIC: [8] Undefined offset: 0 F:\work\__App__\Api\Modules\Api\Action\MatchAction.class.php 第 27 行.
NOTIC: [8] Undefined offset: 0 F:\work\__App__\Api\Modules\Api\Action\MatchAction.class.php 第 28 行.
NOTIC: [8] Undefined index: project_id F:\work\__App__\Api\Modules\Api\Action\MatchAction.class.php 第 26 行.
NOTIC: [8] Undefined index:  F:\work\__App__\Api\Modules\Api\Action\MatchAction.class.php 第 26 行.
NOTIC: [8] Undefined offset: 0 F:\work\__App__\Api\Modules\Api\Action\MatchAction.class.php 第 27 行.
NOTIC: [8] Undefined offset: 0 F:\work\__App__\Api\Modules\Api\Action\MatchAction.class.php 第 28 行.
NOTIC: [8] Undefined index: project_id F:\work\__App__\Api\Modules\Api\Action\MatchAction.class.php 第 26 行.
NOTIC: [8] Undefined index:  F:\work\__App__\Api\Modules\Api\Action\MatchAction.class.php 第 26 行.
NOTIC: [8] Undefined offset: 0 F:\work\__App__\Api\Modules\Api\Action\MatchAction.class.php 第 27 行.
NOTIC: [8] Undefined offset: 0 F:\work\__App__\Api\Modules\Api\Action\MatchAction.class.php 第 28 行.
NOTIC: [8] Undefined index: project_id F:\work\__App__\Api\Modules\Api\Action\MatchAction.class.php 第 26 行.
NOTIC: [8] Undefined index:  F:\work\__App__\Api\Modules\Api\Action\MatchAction.class.php 第 26 行.
NOTIC: [8] Undefined offset: 0 F:\work\__App__\Api\Modules\Api\Action\MatchAction.class.php 第 27 行.
NOTIC: [8] Undefined offset: 0 F:\work\__App__\Api\Modules\Api\Action\MatchAction.class.php 第 28 行.
NOTIC: [8] Undefined index: project_id F:\work\__App__\Api\Modules\Api\Action\MatchAction.class.php 第 26 行.
NOTIC: [8] Undefined index:  F:\work\__App__\Api\Modules\Api\Action\MatchAction.class.php 第 26 行.
NOTIC: [8] Undefined offset: 0 F:\work\__App__\Api\Modules\Api\Action\MatchAction.class.php 第 27 行.
NOTIC: [8] Undefined offset: 0 F:\work\__App__\Api\Modules\Api\Action\MatchAction.class.php 第 28 行.
NOTIC: [8] Undefined index: project_id F:\work\__App__\Api\Modules\Api\Action\MatchAction.class.php 第 26 行.
NOTIC: [8] Undefined index:  F:\work\__App__\Api\Modules\Api\Action\MatchAction.class.php 第 26 行.
NOTIC: [8] Undefined offset: 0 F:\work\__App__\Api\Modules\Api\Action\MatchAction.class.php 第 27 行.
NOTIC: [8] Undefined offset: 0 F:\work\__App__\Api\Modules\Api\Action\MatchAction.class.php 第 28 行.
NOTIC: [8] Undefined index: project_id F:\work\__App__\Api\Modules\Api\Action\MatchAction.class.php 第 26 行.
NOTIC: [8] Undefined index:  F:\work\__App__\Api\Modules\Api\Action\MatchAction.class.php 第 26 行.
NOTIC: [8] Undefined offset: 0 F:\work\__App__\Api\Modules\Api\Action\MatchAction.class.php 第 27 行.
NOTIC: [8] Undefined offset: 0 F:\work\__App__\Api\Modules\Api\Action\MatchAction.class.php 第 28 行.
NOTIC: [8] Undefined index: project_id F:\work\__App__\Api\Modules\Api\Action\MatchAction.class.php 第 26 行.
NOTIC: [8] Undefined index:  F:\work\__App__\Api\Modules\Api\Action\MatchAction.class.php 第 26 行.
NOTIC: [8] Undefined offset: 0 F:\work\__App__\Api\Modules\Api\Action\MatchAction.class.php 第 27 行.
NOTIC: [8] Undefined offset: 0 F:\work\__App__\Api\Modules\Api\Action\MatchAction.class.php 第 28 行.
NOTIC: [8] Undefined index: project_id F:\work\__App__\Api\Modules\Api\Action\MatchAction.class.php 第 26 行.
NOTIC: [8] Undefined index:  F:\work\__App__\Api\Modules\Api\Action\MatchAction.class.php 第 26 行.
NOTIC: [8] Undefined offset: 0 F:\work\__App__\Api\Modules\Api\Action\MatchAction.class.php 第 27 行.
NOTIC: [8] Undefined offset: 0 F:\work\__App__\Api\Modules\Api\Action\MatchAction.class.php 第 28 行.

[ 2017-05-12T09:47:25+08:00 ] 127.0.0.1 /index.php?g=api&m=user&a=userbetmatch
NOTIC: [8192] preg_replace(): The /e modifier is deprecated, use preg_replace_callback instead F:\ThinkPHP\Common\common.php 第 171 行.
INFO: [ app_begin ] --START--
INFO: Run ReadHtmlCache Behavior [ RunTime:0.001000s ]
INFO: [ app_begin ] --END-- [ RunTime:0.001000s ]
NOTIC: 建议使用I方法替代_request
NOTIC: 建议使用I方法替代_request
SQL: SHOW COLUMNS FROM `fa_user_user` [ RunTime:0.001000s ]
NOTIC: [8192] preg_replace(): The /e modifier is deprecated, use preg_replace_callback instead F:\ThinkPHP\Lib\Core\Db.class.php 第 601 行.
SQL: SELECT * FROM `fa_user_user` WHERE ( `token` = '4' ) LIMIT 1   [ RunTime:0.000000s ]
NOTIC: [8] Undefined index: page F:\work\__App__\Api\Modules\Api\Action\UserAction.class.php 第 13 行.
SQL: SHOW COLUMNS FROM `fa_user_guess_record` [ RunTime:0.002000s ]
NOTIC: [8192] preg_replace(): The /e modifier is deprecated, use preg_replace_callback instead F:\ThinkPHP\Lib\Core\Db.class.php 第 601 行.
SQL: SELECT `id`,`room_id`,`guess_num`,`lineup_id`,`ranking`,`is_reward`,`lineup_score` FROM `fa_user_guess_record` WHERE ( `match_status` = 1 ) AND ( `uid` = 4 ) LIMIT 0,10   [ RunTime:0.001000s ]
NOTIC: [2] Invalid argument supplied for foreach() F:\work\__App__\Api\Modules\Api\Action\UserAction.class.php 第 30 行.

[ 2017-05-12T09:47:52+08:00 ] 127.0.0.1 /index.php?g=api&m=room&a=roomdetail&user_token=1fehsdffd
NOTIC: [8192] preg_replace(): The /e modifier is deprecated, use preg_replace_callback instead F:\ThinkPHP\Common\common.php 第 171 行.
INFO: [ app_begin ] --START--
INFO: Run ReadHtmlCache Behavior [ RunTime:0.001000s ]
INFO: [ app_begin ] --END-- [ RunTime:0.001000s ]
NOTIC: 建议使用I方法替代_request
NOTIC: 建议使用I方法替代_request
SQL: SHOW COLUMNS FROM `fa_user_user` [ RunTime:0.001000s ]
NOTIC: [8192] preg_replace(): The /e modifier is deprecated, use preg_replace_callback instead F:\ThinkPHP\Lib\Core\Db.class.php 第 601 行.
SQL: SELECT * FROM `fa_user_user` WHERE ( `token` = '1fehsdffd' ) LIMIT 1   [ RunTime:0.000000s ]
SQL: SHOW COLUMNS FROM `fa_match_room` [ RunTime:0.002000s ]
NOTIC: [8192] preg_replace(): The /e modifier is deprecated, use preg_replace_callback instead F:\ThinkPHP\Lib\Core\Db.class.php 第 601 行.
SQL: SELECT * FROM `fa_match_room` WHERE ( `status` = 1 ) AND ( `id` = 33 ) AND ( `settlement_status` = 1 ) LIMIT 1   [ RunTime:0.000000s ]
NOTIC: [8] Undefined variable: data F:\work\__App__\Api\Lib\Action\CommonAction.class.php 第 104 行.
SQL: SHOW COLUMNS FROM `fa_match_room_type` [ RunTime:0.001000s ]
NOTIC: [8192] preg_replace(): The /e modifier is deprecated, use preg_replace_callback instead F:\ThinkPHP\Lib\Core\Db.class.php 第 601 行.
SQL: SELECT `id`,`name`,`tag_img` FROM `fa_match_room_type`  [ RunTime:0.000000s ]
NOTIC: [8] Undefined variable: data F:\work\__App__\Api\Lib\Action\CommonAction.class.php 第 104 行.
SQL: SHOW COLUMNS FROM `fa_match_project` [ RunTime:0.001000s ]
NOTIC: [8192] preg_replace(): The /e modifier is deprecated, use preg_replace_callback instead F:\ThinkPHP\Lib\Core\Db.class.php 第 601 行.
SQL: SELECT `id`,`name`,`img` FROM `fa_match_project`  [ RunTime:0.001000s ]
NOTIC: [8] Undefined offset: 7 F:\work\__App__\Api\Lib\Action\CommonAction.class.php 第 320 行.
SQL: SHOW COLUMNS FROM `fa_match_room_info` [ RunTime:0.001000s ]
NOTIC: [8192] preg_replace(): The /e modifier is deprecated, use preg_replace_callback instead F:\ThinkPHP\Lib\Core\Db.class.php 第 601 行.
SQL: SELECT * FROM `fa_match_room_info` WHERE ( `room_id` = 33 ) LIMIT 1   [ RunTime:0.001000s ]
NOTIC: [8] Undefined variable: data F:\work\__App__\Api\Lib\Action\CommonAction.class.php 第 104 行.
SQL: SHOW COLUMNS FROM `fa_match_type` [ RunTime:0.001001s ]
NOTIC: [8192] preg_replace(): The /e modifier is deprecated, use preg_replace_callback instead F:\ThinkPHP\Lib\Core\Db.class.php 第 601 行.
SQL: SELECT `id`,`name`,`introduce` FROM `fa_match_type`  [ RunTime:0.000000s ]
SQL: SHOW COLUMNS FROM `fa_match_list` [ RunTime:0.001000s ]
NOTIC: [8192] preg_replace(): The /e modifier is deprecated, use preg_replace_callback instead F:\ThinkPHP\Lib\Core\Db.class.php 第 601 行.
SQL: SELECT * FROM `fa_match_list` WHERE ( `id` = 8 ) LIMIT 1   [ RunTime:0.000000s ]
NOTIC: [8192] preg_replace(): The /e modifier is deprecated, use preg_replace_callback instead F:\ThinkPHP\Lib\Core\Db.class.php 第 601 行.
SQL: SELECT * FROM `fa_match_list` WHERE ( `id` = 9 ) LIMIT 1   [ RunTime:0.001000s ]
SQL: SHOW COLUMNS FROM `fa_user_guess_record` [ RunTime:0.001000s ]
NOTIC: [8192] preg_replace(): The /e modifier is deprecated, use preg_replace_callback instead F:\ThinkPHP\Lib\Core\Db.class.php 第 601 行.
SQL: SELECT * FROM `fa_user_guess_record` WHERE ( `room_id` = 33 ) ORDER BY guess_num desc LIMIT 20   [ RunTime:0.001000s ]
NOTIC: [8192] preg_replace(): The /e modifier is deprecated, use preg_replace_callback instead F:\ThinkPHP\Lib\Core\Db.class.php 第 601 行.
SQL: SELECT `username`,`rank` FROM `fa_user_user` WHERE ( `id` = 4 ) LIMIT 1   [ RunTime:0.000000s ]
NOTIC: [8192] preg_replace(): The /e modifier is deprecated, use preg_replace_callback instead F:\ThinkPHP\Lib\Core\Db.class.php 第 601 行.
SQL: SELECT SUM(guess_num) AS tp_sum FROM `fa_user_guess_record` WHERE ( `uid` = 1 ) AND ( `room_id` = 33 ) LIMIT 1   [ RunTime:0.001000s ]
NOTIC: [8] Undefined variable: data F:\work\__App__\Api\Lib\Action\CommonAction.class.php 第 104 行.
SQL: SHOW COLUMNS FROM `fa_reward_rule` [ RunTime:0.001000s ]
NOTIC: [8192] preg_replace(): The /e modifier is deprecated, use preg_replace_callback instead F:\ThinkPHP\Lib\Core\Db.class.php 第 601 行.
SQL: SELECT `id`,`name`,`data` FROM `fa_reward_rule`  [ RunTime:0.000000s ]

[ 2017-05-12T09:48:08+08:00 ] 127.0.0.1 /index.php?g=api&m=room&a=roomplayer&user_token=1fehsdffd
NOTIC: [8192] preg_replace(): The /e modifier is deprecated, use preg_replace_callback instead F:\ThinkPHP\Common\common.php 第 171 行.
INFO: [ app_begin ] --START--
INFO: Run ReadHtmlCache Behavior [ RunTime:0.001000s ]
INFO: [ app_begin ] --END-- [ RunTime:0.001000s ]
NOTIC: 建议使用I方法替代_request
NOTIC: 建议使用I方法替代_request
SQL: SHOW COLUMNS FROM `fa_user_user` [ RunTime:0.001000s ]
NOTIC: [8192] preg_replace(): The /e modifier is deprecated, use preg_replace_callback instead F:\ThinkPHP\Lib\Core\Db.class.php 第 601 行.
SQL: SELECT * FROM `fa_user_user` WHERE ( `token` = '1fehsdffd' ) LIMIT 1   [ RunTime:0.000000s ]
NOTIC: [8] Undefined variable: room_players F:\work\__App__\Api\Lib\Action\CommonAction.class.php 第 186 行.
SQL: SHOW COLUMNS FROM `fa_match_room_info` [ RunTime:0.001000s ]
NOTIC: [8192] preg_replace(): The /e modifier is deprecated, use preg_replace_callback instead F:\ThinkPHP\Lib\Core\Db.class.php 第 601 行.
SQL: SELECT `match_team` FROM `fa_match_room_info` WHERE ( `room_id` = 33 ) LIMIT 1   [ RunTime:0.001000s ]
SQL: SHOW COLUMNS FROM `fa_match_room` [ RunTime:0.002000s ]
NOTIC: [8192] preg_replace(): The /e modifier is deprecated, use preg_replace_callback instead F:\ThinkPHP\Lib\Core\Db.class.php 第 601 行.
SQL: SELECT `project_id` FROM `fa_match_room` WHERE ( `status` = 1 ) AND ( `id` = 33 ) LIMIT 1   [ RunTime:0.001000s ]
SQL: SHOW COLUMNS FROM `fa_match_list` [ RunTime:0.001000s ]
NOTIC: [8192] preg_replace(): The /e modifier is deprecated, use preg_replace_callback instead F:\ThinkPHP\Lib\Core\Db.class.php 第 601 行.
SQL: SELECT `team_a`,`team_b` FROM `fa_match_list` WHERE ( `id` = 8 ) LIMIT 1   [ RunTime:0.001001s ]
NOTIC: [8192] preg_replace(): The /e modifier is deprecated, use preg_replace_callback instead F:\ThinkPHP\Lib\Core\Db.class.php 第 601 行.
SQL: SELECT `team_a`,`team_b` FROM `fa_match_list` WHERE ( `id` = 9 ) LIMIT 1   [ RunTime:0.000000s ]
NOTIC: [8] Undefined variable: data F:\work\__App__\Api\Lib\Action\CommonAction.class.php 第 104 行.
SQL: SHOW COLUMNS FROM `fa_match_player_wcg` [ RunTime:0.002000s ]
NOTIC: [8192] preg_replace(): The /e modifier is deprecated, use preg_replace_callback instead F:\ThinkPHP\Lib\Core\Db.class.php 第 601 行.
SQL: SELECT * FROM `fa_match_player_wcg`  [ RunTime:0.001000s ]
NOTIC: [8192] preg_replace(): The /e modifier is deprecated, use preg_replace_callback instead F:\ThinkPHP\Lib\Core\Db.class.php 第 601 行.
SQL: SELECT * FROM `fa_match_room_info` WHERE ( `room_id` = 33 ) LIMIT 1   [ RunTime:0.000000s ]
NOTIC: [8] Undefined variable: data F:\work\__App__\Api\Lib\Action\CommonAction.class.php 第 104 行.
SQL: SHOW COLUMNS FROM `fa_match_type` [ RunTime:0.001000s ]
NOTIC: [8192] preg_replace(): The /e modifier is deprecated, use preg_replace_callback instead F:\ThinkPHP\Lib\Core\Db.class.php 第 601 行.
SQL: SELECT `id`,`name`,`introduce` FROM `fa_match_type`  [ RunTime:0.001000s ]
NOTIC: [8192] preg_replace(): The /e modifier is deprecated, use preg_replace_callback instead F:\ThinkPHP\Lib\Core\Db.class.php 第 601 行.
SQL: SELECT * FROM `fa_match_list` WHERE ( `id` = 8 ) LIMIT 1   [ RunTime:0.001000s ]
NOTIC: [8192] preg_replace(): The /e modifier is deprecated, use preg_replace_callback instead F:\ThinkPHP\Lib\Core\Db.class.php 第 601 行.
SQL: SELECT * FROM `fa_match_list` WHERE ( `id` = 9 ) LIMIT 1   [ RunTime:0.000000s ]
SQL: SHOW COLUMNS FROM `fa_player_match_data_lol` [ RunTime:0.002000s ]
NOTIC: [8192] preg_replace(): The /e modifier is deprecated, use preg_replace_callback instead F:\ThinkPHP\Lib\Core\Db.class.php 第 601 行.
SQL: SELECT `is_join` FROM `fa_player_match_data_lol` WHERE ( `match_id` = 8 ) AND ( `player_id` = 2 ) LIMIT 1   [ RunTime:0.000000s ]
NOTIC: [8192] preg_replace(): The /e modifier is deprecated, use preg_replace_callback instead F:\ThinkPHP\Lib\Core\Db.class.php 第 601 行.
SQL: SELECT `is_join` FROM `fa_player_match_data_lol` WHERE ( `match_id` = 8 ) AND ( `player_id` = 3 ) LIMIT 1   [ RunTime:0.000000s ]
NOTIC: [8192] preg_replace(): The /e modifier is deprecated, use preg_replace_callback instead F:\ThinkPHP\Lib\Core\Db.class.php 第 601 行.
SQL: SELECT `is_join` FROM `fa_player_match_data_lol` WHERE ( `match_id` = 8 ) AND ( `player_id` = 4 ) LIMIT 1   [ RunTime:0.001000s ]
NOTIC: [8192] preg_replace(): The /e modifier is deprecated, use preg_replace_callback instead F:\ThinkPHP\Lib\Core\Db.class.php 第 601 行.
SQL: SELECT `is_join` FROM `fa_player_match_data_lol` WHERE ( `match_id` = 8 ) AND ( `player_id` = 5 ) LIMIT 1   [ RunTime:0.000000s ]
NOTIC: [8192] preg_replace(): The /e modifier is deprecated, use preg_replace_callback instead F:\ThinkPHP\Lib\Core\Db.class.php 第 601 行.
SQL: SELECT `is_join` FROM `fa_player_match_data_lol` WHERE ( `match_id` = 8 ) AND ( `player_id` = 6 ) LIMIT 1   [ RunTime:0.001000s ]
NOTIC: [8192] preg_replace(): The /e modifier is deprecated, use preg_replace_callback instead F:\ThinkPHP\Lib\Core\Db.class.php 第 601 行.
SQL: SELECT `is_join` FROM `fa_player_match_data_lol` WHERE ( `match_id` = 8 ) AND ( `player_id` = 7 ) LIMIT 1   [ RunTime:0.000000s ]
NOTIC: [8192] preg_replace(): The /e modifier is deprecated, use preg_replace_callback instead F:\ThinkPHP\Lib\Core\Db.class.php 第 601 行.
SQL: SELECT `is_join` FROM `fa_player_match_data_lol` WHERE ( `match_id` = 8 ) AND ( `player_id` = 8 ) LIMIT 1   [ RunTime:0.001001s ]
NOTIC: [8192] preg_replace(): The /e modifier is deprecated, use preg_replace_callback instead F:\ThinkPHP\Lib\Core\Db.class.php 第 601 行.
SQL: SELECT `is_join` FROM `fa_player_match_data_lol` WHERE ( `match_id` = 8 ) AND ( `player_id` = 9 ) LIMIT 1   [ RunTime:0.000000s ]
NOTIC: [8192] preg_replace(): The /e modifier is deprecated, use preg_replace_callback instead F:\ThinkPHP\Lib\Core\Db.class.php 第 601 行.
SQL: SELECT `is_join` FROM `fa_player_match_data_lol` WHERE ( `match_id` = 8 ) AND ( `player_id` = 10 ) LIMIT 1   [ RunTime:0.000000s ]
NOTIC: [8192] preg_replace(): The /e modifier is deprecated, use preg_replace_callback instead F:\ThinkPHP\Lib\Core\Db.class.php 第 601 行.
SQL: SELECT `is_join` FROM `fa_player_match_data_lol` WHERE ( `match_id` = 9 ) AND ( `player_id` = 19 ) LIMIT 1   [ RunTime:0.001000s ]
NOTIC: [8192] preg_replace(): The /e modifier is deprecated, use preg_replace_callback instead F:\ThinkPHP\Lib\Core\Db.class.php 第 601 行.
SQL: SELECT `is_join` FROM `fa_player_match_data_lol` WHERE ( `match_id` = 9 ) AND ( `player_id` = 20 ) LIMIT 1   [ RunTime:0.000000s ]
NOTIC: [8192] preg_replace(): The /e modifier is deprecated, use preg_replace_callback instead F:\ThinkPHP\Lib\Core\Db.class.php 第 601 行.
SQL: SELECT `is_join` FROM `fa_player_match_data_lol` WHERE ( `match_id` = 9 ) AND ( `player_id` = 21 ) LIMIT 1   [ RunTime:0.001000s ]
NOTIC: [8192] preg_replace(): The /e modifier is deprecated, use preg_replace_callback instead F:\ThinkPHP\Lib\Core\Db.class.php 第 601 行.
SQL: SELECT `is_join` FROM `fa_player_match_data_lol` WHERE ( `match_id` = 9 ) AND ( `player_id` = 22 ) LIMIT 1   [ RunTime:0.000000s ]
NOTIC: [8192] preg_replace(): The /e modifier is deprecated, use preg_replace_callback instead F:\ThinkPHP\Lib\Core\Db.class.php 第 601 行.
SQL: SELECT `is_join` FROM `fa_player_match_data_lol` WHERE ( `match_id` = 9 ) AND ( `player_id` = 23 ) LIMIT 1   [ RunTime:0.000000s ]
NOTIC: [8192] preg_replace(): The /e modifier is deprecated, use preg_replace_callback instead F:\ThinkPHP\Lib\Core\Db.class.php 第 601 行.
SQL: SELECT `is_join` FROM `fa_player_match_data_lol` WHERE ( `match_id` = 9 ) AND ( `player_id` = 24 ) LIMIT 1   [ RunTime:0.001000s ]
NOTIC: [8192] preg_replace(): The /e modifier is deprecated, use preg_replace_callback instead F:\ThinkPHP\Lib\Core\Db.class.php 第 601 行.
SQL: SELECT `is_join` FROM `fa_player_match_data_lol` WHERE ( `match_id` = 9 ) AND ( `player_id` = 25 ) LIMIT 1   [ RunTime:0.000000s ]
NOTIC: [8192] preg_replace(): The /e modifier is deprecated, use preg_replace_callback instead F:\ThinkPHP\Lib\Core\Db.class.php 第 601 行.
SQL: SELECT `is_join` FROM `fa_player_match_data_lol` WHERE ( `match_id` = 9 ) AND ( `player_id` = 26 ) LIMIT 1   [ RunTime:0.001000s ]
NOTIC: [8192] preg_replace(): The /e modifier is deprecated, use preg_replace_callback instead F:\ThinkPHP\Lib\Core\Db.class.php 第 601 行.
SQL: SELECT `is_join` FROM `fa_player_match_data_lol` WHERE ( `match_id` = 8 ) AND ( `player_id` = 28 ) LIMIT 1   [ RunTime:0.000000s ]
NOTIC: [8192] preg_replace(): The /e modifier is deprecated, use preg_replace_callback instead F:\ThinkPHP\Lib\Core\Db.class.php 第 601 行.
SQL: SELECT `is_join` FROM `fa_player_match_data_lol` WHERE ( `match_id` = 8 ) AND ( `player_id` = 29 ) LIMIT 1   [ RunTime:0.000000s ]
NOTIC: [8192] preg_replace(): The /e modifier is deprecated, use preg_replace_callback instead F:\ThinkPHP\Lib\Core\Db.class.php 第 601 行.
SQL: SELECT `is_join` FROM `fa_player_match_data_lol` WHERE ( `match_id` = 8 ) AND ( `player_id` = 31 ) LIMIT 1   [ RunTime:0.001000s ]
NOTIC: [8192] preg_replace(): The /e modifier is deprecated, use preg_replace_callback instead F:\ThinkPHP\Lib\Core\Db.class.php 第 601 行.
SQL: SELECT `is_join` FROM `fa_player_match_data_lol` WHERE ( `match_id` = 8 ) AND ( `player_id` = 32 ) LIMIT 1   [ RunTime:0.000000s ]
NOTIC: [8192] preg_replace(): The /e modifier is deprecated, use preg_replace_callback instead F:\ThinkPHP\Lib\Core\Db.class.php 第 601 行.
SQL: SELECT `is_join` FROM `fa_player_match_data_lol` WHERE ( `match_id` = 8 ) AND ( `player_id` = 36 ) LIMIT 1   [ RunTime:0.001000s ]
NOTIC: [8192] preg_replace(): The /e modifier is deprecated, use preg_replace_callback instead F:\ThinkPHP\Lib\Core\Db.class.php 第 601 行.
SQL: SELECT `is_join` FROM `fa_player_match_data_lol` WHERE ( `match_id` = 9 ) AND ( `player_id` = 37 ) LIMIT 1   [ RunTime:0.000000s ]
NOTIC: [8192] preg_replace(): The /e modifier is deprecated, use preg_replace_callback instead F:\ThinkPHP\Lib\Core\Db.class.php 第 601 行.
SQL: SELECT `is_join` FROM `fa_player_match_data_lol` WHERE ( `match_id` = 9 ) AND ( `player_id` = 38 ) LIMIT 1   [ RunTime:0.000000s ]
NOTIC: [8192] preg_replace(): The /e modifier is deprecated, use preg_replace_callback instead F:\ThinkPHP\Lib\Core\Db.class.php 第 601 行.
SQL: SELECT `is_join` FROM `fa_player_match_data_lol` WHERE ( `match_id` = 9 ) AND ( `player_id` = 39 ) LIMIT 1   [ RunTime:0.001000s ]
NOTIC: [8192] preg_replace(): The /e modifier is deprecated, use preg_replace_callback instead F:\ThinkPHP\Lib\Core\Db.class.php 第 601 行.
SQL: SELECT `is_join` FROM `fa_player_match_data_lol` WHERE ( `match_id` = 9 ) AND ( `player_id` = 40 ) LIMIT 1   [ RunTime:0.000000s ]
NOTIC: [8192] preg_replace(): The /e modifier is deprecated, use preg_replace_callback instead F:\ThinkPHP\Lib\Core\Db.class.php 第 601 行.
SQL: SELECT `is_join` FROM `fa_player_match_data_lol` WHERE ( `match_id` = 9 ) AND ( `player_id` = 41 ) LIMIT 1   [ RunTime:0.000000s ]
NOTIC: [8192] preg_replace(): The /e modifier is deprecated, use preg_replace_callback instead F:\ThinkPHP\Lib\Core\Db.class.php 第 601 行.
SQL: SELECT `is_join` FROM `fa_player_match_data_lol` WHERE ( `match_id` = 9 ) AND ( `player_id` = 42 ) LIMIT 1   [ RunTime:0.001000s ]
NOTIC: [8192] preg_replace(): The /e modifier is deprecated, use preg_replace_callback instead F:\ThinkPHP\Lib\Core\Db.class.php 第 601 行.
SQL: SELECT `is_join` FROM `fa_player_match_data_lol` WHERE ( `match_id` = 9 ) AND ( `player_id` = 43 ) LIMIT 1   [ RunTime:0.000000s ]
NOTIC: [8192] preg_replace(): The /e modifier is deprecated, use preg_replace_callback instead F:\ThinkPHP\Lib\Core\Db.class.php 第 601 行.
SQL: SELECT `is_join` FROM `fa_player_match_data_lol` WHERE ( `match_id` = 9 ) AND ( `player_id` = 44 ) LIMIT 1   [ RunTime:0.001000s ]
NOTIC: [8192] preg_replace(): The /e modifier is deprecated, use preg_replace_callback instead F:\ThinkPHP\Lib\Core\Db.class.php 第 601 行.
SQL: SELECT `is_join` FROM `fa_player_match_data_lol` WHERE ( `match_id` = 8 ) AND ( `player_id` = 47 ) LIMIT 1   [ RunTime:0.000000s ]
NOTIC: [8192] preg_replace(): The /e modifier is deprecated, use preg_replace_callback instead F:\ThinkPHP\Lib\Core\Db.class.php 第 601 行.
SQL: SELECT `is_join` FROM `fa_player_match_data_lol` WHERE ( `match_id` = 9 ) AND ( `player_id` = 50 ) LIMIT 1   [ RunTime:0.000000s ]
NOTIC: [8192] preg_replace(): The /e modifier is deprecated, use preg_replace_callback instead F:\ThinkPHP\Lib\Core\Db.class.php 第 601 行.
SQL: SELECT `is_join` FROM `fa_player_match_data_lol` WHERE ( `match_id` = 8 ) AND ( `player_id` = 51 ) LIMIT 1   [ RunTime:0.000000s ]
NOTIC: [8192] preg_replace(): The /e modifier is deprecated, use preg_replace_callback instead F:\ThinkPHP\Lib\Core\Db.class.php 第 601 行.
SQL: SELECT `is_join` FROM `fa_player_match_data_lol` WHERE ( `match_id` = 9 ) AND ( `player_id` = 52 ) LIMIT 1   [ RunTime:0.000000s ]
NOTIC: [8] Undefined variable: project_id F:\work\__App__\Api\Modules\Api\Action\RoomAction.class.php 第 142 行.
NOTIC: [8] Undefined variable: project_id F:\work\__App__\Api\Modules\Api\Action\RoomAction.class.php 第 144 行.
NOTIC: [8] Undefined variable: PlayerMatchData F:\work\__App__\Api\Modules\Api\Action\RoomAction.class.php 第 149 行.

[ 2017-05-12T09:52:36+08:00 ] 127.0.0.1 /index.php?g=api&m=room&a=roomplayer&user_token=1fehsdffd
NOTIC: [8192] preg_replace(): The /e modifier is deprecated, use preg_replace_callback instead F:\ThinkPHP\Common\common.php 第 171 行.
INFO: [ app_begin ] --START--
INFO: Run ReadHtmlCache Behavior [ RunTime:0.001001s ]
INFO: [ app_begin ] --END-- [ RunTime:0.001001s ]
NOTIC: 建议使用I方法替代_request
NOTIC: 建议使用I方法替代_request
SQL: SHOW COLUMNS FROM `fa_user_user` [ RunTime:0.002000s ]
NOTIC: [8192] preg_replace(): The /e modifier is deprecated, use preg_replace_callback instead F:\ThinkPHP\Lib\Core\Db.class.php 第 601 行.
SQL: SELECT * FROM `fa_user_user` WHERE ( `token` = '1fehsdffd' ) LIMIT 1   [ RunTime:0.001000s ]
NOTIC: [8] Undefined variable: room_players F:\work\__App__\Api\Lib\Action\CommonAction.class.php 第 186 行.
SQL: SHOW COLUMNS FROM `fa_match_room_info` [ RunTime:0.001000s ]
NOTIC: [8192] preg_replace(): The /e modifier is deprecated, use preg_replace_callback instead F:\ThinkPHP\Lib\Core\Db.class.php 第 601 行.
SQL: SELECT `match_team` FROM `fa_match_room_info` WHERE ( `room_id` = 33 ) LIMIT 1   [ RunTime:0.000000s ]
SQL: SHOW COLUMNS FROM `fa_match_room` [ RunTime:0.003000s ]
NOTIC: [8192] preg_replace(): The /e modifier is deprecated, use preg_replace_callback instead F:\ThinkPHP\Lib\Core\Db.class.php 第 601 行.
SQL: SELECT `project_id` FROM `fa_match_room` WHERE ( `status` = 1 ) AND ( `id` = 33 ) LIMIT 1   [ RunTime:0.000000s ]
SQL: SHOW COLUMNS FROM `fa_match_list` [ RunTime:0.002000s ]
NOTIC: [8192] preg_replace(): The /e modifier is deprecated, use preg_replace_callback instead F:\ThinkPHP\Lib\Core\Db.class.php 第 601 行.
SQL: SELECT `team_a`,`team_b` FROM `fa_match_list` WHERE ( `id` = 8 ) LIMIT 1   [ RunTime:0.001001s ]
NOTIC: [8192] preg_replace(): The /e modifier is deprecated, use preg_replace_callback instead F:\ThinkPHP\Lib\Core\Db.class.php 第 601 行.
SQL: SELECT `team_a`,`team_b` FROM `fa_match_list` WHERE ( `id` = 9 ) LIMIT 1   [ RunTime:0.000000s ]
NOTIC: [8] Undefined variable: data F:\work\__App__\Api\Lib\Action\CommonAction.class.php 第 104 行.
SQL: SHOW COLUMNS FROM `fa_match_player_wcg` [ RunTime:0.002000s ]
NOTIC: [8192] preg_replace(): The /e modifier is deprecated, use preg_replace_callback instead F:\ThinkPHP\Lib\Core\Db.class.php 第 601 行.
SQL: SELECT * FROM `fa_match_player_wcg`  [ RunTime:0.002000s ]
NOTIC: [8192] preg_replace(): The /e modifier is deprecated, use preg_replace_callback instead F:\ThinkPHP\Lib\Core\Db.class.php 第 601 行.
SQL: SELECT * FROM `fa_match_room_info` WHERE ( `room_id` = 33 ) LIMIT 1   [ RunTime:0.000000s ]
NOTIC: [8] Undefined variable: data F:\work\__App__\Api\Lib\Action\CommonAction.class.php 第 104 行.
SQL: SHOW COLUMNS FROM `fa_match_type` [ RunTime:0.001000s ]
NOTIC: [8192] preg_replace(): The /e modifier is deprecated, use preg_replace_callback instead F:\ThinkPHP\Lib\Core\Db.class.php 第 601 行.
SQL: SELECT `id`,`name`,`introduce` FROM `fa_match_type`  [ RunTime:0.000000s ]
NOTIC: [8192] preg_replace(): The /e modifier is deprecated, use preg_replace_callback instead F:\ThinkPHP\Lib\Core\Db.class.php 第 601 行.
SQL: SELECT * FROM `fa_match_list` WHERE ( `id` = 8 ) LIMIT 1   [ RunTime:0.001000s ]
NOTIC: [8192] preg_replace(): The /e modifier is deprecated, use preg_replace_callback instead F:\ThinkPHP\Lib\Core\Db.class.php 第 601 行.
SQL: SELECT * FROM `fa_match_list` WHERE ( `id` = 9 ) LIMIT 1   [ RunTime:0.001000s ]
SQL: SHOW COLUMNS FROM `fa_player_match_data_lol` [ RunTime:0.002000s ]
NOTIC: [8192] preg_replace(): The /e modifier is deprecated, use preg_replace_callback instead F:\ThinkPHP\Lib\Core\Db.class.php 第 601 行.
SQL: SELECT `is_join` FROM `fa_player_match_data_lol` WHERE ( `match_id` = 8 ) AND ( `player_id` = 2 ) LIMIT 1   [ RunTime:0.000000s ]
NOTIC: [8192] preg_replace(): The /e modifier is deprecated, use preg_replace_callback instead F:\ThinkPHP\Lib\Core\Db.class.php 第 601 行.
SQL: SELECT `is_join` FROM `fa_player_match_data_lol` WHERE ( `match_id` = 8 ) AND ( `player_id` = 3 ) LIMIT 1   [ RunTime:0.000000s ]
NOTIC: [8192] preg_replace(): The /e modifier is deprecated, use preg_replace_callback instead F:\ThinkPHP\Lib\Core\Db.class.php 第 601 行.
SQL: SELECT `is_join` FROM `fa_player_match_data_lol` WHERE ( `match_id` = 8 ) AND ( `player_id` = 4 ) LIMIT 1   [ RunTime:0.001000s ]
NOTIC: [8192] preg_replace(): The /e modifier is deprecated, use preg_replace_callback instead F:\ThinkPHP\Lib\Core\Db.class.php 第 601 行.
SQL: SELECT `is_join` FROM `fa_player_match_data_lol` WHERE ( `match_id` = 8 ) AND ( `player_id` = 5 ) LIMIT 1   [ RunTime:0.000000s ]
NOTIC: [8192] preg_replace(): The /e modifier is deprecated, use preg_replace_callback instead F:\ThinkPHP\Lib\Core\Db.class.php 第 601 行.
SQL: SELECT `is_join` FROM `fa_player_match_data_lol` WHERE ( `match_id` = 8 ) AND ( `player_id` = 6 ) LIMIT 1   [ RunTime:0.001000s ]
NOTIC: [8192] preg_replace(): The /e modifier is deprecated, use preg_replace_callback instead F:\ThinkPHP\Lib\Core\Db.class.php 第 601 行.
SQL: SELECT `is_join` FROM `fa_player_match_data_lol` WHERE ( `match_id` = 8 ) AND ( `player_id` = 7 ) LIMIT 1   [ RunTime:0.001000s ]
NOTIC: [8192] preg_replace(): The /e modifier is deprecated, use preg_replace_callback instead F:\ThinkPHP\Lib\Core\Db.class.php 第 601 行.
SQL: SELECT `is_join` FROM `fa_player_match_data_lol` WHERE ( `match_id` = 8 ) AND ( `player_id` = 8 ) LIMIT 1   [ RunTime:0.000000s ]
NOTIC: [8192] preg_replace(): The /e modifier is deprecated, use preg_replace_callback instead F:\ThinkPHP\Lib\Core\Db.class.php 第 601 行.
SQL: SELECT `is_join` FROM `fa_player_match_data_lol` WHERE ( `match_id` = 8 ) AND ( `player_id` = 9 ) LIMIT 1   [ RunTime:0.000000s ]
NOTIC: [8192] preg_replace(): The /e modifier is deprecated, use preg_replace_callback instead F:\ThinkPHP\Lib\Core\Db.class.php 第 601 行.
SQL: SELECT `is_join` FROM `fa_player_match_data_lol` WHERE ( `match_id` = 8 ) AND ( `player_id` = 10 ) LIMIT 1   [ RunTime:0.001000s ]
NOTIC: [8192] preg_replace(): The /e modifier is deprecated, use preg_replace_callback instead F:\ThinkPHP\Lib\Core\Db.class.php 第 601 行.
SQL: SELECT `is_join` FROM `fa_player_match_data_lol` WHERE ( `match_id` = 9 ) AND ( `player_id` = 19 ) LIMIT 1   [ RunTime:0.000000s ]
NOTIC: [8192] preg_replace(): The /e modifier is deprecated, use preg_replace_callback instead F:\ThinkPHP\Lib\Core\Db.class.php 第 601 行.
SQL: SELECT `is_join` FROM `fa_player_match_data_lol` WHERE ( `match_id` = 9 ) AND ( `player_id` = 20 ) LIMIT 1   [ RunTime:0.000000s ]
NOTIC: [8192] preg_replace(): The /e modifier is deprecated, use preg_replace_callback instead F:\ThinkPHP\Lib\Core\Db.class.php 第 601 行.
SQL: SELECT `is_join` FROM `fa_player_match_data_lol` WHERE ( `match_id` = 9 ) AND ( `player_id` = 21 ) LIMIT 1   [ RunTime:0.000000s ]
NOTIC: [8192] preg_replace(): The /e modifier is deprecated, use preg_replace_callback instead F:\ThinkPHP\Lib\Core\Db.class.php 第 601 行.
SQL: SELECT `is_join` FROM `fa_player_match_data_lol` WHERE ( `match_id` = 9 ) AND ( `player_id` = 22 ) LIMIT 1   [ RunTime:0.000000s ]
NOTIC: [8192] preg_replace(): The /e modifier is deprecated, use preg_replace_callback instead F:\ThinkPHP\Lib\Core\Db.class.php 第 601 行.
SQL: SELECT `is_join` FROM `fa_player_match_data_lol` WHERE ( `match_id` = 9 ) AND ( `player_id` = 23 ) LIMIT 1   [ RunTime:0.000000s ]
NOTIC: [8192] preg_replace(): The /e modifier is deprecated, use preg_replace_callback instead F:\ThinkPHP\Lib\Core\Db.class.php 第 601 行.
SQL: SELECT `is_join` FROM `fa_player_match_data_lol` WHERE ( `match_id` = 9 ) AND ( `player_id` = 24 ) LIMIT 1   [ RunTime:0.001000s ]
NOTIC: [8192] preg_replace(): The /e modifier is deprecated, use preg_replace_callback instead F:\ThinkPHP\Lib\Core\Db.class.php 第 601 行.
SQL: SELECT `is_join` FROM `fa_player_match_data_lol` WHERE ( `match_id` = 9 ) AND ( `player_id` = 25 ) LIMIT 1   [ RunTime:0.000000s ]
NOTIC: [8192] preg_replace(): The /e modifier is deprecated, use preg_replace_callback instead F:\ThinkPHP\Lib\Core\Db.class.php 第 601 行.
SQL: SELECT `is_join` FROM `fa_player_match_data_lol` WHERE ( `match_id` = 9 ) AND ( `player_id` = 26 ) LIMIT 1   [ RunTime:0.001000s ]
NOTIC: [8192] preg_replace(): The /e modifier is deprecated, use preg_replace_callback instead F:\ThinkPHP\Lib\Core\Db.class.php 第 601 行.
SQL: SELECT `is_join` FROM `fa_player_match_data_lol` WHERE ( `match_id` = 8 ) AND ( `player_id` = 28 ) LIMIT 1   [ RunTime:0.000000s ]
NOTIC: [8192] preg_replace(): The /e modifier is deprecated, use preg_replace_callback instead F:\ThinkPHP\Lib\Core\Db.class.php 第 601 行.
SQL: SELECT `is_join` FROM `fa_player_match_data_lol` WHERE ( `match_id` = 8 ) AND ( `player_id` = 29 ) LIMIT 1   [ RunTime:0.001000s ]
NOTIC: [8192] preg_replace(): The /e modifier is deprecated, use preg_replace_callback instead F:\ThinkPHP\Lib\Core\Db.class.php 第 601 行.
SQL: SELECT `is_join` FROM `fa_player_match_data_lol` WHERE ( `match_id` = 8 ) AND ( `player_id` = 31 ) LIMIT 1   [ RunTime:0.000000s ]
NOTIC: [8192] preg_replace(): The /e modifier is deprecated, use preg_replace_callback instead F:\ThinkPHP\Lib\Core\Db.class.php 第 601 行.
SQL: SELECT `is_join` FROM `fa_player_match_data_lol` WHERE ( `match_id` = 8 ) AND ( `player_id` = 32 ) LIMIT 1   [ RunTime:0.000000s ]
NOTIC: [8192] preg_replace(): The /e modifier is deprecated, use preg_replace_callback instead F:\ThinkPHP\Lib\Core\Db.class.php 第 601 行.
SQL: SELECT `is_join` FROM `fa_player_match_data_lol` WHERE ( `match_id` = 8 ) AND ( `player_id` = 36 ) LIMIT 1   [ RunTime:0.000000s ]
NOTIC: [8192] preg_replace(): The /e modifier is deprecated, use preg_replace_callback instead F:\ThinkPHP\Lib\Core\Db.class.php 第 601 行.
SQL: SELECT `is_join` FROM `fa_player_match_data_lol` WHERE ( `match_id` = 9 ) AND ( `player_id` = 37 ) LIMIT 1   [ RunTime:0.000000s ]
NOTIC: [8192] preg_replace(): The /e modifier is deprecated, use preg_replace_callback instead F:\ThinkPHP\Lib\Core\Db.class.php 第 601 行.
SQL: SELECT `is_join` FROM `fa_player_match_data_lol` WHERE ( `match_id` = 9 ) AND ( `player_id` = 38 ) LIMIT 1   [ RunTime:0.000000s ]
NOTIC: [8192] preg_replace(): The /e modifier is deprecated, use preg_replace_callback instead F:\ThinkPHP\Lib\Core\Db.class.php 第 601 行.
SQL: SELECT `is_join` FROM `fa_player_match_data_lol` WHERE ( `match_id` = 9 ) AND ( `player_id` = 39 ) LIMIT 1   [ RunTime:0.000000s ]
NOTIC: [8192] preg_replace(): The /e modifier is deprecated, use preg_replace_callback instead F:\ThinkPHP\Lib\Core\Db.class.php 第 601 行.
SQL: SELECT `is_join` FROM `fa_player_match_data_lol` WHERE ( `match_id` = 9 ) AND ( `player_id` = 40 ) LIMIT 1   [ RunTime:0.001000s ]
NOTIC: [8192] preg_replace(): The /e modifier is deprecated, use preg_replace_callback instead F:\ThinkPHP\Lib\Core\Db.class.php 第 601 行.
SQL: SELECT `is_join` FROM `fa_player_match_data_lol` WHERE ( `match_id` = 9 ) AND ( `player_id` = 41 ) LIMIT 1   [ RunTime:0.000000s ]
NOTIC: [8192] preg_replace(): The /e modifier is deprecated, use preg_replace_callback instead F:\ThinkPHP\Lib\Core\Db.class.php 第 601 行.
SQL: SELECT `is_join` FROM `fa_player_match_data_lol` WHERE ( `match_id` = 9 ) AND ( `player_id` = 42 ) LIMIT 1   [ RunTime:0.001000s ]
NOTIC: [8192] preg_replace(): The /e modifier is deprecated, use preg_replace_callback instead F:\ThinkPHP\Lib\Core\Db.class.php 第 601 行.
SQL: SELECT `is_join` FROM `fa_player_match_data_lol` WHERE ( `match_id` = 9 ) AND ( `player_id` = 43 ) LIMIT 1   [ RunTime:0.000000s ]
NOTIC: [8192] preg_replace(): The /e modifier is deprecated, use preg_replace_callback instead F:\ThinkPHP\Lib\Core\Db.class.php 第 601 行.
SQL: SELECT `is_join` FROM `fa_player_match_data_lol` WHERE ( `match_id` = 9 ) AND ( `player_id` = 44 ) LIMIT 1   [ RunTime:0.001000s ]
NOTIC: [8192] preg_replace(): The /e modifier is deprecated, use preg_replace_callback instead F:\ThinkPHP\Lib\Core\Db.class.php 第 601 行.
SQL: SELECT `is_join` FROM `fa_player_match_data_lol` WHERE ( `match_id` = 8 ) AND ( `player_id` = 47 ) LIMIT 1   [ RunTime:0.000000s ]
NOTIC: [8192] preg_replace(): The /e modifier is deprecated, use preg_replace_callback instead F:\ThinkPHP\Lib\Core\Db.class.php 第 601 行.
SQL: SELECT `is_join` FROM `fa_player_match_data_lol` WHERE ( `match_id` = 9 ) AND ( `player_id` = 50 ) LIMIT 1   [ RunTime:0.001001s ]
NOTIC: [8192] preg_replace(): The /e modifier is deprecated, use preg_replace_callback instead F:\ThinkPHP\Lib\Core\Db.class.php 第 601 行.
SQL: SELECT `is_join` FROM `fa_player_match_data_lol` WHERE ( `match_id` = 8 ) AND ( `player_id` = 51 ) LIMIT 1   [ RunTime:0.000000s ]
NOTIC: [8192] preg_replace(): The /e modifier is deprecated, use preg_replace_callback instead F:\ThinkPHP\Lib\Core\Db.class.php 第 601 行.
SQL: SELECT `is_join` FROM `fa_player_match_data_lol` WHERE ( `match_id` = 9 ) AND ( `player_id` = 52 ) LIMIT 1   [ RunTime:0.001000s ]
NOTIC: [8192] preg_replace(): The /e modifier is deprecated, use preg_replace_callback instead F:\ThinkPHP\Lib\Core\Db.class.php 第 601 行.
SQL: SELECT `project_id` FROM `fa_match_room` WHERE ( id =33 ) LIMIT 1   [ RunTime:0.001000s ]
NOTIC: [8192] preg_replace(): The /e modifier is deprecated, use preg_replace_callback instead F:\ThinkPHP\Lib\Core\Db.class.php 第 601 行.
SQL: SELECT `match_id`,`score`,`is_join` FROM `fa_player_match_data_lol` WHERE ( `player_id` = 2 ) ORDER BY id desc LIMIT 11   [ RunTime:0.001000s ]
NOTIC: [8192] preg_replace(): The /e modifier is deprecated, use preg_replace_callback instead F:\ThinkPHP\Lib\Core\Db.class.php 第 601 行.
SQL: SELECT `match_id`,`score`,`is_join` FROM `fa_player_match_data_lol` WHERE ( `player_id` = 3 ) ORDER BY id desc LIMIT 11   [ RunTime:0.000000s ]
NOTIC: [8192] preg_replace(): The /e modifier is deprecated, use preg_replace_callback instead F:\ThinkPHP\Lib\Core\Db.class.php 第 601 行.
SQL: SELECT `match_id`,`score`,`is_join` FROM `fa_player_match_data_lol` WHERE ( `player_id` = 4 ) ORDER BY id desc LIMIT 11   [ RunTime:0.000000s ]
NOTIC: [8192] preg_replace(): The /e modifier is deprecated, use preg_replace_callback instead F:\ThinkPHP\Lib\Core\Db.class.php 第 601 行.
SQL: SELECT `match_id`,`score`,`is_join` FROM `fa_player_match_data_lol` WHERE ( `player_id` = 5 ) ORDER BY id desc LIMIT 11   [ RunTime:0.001000s ]
NOTIC: [8192] preg_replace(): The /e modifier is deprecated, use preg_replace_callback instead F:\ThinkPHP\Lib\Core\Db.class.php 第 601 行.
SQL: SELECT `match_id`,`score`,`is_join` FROM `fa_player_match_data_lol` WHERE ( `player_id` = 6 ) ORDER BY id desc LIMIT 11   [ RunTime:0.000000s ]
NOTIC: [8192] preg_replace(): The /e modifier is deprecated, use preg_replace_callback instead F:\ThinkPHP\Lib\Core\Db.class.php 第 601 行.
SQL: SELECT `match_id`,`score`,`is_join` FROM `fa_player_match_data_lol` WHERE ( `player_id` = 7 ) ORDER BY id desc LIMIT 11   [ RunTime:0.000000s ]
NOTIC: [8192] preg_replace(): The /e modifier is deprecated, use preg_replace_callback instead F:\ThinkPHP\Lib\Core\Db.class.php 第 601 行.
SQL: SELECT `match_id`,`score`,`is_join` FROM `fa_player_match_data_lol` WHERE ( `player_id` = 8 ) ORDER BY id desc LIMIT 11   [ RunTime:0.001000s ]
NOTIC: [8192] preg_replace(): The /e modifier is deprecated, use preg_replace_callback instead F:\ThinkPHP\Lib\Core\Db.class.php 第 601 行.
SQL: SELECT `match_id`,`score`,`is_join` FROM `fa_player_match_data_lol` WHERE ( `player_id` = 9 ) ORDER BY id desc LIMIT 11   [ RunTime:0.000000s ]
NOTIC: [8192] preg_replace(): The /e modifier is deprecated, use preg_replace_callback instead F:\ThinkPHP\Lib\Core\Db.class.php 第 601 行.
SQL: SELECT `match_id`,`score`,`is_join` FROM `fa_player_match_data_lol` WHERE ( `player_id` = 10 ) ORDER BY id desc LIMIT 11   [ RunTime:0.000000s ]
NOTIC: [8192] preg_replace(): The /e modifier is deprecated, use preg_replace_callback instead F:\ThinkPHP\Lib\Core\Db.class.php 第 601 行.
SQL: SELECT `match_id`,`score`,`is_join` FROM `fa_player_match_data_lol` WHERE ( `player_id` = 19 ) ORDER BY id desc LIMIT 11   [ RunTime:0.001000s ]
NOTIC: [8192] preg_replace(): The /e modifier is deprecated, use preg_replace_callback instead F:\ThinkPHP\Lib\Core\Db.class.php 第 601 行.
SQL: SELECT `match_id`,`score`,`is_join` FROM `fa_player_match_data_lol` WHERE ( `player_id` = 20 ) ORDER BY id desc LIMIT 11   [ RunTime:0.000000s ]
NOTIC: [8192] preg_replace(): The /e modifier is deprecated, use preg_replace_callback instead F:\ThinkPHP\Lib\Core\Db.class.php 第 601 行.
SQL: SELECT `match_id`,`score`,`is_join` FROM `fa_player_match_data_lol` WHERE ( `player_id` = 21 ) ORDER BY id desc LIMIT 11   [ RunTime:0.000000s ]
NOTIC: [8192] preg_replace(): The /e modifier is deprecated, use preg_replace_callback instead F:\ThinkPHP\Lib\Core\Db.class.php 第 601 行.
SQL: SELECT `match_id`,`score`,`is_join` FROM `fa_player_match_data_lol` WHERE ( `player_id` = 22 ) ORDER BY id desc LIMIT 11   [ RunTime:0.001000s ]
NOTIC: [8192] preg_replace(): The /e modifier is deprecated, use preg_replace_callback instead F:\ThinkPHP\Lib\Core\Db.class.php 第 601 行.
SQL: SELECT `match_id`,`score`,`is_join` FROM `fa_player_match_data_lol` WHERE ( `player_id` = 23 ) ORDER BY id desc LIMIT 11   [ RunTime:0.000000s ]
NOTIC: [8192] preg_replace(): The /e modifier is deprecated, use preg_replace_callback instead F:\ThinkPHP\Lib\Core\Db.class.php 第 601 行.
SQL: SELECT `match_id`,`score`,`is_join` FROM `fa_player_match_data_lol` WHERE ( `player_id` = 24 ) ORDER BY id desc LIMIT 11   [ RunTime:0.000000s ]
NOTIC: [8192] preg_replace(): The /e modifier is deprecated, use preg_replace_callback instead F:\ThinkPHP\Lib\Core\Db.class.php 第 601 行.
SQL: SELECT `match_id`,`score`,`is_join` FROM `fa_player_match_data_lol` WHERE ( `player_id` = 25 ) ORDER BY id desc LIMIT 11   [ RunTime:0.001000s ]
NOTIC: [8192] preg_replace(): The /e modifier is deprecated, use preg_replace_callback instead F:\ThinkPHP\Lib\Core\Db.class.php 第 601 行.
SQL: SELECT `match_id`,`score`,`is_join` FROM `fa_player_match_data_lol` WHERE ( `player_id` = 26 ) ORDER BY id desc LIMIT 11   [ RunTime:0.000000s ]
NOTIC: [8192] preg_replace(): The /e modifier is deprecated, use preg_replace_callback instead F:\ThinkPHP\Lib\Core\Db.class.php 第 601 行.
SQL: SELECT `match_id`,`score`,`is_join` FROM `fa_player_match_data_lol` WHERE ( `player_id` = 28 ) ORDER BY id desc LIMIT 11   [ RunTime:0.000000s ]
NOTIC: [8192] preg_replace(): The /e modifier is deprecated, use preg_replace_callback instead F:\ThinkPHP\Lib\Core\Db.class.php 第 601 行.
SQL: SELECT `match_id`,`score`,`is_join` FROM `fa_player_match_data_lol` WHERE ( `player_id` = 29 ) ORDER BY id desc LIMIT 11   [ RunTime:0.001000s ]
NOTIC: [8192] preg_replace(): The /e modifier is deprecated, use preg_replace_callback instead F:\ThinkPHP\Lib\Core\Db.class.php 第 601 行.
SQL: SELECT `match_id`,`score`,`is_join` FROM `fa_player_match_data_lol` WHERE ( `player_id` = 31 ) ORDER BY id desc LIMIT 11   [ RunTime:0.001000s ]
NOTIC: [8192] preg_replace(): The /e modifier is deprecated, use preg_replace_callback instead F:\ThinkPHP\Lib\Core\Db.class.php 第 601 行.
SQL: SELECT `match_id`,`score`,`is_join` FROM `fa_player_match_data_lol` WHERE ( `player_id` = 32 ) ORDER BY id desc LIMIT 11   [ RunTime:0.000000s ]
NOTIC: [8192] preg_replace(): The /e modifier is deprecated, use preg_replace_callback instead F:\ThinkPHP\Lib\Core\Db.class.php 第 601 行.
SQL: SELECT `match_id`,`score`,`is_join` FROM `fa_player_match_data_lol` WHERE ( `player_id` = 36 ) ORDER BY id desc LIMIT 11   [ RunTime:0.001001s ]
NOTIC: [8192] preg_replace(): The /e modifier is deprecated, use preg_replace_callback instead F:\ThinkPHP\Lib\Core\Db.class.php 第 601 行.
SQL: SELECT `match_id`,`score`,`is_join` FROM `fa_player_match_data_lol` WHERE ( `player_id` = 37 ) ORDER BY id desc LIMIT 11   [ RunTime:0.001000s ]
NOTIC: [8192] preg_replace(): The /e modifier is deprecated, use preg_replace_callback instead F:\ThinkPHP\Lib\Core\Db.class.php 第 601 行.
SQL: SELECT `match_id`,`score`,`is_join` FROM `fa_player_match_data_lol` WHERE ( `player_id` = 38 ) ORDER BY id desc LIMIT 11   [ RunTime:0.000000s ]
NOTIC: [8192] preg_replace(): The /e modifier is deprecated, use preg_replace_callback instead F:\ThinkPHP\Lib\Core\Db.class.php 第 601 行.
SQL: SELECT `match_id`,`score`,`is_join` FROM `fa_player_match_data_lol` WHERE ( `player_id` = 39 ) ORDER BY id desc LIMIT 11   [ RunTime:0.001000s ]
NOTIC: [8192] preg_replace(): The /e modifier is deprecated, use preg_replace_callback instead F:\ThinkPHP\Lib\Core\Db.class.php 第 601 行.
SQL: SELECT `match_id`,`score`,`is_join` FROM `fa_player_match_data_lol` WHERE ( `player_id` = 40 ) ORDER BY id desc LIMIT 11   [ RunTime:0.001000s ]
NOTIC: [8192] preg_replace(): The /e modifier is deprecated, use preg_replace_callback instead F:\ThinkPHP\Lib\Core\Db.class.php 第 601 行.
SQL: SELECT `match_id`,`score`,`is_join` FROM `fa_player_match_data_lol` WHERE ( `player_id` = 41 ) ORDER BY id desc LIMIT 11   [ RunTime:0.000000s ]
NOTIC: [8192] preg_replace(): The /e modifier is deprecated, use preg_replace_callback instead F:\ThinkPHP\Lib\Core\Db.class.php 第 601 行.
SQL: SELECT `match_id`,`score`,`is_join` FROM `fa_player_match_data_lol` WHERE ( `player_id` = 42 ) ORDER BY id desc LIMIT 11   [ RunTime:0.001000s ]
NOTIC: [8192] preg_replace(): The /e modifier is deprecated, use preg_replace_callback instead F:\ThinkPHP\Lib\Core\Db.class.php 第 601 行.
SQL: SELECT `match_id`,`score`,`is_join` FROM `fa_player_match_data_lol` WHERE ( `player_id` = 43 ) ORDER BY id desc LIMIT 11   [ RunTime:0.001000s ]
NOTIC: [8192] preg_replace(): The /e modifier is deprecated, use preg_replace_callback instead F:\ThinkPHP\Lib\Core\Db.class.php 第 601 行.
SQL: SELECT `match_id`,`score`,`is_join` FROM `fa_player_match_data_lol` WHERE ( `player_id` = 44 ) ORDER BY id desc LIMIT 11   [ RunTime:0.000000s ]
NOTIC: [8192] preg_replace(): The /e modifier is deprecated, use preg_replace_callback instead F:\ThinkPHP\Lib\Core\Db.class.php 第 601 行.
SQL: SELECT `match_id`,`score`,`is_join` FROM `fa_player_match_data_lol` WHERE ( `player_id` = 47 ) ORDER BY id desc LIMIT 11   [ RunTime:0.001000s ]
NOTIC: [8192] preg_replace(): The /e modifier is deprecated, use preg_replace_callback instead F:\ThinkPHP\Lib\Core\Db.class.php 第 601 行.
SQL: SELECT `match_id`,`score`,`is_join` FROM `fa_player_match_data_lol` WHERE ( `player_id` = 50 ) ORDER BY id desc LIMIT 11   [ RunTime:0.001000s ]
NOTIC: [8192] preg_replace(): The /e modifier is deprecated, use preg_replace_callback instead F:\ThinkPHP\Lib\Core\Db.class.php 第 601 行.
SQL: SELECT `match_id`,`score`,`is_join` FROM `fa_player_match_data_lol` WHERE ( `player_id` = 51 ) ORDER BY id desc LIMIT 11   [ RunTime:0.000000s ]
NOTIC: [8192] preg_replace(): The /e modifier is deprecated, use preg_replace_callback instead F:\ThinkPHP\Lib\Core\Db.class.php 第 601 行.
SQL: SELECT `match_id`,`score`,`is_join` FROM `fa_player_match_data_lol` WHERE ( `player_id` = 52 ) ORDER BY id desc LIMIT 11   [ RunTime:0.001000s ]

[ 2017-05-12T09:59:37+08:00 ] 127.0.0.1 /index.php?g=api&m=bet&a=guess
NOTIC: [8192] preg_replace(): The /e modifier is deprecated, use preg_replace_callback instead F:\ThinkPHP\Common\common.php 第 171 行.
INFO: [ app_begin ] --START--
INFO: Run ReadHtmlCache Behavior [ RunTime:0.000000s ]
INFO: [ app_begin ] --END-- [ RunTime:0.001001s ]
NOTIC: 建议使用I方法替代_request
NOTIC: 建议使用I方法替代_request
SQL: SHOW COLUMNS FROM `fa_user_user` [ RunTime:0.002000s ]
NOTIC: [8192] preg_replace(): The /e modifier is deprecated, use preg_replace_callback instead F:\ThinkPHP\Lib\Core\Db.class.php 第 601 行.
SQL: SELECT * FROM `fa_user_user` WHERE ( `token` = '1fehsdffd' ) LIMIT 1   [ RunTime:0.001001s ]
SQL: SHOW COLUMNS FROM `fa_match_room` [ RunTime:0.002000s ]
NOTIC: [8192] preg_replace(): The /e modifier is deprecated, use preg_replace_callback instead F:\ThinkPHP\Lib\Core\Db.class.php 第 601 行.
SQL: SELECT * FROM `fa_match_room` WHERE ( `status` = 1 ) AND ( `settlement_status` = 1 ) AND ( `id` = 33 ) LIMIT 1   [ RunTime:0.001000s ]
SQL: SHOW COLUMNS FROM `fa_match_room_info` [ RunTime:0.001000s ]
NOTIC: [8192] preg_replace(): The /e modifier is deprecated, use preg_replace_callback instead F:\ThinkPHP\Lib\Core\Db.class.php 第 601 行.
SQL: SELECT * FROM `fa_match_room_info` WHERE ( `room_id` = 33 ) LIMIT 1   [ RunTime:0.000000s ]

[ 2017-05-12T10:03:08+08:00 ] 127.0.0.1 /index.php?g=api&m=bet&a=recommendlineup&user_token=1fehsdffd
NOTIC: [8192] preg_replace(): The /e modifier is deprecated, use preg_replace_callback instead F:\ThinkPHP\Common\common.php 第 171 行.
INFO: [ app_begin ] --START--
INFO: Run ReadHtmlCache Behavior [ RunTime:0.001000s ]
INFO: [ app_begin ] --END-- [ RunTime:0.001000s ]
NOTIC: 建议使用I方法替代_request
NOTIC: 建议使用I方法替代_request
SQL: SHOW COLUMNS FROM `fa_user_user` [ RunTime:0.002000s ]
NOTIC: [8192] preg_replace(): The /e modifier is deprecated, use preg_replace_callback instead F:\ThinkPHP\Lib\Core\Db.class.php 第 601 行.
SQL: SELECT * FROM `fa_user_user` WHERE ( `token` = '1fehsdffd' ) LIMIT 1   [ RunTime:0.001001s ]
SQL: SHOW COLUMNS FROM `fa_match_room` [ RunTime:0.002000s ]
NOTIC: [8192] preg_replace(): The /e modifier is deprecated, use preg_replace_callback instead F:\ThinkPHP\Lib\Core\Db.class.php 第 601 行.
SQL: SELECT `lineup_id` FROM `fa_match_room` WHERE ( `id` = 33 ) LIMIT 1   [ RunTime:0.000000s ]
NOTIC: [8] Undefined variable: room_players F:\work\__App__\Api\Lib\Action\CommonAction.class.php 第 186 行.
SQL: SHOW COLUMNS FROM `fa_match_room_info` [ RunTime:0.001000s ]
NOTIC: [8192] preg_replace(): The /e modifier is deprecated, use preg_replace_callback instead F:\ThinkPHP\Lib\Core\Db.class.php 第 601 行.
SQL: SELECT `match_team` FROM `fa_match_room_info` WHERE ( `room_id` = 33 ) LIMIT 1   [ RunTime:0.000000s ]
NOTIC: [8192] preg_replace(): The /e modifier is deprecated, use preg_replace_callback instead F:\ThinkPHP\Lib\Core\Db.class.php 第 601 行.
SQL: SELECT `project_id` FROM `fa_match_room` WHERE ( `status` = 1 ) AND ( `id` = 33 ) LIMIT 1   [ RunTime:0.000000s ]
SQL: SHOW COLUMNS FROM `fa_match_list` [ RunTime:0.001000s ]
NOTIC: [8192] preg_replace(): The /e modifier is deprecated, use preg_replace_callback instead F:\ThinkPHP\Lib\Core\Db.class.php 第 601 行.
SQL: SELECT `team_a`,`team_b` FROM `fa_match_list` WHERE ( `id` = 8 ) LIMIT 1   [ RunTime:0.000000s ]
NOTIC: [8192] preg_replace(): The /e modifier is deprecated, use preg_replace_callback instead F:\ThinkPHP\Lib\Core\Db.class.php 第 601 行.
SQL: SELECT `team_a`,`team_b` FROM `fa_match_list` WHERE ( `id` = 9 ) LIMIT 1   [ RunTime:0.001000s ]
NOTIC: [8] Undefined variable: data F:\work\__App__\Api\Lib\Action\CommonAction.class.php 第 104 行.
SQL: SHOW COLUMNS FROM `fa_match_player_wcg` [ RunTime:0.002000s ]
NOTIC: [8192] preg_replace(): The /e modifier is deprecated, use preg_replace_callback instead F:\ThinkPHP\Lib\Core\Db.class.php 第 601 行.
SQL: SELECT * FROM `fa_match_player_wcg`  [ RunTime:0.001000s ]
NOTIC: [8192] preg_replace(): The /e modifier is deprecated, use preg_replace_callback instead F:\ThinkPHP\Lib\Core\Db.class.php 第 601 行.
SQL: SELECT * FROM `fa_match_room_info` WHERE ( `room_id` = 33 ) LIMIT 1   [ RunTime:0.001000s ]
NOTIC: [8] Undefined variable: data F:\work\__App__\Api\Lib\Action\CommonAction.class.php 第 104 行.
SQL: SHOW COLUMNS FROM `fa_match_type` [ RunTime:0.001000s ]
NOTIC: [8192] preg_replace(): The /e modifier is deprecated, use preg_replace_callback instead F:\ThinkPHP\Lib\Core\Db.class.php 第 601 行.
SQL: SELECT `id`,`name`,`introduce` FROM `fa_match_type`  [ RunTime:0.000000s ]
NOTIC: [8192] preg_replace(): The /e modifier is deprecated, use preg_replace_callback instead F:\ThinkPHP\Lib\Core\Db.class.php 第 601 行.
SQL: SELECT * FROM `fa_match_list` WHERE ( `id` = 8 ) LIMIT 1   [ RunTime:0.001000s ]
NOTIC: [8192] preg_replace(): The /e modifier is deprecated, use preg_replace_callback instead F:\ThinkPHP\Lib\Core\Db.class.php 第 601 行.
SQL: SELECT * FROM `fa_match_list` WHERE ( `id` = 9 ) LIMIT 1   [ RunTime:0.000000s ]
SQL: SHOW COLUMNS FROM `fa_player_match_data_lol` [ RunTime:0.002000s ]
NOTIC: [8192] preg_replace(): The /e modifier is deprecated, use preg_replace_callback instead F:\ThinkPHP\Lib\Core\Db.class.php 第 601 行.
SQL: SELECT `is_join` FROM `fa_player_match_data_lol` WHERE ( `match_id` = 8 ) AND ( `player_id` = 2 ) LIMIT 1   [ RunTime:0.000000s ]
NOTIC: [8192] preg_replace(): The /e modifier is deprecated, use preg_replace_callback instead F:\ThinkPHP\Lib\Core\Db.class.php 第 601 行.
SQL: SELECT `is_join` FROM `fa_player_match_data_lol` WHERE ( `match_id` = 8 ) AND ( `player_id` = 3 ) LIMIT 1   [ RunTime:0.001000s ]
NOTIC: [8192] preg_replace(): The /e modifier is deprecated, use preg_replace_callback instead F:\ThinkPHP\Lib\Core\Db.class.php 第 601 行.
SQL: SELECT `is_join` FROM `fa_player_match_data_lol` WHERE ( `match_id` = 8 ) AND ( `player_id` = 4 ) LIMIT 1   [ RunTime:0.000000s ]
NOTIC: [8192] preg_replace(): The /e modifier is deprecated, use preg_replace_callback instead F:\ThinkPHP\Lib\Core\Db.class.php 第 601 行.
SQL: SELECT `is_join` FROM `fa_player_match_data_lol` WHERE ( `match_id` = 8 ) AND ( `player_id` = 5 ) LIMIT 1   [ RunTime:0.001000s ]
NOTIC: [8192] preg_replace(): The /e modifier is deprecated, use preg_replace_callback instead F:\ThinkPHP\Lib\Core\Db.class.php 第 601 行.
SQL: SELECT `is_join` FROM `fa_player_match_data_lol` WHERE ( `match_id` = 8 ) AND ( `player_id` = 6 ) LIMIT 1   [ RunTime:0.000000s ]
NOTIC: [8192] preg_replace(): The /e modifier is deprecated, use preg_replace_callback instead F:\ThinkPHP\Lib\Core\Db.class.php 第 601 行.
SQL: SELECT `is_join` FROM `fa_player_match_data_lol` WHERE ( `match_id` = 8 ) AND ( `player_id` = 7 ) LIMIT 1   [ RunTime:0.001000s ]
NOTIC: [8192] preg_replace(): The /e modifier is deprecated, use preg_replace_callback instead F:\ThinkPHP\Lib\Core\Db.class.php 第 601 行.
SQL: SELECT `is_join` FROM `fa_player_match_data_lol` WHERE ( `match_id` = 8 ) AND ( `player_id` = 8 ) LIMIT 1   [ RunTime:0.000000s ]
NOTIC: [8192] preg_replace(): The /e modifier is deprecated, use preg_replace_callback instead F:\ThinkPHP\Lib\Core\Db.class.php 第 601 行.
SQL: SELECT `is_join` FROM `fa_player_match_data_lol` WHERE ( `match_id` = 8 ) AND ( `player_id` = 9 ) LIMIT 1   [ RunTime:0.001000s ]
NOTIC: [8192] preg_replace(): The /e modifier is deprecated, use preg_replace_callback instead F:\ThinkPHP\Lib\Core\Db.class.php 第 601 行.
SQL: SELECT `is_join` FROM `fa_player_match_data_lol` WHERE ( `match_id` = 8 ) AND ( `player_id` = 10 ) LIMIT 1   [ RunTime:0.000000s ]
NOTIC: [8192] preg_replace(): The /e modifier is deprecated, use preg_replace_callback instead F:\ThinkPHP\Lib\Core\Db.class.php 第 601 行.
SQL: SELECT `is_join` FROM `fa_player_match_data_lol` WHERE ( `match_id` = 9 ) AND ( `player_id` = 19 ) LIMIT 1   [ RunTime:0.001000s ]
NOTIC: [8192] preg_replace(): The /e modifier is deprecated, use preg_replace_callback instead F:\ThinkPHP\Lib\Core\Db.class.php 第 601 行.
SQL: SELECT `is_join` FROM `fa_player_match_data_lol` WHERE ( `match_id` = 9 ) AND ( `player_id` = 20 ) LIMIT 1   [ RunTime:0.000000s ]
NOTIC: [8192] preg_replace(): The /e modifier is deprecated, use preg_replace_callback instead F:\ThinkPHP\Lib\Core\Db.class.php 第 601 行.
SQL: SELECT `is_join` FROM `fa_player_match_data_lol` WHERE ( `match_id` = 9 ) AND ( `player_id` = 21 ) LIMIT 1   [ RunTime:0.001000s ]
NOTIC: [8192] preg_replace(): The /e modifier is deprecated, use preg_replace_callback instead F:\ThinkPHP\Lib\Core\Db.class.php 第 601 行.
SQL: SELECT `is_join` FROM `fa_player_match_data_lol` WHERE ( `match_id` = 9 ) AND ( `player_id` = 22 ) LIMIT 1   [ RunTime:0.000000s ]
NOTIC: [8192] preg_replace(): The /e modifier is deprecated, use preg_replace_callback instead F:\ThinkPHP\Lib\Core\Db.class.php 第 601 行.
SQL: SELECT `is_join` FROM `fa_player_match_data_lol` WHERE ( `match_id` = 9 ) AND ( `player_id` = 23 ) LIMIT 1   [ RunTime:0.001000s ]
NOTIC: [8192] preg_replace(): The /e modifier is deprecated, use preg_replace_callback instead F:\ThinkPHP\Lib\Core\Db.class.php 第 601 行.
SQL: SELECT `is_join` FROM `fa_player_match_data_lol` WHERE ( `match_id` = 9 ) AND ( `player_id` = 24 ) LIMIT 1   [ RunTime:0.000000s ]
NOTIC: [8192] preg_replace(): The /e modifier is deprecated, use preg_replace_callback instead F:\ThinkPHP\Lib\Core\Db.class.php 第 601 行.
SQL: SELECT `is_join` FROM `fa_player_match_data_lol` WHERE ( `match_id` = 9 ) AND ( `player_id` = 25 ) LIMIT 1   [ RunTime:0.001000s ]
NOTIC: [8192] preg_replace(): The /e modifier is deprecated, use preg_replace_callback instead F:\ThinkPHP\Lib\Core\Db.class.php 第 601 行.
SQL: SELECT `is_join` FROM `fa_player_match_data_lol` WHERE ( `match_id` = 9 ) AND ( `player_id` = 26 ) LIMIT 1   [ RunTime:0.000000s ]
NOTIC: [8192] preg_replace(): The /e modifier is deprecated, use preg_replace_callback instead F:\ThinkPHP\Lib\Core\Db.class.php 第 601 行.
SQL: SELECT `is_join` FROM `fa_player_match_data_lol` WHERE ( `match_id` = 8 ) AND ( `player_id` = 28 ) LIMIT 1   [ RunTime:0.001000s ]
NOTIC: [8192] preg_replace(): The /e modifier is deprecated, use preg_replace_callback instead F:\ThinkPHP\Lib\Core\Db.class.php 第 601 行.
SQL: SELECT `is_join` FROM `fa_player_match_data_lol` WHERE ( `match_id` = 8 ) AND ( `player_id` = 29 ) LIMIT 1   [ RunTime:0.000000s ]
NOTIC: [8192] preg_replace(): The /e modifier is deprecated, use preg_replace_callback instead F:\ThinkPHP\Lib\Core\Db.class.php 第 601 行.
SQL: SELECT `is_join` FROM `fa_player_match_data_lol` WHERE ( `match_id` = 8 ) AND ( `player_id` = 31 ) LIMIT 1   [ RunTime:0.001000s ]
NOTIC: [8192] preg_replace(): The /e modifier is deprecated, use preg_replace_callback instead F:\ThinkPHP\Lib\Core\Db.class.php 第 601 行.
SQL: SELECT `is_join` FROM `fa_player_match_data_lol` WHERE ( `match_id` = 8 ) AND ( `player_id` = 32 ) LIMIT 1   [ RunTime:0.000000s ]
NOTIC: [8192] preg_replace(): The /e modifier is deprecated, use preg_replace_callback instead F:\ThinkPHP\Lib\Core\Db.class.php 第 601 行.
SQL: SELECT `is_join` FROM `fa_player_match_data_lol` WHERE ( `match_id` = 8 ) AND ( `player_id` = 36 ) LIMIT 1   [ RunTime:0.001000s ]
NOTIC: [8192] preg_replace(): The /e modifier is deprecated, use preg_replace_callback instead F:\ThinkPHP\Lib\Core\Db.class.php 第 601 行.
SQL: SELECT `is_join` FROM `fa_player_match_data_lol` WHERE ( `match_id` = 9 ) AND ( `player_id` = 37 ) LIMIT 1   [ RunTime:0.000000s ]
NOTIC: [8192] preg_replace(): The /e modifier is deprecated, use preg_replace_callback instead F:\ThinkPHP\Lib\Core\Db.class.php 第 601 行.
SQL: SELECT `is_join` FROM `fa_player_match_data_lol` WHERE ( `match_id` = 9 ) AND ( `player_id` = 38 ) LIMIT 1   [ RunTime:0.001000s ]
NOTIC: [8192] preg_replace(): The /e modifier is deprecated, use preg_replace_callback instead F:\ThinkPHP\Lib\Core\Db.class.php 第 601 行.
SQL: SELECT `is_join` FROM `fa_player_match_data_lol` WHERE ( `match_id` = 9 ) AND ( `player_id` = 39 ) LIMIT 1   [ RunTime:0.000000s ]
NOTIC: [8192] preg_replace(): The /e modifier is deprecated, use preg_replace_callback instead F:\ThinkPHP\Lib\Core\Db.class.php 第 601 行.
SQL: SELECT `is_join` FROM `fa_player_match_data_lol` WHERE ( `match_id` = 9 ) AND ( `player_id` = 40 ) LIMIT 1   [ RunTime:0.001000s ]
NOTIC: [8192] preg_replace(): The /e modifier is deprecated, use preg_replace_callback instead F:\ThinkPHP\Lib\Core\Db.class.php 第 601 行.
SQL: SELECT `is_join` FROM `fa_player_match_data_lol` WHERE ( `match_id` = 9 ) AND ( `player_id` = 41 ) LIMIT 1   [ RunTime:0.000000s ]
NOTIC: [8192] preg_replace(): The /e modifier is deprecated, use preg_replace_callback instead F:\ThinkPHP\Lib\Core\Db.class.php 第 601 行.
SQL: SELECT `is_join` FROM `fa_player_match_data_lol` WHERE ( `match_id` = 9 ) AND ( `player_id` = 42 ) LIMIT 1   [ RunTime:0.001001s ]
NOTIC: [8192] preg_replace(): The /e modifier is deprecated, use preg_replace_callback instead F:\ThinkPHP\Lib\Core\Db.class.php 第 601 行.
SQL: SELECT `is_join` FROM `fa_player_match_data_lol` WHERE ( `match_id` = 9 ) AND ( `player_id` = 43 ) LIMIT 1   [ RunTime:0.000000s ]
NOTIC: [8192] preg_replace(): The /e modifier is deprecated, use preg_replace_callback instead F:\ThinkPHP\Lib\Core\Db.class.php 第 601 行.
SQL: SELECT `is_join` FROM `fa_player_match_data_lol` WHERE ( `match_id` = 9 ) AND ( `player_id` = 44 ) LIMIT 1   [ RunTime:0.001000s ]
NOTIC: [8192] preg_replace(): The /e modifier is deprecated, use preg_replace_callback instead F:\ThinkPHP\Lib\Core\Db.class.php 第 601 行.
SQL: SELECT `is_join` FROM `fa_player_match_data_lol` WHERE ( `match_id` = 8 ) AND ( `player_id` = 47 ) LIMIT 1   [ RunTime:0.000000s ]
NOTIC: [8192] preg_replace(): The /e modifier is deprecated, use preg_replace_callback instead F:\ThinkPHP\Lib\Core\Db.class.php 第 601 行.
SQL: SELECT `is_join` FROM `fa_player_match_data_lol` WHERE ( `match_id` = 9 ) AND ( `player_id` = 50 ) LIMIT 1   [ RunTime:0.001000s ]
NOTIC: [8192] preg_replace(): The /e modifier is deprecated, use preg_replace_callback instead F:\ThinkPHP\Lib\Core\Db.class.php 第 601 行.
SQL: SELECT `is_join` FROM `fa_player_match_data_lol` WHERE ( `match_id` = 8 ) AND ( `player_id` = 51 ) LIMIT 1   [ RunTime:0.000000s ]
NOTIC: [8192] preg_replace(): The /e modifier is deprecated, use preg_replace_callback instead F:\ThinkPHP\Lib\Core\Db.class.php 第 601 行.
SQL: SELECT `is_join` FROM `fa_player_match_data_lol` WHERE ( `match_id` = 9 ) AND ( `player_id` = 52 ) LIMIT 1   [ RunTime:0.001000s ]
NOTIC: [8192] preg_replace(): The /e modifier is deprecated, use preg_replace_callback instead F:\ThinkPHP\Lib\Core\Db.class.php 第 601 行.
SQL: SELECT * FROM `fa_match_room_info` WHERE ( `room_id` = 33 ) LIMIT 1   [ RunTime:0.000000s ]
NOTIC: [2] Missing argument 3 for CommonAction::cache(), called in F:\work\__App__\Api\Modules\Api\Action\BetAction.class.php on line 13 and defined F:\work\__App__\Api\Lib\Action\CommonAction.class.php 第 75 行.
NOTIC: [2] Missing argument 3 for CommonAction::cache(), called in F:\work\__App__\Api\Modules\Api\Action\BetAction.class.php on line 102 and defined F:\work\__App__\Api\Lib\Action\CommonAction.class.php 第 75 行.
SQL: SHOW COLUMNS FROM `fa_user_lineup` [ RunTime:0.001000s ]
NOTIC: [8192] preg_replace(): The /e modifier is deprecated, use preg_replace_callback instead F:\ThinkPHP\Lib\Core\Db.class.php 第 601 行.
SQL: SELECT * FROM `fa_user_lineup` WHERE ( `lineup_id` = 3 ) AND ( `uid` = 1 ) AND ( `lineup_token` = '8f10191c2fd766141118b0fe53499741' ) AND ( `match_id_token` = '6732a38bf36026b8627bcb4a5eab86ec' ) LIMIT 1   [ RunTime:0.022001s ]
SQL: INSERT INTO `fa_user_lineup` (`lineup_id`,`uid`,`lineup_token`,`match_id_token`,`type`,`add_time`,`lineup`) VALUES (3,1,'8f10191c2fd766141118b0fe53499741','6732a38bf36026b8627bcb4a5eab86ec',1,1494554588,'a:8:{i:1;s:1:\"6\";i:2;s:2:\"31\";i:3;s:2:\"40\";i:4;s:1:\"5\";i:5;s:2:\"39\";i:6;s:2:\"50\";i:7;s:2:\"19\";i:8;s:1:\"4\";}') [ RunTime:0.020002s ]

[ 2017-05-12T11:18:52+08:00 ] 127.0.0.1 /index.php?g=api&m=bet&a=recommendlineup&user_token=1fehsdffd
NOTIC: [8192] preg_replace(): The /e modifier is deprecated, use preg_replace_callback instead F:\ThinkPHP\Common\common.php 第 171 行.
INFO: [ app_begin ] --START--
INFO: Run ReadHtmlCache Behavior [ RunTime:0.000000s ]
INFO: [ app_begin ] --END-- [ RunTime:0.001000s ]
NOTIC: 建议使用I方法替代_request
NOTIC: 建议使用I方法替代_request
SQL: SHOW COLUMNS FROM `fa_user_user` [ RunTime:0.001000s ]
NOTIC: [8192] preg_replace(): The /e modifier is deprecated, use preg_replace_callback instead F:\ThinkPHP\Lib\Core\Db.class.php 第 601 行.
SQL: SELECT * FROM `fa_user_user` WHERE ( `token` = '1fehsdffd' ) LIMIT 1   [ RunTime:0.000000s ]
SQL: SHOW COLUMNS FROM `fa_match_room` [ RunTime:0.003000s ]
NOTIC: [8192] preg_replace(): The /e modifier is deprecated, use preg_replace_callback instead F:\ThinkPHP\Lib\Core\Db.class.php 第 601 行.
SQL: SELECT `lineup_id` FROM `fa_match_room` WHERE ( `id` = 33 ) LIMIT 1   [ RunTime:0.001000s ]
NOTIC: [8] Undefined variable: room_players F:\work\__App__\Api\Lib\Action\CommonAction.class.php 第 186 行.
SQL: SHOW COLUMNS FROM `fa_match_room_info` [ RunTime:0.001000s ]
NOTIC: [8192] preg_replace(): The /e modifier is deprecated, use preg_replace_callback instead F:\ThinkPHP\Lib\Core\Db.class.php 第 601 行.
SQL: SELECT `match_team` FROM `fa_match_room_info` WHERE ( `room_id` = 33 ) LIMIT 1   [ RunTime:0.000000s ]
NOTIC: [8192] preg_replace(): The /e modifier is deprecated, use preg_replace_callback instead F:\ThinkPHP\Lib\Core\Db.class.php 第 601 行.
SQL: SELECT `project_id` FROM `fa_match_room` WHERE ( `status` = 1 ) AND ( `id` = 33 ) LIMIT 1   [ RunTime:0.000000s ]
SQL: SHOW COLUMNS FROM `fa_match_list` [ RunTime:0.002000s ]
NOTIC: [8192] preg_replace(): The /e modifier is deprecated, use preg_replace_callback instead F:\ThinkPHP\Lib\Core\Db.class.php 第 601 行.
SQL: SELECT `team_a`,`team_b` FROM `fa_match_list` WHERE ( `id` = 8 ) LIMIT 1   [ RunTime:0.000000s ]
NOTIC: [8192] preg_replace(): The /e modifier is deprecated, use preg_replace_callback instead F:\ThinkPHP\Lib\Core\Db.class.php 第 601 行.
SQL: SELECT `team_a`,`team_b` FROM `fa_match_list` WHERE ( `id` = 9 ) LIMIT 1   [ RunTime:0.001000s ]
NOTIC: [8] Undefined variable: data F:\work\__App__\Api\Lib\Action\CommonAction.class.php 第 104 行.
SQL: SHOW COLUMNS FROM `fa_match_player_wcg` [ RunTime:0.001000s ]
NOTIC: [8192] preg_replace(): The /e modifier is deprecated, use preg_replace_callback instead F:\ThinkPHP\Lib\Core\Db.class.php 第 601 行.
SQL: SELECT * FROM `fa_match_player_wcg`  [ RunTime:0.001000s ]
NOTIC: [8192] preg_replace(): The /e modifier is deprecated, use preg_replace_callback instead F:\ThinkPHP\Lib\Core\Db.class.php 第 601 行.
SQL: SELECT * FROM `fa_match_room_info` WHERE ( `room_id` = 33 ) LIMIT 1   [ RunTime:0.001000s ]
NOTIC: [8] Undefined variable: data F:\work\__App__\Api\Lib\Action\CommonAction.class.php 第 104 行.
SQL: SHOW COLUMNS FROM `fa_match_type` [ RunTime:0.001000s ]
NOTIC: [8192] preg_replace(): The /e modifier is deprecated, use preg_replace_callback instead F:\ThinkPHP\Lib\Core\Db.class.php 第 601 行.
SQL: SELECT `id`,`name`,`introduce` FROM `fa_match_type`  [ RunTime:0.000000s ]
NOTIC: [8192] preg_replace(): The /e modifier is deprecated, use preg_replace_callback instead F:\ThinkPHP\Lib\Core\Db.class.php 第 601 行.
SQL: SELECT * FROM `fa_match_list` WHERE ( `id` = 8 ) LIMIT 1   [ RunTime:0.001000s ]
NOTIC: [8192] preg_replace(): The /e modifier is deprecated, use preg_replace_callback instead F:\ThinkPHP\Lib\Core\Db.class.php 第 601 行.
SQL: SELECT * FROM `fa_match_list` WHERE ( `id` = 9 ) LIMIT 1   [ RunTime:0.000000s ]
SQL: SHOW COLUMNS FROM `fa_player_match_data_lol` [ RunTime:0.002000s ]
NOTIC: [8192] preg_replace(): The /e modifier is deprecated, use preg_replace_callback instead F:\ThinkPHP\Lib\Core\Db.class.php 第 601 行.
SQL: SELECT `is_join` FROM `fa_player_match_data_lol` WHERE ( `match_id` = 8 ) AND ( `player_id` = 2 ) LIMIT 1   [ RunTime:0.000000s ]
NOTIC: [8192] preg_replace(): The /e modifier is deprecated, use preg_replace_callback instead F:\ThinkPHP\Lib\Core\Db.class.php 第 601 行.
SQL: SELECT `is_join` FROM `fa_player_match_data_lol` WHERE ( `match_id` = 8 ) AND ( `player_id` = 3 ) LIMIT 1   [ RunTime:0.000000s ]
NOTIC: [8192] preg_replace(): The /e modifier is deprecated, use preg_replace_callback instead F:\ThinkPHP\Lib\Core\Db.class.php 第 601 行.
SQL: SELECT `is_join` FROM `fa_player_match_data_lol` WHERE ( `match_id` = 8 ) AND ( `player_id` = 4 ) LIMIT 1   [ RunTime:0.000000s ]
NOTIC: [8192] preg_replace(): The /e modifier is deprecated, use preg_replace_callback instead F:\ThinkPHP\Lib\Core\Db.class.php 第 601 行.
SQL: SELECT `is_join` FROM `fa_player_match_data_lol` WHERE ( `match_id` = 8 ) AND ( `player_id` = 5 ) LIMIT 1   [ RunTime:0.000000s ]
NOTIC: [8192] preg_replace(): The /e modifier is deprecated, use preg_replace_callback instead F:\ThinkPHP\Lib\Core\Db.class.php 第 601 行.
SQL: SELECT `is_join` FROM `fa_player_match_data_lol` WHERE ( `match_id` = 8 ) AND ( `player_id` = 6 ) LIMIT 1   [ RunTime:0.000000s ]
NOTIC: [8192] preg_replace(): The /e modifier is deprecated, use preg_replace_callback instead F:\ThinkPHP\Lib\Core\Db.class.php 第 601 行.
SQL: SELECT `is_join` FROM `fa_player_match_data_lol` WHERE ( `match_id` = 8 ) AND ( `player_id` = 7 ) LIMIT 1   [ RunTime:0.000000s ]
NOTIC: [8192] preg_replace(): The /e modifier is deprecated, use preg_replace_callback instead F:\ThinkPHP\Lib\Core\Db.class.php 第 601 行.
SQL: SELECT `is_join` FROM `fa_player_match_data_lol` WHERE ( `match_id` = 8 ) AND ( `player_id` = 8 ) LIMIT 1   [ RunTime:0.000000s ]
NOTIC: [8192] preg_replace(): The /e modifier is deprecated, use preg_replace_callback instead F:\ThinkPHP\Lib\Core\Db.class.php 第 601 行.
SQL: SELECT `is_join` FROM `fa_player_match_data_lol` WHERE ( `match_id` = 8 ) AND ( `player_id` = 9 ) LIMIT 1   [ RunTime:0.000000s ]
NOTIC: [8192] preg_replace(): The /e modifier is deprecated, use preg_replace_callback instead F:\ThinkPHP\Lib\Core\Db.class.php 第 601 行.
SQL: SELECT `is_join` FROM `fa_player_match_data_lol` WHERE ( `match_id` = 8 ) AND ( `player_id` = 10 ) LIMIT 1   [ RunTime:0.000000s ]
NOTIC: [8192] preg_replace(): The /e modifier is deprecated, use preg_replace_callback instead F:\ThinkPHP\Lib\Core\Db.class.php 第 601 行.
SQL: SELECT `is_join` FROM `fa_player_match_data_lol` WHERE ( `match_id` = 9 ) AND ( `player_id` = 19 ) LIMIT 1   [ RunTime:0.001000s ]
NOTIC: [8192] preg_replace(): The /e modifier is deprecated, use preg_replace_callback instead F:\ThinkPHP\Lib\Core\Db.class.php 第 601 行.
SQL: SELECT `is_join` FROM `fa_player_match_data_lol` WHERE ( `match_id` = 9 ) AND ( `player_id` = 20 ) LIMIT 1   [ RunTime:0.000000s ]
NOTIC: [8192] preg_replace(): The /e modifier is deprecated, use preg_replace_callback instead F:\ThinkPHP\Lib\Core\Db.class.php 第 601 行.
SQL: SELECT `is_join` FROM `fa_player_match_data_lol` WHERE ( `match_id` = 9 ) AND ( `player_id` = 21 ) LIMIT 1   [ RunTime:0.001001s ]
NOTIC: [8192] preg_replace(): The /e modifier is deprecated, use preg_replace_callback instead F:\ThinkPHP\Lib\Core\Db.class.php 第 601 行.
SQL: SELECT `is_join` FROM `fa_player_match_data_lol` WHERE ( `match_id` = 9 ) AND ( `player_id` = 22 ) LIMIT 1   [ RunTime:0.000000s ]
NOTIC: [8192] preg_replace(): The /e modifier is deprecated, use preg_replace_callback instead F:\ThinkPHP\Lib\Core\Db.class.php 第 601 行.
SQL: SELECT `is_join` FROM `fa_player_match_data_lol` WHERE ( `match_id` = 9 ) AND ( `player_id` = 23 ) LIMIT 1   [ RunTime:0.001000s ]
NOTIC: [8192] preg_replace(): The /e modifier is deprecated, use preg_replace_callback instead F:\ThinkPHP\Lib\Core\Db.class.php 第 601 行.
SQL: SELECT `is_join` FROM `fa_player_match_data_lol` WHERE ( `match_id` = 9 ) AND ( `player_id` = 24 ) LIMIT 1   [ RunTime:0.000000s ]
NOTIC: [8192] preg_replace(): The /e modifier is deprecated, use preg_replace_callback instead F:\ThinkPHP\Lib\Core\Db.class.php 第 601 行.
SQL: SELECT `is_join` FROM `fa_player_match_data_lol` WHERE ( `match_id` = 9 ) AND ( `player_id` = 25 ) LIMIT 1   [ RunTime:0.000000s ]
NOTIC: [8192] preg_replace(): The /e modifier is deprecated, use preg_replace_callback instead F:\ThinkPHP\Lib\Core\Db.class.php 第 601 行.
SQL: SELECT `is_join` FROM `fa_player_match_data_lol` WHERE ( `match_id` = 9 ) AND ( `player_id` = 26 ) LIMIT 1   [ RunTime:0.000000s ]
NOTIC: [8192] preg_replace(): The /e modifier is deprecated, use preg_replace_callback instead F:\ThinkPHP\Lib\Core\Db.class.php 第 601 行.
SQL: SELECT `is_join` FROM `fa_player_match_data_lol` WHERE ( `match_id` = 8 ) AND ( `player_id` = 28 ) LIMIT 1   [ RunTime:0.001000s ]
NOTIC: [8192] preg_replace(): The /e modifier is deprecated, use preg_replace_callback instead F:\ThinkPHP\Lib\Core\Db.class.php 第 601 行.
SQL: SELECT `is_join` FROM `fa_player_match_data_lol` WHERE ( `match_id` = 8 ) AND ( `player_id` = 29 ) LIMIT 1   [ RunTime:0.000000s ]
NOTIC: [8192] preg_replace(): The /e modifier is deprecated, use preg_replace_callback instead F:\ThinkPHP\Lib\Core\Db.class.php 第 601 行.
SQL: SELECT `is_join` FROM `fa_player_match_data_lol` WHERE ( `match_id` = 8 ) AND ( `player_id` = 31 ) LIMIT 1   [ RunTime:0.001000s ]
NOTIC: [8192] preg_replace(): The /e modifier is deprecated, use preg_replace_callback instead F:\ThinkPHP\Lib\Core\Db.class.php 第 601 行.
SQL: SELECT `is_join` FROM `fa_player_match_data_lol` WHERE ( `match_id` = 8 ) AND ( `player_id` = 32 ) LIMIT 1   [ RunTime:0.000000s ]
NOTIC: [8192] preg_replace(): The /e modifier is deprecated, use preg_replace_callback instead F:\ThinkPHP\Lib\Core\Db.class.php 第 601 行.
SQL: SELECT `is_join` FROM `fa_player_match_data_lol` WHERE ( `match_id` = 8 ) AND ( `player_id` = 36 ) LIMIT 1   [ RunTime:0.001000s ]
NOTIC: [8192] preg_replace(): The /e modifier is deprecated, use preg_replace_callback instead F:\ThinkPHP\Lib\Core\Db.class.php 第 601 行.
SQL: SELECT `is_join` FROM `fa_player_match_data_lol` WHERE ( `match_id` = 9 ) AND ( `player_id` = 37 ) LIMIT 1   [ RunTime:0.000000s ]
NOTIC: [8192] preg_replace(): The /e modifier is deprecated, use preg_replace_callback instead F:\ThinkPHP\Lib\Core\Db.class.php 第 601 行.
SQL: SELECT `is_join` FROM `fa_player_match_data_lol` WHERE ( `match_id` = 9 ) AND ( `player_id` = 38 ) LIMIT 1   [ RunTime:0.001000s ]
NOTIC: [8192] preg_replace(): The /e modifier is deprecated, use preg_replace_callback instead F:\ThinkPHP\Lib\Core\Db.class.php 第 601 行.
SQL: SELECT `is_join` FROM `fa_player_match_data_lol` WHERE ( `match_id` = 9 ) AND ( `player_id` = 39 ) LIMIT 1   [ RunTime:0.000000s ]
NOTIC: [8192] preg_replace(): The /e modifier is deprecated, use preg_replace_callback instead F:\ThinkPHP\Lib\Core\Db.class.php 第 601 行.
SQL: SELECT `is_join` FROM `fa_player_match_data_lol` WHERE ( `match_id` = 9 ) AND ( `player_id` = 40 ) LIMIT 1   [ RunTime:0.001000s ]
NOTIC: [8192] preg_replace(): The /e modifier is deprecated, use preg_replace_callback instead F:\ThinkPHP\Lib\Core\Db.class.php 第 601 行.
SQL: SELECT `is_join` FROM `fa_player_match_data_lol` WHERE ( `match_id` = 9 ) AND ( `player_id` = 41 ) LIMIT 1   [ RunTime:0.000000s ]
NOTIC: [8192] preg_replace(): The /e modifier is deprecated, use preg_replace_callback instead F:\ThinkPHP\Lib\Core\Db.class.php 第 601 行.
SQL: SELECT `is_join` FROM `fa_player_match_data_lol` WHERE ( `match_id` = 9 ) AND ( `player_id` = 42 ) LIMIT 1   [ RunTime:0.001000s ]
NOTIC: [8192] preg_replace(): The /e modifier is deprecated, use preg_replace_callback instead F:\ThinkPHP\Lib\Core\Db.class.php 第 601 行.
SQL: SELECT `is_join` FROM `fa_player_match_data_lol` WHERE ( `match_id` = 9 ) AND ( `player_id` = 43 ) LIMIT 1   [ RunTime:0.000000s ]
NOTIC: [8192] preg_replace(): The /e modifier is deprecated, use preg_replace_callback instead F:\ThinkPHP\Lib\Core\Db.class.php 第 601 行.
SQL: SELECT `is_join` FROM `fa_player_match_data_lol` WHERE ( `match_id` = 9 ) AND ( `player_id` = 44 ) LIMIT 1   [ RunTime:0.001000s ]
NOTIC: [8192] preg_replace(): The /e modifier is deprecated, use preg_replace_callback instead F:\ThinkPHP\Lib\Core\Db.class.php 第 601 行.
SQL: SELECT `is_join` FROM `fa_player_match_data_lol` WHERE ( `match_id` = 8 ) AND ( `player_id` = 47 ) LIMIT 1   [ RunTime:0.000000s ]
NOTIC: [8192] preg_replace(): The /e modifier is deprecated, use preg_replace_callback instead F:\ThinkPHP\Lib\Core\Db.class.php 第 601 行.
SQL: SELECT `is_join` FROM `fa_player_match_data_lol` WHERE ( `match_id` = 9 ) AND ( `player_id` = 50 ) LIMIT 1   [ RunTime:0.001000s ]
NOTIC: [8192] preg_replace(): The /e modifier is deprecated, use preg_replace_callback instead F:\ThinkPHP\Lib\Core\Db.class.php 第 601 行.
SQL: SELECT `is_join` FROM `fa_player_match_data_lol` WHERE ( `match_id` = 8 ) AND ( `player_id` = 51 ) LIMIT 1   [ RunTime:0.000000s ]
NOTIC: [8192] preg_replace(): The /e modifier is deprecated, use preg_replace_callback instead F:\ThinkPHP\Lib\Core\Db.class.php 第 601 行.
SQL: SELECT `is_join` FROM `fa_player_match_data_lol` WHERE ( `match_id` = 9 ) AND ( `player_id` = 52 ) LIMIT 1   [ RunTime:0.001000s ]
NOTIC: [8192] preg_replace(): The /e modifier is deprecated, use preg_replace_callback instead F:\ThinkPHP\Lib\Core\Db.class.php 第 601 行.
SQL: SELECT * FROM `fa_match_room_info` WHERE ( `room_id` = 33 ) LIMIT 1   [ RunTime:0.001000s ]
NOTIC: [2] Missing argument 3 for CommonAction::cache(), called in F:\work\__App__\Api\Modules\Api\Action\BetAction.class.php on line 13 and defined F:\work\__App__\Api\Lib\Action\CommonAction.class.php 第 75 行.
NOTIC: [2] Missing argument 3 for CommonAction::cache(), called in F:\work\__App__\Api\Modules\Api\Action\BetAction.class.php on line 102 and defined F:\work\__App__\Api\Lib\Action\CommonAction.class.php 第 75 行.
SQL: SHOW COLUMNS FROM `fa_user_lineup` [ RunTime:0.001001s ]
NOTIC: [8192] preg_replace(): The /e modifier is deprecated, use preg_replace_callback instead F:\ThinkPHP\Lib\Core\Db.class.php 第 601 行.
SQL: SELECT * FROM `fa_user_lineup` WHERE ( `lineup_id` = 3 ) AND ( `uid` = 1 ) AND ( `lineup_token` = 'f52ec49dea6c7e829813ca721e25ce0f' ) AND ( `match_id_token` = '6732a38bf36026b8627bcb4a5eab86ec' ) LIMIT 1   [ RunTime:0.001000s ]
SQL: INSERT INTO `fa_user_lineup` (`lineup_id`,`uid`,`lineup_token`,`match_id_token`,`type`,`add_time`,`lineup`) VALUES (3,1,'f52ec49dea6c7e829813ca721e25ce0f','6732a38bf36026b8627bcb4a5eab86ec',1,1494559132,'a:8:{i:1;s:2:\"42\";i:2;s:2:\"31\";i:3;s:2:\"40\";i:4;s:2:\"26\";i:5;s:2:\"43\";i:6;s:2:\"52\";i:7;s:2:\"23\";i:8;s:1:\"3\";}') [ RunTime:0.001000s ]

[ 2017-05-12T11:56:50+08:00 ] 127.0.0.1 /index.php?g=api&m=bet&a=guess
INFO: [ app_begin ] --START--
INFO: Run ReadHtmlCache Behavior [ RunTime:0.001000s ]
INFO: [ app_begin ] --END-- [ RunTime:0.001000s ]

[ 2017-05-12T11:58:31+08:00 ] 127.0.0.1 /index.php?g=api&m=bet&a=guess
NOTIC: [8192] preg_replace(): The /e modifier is deprecated, use preg_replace_callback instead F:\ThinkPHP\Common\common.php 第 171 行.
INFO: [ app_begin ] --START--
INFO: Run ReadHtmlCache Behavior [ RunTime:0.002000s ]
INFO: [ app_begin ] --END-- [ RunTime:0.003000s ]
NOTIC: 建议使用I方法替代_request
NOTIC: 建议使用I方法替代_request
SQL: SHOW COLUMNS FROM `fa_user_user` [ RunTime:0.002001s ]
NOTIC: [8192] preg_replace(): The /e modifier is deprecated, use preg_replace_callback instead F:\ThinkPHP\Lib\Core\Db.class.php 第 601 行.
SQL: SELECT * FROM `fa_user_user` WHERE ( `token` = '1fehsdffd' ) LIMIT 1   [ RunTime:0.001000s ]
SQL: SHOW COLUMNS FROM `fa_match_room` [ RunTime:0.003000s ]
NOTIC: [8192] preg_replace(): The /e modifier is deprecated, use preg_replace_callback instead F:\ThinkPHP\Lib\Core\Db.class.php 第 601 行.
SQL: SELECT * FROM `fa_match_room` WHERE ( `status` = 1 ) AND ( `settlement_status` = 1 ) AND ( `id` = 33 ) LIMIT 1   [ RunTime:0.001000s ]
SQL: SHOW COLUMNS FROM `fa_match_room_info` [ RunTime:0.001000s ]
NOTIC: [8192] preg_replace(): The /e modifier is deprecated, use preg_replace_callback instead F:\ThinkPHP\Lib\Core\Db.class.php 第 601 行.
SQL: SELECT * FROM `fa_match_room_info` WHERE ( `room_id` = 33 ) LIMIT 1   [ RunTime:0.000000s ]

[ 2017-05-12T16:20:10+08:00 ] 127.0.0.1 /
NOTIC: [8192] preg_replace(): The /e modifier is deprecated, use preg_replace_callback instead F:\ThinkPHP\Common\common.php 第 171 行.
INFO: [ app_begin ] --START--
INFO: Run ReadHtmlCache Behavior [ RunTime:0.000000s ]
INFO: [ app_begin ] --END-- [ RunTime:0.000000s ]
ERR: 无法加载模块:Index

