[ 2017-06-30T10:41:05+08:00 ] 127.0.0.1 /index.php?m=public&a=update_champion_data
NOTIC: [8192] preg_replace(): The /e modifier is deprecated, use preg_replace_callback instead F:\ThinkPHP\Common\common.php 第 171 行.
INFO: [ app_begin ] --START--
INFO: Run ReadHtmlCache Behavior [ RunTime:0.001000s ]
INFO: [ app_begin ] --END-- [ RunTime:0.001000s ]
NOTIC: [8] Memcache::connect():  F:\ThinkPHP\Extend\Driver\Session\SessionMemcache.class.php 第 38 行.
NOTIC: [2] Memcache::connect():  F:\ThinkPHP\Extend\Driver\Session\SessionMemcache.class.php 第 38 行.
NOTIC: 建议使用I方法替代_request
NOTIC: 建议使用I方法替代_request
SQL: SHOW COLUMNS FROM `fa_champion` [ RunTime:0.002000s ]
SQL: SHOW COLUMNS FROM `fa_champion_lineup` [ RunTime:0.001000s ]
SQL: SHOW COLUMNS FROM `fa_user_champion` [ RunTime:0.002000s ]
NOTIC: [8192] preg_replace(): The /e modifier is deprecated, use preg_replace_callback instead F:\ThinkPHP\Lib\Core\Db.class.php 第 601 行.
SQL: SELECT `project_id`,`match_end_time`,`match_id` FROM `fa_champion` WHERE ( id =0 ) LIMIT 1   [ RunTime:0.001000s ]
SQL: SHOW COLUMNS FROM `fa_match_list` [ RunTime:0.002000s ]
NOTIC: [8192] preg_replace(): The /e modifier is deprecated, use preg_replace_callback instead F:\ThinkPHP\Lib\Core\Db.class.php 第 601 行.
SQL: SELECT * FROM `fa_match_list` WHERE ( match_name_id =  )  [ RunTime:0.001000s ]
ERR: 1064:You have an error in your SQL syntax; check the manual that corresponds to your MySQL server version for the right syntax to use near ')' at line 1
 [ SQL语句 ] : SELECT * FROM `fa_match_list` WHERE ( match_name_id =  ) 

[ 2017-06-30T13:00:42+08:00 ] 127.0.0.1 /index.php?g=api&m=user&a=user_news&user_token=4093e5bbbc23222c6a161bd5954620d6
NOTIC: [8192] preg_replace(): The /e modifier is deprecated, use preg_replace_callback instead F:\ThinkPHP\Common\common.php 第 171 行.
INFO: [ app_begin ] --START--
INFO: Run ReadHtmlCache Behavior [ RunTime:0.001000s ]
INFO: [ app_begin ] --END-- [ RunTime:0.001000s ]
NOTIC: [8] Memcache::connect():  F:\ThinkPHP\Extend\Driver\Session\SessionMemcache.class.php 第 38 行.
NOTIC: [2] Memcache::connect():  F:\ThinkPHP\Extend\Driver\Session\SessionMemcache.class.php 第 38 行.
NOTIC: 建议使用I方法替代_request
NOTIC: 建议使用I方法替代_request
SQL: SHOW COLUMNS FROM `fa_user_user` [ RunTime:0.002000s ]
NOTIC: [8192] preg_replace(): The /e modifier is deprecated, use preg_replace_callback instead F:\ThinkPHP\Lib\Core\Db.class.php 第 601 行.
SQL: SELECT * FROM `fa_user_user` WHERE ( `token` = '4093e5bbbc23222c6a161bd5954620d6' ) LIMIT 1   [ RunTime:0.001001s ]
SQL: SHOW COLUMNS FROM `fa_user_guess_record` [ RunTime:0.002000s ]
NOTIC: [8192] preg_replace(): The /e modifier is deprecated, use preg_replace_callback instead F:\ThinkPHP\Lib\Core\Db.class.php 第 601 行.
SQL: SELECT t1.add_time,t1.ranking,t1.is_reward,t2.name FROM `fa_user_guess_record` as t1 left join fa_match_room as t2 on t1.room_id = t2.id WHERE ( t1.uid = '1' ) AND ( t1.settlement_status = 2 ) ORDER BY t1.id desc  [ RunTime:0.001000s ]
SQL: SHOW COLUMNS FROM `fa_user_account` [ RunTime:0.001000s ]
NOTIC: [8192] preg_replace(): The /e modifier is deprecated, use preg_replace_callback instead F:\ThinkPHP\Lib\Core\Db.class.php 第 601 行.
SQL: SELECT t1.addtime,t1.back_nums,t2.class_name FROM `fa_user_account` as t1 left join fa_user_account_class as t2 on t1.class_id = t2.id WHERE ( `user_id` = '1' ) AND ( `class_id` = 10 ) ORDER BY t1.id desc  [ RunTime:0.001000s ]

[ 2017-06-30T13:05:14+08:00 ] 127.0.0.1 /index.php?g=api&m=user&a=user_news&user_token=4093e5bbbc23222c6a161bd5954620d6
NOTIC: [8192] preg_replace(): The /e modifier is deprecated, use preg_replace_callback instead F:\ThinkPHP\Common\common.php 第 171 行.
INFO: [ app_begin ] --START--
INFO: Run ReadHtmlCache Behavior [ RunTime:0.001000s ]
INFO: [ app_begin ] --END-- [ RunTime:0.001000s ]
NOTIC: [8] Memcache::connect():  F:\ThinkPHP\Extend\Driver\Session\SessionMemcache.class.php 第 38 行.
NOTIC: [2] Memcache::connect():  F:\ThinkPHP\Extend\Driver\Session\SessionMemcache.class.php 第 38 行.
NOTIC: 建议使用I方法替代_request
NOTIC: 建议使用I方法替代_request
SQL: SHOW COLUMNS FROM `fa_user_user` [ RunTime:0.002000s ]
NOTIC: [8192] preg_replace(): The /e modifier is deprecated, use preg_replace_callback instead F:\ThinkPHP\Lib\Core\Db.class.php 第 601 行.
SQL: SELECT * FROM `fa_user_user` WHERE ( `token` = '4093e5bbbc23222c6a161bd5954620d6' ) LIMIT 1   [ RunTime:0.000000s ]
SQL: SHOW COLUMNS FROM `fa_user_guess_record` [ RunTime:0.002000s ]
NOTIC: [8192] preg_replace(): The /e modifier is deprecated, use preg_replace_callback instead F:\ThinkPHP\Lib\Core\Db.class.php 第 601 行.
SQL: SELECT t1.add_time,t1.ranking,t1.is_reward,t2.name FROM `fa_user_guess_record` as t1 left join fa_match_room as t2 on t1.room_id = t2.id WHERE ( t1.uid = '1' ) AND ( t1.settlement_status = 2 ) ORDER BY t1.id desc  [ RunTime:0.001000s ]
SQL: SHOW COLUMNS FROM `fa_user_account` [ RunTime:0.001000s ]
NOTIC: [8192] preg_replace(): The /e modifier is deprecated, use preg_replace_callback instead F:\ThinkPHP\Lib\Core\Db.class.php 第 601 行.
SQL: SELECT t1.addtime,t1.back_nums,t2.class_name FROM `fa_user_account` as t1 left join fa_user_account_class as t2 on t1.class_id = t2.id WHERE ( `user_id` = '1' ) AND ( `class_id` = 10 ) ORDER BY t1.id desc  [ RunTime:0.001000s ]

