[ 2017-04-10T15:19:25+08:00 ] 127.0.0.1 /index.php?g=api&m=public&a=register
NOTIC: [8192] preg_replace(): The /e modifier is deprecated, use preg_replace_callback instead F:\ThinkPHP\Common\common.php 第 171 行.
INFO: [ app_begin ] --START--
INFO: Run ReadHtmlCache Behavior [ RunTime:0.001000s ]
INFO: [ app_begin ] --END-- [ RunTime:0.001000s ]
NOTIC: 建议使用I方法替代_request
NOTIC: 建议使用I方法替代_request
NOTIC: 建议使用I方法替代_post
NOTIC: 建议使用I方法替代_post
NOTIC: 建议使用I方法替代_post
NOTIC: 建议使用I方法替代_post

[ 2017-04-10T15:19:30+08:00 ] 127.0.0.1 /index.php?g=api&m=public&a=register
NOTIC: [8192] preg_replace(): The /e modifier is deprecated, use preg_replace_callback instead F:\ThinkPHP\Common\common.php 第 171 行.
INFO: [ app_begin ] --START--
INFO: Run ReadHtmlCache Behavior [ RunTime:0.001000s ]
INFO: [ app_begin ] --END-- [ RunTime:0.001000s ]
NOTIC: 建议使用I方法替代_request
NOTIC: 建议使用I方法替代_request
NOTIC: 建议使用I方法替代_post
NOTIC: 建议使用I方法替代_post
NOTIC: 建议使用I方法替代_post
NOTIC: 建议使用I方法替代_post

[ 2017-04-10T15:19:43+08:00 ] 127.0.0.1 /index.php?m=shop&a=order_list&user_token=1fehsdffd
NOTIC: [8192] preg_replace(): The /e modifier is deprecated, use preg_replace_callback instead F:\ThinkPHP\Common\common.php 第 171 行.
INFO: [ app_begin ] --START--
INFO: Run ReadHtmlCache Behavior [ RunTime:0.001000s ]
INFO: [ app_begin ] --END-- [ RunTime:0.001000s ]
NOTIC: 建议使用I方法替代_request
NOTIC: 建议使用I方法替代_request
SQL: SHOW COLUMNS FROM `fa_user_user` [ RunTime:0.003001s ]
NOTIC: [8192] preg_replace(): The /e modifier is deprecated, use preg_replace_callback instead F:\ThinkPHP\Lib\Core\Db.class.php 第 601 行.
SQL: SELECT * FROM `fa_user_user` WHERE ( `token` = '1fehsdffd' ) LIMIT 1   [ RunTime:0.001000s ]
SQL: SHOW COLUMNS FROM `fa_shop_goods_order` [ RunTime:0.002000s ]
NOTIC: [8192] preg_replace(): The /e modifier is deprecated, use preg_replace_callback instead F:\ThinkPHP\Lib\Core\Db.class.php 第 601 行.
SQL: SELECT COUNT(*) AS tp_count FROM `fa_shop_goods_order` WHERE ( user_id =1 ) LIMIT 1   [ RunTime:0.001000s ]
NOTIC: [8192] preg_replace(): The /e modifier is deprecated, use preg_replace_callback instead F:\ThinkPHP\Lib\Core\Db.class.php 第 601 行.
SQL: SELECT t1.id,t1.numbers,t1.goods_nums,t1.status,t1.price,t2.name,t2.avatar_img,t2.type,t2.shop_sub_id,t1.addtime FROM `fa_shop_goods_order` as t1 LEFT JOIN fa_shop_goods as t2 on t1.goods_id = t2.id WHERE ( t1.user_id =1 ) ORDER BY id desc LIMIT 20,10   [ RunTime:0.002000s ]

[ 2017-04-10T15:19:47+08:00 ] 127.0.0.1 /index.php?m=shop&a=order_detail&user_token=1fehsdffd
NOTIC: [8192] preg_replace(): The /e modifier is deprecated, use preg_replace_callback instead F:\ThinkPHP\Common\common.php 第 171 行.
INFO: [ app_begin ] --START--
INFO: Run ReadHtmlCache Behavior [ RunTime:0.000000s ]
INFO: [ app_begin ] --END-- [ RunTime:0.000000s ]
NOTIC: 建议使用I方法替代_request
NOTIC: 建议使用I方法替代_request
SQL: SHOW COLUMNS FROM `fa_user_user` [ RunTime:0.002001s ]
NOTIC: [8192] preg_replace(): The /e modifier is deprecated, use preg_replace_callback instead F:\ThinkPHP\Lib\Core\Db.class.php 第 601 行.
SQL: SELECT * FROM `fa_user_user` WHERE ( `token` = '1fehsdffd' ) LIMIT 1   [ RunTime:0.000000s ]
SQL: SHOW COLUMNS FROM `fa_shop_goods_order` [ RunTime:0.001000s ]
NOTIC: [8192] preg_replace(): The /e modifier is deprecated, use preg_replace_callback instead F:\ThinkPHP\Lib\Core\Db.class.php 第 601 行.
SQL: SELECT t1.id,t1.goods_nums,t1.goods_type,t1.numbers,t1.status,t2.name FROM `fa_shop_goods_order` as t1 LEFT JOIN fa_shop_goods as t2 on t1.goods_id = t2.id WHERE ( t1.id = '10' ) LIMIT 1   [ RunTime:0.001000s ]
SQL: SHOW COLUMNS FROM `fa_virtual_order_info` [ RunTime:0.001000s ]
NOTIC: [8192] preg_replace(): The /e modifier is deprecated, use preg_replace_callback instead F:\ThinkPHP\Lib\Core\Db.class.php 第 601 行.
SQL: SELECT `code_id`,`nums` FROM `fa_virtual_order_info` WHERE ( `user_id` = 1 ) AND ( `order_id` = 10 ) LIMIT 1   [ RunTime:0.001000s ]
SQL: SHOW COLUMNS FROM `fa_shop_virtual_code` [ RunTime:0.001000s ]
NOTIC: [8192] preg_replace(): The /e modifier is deprecated, use preg_replace_callback instead F:\ThinkPHP\Lib\Core\Db.class.php 第 601 行.
SQL: SELECT `codes`,`pwd` FROM `fa_shop_virtual_code` WHERE ( id = 49 ) LIMIT 1   [ RunTime:0.001000s ]

[ 2017-04-10T15:23:26+08:00 ] 127.0.0.1 /index.php?g=api&m=sms&a=verify
NOTIC: [8192] preg_replace(): The /e modifier is deprecated, use preg_replace_callback instead F:\ThinkPHP\Common\common.php 第 171 行.
INFO: [ app_begin ] --START--
INFO: Run ReadHtmlCache Behavior [ RunTime:0.001000s ]
INFO: [ app_begin ] --END-- [ RunTime:0.001000s ]
NOTIC: 建议使用I方法替代_request
NOTIC: 建议使用I方法替代_request
SQL: SHOW COLUMNS FROM fa_._admin_sms [ RunTime:0.002000s ]
ERR: 1146:Table 'fa_._admin_sms' doesn't exist
 [ SQL语句 ] : SHOW COLUMNS FROM fa_._admin_sms
NOTIC: [8192] preg_replace(): The /e modifier is deprecated, use preg_replace_callback instead F:\ThinkPHP\Lib\Core\Db.class.php 第 601 行.
SQL: SELECT * FROM fa_._admin_sms WHERE ( `phone` = '18579180150' ) AND ( `sms_code` = '442499' ) AND ( `status` = 0 ) LIMIT 1   [ RunTime:0.001000s ]
ERR: 1146:Table 'fa_._admin_sms' doesn't exist
 [ SQL语句 ] : SELECT * FROM fa_._admin_sms WHERE ( `phone` = '18579180150' ) AND ( `sms_code` = '442499' ) AND ( `status` = 0 ) LIMIT 1  

[ 2017-04-10T15:23:33+08:00 ] 127.0.0.1 /index.php?g=api&m=public&a=register
NOTIC: [8192] preg_replace(): The /e modifier is deprecated, use preg_replace_callback instead F:\ThinkPHP\Common\common.php 第 171 行.
INFO: [ app_begin ] --START--
INFO: Run ReadHtmlCache Behavior [ RunTime:0.000000s ]
INFO: [ app_begin ] --END-- [ RunTime:0.000000s ]
NOTIC: 建议使用I方法替代_request
NOTIC: 建议使用I方法替代_request

[ 2017-04-10T15:57:56+08:00 ] 127.0.0.1 /index.php?g=api&m=public&a=register
NOTIC: [8192] preg_replace(): The /e modifier is deprecated, use preg_replace_callback instead F:\ThinkPHP\Common\common.php 第 171 行.
INFO: [ app_begin ] --START--
INFO: Run ReadHtmlCache Behavior [ RunTime:0.001000s ]
INFO: [ app_begin ] --END-- [ RunTime:0.001000s ]
NOTIC: 建议使用I方法替代_request
NOTIC: 建议使用I方法替代_request
NOTIC: 建议使用I方法替代_post
NOTIC: [8] Undefined variable: types F:\work\__App__\Api\Modules\Api\Action\PublicAction.class.php 第 186 行.

[ 2017-04-10T15:58:09+08:00 ] 127.0.0.1 /index.php?g=api&m=public&a=register
NOTIC: [8192] preg_replace(): The /e modifier is deprecated, use preg_replace_callback instead F:\ThinkPHP\Common\common.php 第 171 行.
INFO: [ app_begin ] --START--
INFO: Run ReadHtmlCache Behavior [ RunTime:0.001000s ]
INFO: [ app_begin ] --END-- [ RunTime:0.001000s ]
NOTIC: 建议使用I方法替代_request
NOTIC: 建议使用I方法替代_request
NOTIC: 建议使用I方法替代_post
NOTIC: 建议使用I方法替代_post
NOTIC: 建议使用I方法替代_post

[ 2017-04-10T15:59:52+08:00 ] 127.0.0.1 /index.php?g=api&m=public&a=register
NOTIC: [8192] preg_replace(): The /e modifier is deprecated, use preg_replace_callback instead F:\ThinkPHP\Common\common.php 第 171 行.
INFO: [ app_begin ] --START--
INFO: Run ReadHtmlCache Behavior [ RunTime:0.001000s ]
INFO: [ app_begin ] --END-- [ RunTime:0.001000s ]
NOTIC: 建议使用I方法替代_request
NOTIC: 建议使用I方法替代_request
NOTIC: 建议使用I方法替代_post

[ 2017-04-10T16:00:17+08:00 ] 127.0.0.1 /index.php?g=api&m=public&a=register
NOTIC: [8192] preg_replace(): The /e modifier is deprecated, use preg_replace_callback instead F:\ThinkPHP\Common\common.php 第 171 行.
INFO: [ app_begin ] --START--
INFO: Run ReadHtmlCache Behavior [ RunTime:0.000000s ]
INFO: [ app_begin ] --END-- [ RunTime:0.001000s ]
NOTIC: 建议使用I方法替代_request
NOTIC: 建议使用I方法替代_request
NOTIC: 建议使用I方法替代_post

[ 2017-04-10T16:00:24+08:00 ] 127.0.0.1 /index.php?g=api&m=public&a=register
NOTIC: [8192] preg_replace(): The /e modifier is deprecated, use preg_replace_callback instead F:\ThinkPHP\Common\common.php 第 171 行.
INFO: [ app_begin ] --START--
INFO: Run ReadHtmlCache Behavior [ RunTime:0.001000s ]
INFO: [ app_begin ] --END-- [ RunTime:0.001000s ]
NOTIC: 建议使用I方法替代_request
NOTIC: 建议使用I方法替代_request
NOTIC: 建议使用I方法替代_post

[ 2017-04-10T16:13:34+08:00 ] 127.0.0.1 /index.php?g=api&m=public&a=register
NOTIC: [8192] preg_replace(): The /e modifier is deprecated, use preg_replace_callback instead F:\ThinkPHP\Common\common.php 第 171 行.
INFO: [ app_begin ] --START--
INFO: Run ReadHtmlCache Behavior [ RunTime:0.001000s ]
INFO: [ app_begin ] --END-- [ RunTime:0.001000s ]
NOTIC: 建议使用I方法替代_request
NOTIC: 建议使用I方法替代_request
NOTIC: 建议使用I方法替代_post
NOTIC: 建议使用I方法替代_post
NOTIC: 建议使用I方法替代_post

[ 2017-04-10T16:18:50+08:00 ] 127.0.0.1 /index.php?g=api&m=public&a=register
NOTIC: [8192] preg_replace(): The /e modifier is deprecated, use preg_replace_callback instead F:\ThinkPHP\Common\common.php 第 171 行.
INFO: [ app_begin ] --START--
INFO: Run ReadHtmlCache Behavior [ RunTime:0.001000s ]
INFO: [ app_begin ] --END-- [ RunTime:0.001000s ]
NOTIC: 建议使用I方法替代_request
NOTIC: 建议使用I方法替代_request
NOTIC: 建议使用I方法替代_post
NOTIC: 建议使用I方法替代_post
NOTIC: 建议使用I方法替代_post
NOTIC: 建议使用I方法替代_post
NOTIC: [2] preg_match(): Unknown modifier '(' F:\work\__App__\Api\Modules\Api\Action\PublicAction.class.php 第 160 行.

[ 2017-04-10T16:19:05+08:00 ] 127.0.0.1 /index.php?g=api&m=public&a=register
NOTIC: [8192] preg_replace(): The /e modifier is deprecated, use preg_replace_callback instead F:\ThinkPHP\Common\common.php 第 171 行.
INFO: [ app_begin ] --START--
INFO: Run ReadHtmlCache Behavior [ RunTime:0.000000s ]
INFO: [ app_begin ] --END-- [ RunTime:0.000000s ]
NOTIC: 建议使用I方法替代_request
NOTIC: 建议使用I方法替代_request
NOTIC: 建议使用I方法替代_post
NOTIC: 建议使用I方法替代_post
NOTIC: 建议使用I方法替代_post
NOTIC: 建议使用I方法替代_post
NOTIC: [2] preg_match(): Unknown modifier '(' F:\work\__App__\Api\Modules\Api\Action\PublicAction.class.php 第 160 行.

[ 2017-04-10T16:19:42+08:00 ] 127.0.0.1 /index.php?g=api&m=public&a=register
NOTIC: [8192] preg_replace(): The /e modifier is deprecated, use preg_replace_callback instead F:\ThinkPHP\Common\common.php 第 171 行.
INFO: [ app_begin ] --START--
INFO: Run ReadHtmlCache Behavior [ RunTime:0.001001s ]
INFO: [ app_begin ] --END-- [ RunTime:0.001001s ]
NOTIC: 建议使用I方法替代_request
NOTIC: 建议使用I方法替代_request
NOTIC: 建议使用I方法替代_post
NOTIC: 建议使用I方法替代_post
NOTIC: 建议使用I方法替代_post
NOTIC: 建议使用I方法替代_post
NOTIC: [2] preg_match(): Compilation failed: unmatched parentheses at offset 41 F:\work\__App__\Api\Modules\Api\Action\PublicAction.class.php 第 160 行.

[ 2017-04-10T16:19:46+08:00 ] 127.0.0.1 /index.php?g=api&m=public&a=register
NOTIC: [8192] preg_replace(): The /e modifier is deprecated, use preg_replace_callback instead F:\ThinkPHP\Common\common.php 第 171 行.
INFO: [ app_begin ] --START--
INFO: Run ReadHtmlCache Behavior [ RunTime:0.001000s ]
INFO: [ app_begin ] --END-- [ RunTime:0.001000s ]
NOTIC: 建议使用I方法替代_request
NOTIC: 建议使用I方法替代_request
NOTIC: 建议使用I方法替代_post
NOTIC: 建议使用I方法替代_post
NOTIC: 建议使用I方法替代_post
NOTIC: 建议使用I方法替代_post
NOTIC: [2] preg_match(): Compilation failed: unmatched parentheses at offset 41 F:\work\__App__\Api\Modules\Api\Action\PublicAction.class.php 第 160 行.

[ 2017-04-10T16:19:47+08:00 ] 127.0.0.1 /index.php?g=api&m=public&a=register
NOTIC: [8192] preg_replace(): The /e modifier is deprecated, use preg_replace_callback instead F:\ThinkPHP\Common\common.php 第 171 行.
INFO: [ app_begin ] --START--
INFO: Run ReadHtmlCache Behavior [ RunTime:0.001000s ]
INFO: [ app_begin ] --END-- [ RunTime:0.001000s ]
NOTIC: 建议使用I方法替代_request
NOTIC: 建议使用I方法替代_request
NOTIC: 建议使用I方法替代_post
NOTIC: 建议使用I方法替代_post
NOTIC: 建议使用I方法替代_post
NOTIC: 建议使用I方法替代_post
NOTIC: [2] preg_match(): Compilation failed: unmatched parentheses at offset 41 F:\work\__App__\Api\Modules\Api\Action\PublicAction.class.php 第 160 行.

[ 2017-04-10T16:26:10+08:00 ] 127.0.0.1 /index.php?g=api&m=public&a=register
NOTIC: [8192] preg_replace(): The /e modifier is deprecated, use preg_replace_callback instead F:\ThinkPHP\Common\common.php 第 171 行.
INFO: [ app_begin ] --START--
INFO: Run ReadHtmlCache Behavior [ RunTime:0.000000s ]
INFO: [ app_begin ] --END-- [ RunTime:0.000000s ]
NOTIC: 建议使用I方法替代_request
NOTIC: 建议使用I方法替代_request
NOTIC: 建议使用I方法替代_post
NOTIC: 建议使用I方法替代_post
NOTIC: 建议使用I方法替代_post
NOTIC: 建议使用I方法替代_post
NOTIC: 建议使用I方法替代_post

[ 2017-04-10T16:26:24+08:00 ] 127.0.0.1 /index.php?g=api&m=public&a=register
NOTIC: [8192] preg_replace(): The /e modifier is deprecated, use preg_replace_callback instead F:\ThinkPHP\Common\common.php 第 171 行.
INFO: [ app_begin ] --START--
INFO: Run ReadHtmlCache Behavior [ RunTime:0.000000s ]
INFO: [ app_begin ] --END-- [ RunTime:0.001000s ]
NOTIC: 建议使用I方法替代_request
NOTIC: 建议使用I方法替代_request
NOTIC: 建议使用I方法替代_post
NOTIC: 建议使用I方法替代_post
NOTIC: 建议使用I方法替代_post
NOTIC: 建议使用I方法替代_post

[ 2017-04-10T16:26:40+08:00 ] 127.0.0.1 /index.php?g=api&m=public&a=register
NOTIC: [8192] preg_replace(): The /e modifier is deprecated, use preg_replace_callback instead F:\ThinkPHP\Common\common.php 第 171 行.
INFO: [ app_begin ] --START--
INFO: Run ReadHtmlCache Behavior [ RunTime:0.001000s ]
INFO: [ app_begin ] --END-- [ RunTime:0.001000s ]
NOTIC: 建议使用I方法替代_request
NOTIC: 建议使用I方法替代_request
NOTIC: 建议使用I方法替代_post
NOTIC: 建议使用I方法替代_post
NOTIC: 建议使用I方法替代_post
NOTIC: 建议使用I方法替代_post

[ 2017-04-10T16:26:57+08:00 ] 127.0.0.1 /index.php?g=api&m=public&a=register
NOTIC: [8192] preg_replace(): The /e modifier is deprecated, use preg_replace_callback instead F:\ThinkPHP\Common\common.php 第 171 行.
INFO: [ app_begin ] --START--
INFO: Run ReadHtmlCache Behavior [ RunTime:0.001000s ]
INFO: [ app_begin ] --END-- [ RunTime:0.001000s ]
NOTIC: 建议使用I方法替代_request
NOTIC: 建议使用I方法替代_request
NOTIC: 建议使用I方法替代_post
NOTIC: 建议使用I方法替代_post
NOTIC: 建议使用I方法替代_post
NOTIC: 建议使用I方法替代_post

[ 2017-04-10T16:27:03+08:00 ] 127.0.0.1 /index.php?g=api&m=public&a=register
NOTIC: [8192] preg_replace(): The /e modifier is deprecated, use preg_replace_callback instead F:\ThinkPHP\Common\common.php 第 171 行.
INFO: [ app_begin ] --START--
INFO: Run ReadHtmlCache Behavior [ RunTime:0.001000s ]
INFO: [ app_begin ] --END-- [ RunTime:0.001000s ]
NOTIC: 建议使用I方法替代_request
NOTIC: 建议使用I方法替代_request
NOTIC: 建议使用I方法替代_post
NOTIC: 建议使用I方法替代_post
NOTIC: 建议使用I方法替代_post
NOTIC: 建议使用I方法替代_post

[ 2017-04-10T16:27:07+08:00 ] 127.0.0.1 /index.php?g=api&m=public&a=register
NOTIC: [8192] preg_replace(): The /e modifier is deprecated, use preg_replace_callback instead F:\ThinkPHP\Common\common.php 第 171 行.
INFO: [ app_begin ] --START--
INFO: Run ReadHtmlCache Behavior [ RunTime:0.001000s ]
INFO: [ app_begin ] --END-- [ RunTime:0.001000s ]
NOTIC: 建议使用I方法替代_request
NOTIC: 建议使用I方法替代_request
NOTIC: 建议使用I方法替代_post
NOTIC: 建议使用I方法替代_post
NOTIC: 建议使用I方法替代_post
NOTIC: 建议使用I方法替代_post

[ 2017-04-10T16:27:10+08:00 ] 127.0.0.1 /index.php?g=api&m=public&a=register
NOTIC: [8192] preg_replace(): The /e modifier is deprecated, use preg_replace_callback instead F:\ThinkPHP\Common\common.php 第 171 行.
INFO: [ app_begin ] --START--
INFO: Run ReadHtmlCache Behavior [ RunTime:0.000000s ]
INFO: [ app_begin ] --END-- [ RunTime:0.000000s ]
NOTIC: 建议使用I方法替代_request
NOTIC: 建议使用I方法替代_request
NOTIC: 建议使用I方法替代_post
NOTIC: 建议使用I方法替代_post
NOTIC: 建议使用I方法替代_post
NOTIC: 建议使用I方法替代_post
NOTIC: 建议使用I方法替代_post

[ 2017-04-10T16:44:44+08:00 ] 127.0.0.1 /index.php?g=api&m=public&a=register
NOTIC: [8192] preg_replace(): The /e modifier is deprecated, use preg_replace_callback instead F:\ThinkPHP\Common\common.php 第 171 行.
INFO: [ app_begin ] --START--
INFO: Run ReadHtmlCache Behavior [ RunTime:0.001000s ]
INFO: [ app_begin ] --END-- [ RunTime:0.001000s ]
NOTIC: 建议使用I方法替代_request
NOTIC: 建议使用I方法替代_request
NOTIC: 建议使用I方法替代_post
NOTIC: 建议使用I方法替代_post
NOTIC: 建议使用I方法替代_post
NOTIC: 建议使用I方法替代_post
NOTIC: 建议使用I方法替代_post

[ 2017-04-10T16:45:34+08:00 ] 127.0.0.1 /index.php?g=api&m=public&a=register
NOTIC: [8192] preg_replace(): The /e modifier is deprecated, use preg_replace_callback instead F:\ThinkPHP\Common\common.php 第 171 行.
INFO: [ app_begin ] --START--
INFO: Run ReadHtmlCache Behavior [ RunTime:0.000000s ]
INFO: [ app_begin ] --END-- [ RunTime:0.000000s ]
NOTIC: 建议使用I方法替代_request
NOTIC: 建议使用I方法替代_request
NOTIC: 建议使用I方法替代_post
NOTIC: 建议使用I方法替代_post
NOTIC: 建议使用I方法替代_post
NOTIC: 建议使用I方法替代_post
NOTIC: 建议使用I方法替代_post

[ 2017-04-10T16:45:35+08:00 ] 127.0.0.1 /index.php?g=api&m=public&a=register
NOTIC: [8192] preg_replace(): The /e modifier is deprecated, use preg_replace_callback instead F:\ThinkPHP\Common\common.php 第 171 行.
INFO: [ app_begin ] --START--
INFO: Run ReadHtmlCache Behavior [ RunTime:0.001000s ]
INFO: [ app_begin ] --END-- [ RunTime:0.001000s ]
NOTIC: 建议使用I方法替代_request
NOTIC: 建议使用I方法替代_request
NOTIC: 建议使用I方法替代_post
NOTIC: 建议使用I方法替代_post
NOTIC: 建议使用I方法替代_post
NOTIC: 建议使用I方法替代_post
NOTIC: 建议使用I方法替代_post

[ 2017-04-10T16:45:36+08:00 ] 127.0.0.1 /index.php?g=api&m=public&a=register
NOTIC: [8192] preg_replace(): The /e modifier is deprecated, use preg_replace_callback instead F:\ThinkPHP\Common\common.php 第 171 行.
INFO: [ app_begin ] --START--
INFO: Run ReadHtmlCache Behavior [ RunTime:0.000000s ]
INFO: [ app_begin ] --END-- [ RunTime:0.000000s ]
NOTIC: 建议使用I方法替代_request
NOTIC: 建议使用I方法替代_request
NOTIC: 建议使用I方法替代_post
NOTIC: 建议使用I方法替代_post
NOTIC: 建议使用I方法替代_post
NOTIC: 建议使用I方法替代_post
NOTIC: 建议使用I方法替代_post

[ 2017-04-10T16:45:36+08:00 ] 127.0.0.1 /index.php?g=api&m=public&a=register
NOTIC: [8192] preg_replace(): The /e modifier is deprecated, use preg_replace_callback instead F:\ThinkPHP\Common\common.php 第 171 行.
INFO: [ app_begin ] --START--
INFO: Run ReadHtmlCache Behavior [ RunTime:0.001000s ]
INFO: [ app_begin ] --END-- [ RunTime:0.001000s ]
NOTIC: 建议使用I方法替代_request
NOTIC: 建议使用I方法替代_request
NOTIC: 建议使用I方法替代_post
NOTIC: 建议使用I方法替代_post
NOTIC: 建议使用I方法替代_post
NOTIC: 建议使用I方法替代_post
NOTIC: 建议使用I方法替代_post

[ 2017-04-10T16:45:37+08:00 ] 127.0.0.1 /index.php?g=api&m=public&a=register
NOTIC: [8192] preg_replace(): The /e modifier is deprecated, use preg_replace_callback instead F:\ThinkPHP\Common\common.php 第 171 行.
INFO: [ app_begin ] --START--
INFO: Run ReadHtmlCache Behavior [ RunTime:0.001000s ]
INFO: [ app_begin ] --END-- [ RunTime:0.001000s ]
NOTIC: 建议使用I方法替代_request
NOTIC: 建议使用I方法替代_request
NOTIC: 建议使用I方法替代_post
NOTIC: 建议使用I方法替代_post
NOTIC: 建议使用I方法替代_post
NOTIC: 建议使用I方法替代_post
NOTIC: 建议使用I方法替代_post

[ 2017-04-10T16:45:38+08:00 ] 127.0.0.1 /index.php?g=api&m=public&a=register
NOTIC: [8192] preg_replace(): The /e modifier is deprecated, use preg_replace_callback instead F:\ThinkPHP\Common\common.php 第 171 行.
INFO: [ app_begin ] --START--
INFO: Run ReadHtmlCache Behavior [ RunTime:0.000000s ]
INFO: [ app_begin ] --END-- [ RunTime:0.000000s ]
NOTIC: 建议使用I方法替代_request
NOTIC: 建议使用I方法替代_request
NOTIC: 建议使用I方法替代_post
NOTIC: 建议使用I方法替代_post
NOTIC: 建议使用I方法替代_post
NOTIC: 建议使用I方法替代_post
NOTIC: 建议使用I方法替代_post

[ 2017-04-10T16:45:38+08:00 ] 127.0.0.1 /index.php?g=api&m=public&a=register
NOTIC: [8192] preg_replace(): The /e modifier is deprecated, use preg_replace_callback instead F:\ThinkPHP\Common\common.php 第 171 行.
INFO: [ app_begin ] --START--
INFO: Run ReadHtmlCache Behavior [ RunTime:0.000000s ]
INFO: [ app_begin ] --END-- [ RunTime:0.000000s ]
NOTIC: 建议使用I方法替代_request
NOTIC: 建议使用I方法替代_request
NOTIC: 建议使用I方法替代_post
NOTIC: 建议使用I方法替代_post
NOTIC: 建议使用I方法替代_post
NOTIC: 建议使用I方法替代_post
NOTIC: 建议使用I方法替代_post

[ 2017-04-10T16:45:39+08:00 ] 127.0.0.1 /index.php?g=api&m=public&a=register
NOTIC: [8192] preg_replace(): The /e modifier is deprecated, use preg_replace_callback instead F:\ThinkPHP\Common\common.php 第 171 行.
INFO: [ app_begin ] --START--
INFO: Run ReadHtmlCache Behavior [ RunTime:0.001000s ]
INFO: [ app_begin ] --END-- [ RunTime:0.001000s ]
NOTIC: 建议使用I方法替代_request
NOTIC: 建议使用I方法替代_request
NOTIC: 建议使用I方法替代_post
NOTIC: 建议使用I方法替代_post
NOTIC: 建议使用I方法替代_post
NOTIC: 建议使用I方法替代_post
NOTIC: 建议使用I方法替代_post

[ 2017-04-10T16:56:09+08:00 ] 127.0.0.1 /index.php?g=api&m=public&a=register
NOTIC: [8192] preg_replace(): The /e modifier is deprecated, use preg_replace_callback instead F:\ThinkPHP\Common\common.php 第 171 行.
INFO: [ app_begin ] --START--
INFO: Run ReadHtmlCache Behavior [ RunTime:0.001000s ]
INFO: [ app_begin ] --END-- [ RunTime:0.001000s ]

[ 2017-04-10T16:56:33+08:00 ] 127.0.0.1 /index.php?g=api&m=public&a=register
NOTIC: [8192] preg_replace(): The /e modifier is deprecated, use preg_replace_callback instead F:\ThinkPHP\Common\common.php 第 171 行.
INFO: [ app_begin ] --START--
INFO: Run ReadHtmlCache Behavior [ RunTime:0.001000s ]
INFO: [ app_begin ] --END-- [ RunTime:0.001000s ]
NOTIC: 建议使用I方法替代_request
NOTIC: 建议使用I方法替代_request
NOTIC: 建议使用I方法替代_post
SQL: SHOW COLUMNS FROM fa_._user_user [ RunTime:0.001000s ]
ERR: 1146:Table 'fa_._user_user' doesn't exist
 [ SQL语句 ] : SHOW COLUMNS FROM fa_._user_user
NOTIC: 建议使用I方法替代_post
NOTIC: 建议使用I方法替代_post
NOTIC: [8192] preg_replace(): The /e modifier is deprecated, use preg_replace_callback instead F:\ThinkPHP\Lib\Core\Db.class.php 第 601 行.
SQL: SELECT * FROM fa_._user_user WHERE ( phone = 18579180150 ) LIMIT 1   [ RunTime:0.001000s ]
ERR: 1146:Table 'fa_._user_user' doesn't exist
 [ SQL语句 ] : SELECT * FROM fa_._user_user WHERE ( phone = 18579180150 ) LIMIT 1  
NOTIC: 建议使用I方法替代_post
NOTIC: 建议使用I方法替代_post

[ 2017-04-10T16:58:53+08:00 ] 127.0.0.1 /index.php?g=api&m=public&a=register
NOTIC: [8192] preg_replace(): The /e modifier is deprecated, use preg_replace_callback instead F:\ThinkPHP\Common\common.php 第 171 行.
INFO: [ app_begin ] --START--
INFO: Run ReadHtmlCache Behavior [ RunTime:0.001000s ]
INFO: [ app_begin ] --END-- [ RunTime:0.001000s ]
NOTIC: 建议使用I方法替代_request
NOTIC: 建议使用I方法替代_request
NOTIC: 建议使用I方法替代_post
SQL: SHOW COLUMNS FROM fa_._user_user [ RunTime:0.001000s ]
ERR: 1146:Table 'fa_._user_user' doesn't exist
 [ SQL语句 ] : SHOW COLUMNS FROM fa_._user_user
NOTIC: 建议使用I方法替代_post
NOTIC: 建议使用I方法替代_post
NOTIC: [8192] preg_replace(): The /e modifier is deprecated, use preg_replace_callback instead F:\ThinkPHP\Lib\Core\Db.class.php 第 601 行.
SQL: SELECT * FROM fa_._user_user WHERE ( phone = 18579180150 ) LIMIT 1   [ RunTime:0.001000s ]
ERR: 1146:Table 'fa_._user_user' doesn't exist
 [ SQL语句 ] : SELECT * FROM fa_._user_user WHERE ( phone = 18579180150 ) LIMIT 1  
NOTIC: 建议使用I方法替代_post
NOTIC: 建议使用I方法替代_post
SQL: INSERT INTO fa_._user_user (`type`,`add_time`,`ip`,`username`,`phone`,`passwords`) VALUES ('1',1491814733,'2130706433','phone_KvRsY2DO#7974','18579180150','f8f6ea3f43453e446d1814dfcf4221f6') [ RunTime:0.001000s ]
ERR: 1146:Table 'fa_._user_user' doesn't exist
 [ SQL语句 ] : INSERT INTO fa_._user_user (`type`,`add_time`,`ip`,`username`,`phone`,`passwords`) VALUES ('1',1491814733,'2130706433','phone_KvRsY2DO#7974','18579180150','f8f6ea3f43453e446d1814dfcf4221f6')
NOTIC: [8] Undefined offset: 10 F:\work\__App__\Api\Lib\Action\CommonAction.class.php 第 62 行.

[ 2017-04-10T16:59:45+08:00 ] 127.0.0.1 /index.php?g=api&m=public&a=register
NOTIC: [8192] preg_replace(): The /e modifier is deprecated, use preg_replace_callback instead F:\ThinkPHP\Common\common.php 第 171 行.
INFO: [ app_begin ] --START--
INFO: Run ReadHtmlCache Behavior [ RunTime:0.000000s ]
INFO: [ app_begin ] --END-- [ RunTime:0.000000s ]
NOTIC: 建议使用I方法替代_request
NOTIC: 建议使用I方法替代_request
NOTIC: 建议使用I方法替代_post
SQL: SHOW COLUMNS FROM fa_._user_user [ RunTime:0.001000s ]
ERR: 1146:Table 'fa_._user_user' doesn't exist
 [ SQL语句 ] : SHOW COLUMNS FROM fa_._user_user
NOTIC: 建议使用I方法替代_post
NOTIC: 建议使用I方法替代_post
NOTIC: [8192] preg_replace(): The /e modifier is deprecated, use preg_replace_callback instead F:\ThinkPHP\Lib\Core\Db.class.php 第 601 行.
SQL: SELECT * FROM fa_._user_user WHERE ( phone = 18579180150 ) LIMIT 1   [ RunTime:0.001000s ]
ERR: 1146:Table 'fa_._user_user' doesn't exist
 [ SQL语句 ] : SELECT * FROM fa_._user_user WHERE ( phone = 18579180150 ) LIMIT 1  
NOTIC: 建议使用I方法替代_post
NOTIC: 建议使用I方法替代_post
SQL: INSERT INTO fa_._user_user (`type`,`add_time`,`ip`,`username`,`phone`,`password`) VALUES ('1',1491814785,'2130706433','phone_2eYq6mD8#8199','18579180150','f8f6ea3f43453e446d1814dfcf4221f6') [ RunTime:0.000000s ]
ERR: 1146:Table 'fa_._user_user' doesn't exist
 [ SQL语句 ] : INSERT INTO fa_._user_user (`type`,`add_time`,`ip`,`username`,`phone`,`password`) VALUES ('1',1491814785,'2130706433','phone_2eYq6mD8#8199','18579180150','f8f6ea3f43453e446d1814dfcf4221f6')

[ 2017-04-10T17:00:57+08:00 ] 127.0.0.1 /index.php?g=api&m=public&a=register
NOTIC: [8192] preg_replace(): The /e modifier is deprecated, use preg_replace_callback instead F:\ThinkPHP\Common\common.php 第 171 行.
INFO: [ app_begin ] --START--
INFO: Run ReadHtmlCache Behavior [ RunTime:0.001000s ]
INFO: [ app_begin ] --END-- [ RunTime:0.001000s ]
NOTIC: 建议使用I方法替代_request
NOTIC: 建议使用I方法替代_request
NOTIC: 建议使用I方法替代_post
SQL: SHOW COLUMNS FROM fa_._user_user [ RunTime:0.001000s ]
ERR: 1146:Table 'fa_._user_user' doesn't exist
 [ SQL语句 ] : SHOW COLUMNS FROM fa_._user_user
NOTIC: 建议使用I方法替代_post
NOTIC: 建议使用I方法替代_post
NOTIC: [8192] preg_replace(): The /e modifier is deprecated, use preg_replace_callback instead F:\ThinkPHP\Lib\Core\Db.class.php 第 601 行.
SQL: SELECT * FROM fa_._user_user WHERE ( phone = 18579180150 ) LIMIT 1   [ RunTime:0.001000s ]
ERR: 1146:Table 'fa_._user_user' doesn't exist
 [ SQL语句 ] : SELECT * FROM fa_._user_user WHERE ( phone = 18579180150 ) LIMIT 1  
NOTIC: 建议使用I方法替代_post
NOTIC: 建议使用I方法替代_post
SQL: INSERT INTO fa_._user_user (`type`,`add_time`,`ip`,`username`,`phone`,`password`) VALUES ('1',1491814857,'2130706433','phone_Jwjiq5hB#7319','18579180150','f8f6ea3f43453e446d1814dfcf4221f6') [ RunTime:0.001000s ]
ERR: 1146:Table 'fa_._user_user' doesn't exist
 [ SQL语句 ] : INSERT INTO fa_._user_user (`type`,`add_time`,`ip`,`username`,`phone`,`password`) VALUES ('1',1491814857,'2130706433','phone_Jwjiq5hB#7319','18579180150','f8f6ea3f43453e446d1814dfcf4221f6')

[ 2017-04-10T17:01:32+08:00 ] 127.0.0.1 /index.php?g=api&m=public&a=register
NOTIC: [8192] preg_replace(): The /e modifier is deprecated, use preg_replace_callback instead F:\ThinkPHP\Common\common.php 第 171 行.
INFO: [ app_begin ] --START--
INFO: Run ReadHtmlCache Behavior [ RunTime:0.000000s ]
INFO: [ app_begin ] --END-- [ RunTime:0.001000s ]
NOTIC: 建议使用I方法替代_request
NOTIC: 建议使用I方法替代_request
NOTIC: 建议使用I方法替代_post
SQL: SHOW COLUMNS FROM www_aifamu_com_user.fa_user_user [ RunTime:0.003001s ]
NOTIC: 建议使用I方法替代_post
NOTIC: 建议使用I方法替代_post
NOTIC: [8192] preg_replace(): The /e modifier is deprecated, use preg_replace_callback instead F:\ThinkPHP\Lib\Core\Db.class.php 第 601 行.
SQL: SELECT * FROM www_aifamu_com_user.fa_user_user WHERE ( phone = 18579180150 ) LIMIT 1   [ RunTime:0.001000s ]
NOTIC: 建议使用I方法替代_post
NOTIC: 建议使用I方法替代_post
SQL: INSERT INTO www_aifamu_com_user.fa_user_user (`type`,`add_time`,`ip`,`username`,`phone`,`password`) VALUES (1,1491814892,'2130706433','phone_TVcLIEkc#2673','18579180150','f8f6ea3f43453e446d1814dfcf4221f6') [ RunTime:0.056003s ]

[ 2017-04-10T17:02:28+08:00 ] 127.0.0.1 /index.php?g=api&m=public&a=register
NOTIC: [8192] preg_replace(): The /e modifier is deprecated, use preg_replace_callback instead F:\ThinkPHP\Common\common.php 第 171 行.
INFO: [ app_begin ] --START--
INFO: Run ReadHtmlCache Behavior [ RunTime:0.000000s ]
INFO: [ app_begin ] --END-- [ RunTime:0.000000s ]
NOTIC: 建议使用I方法替代_request
NOTIC: 建议使用I方法替代_request
NOTIC: 建议使用I方法替代_post
SQL: SHOW COLUMNS FROM www_aifamu_com_user.fa_user_user [ RunTime:0.002001s ]
NOTIC: 建议使用I方法替代_post
NOTIC: 建议使用I方法替代_post
NOTIC: [8192] preg_replace(): The /e modifier is deprecated, use preg_replace_callback instead F:\ThinkPHP\Lib\Core\Db.class.php 第 601 行.
SQL: SELECT * FROM www_aifamu_com_user.fa_user_user WHERE ( phone = 18579180150 ) LIMIT 1   [ RunTime:0.001000s ]
NOTIC: 建议使用I方法替代_post
NOTIC: 建议使用I方法替代_post
SQL: INSERT INTO www_aifamu_com_user.fa_user_user (`type`,`add_time`,`ip`,`username`,`phone`,`password`) VALUES (1,1491814948,'2130706433','phone_oCRMcdVu#1276','18579180150','f8f6ea3f43453e446d1814dfcf4221f6') [ RunTime:0.066003s ]
SQL: UPDATE www_aifamu_com_user.fa_user_user SET `token`='83f48efe416aeb5ed4ddff036f80df54' WHERE ( id = 1 ) [ RunTime:0.066004s ]

[ 2017-04-10T17:22:26+08:00 ] 127.0.0.1 /index.php?m=shop&a=goods_show&user_token=1fehsdffd
NOTIC: [8192] preg_replace(): The /e modifier is deprecated, use preg_replace_callback instead F:\ThinkPHP\Common\common.php 第 171 行.
INFO: [ app_begin ] --START--
INFO: Run ReadHtmlCache Behavior [ RunTime:0.000000s ]
INFO: [ app_begin ] --END-- [ RunTime:0.000000s ]
NOTIC: 建议使用I方法替代_request
NOTIC: 建议使用I方法替代_request
SQL: SHOW COLUMNS FROM `fa_user_user` [ RunTime:0.002001s ]
NOTIC: [8192] preg_replace(): The /e modifier is deprecated, use preg_replace_callback instead F:\ThinkPHP\Lib\Core\Db.class.php 第 601 行.
SQL: SELECT * FROM `fa_user_user` WHERE ( `token` = '1fehsdffd' ) LIMIT 1   [ RunTime:0.001000s ]
SQL: SHOW COLUMNS FROM `fa_shop_goods` [ RunTime:0.003000s ]
NOTIC: [8192] preg_replace(): The /e modifier is deprecated, use preg_replace_callback instead F:\ThinkPHP\Lib\Core\Db.class.php 第 601 行.
SQL: SELECT `id`,`name`,`price`,`avatar_img`,`attr_id`,`remain_num`,`state`,`detail`,`is_virtual`,`intro`,`hot_sort`,`has_nums`,`type`,`album_id` FROM `fa_shop_goods` WHERE ( `id` = 1 ) AND ( `state` = 1 ) LIMIT 1   [ RunTime:0.001000s ]
SQL: SHOW COLUMNS FROM `fa_shop_album` [ RunTime:0.002000s ]
NOTIC: [8192] preg_replace(): The /e modifier is deprecated, use preg_replace_callback instead F:\ThinkPHP\Lib\Core\Db.class.php 第 601 行.
SQL: SELECT `img1`,`img2`,`img3`,`img4`,`img5` FROM `fa_shop_album` WHERE ( id = 6 ) LIMIT 1   [ RunTime:0.000000s ]
SQL: SHOW COLUMNS FROM `fa_shop_goods_attribute` [ RunTime:0.001000s ]
NOTIC: [8192] preg_replace(): The /e modifier is deprecated, use preg_replace_callback instead F:\ThinkPHP\Lib\Core\Db.class.php 第 601 行.
SQL: SELECT t2.attr_name,t1.value FROM `fa_shop_goods_attribute` as t1 left join fa_shop_attribute as t2 on t1.attr_id = t2.id WHERE ( t1.id = 1 ) LIMIT 1   [ RunTime:0.001000s ]

[ 2017-04-10T17:40:38+08:00 ] 127.0.0.1 /index.php?g=api&m=sms&a=send
NOTIC: [8192] preg_replace(): The /e modifier is deprecated, use preg_replace_callback instead F:\ThinkPHP\Common\common.php 第 171 行.
INFO: [ app_begin ] --START--
INFO: Run ReadHtmlCache Behavior [ RunTime:0.001000s ]
INFO: [ app_begin ] --END-- [ RunTime:0.001000s ]
NOTIC: 建议使用I方法替代_request
NOTIC: 建议使用I方法替代_request
SQL: SHOW COLUMNS FROM www_aifamu_com_user.fa_user_user [ RunTime:0.003000s ]
NOTIC: [8192] preg_replace(): The /e modifier is deprecated, use preg_replace_callback instead F:\ThinkPHP\Lib\Core\Db.class.php 第 601 行.
SQL: SELECT `id` FROM www_aifamu_com_user.fa_user_user WHERE ( `phone` = '18579180150' ) LIMIT 1   [ RunTime:0.001000s ]
SQL: SHOW COLUMNS FROM www_aifamu_com_user.fa_admin_sms [ RunTime:0.002001s ]
NOTIC: [8192] preg_replace(): The /e modifier is deprecated, use preg_replace_callback instead F:\ThinkPHP\Lib\Core\Db.class.php 第 601 行.
SQL: SELECT * FROM www_aifamu_com_user.fa_admin_sms WHERE ( `ip` = '2130706433' ) LIMIT 1   [ RunTime:0.001000s ]
NOTIC: [8192] preg_replace(): The /e modifier is deprecated, use preg_replace_callback instead F:\ThinkPHP\Lib\Core\Db.class.php 第 601 行.
SQL: SELECT COUNT(*) AS tp_count FROM www_aifamu_com_user.fa_admin_sms WHERE ( `ip` = '2130706433' ) AND ( `sms_time` > 1491753600 ) LIMIT 1   [ RunTime:0.001000s ]
NOTIC: [8192] preg_replace(): The /e modifier is deprecated, use preg_replace_callback instead F:\ThinkPHP\Lib\Core\Db.class.php 第 601 行.
SQL: SELECT * FROM www_aifamu_com_user.fa_admin_sms WHERE ( `phone` = '18579180150' ) LIMIT 1   [ RunTime:0.001000s ]
NOTIC: [2048] mktime(): You should be using the time() function instead F:\work\__App__\Api\Modules\Api\Action\SmsAction.class.php 第 121 行.
SQL: UPDATE www_aifamu_com_user.fa_admin_sms SET `get_count`=get_count+1 WHERE ( `phone` = '18579180150' ) [ RunTime:0.001000s ]
SQL: UPDATE www_aifamu_com_user.fa_admin_sms SET `sms_code`=676782,`sms_time`=1491817238,`status`=0,`ip`='2130706433',`source`=2 WHERE ( `phone` = '18579180150' ) [ RunTime:0.001000s ]
SQL: SHOW COLUMNS FROM www_aifamu_com_user.fa_admin_smscount [ RunTime:0.002000s ]
SQL: INSERT INTO www_aifamu_com_user.fa_admin_smscount (`phone`,`request_time`) VALUES ('18579180150',1491817238) [ RunTime:0.000000s ]
NOTIC: [8192] preg_replace(): The /e modifier is deprecated, use preg_replace_callback instead F:\ThinkPHP\Lib\Core\Db.class.php 第 601 行.
SQL: SELECT COUNT(*) AS tp_count FROM www_aifamu_com_user.fa_admin_smscount WHERE ( `request_time` > 1491813638 ) LIMIT 1   [ RunTime:0.000000s ]
SQL: DELETE FROM www_aifamu_com_user.fa_admin_smscount WHERE ( request_time <1491667200 ) [ RunTime:0.000000s ]
SQL: UPDATE www_aifamu_com_user.fa_admin_sms SET `total`=total+1 WHERE ( `phone` = '18579180150' ) [ RunTime:0.001000s ]

[ 2017-04-10T17:40:59+08:00 ] 127.0.0.1 /index.php?g=api&m=sms&a=verify
NOTIC: [8192] preg_replace(): The /e modifier is deprecated, use preg_replace_callback instead F:\ThinkPHP\Common\common.php 第 171 行.
INFO: [ app_begin ] --START--
INFO: Run ReadHtmlCache Behavior [ RunTime:0.001001s ]
INFO: [ app_begin ] --END-- [ RunTime:0.001001s ]
NOTIC: 建议使用I方法替代_request
NOTIC: 建议使用I方法替代_request
SQL: SHOW COLUMNS FROM www_aifamu_com_user.fa_admin_sms [ RunTime:0.002000s ]
NOTIC: [8192] preg_replace(): The /e modifier is deprecated, use preg_replace_callback instead F:\ThinkPHP\Lib\Core\Db.class.php 第 601 行.
SQL: SELECT * FROM www_aifamu_com_user.fa_admin_sms WHERE ( `phone` = '18579180150' ) AND ( `sms_code` = 676782 ) AND ( `status` = 0 ) LIMIT 1   [ RunTime:0.001000s ]
SQL: UPDATE www_aifamu_com_user.fa_admin_sms SET `status`=1 WHERE ( `phone` = '18579180150' ) AND ( `sms_code` = 676782 ) AND ( `status` = 0 ) [ RunTime:0.001001s ]

[ 2017-04-10T18:05:39+08:00 ] 127.0.0.1 /index.php?g=api&m=public&a=forget
NOTIC: [8192] preg_replace(): The /e modifier is deprecated, use preg_replace_callback instead F:\ThinkPHP\Common\common.php 第 171 行.
INFO: [ app_begin ] --START--
INFO: Run ReadHtmlCache Behavior [ RunTime:0.001000s ]
INFO: [ app_begin ] --END-- [ RunTime:0.001000s ]
NOTIC: 建议使用I方法替代_request
NOTIC: 建议使用I方法替代_request
NOTIC: 建议使用I方法替代_post
NOTIC: 建议使用I方法替代_post
SQL: SHOW COLUMNS FROM www_aifamu_com_user.fa_admin_sms [ RunTime:0.002000s ]
NOTIC: [8192] preg_replace(): The /e modifier is deprecated, use preg_replace_callback instead F:\ThinkPHP\Lib\Core\Db.class.php 第 601 行.
SQL: SELECT * FROM www_aifamu_com_user.fa_admin_sms WHERE ( phone = 18579180150 and status = 1 ) LIMIT 1   [ RunTime:0.000000s ]
NOTIC: [8] Undefined variable: UserUser F:\work\__App__\Api\Modules\Api\Action\PublicAction.class.php 第 233 行.

[ 2017-04-10T18:06:15+08:00 ] 127.0.0.1 /index.php?g=api&m=public&a=forget
NOTIC: [8192] preg_replace(): The /e modifier is deprecated, use preg_replace_callback instead F:\ThinkPHP\Common\common.php 第 171 行.
INFO: [ app_begin ] --START--
INFO: Run ReadHtmlCache Behavior [ RunTime:0.001000s ]
INFO: [ app_begin ] --END-- [ RunTime:0.001000s ]
NOTIC: 建议使用I方法替代_request
NOTIC: 建议使用I方法替代_request
SQL: SHOW COLUMNS FROM www_aifamu_com_user.fa_user_user [ RunTime:0.002000s ]
NOTIC: 建议使用I方法替代_post
NOTIC: 建议使用I方法替代_post
SQL: SHOW COLUMNS FROM www_aifamu_com_user.fa_admin_sms [ RunTime:0.002000s ]
NOTIC: [8192] preg_replace(): The /e modifier is deprecated, use preg_replace_callback instead F:\ThinkPHP\Lib\Core\Db.class.php 第 601 行.
SQL: SELECT * FROM www_aifamu_com_user.fa_admin_sms WHERE ( phone = 18579180150 and status = 1 ) LIMIT 1   [ RunTime:0.001000s ]
NOTIC: [8192] preg_replace(): The /e modifier is deprecated, use preg_replace_callback instead F:\ThinkPHP\Lib\Core\Db.class.php 第 601 行.
SQL: SELECT * FROM www_aifamu_com_user.fa_user_user WHERE ( phone = 18579180150 ) LIMIT 1   [ RunTime:0.001000s ]
NOTIC: 建议使用I方法替代_post
NOTIC: 建议使用I方法替代_post
NOTIC: [8] Undefined variable: id F:\work\__App__\Api\Modules\Api\Action\PublicAction.class.php 第 247 行.
SQL: UPDATE www_aifamu_com_user.fa_user_user SET `token`='d8822d1acf2476ab63996b491f96bcbb' WHERE ( id = 1 ) [ RunTime:0.089005s ]
SQL: UPDATE www_aifamu_com_user.fa_user_user SET `password`='f8f6ea3f43453e446d1814dfcf4221f6' WHERE ( id = 1 ) [ RunTime:0.067004s ]
NOTIC: [8] Undefined index: forget F:\work\__App__\Api\Lib\Action\CommonAction.class.php 第 62 行.

[ 2017-04-10T18:08:56+08:00 ] 127.0.0.1 /index.php?g=api&m=public&a=forget
NOTIC: [8192] preg_replace(): The /e modifier is deprecated, use preg_replace_callback instead F:\ThinkPHP\Common\common.php 第 171 行.
INFO: [ app_begin ] --START--
INFO: Run ReadHtmlCache Behavior [ RunTime:0.001000s ]
INFO: [ app_begin ] --END-- [ RunTime:0.001000s ]
NOTIC: 建议使用I方法替代_request
NOTIC: 建议使用I方法替代_request
SQL: SHOW COLUMNS FROM www_aifamu_com_user.fa_user_user [ RunTime:0.002001s ]
NOTIC: 建议使用I方法替代_post
NOTIC: 建议使用I方法替代_post
SQL: SHOW COLUMNS FROM www_aifamu_com_user.fa_admin_sms [ RunTime:0.002000s ]
NOTIC: [8192] preg_replace(): The /e modifier is deprecated, use preg_replace_callback instead F:\ThinkPHP\Lib\Core\Db.class.php 第 601 行.
SQL: SELECT * FROM www_aifamu_com_user.fa_admin_sms WHERE ( phone = 18579180150 and status = 1 ) LIMIT 1   [ RunTime:0.000000s ]
NOTIC: [8192] preg_replace(): The /e modifier is deprecated, use preg_replace_callback instead F:\ThinkPHP\Lib\Core\Db.class.php 第 601 行.
SQL: SELECT * FROM www_aifamu_com_user.fa_user_user WHERE ( phone = 18579180150 ) LIMIT 1   [ RunTime:0.001000s ]
NOTIC: 建议使用I方法替代_post
NOTIC: 建议使用I方法替代_post
NOTIC: [8] Undefined variable: id F:\work\__App__\Api\Modules\Api\Action\PublicAction.class.php 第 247 行.
SQL: UPDATE www_aifamu_com_user.fa_user_user SET `token`='244268178c8f94e7ae47c541139a2888' WHERE ( id = 1 ) [ RunTime:0.071004s ]
SQL: UPDATE www_aifamu_com_user.fa_user_user SET `password`='f8f6ea3f43453e446d1814dfcf4221f6' WHERE ( id = 1 ) [ RunTime:0.066004s ]

[ 2017-04-10T18:08:58+08:00 ] 127.0.0.1 /index.php?g=api&m=public&a=forget
NOTIC: [8192] preg_replace(): The /e modifier is deprecated, use preg_replace_callback instead F:\ThinkPHP\Common\common.php 第 171 行.
INFO: [ app_begin ] --START--
INFO: Run ReadHtmlCache Behavior [ RunTime:0.000000s ]
INFO: [ app_begin ] --END-- [ RunTime:0.001000s ]
NOTIC: 建议使用I方法替代_request
NOTIC: 建议使用I方法替代_request
SQL: SHOW COLUMNS FROM www_aifamu_com_user.fa_user_user [ RunTime:0.002000s ]
NOTIC: 建议使用I方法替代_post
NOTIC: 建议使用I方法替代_post
SQL: SHOW COLUMNS FROM www_aifamu_com_user.fa_admin_sms [ RunTime:0.002000s ]
NOTIC: [8192] preg_replace(): The /e modifier is deprecated, use preg_replace_callback instead F:\ThinkPHP\Lib\Core\Db.class.php 第 601 行.
SQL: SELECT * FROM www_aifamu_com_user.fa_admin_sms WHERE ( phone = 18579180150 and status = 1 ) LIMIT 1   [ RunTime:0.001000s ]
NOTIC: [8192] preg_replace(): The /e modifier is deprecated, use preg_replace_callback instead F:\ThinkPHP\Lib\Core\Db.class.php 第 601 行.
SQL: SELECT * FROM www_aifamu_com_user.fa_user_user WHERE ( phone = 18579180150 ) LIMIT 1   [ RunTime:0.001001s ]
NOTIC: 建议使用I方法替代_post
NOTIC: 建议使用I方法替代_post
NOTIC: [8] Undefined variable: id F:\work\__App__\Api\Modules\Api\Action\PublicAction.class.php 第 247 行.
SQL: UPDATE www_aifamu_com_user.fa_user_user SET `token`='09b024d64571ff30af0374b39513a92e' WHERE ( id = 1 ) [ RunTime:0.066003s ]
SQL: UPDATE www_aifamu_com_user.fa_user_user SET `password`='f8f6ea3f43453e446d1814dfcf4221f6' WHERE ( id = 1 ) [ RunTime:0.067004s ]

[ 2017-04-10T18:09:02+08:00 ] 127.0.0.1 /index.php?g=api&m=public&a=forget
NOTIC: [8192] preg_replace(): The /e modifier is deprecated, use preg_replace_callback instead F:\ThinkPHP\Common\common.php 第 171 行.
INFO: [ app_begin ] --START--
INFO: Run ReadHtmlCache Behavior [ RunTime:0.001000s ]
INFO: [ app_begin ] --END-- [ RunTime:0.001000s ]
NOTIC: 建议使用I方法替代_request
NOTIC: 建议使用I方法替代_request
SQL: SHOW COLUMNS FROM www_aifamu_com_user.fa_user_user [ RunTime:0.002000s ]
NOTIC: 建议使用I方法替代_post
NOTIC: 建议使用I方法替代_post
SQL: SHOW COLUMNS FROM www_aifamu_com_user.fa_admin_sms [ RunTime:0.002000s ]
NOTIC: [8192] preg_replace(): The /e modifier is deprecated, use preg_replace_callback instead F:\ThinkPHP\Lib\Core\Db.class.php 第 601 行.
SQL: SELECT * FROM www_aifamu_com_user.fa_admin_sms WHERE ( phone = 18579180150 and status = 1 ) LIMIT 1   [ RunTime:0.001000s ]
NOTIC: [8192] preg_replace(): The /e modifier is deprecated, use preg_replace_callback instead F:\ThinkPHP\Lib\Core\Db.class.php 第 601 行.
SQL: SELECT * FROM www_aifamu_com_user.fa_user_user WHERE ( phone = 18579180150 ) LIMIT 1   [ RunTime:0.001000s ]
NOTIC: 建议使用I方法替代_post
NOTIC: 建议使用I方法替代_post
NOTIC: [8] Undefined variable: id F:\work\__App__\Api\Modules\Api\Action\PublicAction.class.php 第 247 行.
SQL: UPDATE www_aifamu_com_user.fa_user_user SET `token`='bd04829bdd0359ea407339e176998ce6' WHERE ( id = 1 ) [ RunTime:0.066004s ]
SQL: UPDATE www_aifamu_com_user.fa_user_user SET `password`='f8f6ea3f43453e446d1814dfcf4221f6' WHERE ( id = 1 ) [ RunTime:0.066004s ]

[ 2017-04-10T18:12:31+08:00 ] 127.0.0.1 /index.php?g=api&m=public&a=forget
NOTIC: [8192] preg_replace(): The /e modifier is deprecated, use preg_replace_callback instead F:\ThinkPHP\Common\common.php 第 171 行.
INFO: [ app_begin ] --START--
INFO: Run ReadHtmlCache Behavior [ RunTime:0.001000s ]
INFO: [ app_begin ] --END-- [ RunTime:0.001000s ]
NOTIC: 建议使用I方法替代_request
NOTIC: 建议使用I方法替代_request
SQL: SHOW COLUMNS FROM www_aifamu_com_user.fa_user_user [ RunTime:0.002000s ]
NOTIC: 建议使用I方法替代_post
NOTIC: 建议使用I方法替代_post
SQL: SHOW COLUMNS FROM www_aifamu_com_user.fa_admin_sms [ RunTime:0.001000s ]
NOTIC: [8192] preg_replace(): The /e modifier is deprecated, use preg_replace_callback instead F:\ThinkPHP\Lib\Core\Db.class.php 第 601 行.
SQL: SELECT * FROM www_aifamu_com_user.fa_admin_sms WHERE ( phone = 18579180150 and status = 1 ) LIMIT 1   [ RunTime:0.001000s ]
NOTIC: [8192] preg_replace(): The /e modifier is deprecated, use preg_replace_callback instead F:\ThinkPHP\Lib\Core\Db.class.php 第 601 行.
SQL: SELECT * FROM www_aifamu_com_user.fa_user_user WHERE ( phone = 18579180150 ) LIMIT 1   [ RunTime:0.001000s ]
NOTIC: 建议使用I方法替代_post
NOTIC: 建议使用I方法替代_post
NOTIC: [8] Undefined variable: id F:\work\__App__\Api\Modules\Api\Action\PublicAction.class.php 第 247 行.
SQL: UPDATE www_aifamu_com_user.fa_user_user SET `phone`='18579180150',`password`='f8f6ea3f43453e446d1814dfcf4221f6',`token`='90a1b4adbcbcdcc421d3253aad77ccc2' WHERE ( id = 1 ) [ RunTime:0.077004s ]

[ 2017-04-10T18:12:33+08:00 ] 127.0.0.1 /index.php?g=api&m=public&a=forget
NOTIC: [8192] preg_replace(): The /e modifier is deprecated, use preg_replace_callback instead F:\ThinkPHP\Common\common.php 第 171 行.
INFO: [ app_begin ] --START--
INFO: Run ReadHtmlCache Behavior [ RunTime:0.001000s ]
INFO: [ app_begin ] --END-- [ RunTime:0.001000s ]
NOTIC: 建议使用I方法替代_request
NOTIC: 建议使用I方法替代_request
SQL: SHOW COLUMNS FROM www_aifamu_com_user.fa_user_user [ RunTime:0.002000s ]
NOTIC: 建议使用I方法替代_post
NOTIC: 建议使用I方法替代_post
SQL: SHOW COLUMNS FROM www_aifamu_com_user.fa_admin_sms [ RunTime:0.002000s ]
NOTIC: [8192] preg_replace(): The /e modifier is deprecated, use preg_replace_callback instead F:\ThinkPHP\Lib\Core\Db.class.php 第 601 行.
SQL: SELECT * FROM www_aifamu_com_user.fa_admin_sms WHERE ( phone = 18579180150 and status = 1 ) LIMIT 1   [ RunTime:0.001000s ]
NOTIC: [8192] preg_replace(): The /e modifier is deprecated, use preg_replace_callback instead F:\ThinkPHP\Lib\Core\Db.class.php 第 601 行.
SQL: SELECT * FROM www_aifamu_com_user.fa_user_user WHERE ( phone = 18579180150 ) LIMIT 1   [ RunTime:0.001000s ]
NOTIC: 建议使用I方法替代_post
NOTIC: 建议使用I方法替代_post
NOTIC: [8] Undefined variable: id F:\work\__App__\Api\Modules\Api\Action\PublicAction.class.php 第 247 行.
SQL: UPDATE www_aifamu_com_user.fa_user_user SET `phone`='18579180150',`password`='f8f6ea3f43453e446d1814dfcf4221f6',`token`='45f5daffb0eb6a4b9627cdf0c23a6b51' WHERE ( id = 1 ) [ RunTime:0.073004s ]

[ 2017-04-10T18:12:47+08:00 ] 127.0.0.1 /index.php?g=api&m=public&a=forget
NOTIC: [8192] preg_replace(): The /e modifier is deprecated, use preg_replace_callback instead F:\ThinkPHP\Common\common.php 第 171 行.
INFO: [ app_begin ] --START--
INFO: Run ReadHtmlCache Behavior [ RunTime:0.000000s ]
INFO: [ app_begin ] --END-- [ RunTime:0.000000s ]
NOTIC: 建议使用I方法替代_request
NOTIC: 建议使用I方法替代_request
SQL: SHOW COLUMNS FROM www_aifamu_com_user.fa_user_user [ RunTime:0.003001s ]
NOTIC: 建议使用I方法替代_post
NOTIC: 建议使用I方法替代_post
SQL: SHOW COLUMNS FROM www_aifamu_com_user.fa_admin_sms [ RunTime:0.002000s ]
NOTIC: [8192] preg_replace(): The /e modifier is deprecated, use preg_replace_callback instead F:\ThinkPHP\Lib\Core\Db.class.php 第 601 行.
SQL: SELECT * FROM www_aifamu_com_user.fa_admin_sms WHERE ( phone = 18579180150 and status = 1 ) LIMIT 1   [ RunTime:0.001000s ]
NOTIC: [8192] preg_replace(): The /e modifier is deprecated, use preg_replace_callback instead F:\ThinkPHP\Lib\Core\Db.class.php 第 601 行.
SQL: SELECT * FROM www_aifamu_com_user.fa_user_user WHERE ( phone = 18579180150 ) LIMIT 1   [ RunTime:0.001000s ]
NOTIC: 建议使用I方法替代_post
NOTIC: 建议使用I方法替代_post
NOTIC: [8] Undefined variable: id F:\work\__App__\Api\Modules\Api\Action\PublicAction.class.php 第 247 行.
SQL: UPDATE www_aifamu_com_user.fa_user_user SET `phone`='18579180150',`password`='f8f6ea3f43453e446d1814dfcf4221f6',`token`='8e65071479343ece63c2f6bf319e9558' WHERE ( id = 1 ) [ RunTime:0.088005s ]

[ 2017-04-10T18:13:37+08:00 ] 127.0.0.1 /index.php?g=api&m=public&a=forget
NOTIC: [8192] preg_replace(): The /e modifier is deprecated, use preg_replace_callback instead F:\ThinkPHP\Common\common.php 第 171 行.
INFO: [ app_begin ] --START--
INFO: Run ReadHtmlCache Behavior [ RunTime:0.001000s ]
INFO: [ app_begin ] --END-- [ RunTime:0.001000s ]
NOTIC: 建议使用I方法替代_request
NOTIC: 建议使用I方法替代_request
SQL: SHOW COLUMNS FROM www_aifamu_com_user.fa_user_user [ RunTime:0.003000s ]
NOTIC: 建议使用I方法替代_post
NOTIC: 建议使用I方法替代_post
SQL: SHOW COLUMNS FROM www_aifamu_com_user.fa_admin_sms [ RunTime:0.002000s ]
NOTIC: [8192] preg_replace(): The /e modifier is deprecated, use preg_replace_callback instead F:\ThinkPHP\Lib\Core\Db.class.php 第 601 行.
SQL: SELECT * FROM www_aifamu_com_user.fa_admin_sms WHERE ( phone = 18579180150 and status = 1 ) LIMIT 1   [ RunTime:0.001000s ]
NOTIC: [8192] preg_replace(): The /e modifier is deprecated, use preg_replace_callback instead F:\ThinkPHP\Lib\Core\Db.class.php 第 601 行.
SQL: SELECT * FROM www_aifamu_com_user.fa_user_user WHERE ( phone = 18579180150 ) LIMIT 1   [ RunTime:0.001000s ]
NOTIC: 建议使用I方法替代_post
NOTIC: 建议使用I方法替代_post
NOTIC: [8] Undefined variable: id F:\work\__App__\Api\Modules\Api\Action\PublicAction.class.php 第 247 行.
SQL: UPDATE www_aifamu_com_user.fa_user_user SET `phone`='18579180150',`password`='f8f6ea3f43453e446d1814dfcf4221f6',`token`='fdbe747fa2d6978e9af1d845db00c6fc',`ip`='2130706433' WHERE ( id = 1 ) [ RunTime:0.067004s ]

[ 2017-04-10T18:18:34+08:00 ] 127.0.0.1 /index.php?g=api&m=public&a=register
NOTIC: [8192] preg_replace(): The /e modifier is deprecated, use preg_replace_callback instead F:\ThinkPHP\Common\common.php 第 171 行.
INFO: [ app_begin ] --START--
INFO: Run ReadHtmlCache Behavior [ RunTime:0.001000s ]
INFO: [ app_begin ] --END-- [ RunTime:0.001000s ]
NOTIC: 建议使用I方法替代_request
NOTIC: 建议使用I方法替代_request
NOTIC: 建议使用I方法替代_post
SQL: SHOW COLUMNS FROM www_aifamu_com_user.fa_user_user [ RunTime:0.002000s ]
NOTIC: 建议使用I方法替代_post
NOTIC: 建议使用I方法替代_post
SQL: SHOW COLUMNS FROM www_aifamu_com_user.fa_admin_sms [ RunTime:0.001000s ]
NOTIC: [8192] preg_replace(): The /e modifier is deprecated, use preg_replace_callback instead F:\ThinkPHP\Lib\Core\Db.class.php 第 601 行.
SQL: SELECT * FROM www_aifamu_com_user.fa_admin_sms WHERE ( phone = 18579180150 and status = 1 ) LIMIT 1   [ RunTime:0.000000s ]
NOTIC: [8192] preg_replace(): The /e modifier is deprecated, use preg_replace_callback instead F:\ThinkPHP\Lib\Core\Db.class.php 第 601 行.
SQL: SELECT * FROM www_aifamu_com_user.fa_user_user WHERE ( phone = 18579180150 ) LIMIT 1   [ RunTime:0.001000s ]

[ 2017-04-10T18:19:37+08:00 ] 127.0.0.1 /index.php?g=api&m=public&a=register
NOTIC: [8192] preg_replace(): The /e modifier is deprecated, use preg_replace_callback instead F:\ThinkPHP\Common\common.php 第 171 行.
INFO: [ app_begin ] --START--
INFO: Run ReadHtmlCache Behavior [ RunTime:0.001000s ]
INFO: [ app_begin ] --END-- [ RunTime:0.001000s ]
NOTIC: 建议使用I方法替代_request
NOTIC: 建议使用I方法替代_request
NOTIC: 建议使用I方法替代_post
SQL: SHOW COLUMNS FROM www_aifamu_com_user.fa_user_user [ RunTime:0.003001s ]
NOTIC: 建议使用I方法替代_post
NOTIC: 建议使用I方法替代_post
SQL: SHOW COLUMNS FROM www_aifamu_com_user.fa_admin_sms [ RunTime:0.002000s ]
NOTIC: [8192] preg_replace(): The /e modifier is deprecated, use preg_replace_callback instead F:\ThinkPHP\Lib\Core\Db.class.php 第 601 行.
SQL: SELECT * FROM www_aifamu_com_user.fa_admin_sms WHERE ( phone = 15629057913 and status = 1 ) LIMIT 1   [ RunTime:0.001000s ]

[ 2017-04-10T18:55:22+08:00 ] 127.0.0.1 /index.php?g=api&m=public&a=register
NOTIC: [8192] preg_replace(): The /e modifier is deprecated, use preg_replace_callback instead F:\ThinkPHP\Common\common.php 第 171 行.
INFO: [ app_begin ] --START--
INFO: Run ReadHtmlCache Behavior [ RunTime:0.001000s ]
INFO: [ app_begin ] --END-- [ RunTime:0.001000s ]
NOTIC: 建议使用I方法替代_request
NOTIC: 建议使用I方法替代_request
NOTIC: 建议使用I方法替代_post
SQL: SHOW COLUMNS FROM www_aifamu_com_user.fa_user_user [ RunTime:0.002000s ]
NOTIC: 建议使用I方法替代_post
NOTIC: 建议使用I方法替代_post
SQL: SHOW COLUMNS FROM www_aifamu_com_user.fa_admin_sms [ RunTime:0.002000s ]
NOTIC: [8192] preg_replace(): The /e modifier is deprecated, use preg_replace_callback instead F:\ThinkPHP\Lib\Core\Db.class.php 第 601 行.
SQL: SELECT * FROM www_aifamu_com_user.fa_admin_sms WHERE ( status = 1 and todo=1 and phone = 15629057913 and sms_time >1491821122 ) LIMIT 1   [ RunTime:0.001000s ]

[ 2017-04-10T18:55:23+08:00 ] 127.0.0.1 /index.php?g=api&m=public&a=register
NOTIC: [8192] preg_replace(): The /e modifier is deprecated, use preg_replace_callback instead F:\ThinkPHP\Common\common.php 第 171 行.
INFO: [ app_begin ] --START--
INFO: Run ReadHtmlCache Behavior [ RunTime:0.001000s ]
INFO: [ app_begin ] --END-- [ RunTime:0.001000s ]
NOTIC: 建议使用I方法替代_request
NOTIC: 建议使用I方法替代_request
NOTIC: 建议使用I方法替代_post
SQL: SHOW COLUMNS FROM www_aifamu_com_user.fa_user_user [ RunTime:0.002000s ]
NOTIC: 建议使用I方法替代_post
NOTIC: 建议使用I方法替代_post
SQL: SHOW COLUMNS FROM www_aifamu_com_user.fa_admin_sms [ RunTime:0.002000s ]
NOTIC: [8192] preg_replace(): The /e modifier is deprecated, use preg_replace_callback instead F:\ThinkPHP\Lib\Core\Db.class.php 第 601 行.
SQL: SELECT * FROM www_aifamu_com_user.fa_admin_sms WHERE ( status = 1 and todo=1 and phone = 15629057913 and sms_time >1491821123 ) LIMIT 1   [ RunTime:0.000000s ]

