[ 2017-06-20T09:19:59+08:00 ] 127.0.0.1 /index.php?g=api&m=Public&a=alllogin
NOTIC: [8192] preg_replace(): The /e modifier is deprecated, use preg_replace_callback instead F:\ThinkPHP\Common\common.php 第 171 行.
INFO: [ app_begin ] --START--
INFO: Run ReadHtmlCache Behavior [ RunTime:0.001001s ]
INFO: [ app_begin ] --END-- [ RunTime:0.001001s ]
NOTIC: [8] Memcache::connect():  F:\ThinkPHP\Extend\Driver\Session\SessionMemcache.class.php 第 38 行.
NOTIC: [2] Memcache::connect():  F:\ThinkPHP\Extend\Driver\Session\SessionMemcache.class.php 第 38 行.
NOTIC: 建议使用I方法替代_request
NOTIC: 建议使用I方法替代_request
NOTIC: 建议使用I方法替代_post
NOTIC: 建议使用I方法替代_post
NOTIC: 建议使用I方法替代_post

[ 2017-06-20T09:20:59+08:00 ] 127.0.0.1 /index.php?g=api&m=Public&a=alllogin
NOTIC: [8192] preg_replace(): The /e modifier is deprecated, use preg_replace_callback instead F:\ThinkPHP\Common\common.php 第 171 行.
INFO: [ app_begin ] --START--
INFO: Run ReadHtmlCache Behavior [ RunTime:0.001000s ]
INFO: [ app_begin ] --END-- [ RunTime:0.001000s ]
NOTIC: [8] Memcache::connect():  F:\ThinkPHP\Extend\Driver\Session\SessionMemcache.class.php 第 38 行.
NOTIC: [2] Memcache::connect():  F:\ThinkPHP\Extend\Driver\Session\SessionMemcache.class.php 第 38 行.
NOTIC: 建议使用I方法替代_request
NOTIC: 建议使用I方法替代_request
NOTIC: 建议使用I方法替代_post
NOTIC: 建议使用I方法替代_post
NOTIC: 建议使用I方法替代_post
SQL: SHOW COLUMNS FROM `fa_user_open_info` [ RunTime:0.001000s ]
NOTIC: [8192] preg_replace(): The /e modifier is deprecated, use preg_replace_callback instead F:\ThinkPHP\Lib\Core\Db.class.php 第 601 行.
SQL: SELECT * FROM `fa_user_open_info` WHERE ( `qq_openid` = '95632B95F98D22A663C9DF1C3620B91D' ) LIMIT 1   [ RunTime:0.001000s ]
SQL: SHOW COLUMNS FROM `fa_user_user` [ RunTime:0.001001s ]
NOTIC: 建议使用I方法替代_post
NOTIC: [8192] preg_replace(): The /e modifier is deprecated, use preg_replace_callback instead F:\ThinkPHP\Lib\Core\Db.class.php 第 601 行.
SQL: SELECT * FROM `fa_user_user` WHERE ( `id` = 17 ) LIMIT 1   [ RunTime:0.000000s ]
SQL: SHOW COLUMNS FROM `fa_award_attendance` [ RunTime:0.001000s ]
NOTIC: [8192] preg_replace(): The /e modifier is deprecated, use preg_replace_callback instead F:\ThinkPHP\Lib\Core\Db.class.php 第 601 行.
SQL: SELECT `id`,`attend_day`,`user_id`,`add_time` FROM `fa_award_attendance` WHERE ( `user_id` = 0 ) LIMIT 1   [ RunTime:0.001000s ]
SQL: INSERT INTO `fa_award_attendance` (`attend_day`,`user_id`,`add_time`) VALUES (1,0,1497921659) [ RunTime:0.000000s ]
NOTIC: [8] Undefined variable: id F:\work\__App__\Api\Modules\Api\Action\PublicAction.class.php 第 244 行.
SQL: UPDATE `fa_user_user` SET `ip`='2130706433',`last_time`=1497921659,`token`='702748edb22703a2a27a7dfff709eab7' WHERE ( `id` = 17 ) [ RunTime:0.059003s ]
NOTIC: [2] mcrypt_generic_init(): Key size too large; supplied length: 14, max: 8 F:\work\__App__\Api\Common\common.php 第 15 行.
NOTIC: [2] Missing argument 3 for CommonAction::cache(), called in F:\work\__App__\Api\Modules\Api\Action\PublicAction.class.php on line 257 and defined F:\work\__App__\Api\Lib\Action\CommonAction.class.php 第 75 行.
SQL: SHOW COLUMNS FROM `fa_user_rank` [ RunTime:0.001000s ]
NOTIC: [8192] preg_replace(): The /e modifier is deprecated, use preg_replace_callback instead F:\ThinkPHP\Lib\Core\Db.class.php 第 601 行.
SQL: SELECT `id`,`name` FROM `fa_user_rank`  [ RunTime:0.000000s ]
NOTIC: [8] Undefined variable: list F:\work\__App__\Api\Modules\Api\Action\PublicAction.class.php 第 363 行.
NOTIC: [8] Undefined variable: list F:\work\__App__\Api\Modules\Api\Action\PublicAction.class.php 第 364 行.

[ 2017-06-20T09:22:13+08:00 ] 127.0.0.1 /index.php?g=api&m=Public&a=alllogin
NOTIC: [8192] preg_replace(): The /e modifier is deprecated, use preg_replace_callback instead F:\ThinkPHP\Common\common.php 第 171 行.
INFO: [ app_begin ] --START--
INFO: Run ReadHtmlCache Behavior [ RunTime:0.001000s ]
INFO: [ app_begin ] --END-- [ RunTime:0.001000s ]
NOTIC: [8] Memcache::connect():  F:\ThinkPHP\Extend\Driver\Session\SessionMemcache.class.php 第 38 行.
NOTIC: [2] Memcache::connect():  F:\ThinkPHP\Extend\Driver\Session\SessionMemcache.class.php 第 38 行.
NOTIC: 建议使用I方法替代_request
NOTIC: 建议使用I方法替代_request
NOTIC: 建议使用I方法替代_post
NOTIC: 建议使用I方法替代_post
NOTIC: 建议使用I方法替代_post
SQL: SHOW COLUMNS FROM `fa_user_open_info` [ RunTime:0.002000s ]
NOTIC: [8192] preg_replace(): The /e modifier is deprecated, use preg_replace_callback instead F:\ThinkPHP\Lib\Core\Db.class.php 第 601 行.
SQL: SELECT * FROM `fa_user_open_info` WHERE ( `qq_openid` = '95632B95F98D22A663C9DF1C3620B91D' ) LIMIT 1   [ RunTime:0.001000s ]
SQL: SHOW COLUMNS FROM `fa_user_user` [ RunTime:0.002000s ]
NOTIC: 建议使用I方法替代_post
NOTIC: [8192] preg_replace(): The /e modifier is deprecated, use preg_replace_callback instead F:\ThinkPHP\Lib\Core\Db.class.php 第 601 行.
SQL: SELECT * FROM `fa_user_user` WHERE ( `id` = 17 ) LIMIT 1   [ RunTime:0.001000s ]
SQL: SHOW COLUMNS FROM `fa_award_attendance` [ RunTime:0.001000s ]
NOTIC: [8192] preg_replace(): The /e modifier is deprecated, use preg_replace_callback instead F:\ThinkPHP\Lib\Core\Db.class.php 第 601 行.
SQL: SELECT `id`,`attend_day`,`user_id`,`add_time` FROM `fa_award_attendance` WHERE ( `user_id` = 0 ) LIMIT 1   [ RunTime:0.000000s ]
NOTIC: [8] Undefined variable: id F:\work\__App__\Api\Modules\Api\Action\PublicAction.class.php 第 244 行.
SQL: UPDATE `fa_user_user` SET `ip`='2130706433',`last_time`=1497921732,`token`='0c0be60cd0182d3caeeb628d379f2b73' WHERE ( `id` = 17 ) [ RunTime:0.067004s ]
NOTIC: [2] mcrypt_generic_init(): Key size too large; supplied length: 14, max: 8 F:\work\__App__\Api\Common\common.php 第 15 行.
NOTIC: [2] Missing argument 3 for CommonAction::cache(), called in F:\work\__App__\Api\Modules\Api\Action\PublicAction.class.php on line 257 and defined F:\work\__App__\Api\Lib\Action\CommonAction.class.php 第 75 行.
NOTIC: [8] Undefined variable: user_datauser_data F:\work\__App__\Api\Modules\Api\Action\PublicAction.class.php 第 363 行.

[ 2017-06-20T09:22:26+08:00 ] 127.0.0.1 /index.php?g=api&m=Public&a=alllogin
NOTIC: [8192] preg_replace(): The /e modifier is deprecated, use preg_replace_callback instead F:\ThinkPHP\Common\common.php 第 171 行.
INFO: [ app_begin ] --START--
INFO: Run ReadHtmlCache Behavior [ RunTime:0.000000s ]
INFO: [ app_begin ] --END-- [ RunTime:0.001000s ]
NOTIC: [8] Memcache::connect():  F:\ThinkPHP\Extend\Driver\Session\SessionMemcache.class.php 第 38 行.
NOTIC: [2] Memcache::connect():  F:\ThinkPHP\Extend\Driver\Session\SessionMemcache.class.php 第 38 行.
NOTIC: 建议使用I方法替代_request
NOTIC: 建议使用I方法替代_request
NOTIC: 建议使用I方法替代_post
NOTIC: 建议使用I方法替代_post
NOTIC: 建议使用I方法替代_post
SQL: SHOW COLUMNS FROM `fa_user_open_info` [ RunTime:0.002001s ]
NOTIC: [8192] preg_replace(): The /e modifier is deprecated, use preg_replace_callback instead F:\ThinkPHP\Lib\Core\Db.class.php 第 601 行.
SQL: SELECT * FROM `fa_user_open_info` WHERE ( `qq_openid` = '95632B95F98D22A663C9DF1C3620B91D' ) LIMIT 1   [ RunTime:0.001000s ]
SQL: SHOW COLUMNS FROM `fa_user_user` [ RunTime:0.002000s ]
NOTIC: 建议使用I方法替代_post
NOTIC: [8192] preg_replace(): The /e modifier is deprecated, use preg_replace_callback instead F:\ThinkPHP\Lib\Core\Db.class.php 第 601 行.
SQL: SELECT * FROM `fa_user_user` WHERE ( `id` = 17 ) LIMIT 1   [ RunTime:0.000000s ]
SQL: SHOW COLUMNS FROM `fa_award_attendance` [ RunTime:0.001000s ]
NOTIC: [8192] preg_replace(): The /e modifier is deprecated, use preg_replace_callback instead F:\ThinkPHP\Lib\Core\Db.class.php 第 601 行.
SQL: SELECT `id`,`attend_day`,`user_id`,`add_time` FROM `fa_award_attendance` WHERE ( `user_id` = 0 ) LIMIT 1   [ RunTime:0.001000s ]
NOTIC: [8] Undefined variable: id F:\work\__App__\Api\Modules\Api\Action\PublicAction.class.php 第 244 行.
SQL: UPDATE `fa_user_user` SET `ip`='2130706433',`last_time`=1497921746,`token`='6ea8c9811a6ae16bdd513dab5e7915cc' WHERE ( `id` = 17 ) [ RunTime:0.077004s ]
NOTIC: [2] mcrypt_generic_init(): Key size too large; supplied length: 14, max: 8 F:\work\__App__\Api\Common\common.php 第 15 行.
NOTIC: [2] Missing argument 3 for CommonAction::cache(), called in F:\work\__App__\Api\Modules\Api\Action\PublicAction.class.php on line 257 and defined F:\work\__App__\Api\Lib\Action\CommonAction.class.php 第 75 行.

