[ 2017-05-27T10:12:34+08:00 ] 127.0.0.1 /index.php?g=api&m=bet&a=recommendlineup&user_token=1fehsdffd
NOTIC: [8192] preg_replace(): The /e modifier is deprecated, use preg_replace_callback instead F:\ThinkPHP\Common\common.php 第 171 行.
INFO: [ app_begin ] --START--
INFO: Run ReadHtmlCache Behavior [ RunTime:0.001000s ]
INFO: [ app_begin ] --END-- [ RunTime:0.001000s ]
NOTIC: [8] Memcache::connect():  F:\ThinkPHP\Extend\Driver\Session\SessionMemcache.class.php 第 38 行.
NOTIC: [2] Memcache::connect():  F:\ThinkPHP\Extend\Driver\Session\SessionMemcache.class.php 第 38 行.
NOTIC: 建议使用I方法替代_request
NOTIC: 建议使用I方法替代_request
SQL: SHOW COLUMNS FROM `fa_user_user` [ RunTime:0.002000s ]
NOTIC: [8192] preg_replace(): The /e modifier is deprecated, use preg_replace_callback instead F:\ThinkPHP\Lib\Core\Db.class.php 第 601 行.
SQL: SELECT * FROM `fa_user_user` WHERE ( `token` = '1fehsdffd' ) LIMIT 1   [ RunTime:0.000000s ]
SQL: SHOW COLUMNS FROM `fa_match_room` [ RunTime:0.003000s ]
NOTIC: [8192] preg_replace(): The /e modifier is deprecated, use preg_replace_callback instead F:\ThinkPHP\Lib\Core\Db.class.php 第 601 行.
SQL: SELECT `lineup_id` FROM `fa_match_room` WHERE ( `id` = 33 ) LIMIT 1   [ RunTime:0.000000s ]
NOTIC: [8] Undefined variable: room_players F:\work\__App__\Api\Lib\Action\CommonAction.class.php 第 187 行.
SQL: SHOW COLUMNS FROM `fa_match_room_info` [ RunTime:0.001000s ]
NOTIC: [8192] preg_replace(): The /e modifier is deprecated, use preg_replace_callback instead F:\ThinkPHP\Lib\Core\Db.class.php 第 601 行.
SQL: SELECT `match_team` FROM `fa_match_room_info` WHERE ( `room_id` = 33 ) LIMIT 1   [ RunTime:0.000000s ]
NOTIC: [8192] preg_replace(): The /e modifier is deprecated, use preg_replace_callback instead F:\ThinkPHP\Lib\Core\Db.class.php 第 601 行.
SQL: SELECT `project_id` FROM `fa_match_room` WHERE ( `status` = 1 ) AND ( `id` = 33 ) LIMIT 1   [ RunTime:0.000000s ]
SQL: SHOW COLUMNS FROM `fa_match_list` [ RunTime:0.002001s ]
NOTIC: [8192] preg_replace(): The /e modifier is deprecated, use preg_replace_callback instead F:\ThinkPHP\Lib\Core\Db.class.php 第 601 行.
SQL: SELECT `team_a`,`team_b` FROM `fa_match_list` WHERE ( `id` = 1334 ) LIMIT 1   [ RunTime:0.001000s ]
NOTIC: [8192] preg_replace(): The /e modifier is deprecated, use preg_replace_callback instead F:\ThinkPHP\Lib\Core\Db.class.php 第 601 行.
SQL: SELECT `team_a`,`team_b` FROM `fa_match_list` WHERE ( `id` = 1336 ) LIMIT 1   [ RunTime:0.001000s ]
NOTIC: [8] Undefined variable: data F:\work\__App__\Api\Lib\Action\CommonAction.class.php 第 104 行.
SQL: SHOW COLUMNS FROM `fa_match_player_wcg` [ RunTime:0.002000s ]
NOTIC: [8192] preg_replace(): The /e modifier is deprecated, use preg_replace_callback instead F:\ThinkPHP\Lib\Core\Db.class.php 第 601 行.
SQL: SELECT `id`,`team_id`,`name`,`project_id`,`img`,`e_name`,`salary`,`nationality`,`position`,`average`,`KDA`,`result`,`is_undetermined`,`is_illness`,`is_ban`,`is_out` FROM `fa_match_player_wcg`  [ RunTime:0.003000s ]
NOTIC: [8192] preg_replace(): The /e modifier is deprecated, use preg_replace_callback instead F:\ThinkPHP\Lib\Core\Db.class.php 第 601 行.
SQL: SELECT * FROM `fa_match_room_info` WHERE ( `room_id` = 33 ) LIMIT 1   [ RunTime:0.001000s ]
NOTIC: [8] Undefined variable: data F:\work\__App__\Api\Lib\Action\CommonAction.class.php 第 104 行.
SQL: SHOW COLUMNS FROM `fa_match_type` [ RunTime:0.001000s ]
NOTIC: [8192] preg_replace(): The /e modifier is deprecated, use preg_replace_callback instead F:\ThinkPHP\Lib\Core\Db.class.php 第 601 行.
SQL: SELECT `id`,`name`,`introduce` FROM `fa_match_type`  [ RunTime:0.001000s ]
NOTIC: [8192] preg_replace(): The /e modifier is deprecated, use preg_replace_callback instead F:\ThinkPHP\Lib\Core\Db.class.php 第 601 行.
SQL: SELECT * FROM `fa_match_list` WHERE ( `id` = 1334 ) LIMIT 1   [ RunTime:0.000000s ]
NOTIC: [8192] preg_replace(): The /e modifier is deprecated, use preg_replace_callback instead F:\ThinkPHP\Lib\Core\Db.class.php 第 601 行.
SQL: SELECT * FROM `fa_match_list` WHERE ( `id` = 1336 ) LIMIT 1   [ RunTime:0.000000s ]
SQL: SHOW COLUMNS FROM `fa_player_match_data_lol` [ RunTime:0.002000s ]
NOTIC: [8192] preg_replace(): The /e modifier is deprecated, use preg_replace_callback instead F:\ThinkPHP\Lib\Core\Db.class.php 第 601 行.
SQL: SELECT `is_join` FROM `fa_player_match_data_lol` WHERE ( `match_id` = 1334 ) AND ( `player_id` = 164 ) LIMIT 1   [ RunTime:0.000000s ]
NOTIC: [8192] preg_replace(): The /e modifier is deprecated, use preg_replace_callback instead F:\ThinkPHP\Lib\Core\Db.class.php 第 601 行.
SQL: SELECT `is_join` FROM `fa_player_match_data_lol` WHERE ( `match_id` = 1336 ) AND ( `player_id` = 105 ) LIMIT 1   [ RunTime:0.001000s ]
NOTIC: [8192] preg_replace(): The /e modifier is deprecated, use preg_replace_callback instead F:\ThinkPHP\Lib\Core\Db.class.php 第 601 行.
SQL: SELECT `is_join` FROM `fa_player_match_data_lol` WHERE ( `match_id` = 1336 ) AND ( `player_id` = 80 ) LIMIT 1   [ RunTime:0.000000s ]
NOTIC: [8192] preg_replace(): The /e modifier is deprecated, use preg_replace_callback instead F:\ThinkPHP\Lib\Core\Db.class.php 第 601 行.
SQL: SELECT `is_join` FROM `fa_player_match_data_lol` WHERE ( `match_id` = 1336 ) AND ( `player_id` = 100018 ) LIMIT 1   [ RunTime:0.001000s ]
NOTIC: [8192] preg_replace(): The /e modifier is deprecated, use preg_replace_callback instead F:\ThinkPHP\Lib\Core\Db.class.php 第 601 行.
SQL: SELECT `is_join` FROM `fa_player_match_data_lol` WHERE ( `match_id` = 1334 ) AND ( `player_id` = 100055 ) LIMIT 1   [ RunTime:0.000000s ]
NOTIC: [8192] preg_replace(): The /e modifier is deprecated, use preg_replace_callback instead F:\ThinkPHP\Lib\Core\Db.class.php 第 601 行.
SQL: SELECT `is_join` FROM `fa_player_match_data_lol` WHERE ( `match_id` = 1334 ) AND ( `player_id` = 100091 ) LIMIT 1   [ RunTime:0.001000s ]
NOTIC: [8192] preg_replace(): The /e modifier is deprecated, use preg_replace_callback instead F:\ThinkPHP\Lib\Core\Db.class.php 第 601 行.
SQL: SELECT `is_join` FROM `fa_player_match_data_lol` WHERE ( `match_id` = 1336 ) AND ( `player_id` = 100007 ) LIMIT 1   [ RunTime:0.000000s ]
NOTIC: [8192] preg_replace(): The /e modifier is deprecated, use preg_replace_callback instead F:\ThinkPHP\Lib\Core\Db.class.php 第 601 行.
SQL: SELECT `is_join` FROM `fa_player_match_data_lol` WHERE ( `match_id` = 1336 ) AND ( `player_id` = 16 ) LIMIT 1   [ RunTime:0.001000s ]
NOTIC: [8192] preg_replace(): The /e modifier is deprecated, use preg_replace_callback instead F:\ThinkPHP\Lib\Core\Db.class.php 第 601 行.
SQL: SELECT `is_join` FROM `fa_player_match_data_lol` WHERE ( `match_id` = 1334 ) AND ( `player_id` = 217 ) LIMIT 1   [ RunTime:0.000000s ]
NOTIC: [8192] preg_replace(): The /e modifier is deprecated, use preg_replace_callback instead F:\ThinkPHP\Lib\Core\Db.class.php 第 601 行.
SQL: SELECT `is_join` FROM `fa_player_match_data_lol` WHERE ( `match_id` = 1334 ) AND ( `player_id` = 218 ) LIMIT 1   [ RunTime:0.000000s ]
NOTIC: [8192] preg_replace(): The /e modifier is deprecated, use preg_replace_callback instead F:\ThinkPHP\Lib\Core\Db.class.php 第 601 行.
SQL: SELECT `is_join` FROM `fa_player_match_data_lol` WHERE ( `match_id` = 1336 ) AND ( `player_id` = 227 ) LIMIT 1   [ RunTime:0.000000s ]
NOTIC: [8192] preg_replace(): The /e modifier is deprecated, use preg_replace_callback instead F:\ThinkPHP\Lib\Core\Db.class.php 第 601 行.
SQL: SELECT `is_join` FROM `fa_player_match_data_lol` WHERE ( `match_id` = 1336 ) AND ( `player_id` = 424 ) LIMIT 1   [ RunTime:0.000000s ]
NOTIC: [8192] preg_replace(): The /e modifier is deprecated, use preg_replace_callback instead F:\ThinkPHP\Lib\Core\Db.class.php 第 601 行.
SQL: SELECT `is_join` FROM `fa_player_match_data_lol` WHERE ( `match_id` = 1334 ) AND ( `player_id` = 442 ) LIMIT 1   [ RunTime:0.001000s ]
NOTIC: [8192] preg_replace(): The /e modifier is deprecated, use preg_replace_callback instead F:\ThinkPHP\Lib\Core\Db.class.php 第 601 行.
SQL: SELECT `is_join` FROM `fa_player_match_data_lol` WHERE ( `match_id` = 1334 ) AND ( `player_id` = 446 ) LIMIT 1   [ RunTime:0.000000s ]
NOTIC: [8192] preg_replace(): The /e modifier is deprecated, use preg_replace_callback instead F:\ThinkPHP\Lib\Core\Db.class.php 第 601 行.
SQL: SELECT `is_join` FROM `fa_player_match_data_lol` WHERE ( `match_id` = 1334 ) AND ( `player_id` = 447 ) LIMIT 1   [ RunTime:0.001000s ]
NOTIC: [8192] preg_replace(): The /e modifier is deprecated, use preg_replace_callback instead F:\ThinkPHP\Lib\Core\Db.class.php 第 601 行.
SQL: SELECT `is_join` FROM `fa_player_match_data_lol` WHERE ( `match_id` = 1334 ) AND ( `player_id` = 452 ) LIMIT 1   [ RunTime:0.000000s ]
NOTIC: [8192] preg_replace(): The /e modifier is deprecated, use preg_replace_callback instead F:\ThinkPHP\Lib\Core\Db.class.php 第 601 行.
SQL: SELECT `is_join` FROM `fa_player_match_data_lol` WHERE ( `match_id` = 1334 ) AND ( `player_id` = 453 ) LIMIT 1   [ RunTime:0.001000s ]
NOTIC: [8192] preg_replace(): The /e modifier is deprecated, use preg_replace_callback instead F:\ThinkPHP\Lib\Core\Db.class.php 第 601 行.
SQL: SELECT `is_join` FROM `fa_player_match_data_lol` WHERE ( `match_id` = 1334 ) AND ( `player_id` = 455 ) LIMIT 1   [ RunTime:0.000000s ]
NOTIC: [8192] preg_replace(): The /e modifier is deprecated, use preg_replace_callback instead F:\ThinkPHP\Lib\Core\Db.class.php 第 601 行.
SQL: SELECT `is_join` FROM `fa_player_match_data_lol` WHERE ( `match_id` = 1334 ) AND ( `player_id` = 456 ) LIMIT 1   [ RunTime:0.001000s ]
NOTIC: [8192] preg_replace(): The /e modifier is deprecated, use preg_replace_callback instead F:\ThinkPHP\Lib\Core\Db.class.php 第 601 行.
SQL: SELECT `is_join` FROM `fa_player_match_data_lol` WHERE ( `match_id` = 1334 ) AND ( `player_id` = 457 ) LIMIT 1   [ RunTime:0.000000s ]
NOTIC: [8192] preg_replace(): The /e modifier is deprecated, use preg_replace_callback instead F:\ThinkPHP\Lib\Core\Db.class.php 第 601 行.
SQL: SELECT `is_join` FROM `fa_player_match_data_lol` WHERE ( `match_id` = 1334 ) AND ( `player_id` = 475 ) LIMIT 1   [ RunTime:0.000000s ]
NOTIC: [8192] preg_replace(): The /e modifier is deprecated, use preg_replace_callback instead F:\ThinkPHP\Lib\Core\Db.class.php 第 601 行.
SQL: SELECT `is_join` FROM `fa_player_match_data_lol` WHERE ( `match_id` = 1334 ) AND ( `player_id` = 857 ) LIMIT 1   [ RunTime:0.000000s ]
NOTIC: [8192] preg_replace(): The /e modifier is deprecated, use preg_replace_callback instead F:\ThinkPHP\Lib\Core\Db.class.php 第 601 行.
SQL: SELECT `is_join` FROM `fa_player_match_data_lol` WHERE ( `match_id` = 1336 ) AND ( `player_id` = 891 ) LIMIT 1   [ RunTime:0.000000s ]
NOTIC: [8192] preg_replace(): The /e modifier is deprecated, use preg_replace_callback instead F:\ThinkPHP\Lib\Core\Db.class.php 第 601 行.
SQL: SELECT `is_join` FROM `fa_player_match_data_lol` WHERE ( `match_id` = 1334 ) AND ( `player_id` = 1058 ) LIMIT 1   [ RunTime:0.001000s ]
NOTIC: [8192] preg_replace(): The /e modifier is deprecated, use preg_replace_callback instead F:\ThinkPHP\Lib\Core\Db.class.php 第 601 行.
SQL: SELECT `is_join` FROM `fa_player_match_data_lol` WHERE ( `match_id` = 1334 ) AND ( `player_id` = 1059 ) LIMIT 1   [ RunTime:0.000000s ]
NOTIC: [8192] preg_replace(): The /e modifier is deprecated, use preg_replace_callback instead F:\ThinkPHP\Lib\Core\Db.class.php 第 601 行.
SQL: SELECT * FROM `fa_match_room_info` WHERE ( `room_id` = 33 ) LIMIT 1   [ RunTime:0.000000s ]
NOTIC: [2] Missing argument 3 for CommonAction::cache(), called in F:\work\__App__\Api\Modules\Api\Action\BetAction.class.php on line 14 and defined F:\work\__App__\Api\Lib\Action\CommonAction.class.php 第 75 行.
NOTIC: [2] Missing argument 3 for CommonAction::cache(), called in F:\work\__App__\Api\Modules\Api\Action\BetAction.class.php on line 106 and defined F:\work\__App__\Api\Lib\Action\CommonAction.class.php 第 75 行.
NOTIC: [2] array_merge(): Argument #2 is not an array F:\work\__App__\Api\Modules\Api\Action\BetAction.class.php 第 140 行.
NOTIC: [2] Invalid argument supplied for foreach() F:\work\__App__\Api\Modules\Api\Action\BetAction.class.php 第 143 行.
NOTIC: [8] Undefined variable: res F:\work\__App__\Api\Modules\Api\Action\BetAction.class.php 第 154 行.
NOTIC: [2] Invalid argument supplied for foreach() F:\work\__App__\Api\Modules\Api\Action\BetAction.class.php 第 154 行.
NOTIC: [2] Missing argument 3 for CommonAction::cache(), called in F:\work\__App__\Api\Modules\Api\Action\BetAction.class.php on line 14 and defined F:\work\__App__\Api\Lib\Action\CommonAction.class.php 第 75 行.
NOTIC: [2] Missing argument 3 for CommonAction::cache(), called in F:\work\__App__\Api\Modules\Api\Action\BetAction.class.php on line 106 and defined F:\work\__App__\Api\Lib\Action\CommonAction.class.php 第 75 行.
SQL: SHOW COLUMNS FROM `fa_user_lineup` [ RunTime:0.001000s ]
NOTIC: [8192] preg_replace(): The /e modifier is deprecated, use preg_replace_callback instead F:\ThinkPHP\Lib\Core\Db.class.php 第 601 行.
SQL: SELECT * FROM `fa_user_lineup` WHERE ( `lineup_id` = 3 ) AND ( `uid` = 1 ) AND ( `lineup_token` = '1c611b9211436cf8781d5c3a124a7b0d' ) AND ( `match_id_token` = 'b0391c92e2babe2755581a54e6651759' ) LIMIT 1   [ RunTime:0.001000s ]
SQL: INSERT INTO `fa_user_lineup` (`lineup_id`,`uid`,`lineup_token`,`match_id_token`,`type`,`add_time`,`lineup`) VALUES (3,1,'1c611b9211436cf8781d5c3a124a7b0d','b0391c92e2babe2755581a54e6651759',1,1495851154,'a:8:{i:1;s:3:\"105\";i:2;s:3:\"891\";i:3;s:3:\"857\";i:4;s:3:\"455\";i:5;s:3:\"456\";i:6;s:6:\"100007\";i:7;s:3:\"457\";i:8;s:2:\"16\";}') [ RunTime:0.001000s ]

