[ 2017-04-28T18:09:02+08:00 ] 127.0.0.1 /index.php?m=shop&a=goods_show&user_token=1fehsdffd
NOTIC: [8192] preg_replace(): The /e modifier is deprecated, use preg_replace_callback instead F:\ThinkPHP\Common\common.php 第 171 行.
INFO: [ app_begin ] --START--
INFO: Run ReadHtmlCache Behavior [ RunTime:0.001000s ]
INFO: [ app_begin ] --END-- [ RunTime:0.001000s ]
NOTIC: 建议使用I方法替代_request
NOTIC: 建议使用I方法替代_request
SQL: SHOW COLUMNS FROM `fa_user_user` [ RunTime:0.002001s ]
NOTIC: [8192] preg_replace(): The /e modifier is deprecated, use preg_replace_callback instead F:\ThinkPHP\Lib\Core\Db.class.php 第 601 行.
SQL: SELECT * FROM `fa_user_user` WHERE ( `token` = '1fehsdffd' ) LIMIT 1   [ RunTime:0.001000s ]
SQL: SHOW COLUMNS FROM `fa_shop_goods` [ RunTime:0.003000s ]
SQL: SHOW COLUMNS FROM `fa_shop_goods_product` [ RunTime:0.001000s ]
NOTIC: [8192] preg_replace(): The /e modifier is deprecated, use preg_replace_callback instead F:\ThinkPHP\Lib\Core\Db.class.php 第 601 行.
SQL: SELECT `id`,`name`,`price`,`avatar_img`,`attr_id`,`remain_num`,`state`,`detail`,`is_virtual`,`intro`,`hot_sort`,`has_nums`,`type`,`album_id` FROM `fa_shop_goods` WHERE ( `id` = 2 ) AND ( `state` = 1 ) LIMIT 1   [ RunTime:0.001000s ]
SQL: SHOW COLUMNS FROM `fa_shop_album` [ RunTime:0.001000s ]
NOTIC: [8192] preg_replace(): The /e modifier is deprecated, use preg_replace_callback instead F:\ThinkPHP\Lib\Core\Db.class.php 第 601 行.
SQL: SELECT `img1`,`img2`,`img3`,`img4`,`img5` FROM `fa_shop_album` WHERE ( id = 7 ) LIMIT 1   [ RunTime:0.001000s ]
NOTIC: [8] Undefined variable: Map F:\work\__App__\Api\Modules\Api\Action\ShopAction.class.php 第 109 行.
NOTIC: [8192] preg_replace(): The /e modifier is deprecated, use preg_replace_callback instead F:\ThinkPHP\Lib\Core\Db.class.php 第 601 行.
SQL: SELECT * FROM `fa_shop_goods_product`  [ RunTime:0.001000s ]
SQL: SHOW COLUMNS FROM `fa_shop_goods_attribute` [ RunTime:0.002000s ]
NOTIC: [8192] preg_replace(): The /e modifier is deprecated, use preg_replace_callback instead F:\ThinkPHP\Lib\Core\Db.class.php 第 601 行.
SQL: SELECT t2.attr_name,t1.value FROM `fa_shop_goods_attribute` as t1 left join fa_shop_attribute as t2 on t1.attr_id = t2.id WHERE ( t1.id = 2 ) LIMIT 1   [ RunTime:0.001000s ]
NOTIC: [8192] preg_replace(): The /e modifier is deprecated, use preg_replace_callback instead F:\ThinkPHP\Lib\Core\Db.class.php 第 601 行.
SQL: SELECT t2.attr_name,t1.value FROM `fa_shop_goods_attribute` as t1 left join fa_shop_attribute as t2 on t1.attr_id = t2.id WHERE ( t1.id = 3 ) LIMIT 1   [ RunTime:0.001000s ]
NOTIC: [8] Undefined variable: id F:\work\__App__\Api\Modules\Api\Action\ShopAction.class.php 第 120 行.

[ 2017-04-28T18:09:47+08:00 ] 127.0.0.1 /index.php?m=shop&a=goods_show&user_token=1fehsdffd
NOTIC: [8192] preg_replace(): The /e modifier is deprecated, use preg_replace_callback instead F:\ThinkPHP\Common\common.php 第 171 行.
INFO: [ app_begin ] --START--
INFO: Run ReadHtmlCache Behavior [ RunTime:0.001000s ]
INFO: [ app_begin ] --END-- [ RunTime:0.001000s ]
NOTIC: 建议使用I方法替代_request
NOTIC: 建议使用I方法替代_request
SQL: SHOW COLUMNS FROM `fa_user_user` [ RunTime:0.002001s ]
NOTIC: [8192] preg_replace(): The /e modifier is deprecated, use preg_replace_callback instead F:\ThinkPHP\Lib\Core\Db.class.php 第 601 行.
SQL: SELECT * FROM `fa_user_user` WHERE ( `token` = '1fehsdffd' ) LIMIT 1   [ RunTime:0.001000s ]
SQL: SHOW COLUMNS FROM `fa_shop_goods` [ RunTime:0.002000s ]
SQL: SHOW COLUMNS FROM `fa_shop_goods_product` [ RunTime:0.001000s ]
NOTIC: [8192] preg_replace(): The /e modifier is deprecated, use preg_replace_callback instead F:\ThinkPHP\Lib\Core\Db.class.php 第 601 行.
SQL: SELECT `id`,`name`,`price`,`avatar_img`,`attr_id`,`remain_num`,`state`,`detail`,`is_virtual`,`intro`,`hot_sort`,`has_nums`,`type`,`album_id` FROM `fa_shop_goods` WHERE ( `id` = 2 ) AND ( `state` = 1 ) LIMIT 1   [ RunTime:0.000000s ]
SQL: SHOW COLUMNS FROM `fa_shop_album` [ RunTime:0.001000s ]
NOTIC: [8192] preg_replace(): The /e modifier is deprecated, use preg_replace_callback instead F:\ThinkPHP\Lib\Core\Db.class.php 第 601 行.
SQL: SELECT `img1`,`img2`,`img3`,`img4`,`img5` FROM `fa_shop_album` WHERE ( id = 7 ) LIMIT 1   [ RunTime:0.001000s ]
NOTIC: [8] Undefined variable: Map F:\work\__App__\Api\Modules\Api\Action\ShopAction.class.php 第 109 行.
NOTIC: [8192] preg_replace(): The /e modifier is deprecated, use preg_replace_callback instead F:\ThinkPHP\Lib\Core\Db.class.php 第 601 行.
SQL: SELECT `id`,`goods_id`,`nums` FROM `fa_shop_goods_product`  [ RunTime:0.001000s ]
SQL: SHOW COLUMNS FROM `fa_shop_goods_attribute` [ RunTime:0.001000s ]
NOTIC: [8192] preg_replace(): The /e modifier is deprecated, use preg_replace_callback instead F:\ThinkPHP\Lib\Core\Db.class.php 第 601 行.
SQL: SELECT t2.attr_name,t1.value FROM `fa_shop_goods_attribute` as t1 left join fa_shop_attribute as t2 on t1.attr_id = t2.id WHERE ( t1.id = 2 ) LIMIT 1   [ RunTime:0.001000s ]
NOTIC: [8192] preg_replace(): The /e modifier is deprecated, use preg_replace_callback instead F:\ThinkPHP\Lib\Core\Db.class.php 第 601 行.
SQL: SELECT t2.attr_name,t1.value FROM `fa_shop_goods_attribute` as t1 left join fa_shop_attribute as t2 on t1.attr_id = t2.id WHERE ( t1.id = 3 ) LIMIT 1   [ RunTime:0.001001s ]
NOTIC: [8] Undefined variable: id F:\work\__App__\Api\Modules\Api\Action\ShopAction.class.php 第 120 行.

[ 2017-04-28T18:10:07+08:00 ] 127.0.0.1 /index.php?m=shop&a=goods_show&user_token=1fehsdffd
NOTIC: [8192] preg_replace(): The /e modifier is deprecated, use preg_replace_callback instead F:\ThinkPHP\Common\common.php 第 171 行.
INFO: [ app_begin ] --START--
INFO: Run ReadHtmlCache Behavior [ RunTime:0.002000s ]
INFO: [ app_begin ] --END-- [ RunTime:0.002000s ]
NOTIC: 建议使用I方法替代_request
NOTIC: 建议使用I方法替代_request
SQL: SHOW COLUMNS FROM `fa_user_user` [ RunTime:0.002000s ]
NOTIC: [8192] preg_replace(): The /e modifier is deprecated, use preg_replace_callback instead F:\ThinkPHP\Lib\Core\Db.class.php 第 601 行.
SQL: SELECT * FROM `fa_user_user` WHERE ( `token` = '1fehsdffd' ) LIMIT 1   [ RunTime:0.001000s ]
SQL: SHOW COLUMNS FROM `fa_shop_goods` [ RunTime:0.003000s ]
SQL: SHOW COLUMNS FROM `fa_shop_goods_product` [ RunTime:0.001000s ]
NOTIC: [8192] preg_replace(): The /e modifier is deprecated, use preg_replace_callback instead F:\ThinkPHP\Lib\Core\Db.class.php 第 601 行.
SQL: SELECT `id`,`name`,`price`,`avatar_img`,`attr_id`,`remain_num`,`state`,`detail`,`is_virtual`,`intro`,`hot_sort`,`has_nums`,`type`,`album_id` FROM `fa_shop_goods` WHERE ( `id` = 2 ) AND ( `state` = 1 ) LIMIT 1   [ RunTime:0.001000s ]
SQL: SHOW COLUMNS FROM `fa_shop_album` [ RunTime:0.002000s ]
NOTIC: [8192] preg_replace(): The /e modifier is deprecated, use preg_replace_callback instead F:\ThinkPHP\Lib\Core\Db.class.php 第 601 行.
SQL: SELECT `img1`,`img2`,`img3`,`img4`,`img5` FROM `fa_shop_album` WHERE ( id = 7 ) LIMIT 1   [ RunTime:0.001001s ]
NOTIC: [8] Undefined variable: Map F:\work\__App__\Api\Modules\Api\Action\ShopAction.class.php 第 109 行.
NOTIC: [8192] preg_replace(): The /e modifier is deprecated, use preg_replace_callback instead F:\ThinkPHP\Lib\Core\Db.class.php 第 601 行.
SQL: SELECT `attr_value`,`nums` FROM `fa_shop_goods_product`  [ RunTime:0.001000s ]
SQL: SHOW COLUMNS FROM `fa_shop_goods_attribute` [ RunTime:0.002000s ]
NOTIC: [8192] preg_replace(): The /e modifier is deprecated, use preg_replace_callback instead F:\ThinkPHP\Lib\Core\Db.class.php 第 601 行.
SQL: SELECT t2.attr_name,t1.value FROM `fa_shop_goods_attribute` as t1 left join fa_shop_attribute as t2 on t1.attr_id = t2.id WHERE ( t1.id = 2 ) LIMIT 1   [ RunTime:0.001000s ]
NOTIC: [8192] preg_replace(): The /e modifier is deprecated, use preg_replace_callback instead F:\ThinkPHP\Lib\Core\Db.class.php 第 601 行.
SQL: SELECT t2.attr_name,t1.value FROM `fa_shop_goods_attribute` as t1 left join fa_shop_attribute as t2 on t1.attr_id = t2.id WHERE ( t1.id = 3 ) LIMIT 1   [ RunTime:0.000000s ]
NOTIC: [8] Undefined variable: id F:\work\__App__\Api\Modules\Api\Action\ShopAction.class.php 第 120 行.

