[ 2017-05-15T09:24:58+08:00 ] 127.0.0.1 /index.php?m=award&a=reward_list
NOTIC: [8192] preg_replace(): The /e modifier is deprecated, use preg_replace_callback instead F:\ThinkPHP\Common\common.php 第 171 行.
INFO: [ app_begin ] --START--
INFO: Run ReadHtmlCache Behavior [ RunTime:0.001000s ]
INFO: [ app_begin ] --END-- [ RunTime:0.001000s ]
NOTIC: 建议使用I方法替代_request
NOTIC: 建议使用I方法替代_request
SQL: SHOW COLUMNS FROM `fa_user_user` [ RunTime:0.002000s ]
NOTIC: [8192] preg_replace(): The /e modifier is deprecated, use preg_replace_callback instead F:\ThinkPHP\Lib\Core\Db.class.php 第 601 行.
SQL: SELECT * FROM `fa_user_user` WHERE ( `token` = '5' ) LIMIT 1   [ RunTime:0.001000s ]
SQL: SHOW COLUMNS FROM `fa_user_bet_gess_2` [ RunTime:0.001000s ]
NOTIC: [8192] preg_replace(): The /e modifier is deprecated, use preg_replace_callback instead F:\ThinkPHP\Lib\Core\Db.class.php 第 601 行.
SQL: SELECT t1.*,t2.name FROM `fa_user_bet_gess_2` as t1 left join fa_match_room as t2 on t1.room_id = t2.id WHERE ( t1.uid = '5' )  [ RunTime:0.001001s ]
NOTIC: [8] Undefined index: reward F:\work\__App__\Api\Lib\Action\CommonAction.class.php 第 62 行.

[ 2017-05-15T09:26:40+08:00 ] 127.0.0.1 /index.php?m=award&a=get_reward
NOTIC: [8192] preg_replace(): The /e modifier is deprecated, use preg_replace_callback instead F:\ThinkPHP\Common\common.php 第 171 行.
INFO: [ app_begin ] --START--
INFO: Run ReadHtmlCache Behavior [ RunTime:0.001000s ]
INFO: [ app_begin ] --END-- [ RunTime:0.001000s ]
NOTIC: 建议使用I方法替代_request
NOTIC: 建议使用I方法替代_request
SQL: SHOW COLUMNS FROM `fa_user_user` [ RunTime:0.002000s ]
NOTIC: [8192] preg_replace(): The /e modifier is deprecated, use preg_replace_callback instead F:\ThinkPHP\Lib\Core\Db.class.php 第 601 行.
SQL: SELECT * FROM `fa_user_user` WHERE ( `token` = '5' ) LIMIT 1   [ RunTime:0.000000s ]
SQL: SHOW COLUMNS FROM `fa_user_bet_gess_2` [ RunTime:0.002001s ]
NOTIC: [8192] preg_replace(): The /e modifier is deprecated, use preg_replace_callback instead F:\ThinkPHP\Lib\Core\Db.class.php 第 601 行.
SQL: SELECT * FROM `fa_user_bet_gess_2` WHERE ( `uid` = 5 ) AND ( `status` = 0 )  [ RunTime:0.001000s ]
NOTIC: [2] array_column() expects parameter 1 to be array, null given F:\work\__App__\Api\Modules\Api\Action\AwardAction.class.php 第 364 行.
NOTIC: [2] in_array() expects parameter 2 to be array, null given F:\work\__App__\Api\Modules\Api\Action\AwardAction.class.php 第 366 行.
NOTIC: [8] Undefined index: reward F:\work\__App__\Api\Lib\Action\CommonAction.class.php 第 62 行.

[ 2017-05-15T09:29:13+08:00 ] 127.0.0.1 /index.php?m=award&a=get_reward
NOTIC: [8192] preg_replace(): The /e modifier is deprecated, use preg_replace_callback instead F:\ThinkPHP\Common\common.php 第 171 行.
INFO: [ app_begin ] --START--
INFO: Run ReadHtmlCache Behavior [ RunTime:0.001000s ]
INFO: [ app_begin ] --END-- [ RunTime:0.001000s ]
NOTIC: 建议使用I方法替代_request
NOTIC: 建议使用I方法替代_request
SQL: SHOW COLUMNS FROM `fa_user_user` [ RunTime:0.002000s ]
NOTIC: [8192] preg_replace(): The /e modifier is deprecated, use preg_replace_callback instead F:\ThinkPHP\Lib\Core\Db.class.php 第 601 行.
SQL: SELECT * FROM `fa_user_user` WHERE ( `token` = '5' ) LIMIT 1   [ RunTime:0.001000s ]
SQL: SHOW COLUMNS FROM `fa_user_bet_gess_2` [ RunTime:0.002000s ]
NOTIC: [8192] preg_replace(): The /e modifier is deprecated, use preg_replace_callback instead F:\ThinkPHP\Lib\Core\Db.class.php 第 601 行.
SQL: SELECT * FROM `fa_user_bet_gess_2` WHERE ( `uid` = 5 ) AND ( `status` = 0 )  [ RunTime:0.001000s ]
NOTIC: [2] array_column() expects parameter 1 to be array, null given F:\work\__App__\Api\Modules\Api\Action\AwardAction.class.php 第 364 行.
NOTIC: [2] in_array() expects parameter 2 to be array, null given F:\work\__App__\Api\Modules\Api\Action\AwardAction.class.php 第 366 行.
NOTIC: [8] Undefined index: reward F:\work\__App__\Api\Lib\Action\CommonAction.class.php 第 62 行.

[ 2017-05-15T09:46:00+08:00 ] 127.0.0.1 /index.php?m=award&a=get_reward
NOTIC: [8192] preg_replace(): The /e modifier is deprecated, use preg_replace_callback instead F:\ThinkPHP\Common\common.php 第 171 行.
INFO: [ app_begin ] --START--
INFO: Run ReadHtmlCache Behavior [ RunTime:0.000000s ]
INFO: [ app_begin ] --END-- [ RunTime:0.000000s ]
NOTIC: 建议使用I方法替代_request
NOTIC: 建议使用I方法替代_request
SQL: SHOW COLUMNS FROM `fa_user_user` [ RunTime:0.001000s ]
NOTIC: [8192] preg_replace(): The /e modifier is deprecated, use preg_replace_callback instead F:\ThinkPHP\Lib\Core\Db.class.php 第 601 行.
SQL: SELECT * FROM `fa_user_user` WHERE ( `token` = '5' ) LIMIT 1   [ RunTime:0.000000s ]
SQL: SHOW COLUMNS FROM `fa_user_bet_gess_2` [ RunTime:0.002000s ]
NOTIC: [8192] preg_replace(): The /e modifier is deprecated, use preg_replace_callback instead F:\ThinkPHP\Lib\Core\Db.class.php 第 601 行.
SQL: SELECT * FROM `fa_user_bet_gess_2` WHERE ( `uid` = 5 ) AND ( `status` = 0 )  [ RunTime:0.000000s ]
NOTIC: [2] array_column() expects parameter 1 to be array, null given F:\work\__App__\Api\Modules\Api\Action\AwardAction.class.php 第 364 行.
NOTIC: [2] in_array() expects parameter 2 to be array, null given F:\work\__App__\Api\Modules\Api\Action\AwardAction.class.php 第 366 行.

[ 2017-05-15T17:45:44+08:00 ] 127.0.0.1 /index.php?m=award&a=get_reward
NOTIC: [8192] preg_replace(): The /e modifier is deprecated, use preg_replace_callback instead F:\ThinkPHP\Common\common.php 第 171 行.
INFO: [ app_begin ] --START--
INFO: Run ReadHtmlCache Behavior [ RunTime:0.001000s ]
INFO: [ app_begin ] --END-- [ RunTime:0.001000s ]
NOTIC: 建议使用I方法替代_request
NOTIC: 建议使用I方法替代_request
NOTIC: [8] Undefined index: user_token F:\work\__App__\Api\Lib\Action\CommonAction.class.php 第 45 行.
SQL: SHOW COLUMNS FROM `fa_user_user` [ RunTime:0.002000s ]
NOTIC: [8192] preg_replace(): The /e modifier is deprecated, use preg_replace_callback instead F:\ThinkPHP\Lib\Core\Db.class.php 第 601 行.
SQL: SELECT * FROM `fa_user_user` WHERE ( `token` = null ) LIMIT 1   [ RunTime:0.001000s ]

[ 2017-05-15T17:45:47+08:00 ] 127.0.0.1 /index.php?m=award&a=get_reward
NOTIC: [8192] preg_replace(): The /e modifier is deprecated, use preg_replace_callback instead F:\ThinkPHP\Common\common.php 第 171 行.
INFO: [ app_begin ] --START--
INFO: Run ReadHtmlCache Behavior [ RunTime:0.001000s ]
INFO: [ app_begin ] --END-- [ RunTime:0.001000s ]
NOTIC: 建议使用I方法替代_request
NOTIC: 建议使用I方法替代_request
SQL: SHOW COLUMNS FROM `fa_user_user` [ RunTime:0.002000s ]
NOTIC: [8192] preg_replace(): The /e modifier is deprecated, use preg_replace_callback instead F:\ThinkPHP\Lib\Core\Db.class.php 第 601 行.
SQL: SELECT * FROM `fa_user_user` WHERE ( `token` = '5' ) LIMIT 1   [ RunTime:0.001000s ]
SQL: SHOW COLUMNS FROM `fa_user_bet_gess_2` [ RunTime:0.001000s ]
NOTIC: [8192] preg_replace(): The /e modifier is deprecated, use preg_replace_callback instead F:\ThinkPHP\Lib\Core\Db.class.php 第 601 行.
SQL: SELECT * FROM `fa_user_bet_gess_2` WHERE ( `uid` = 5 ) AND ( `status` = 0 )  [ RunTime:0.000000s ]
NOTIC: [8] Undefined index: id F:\work\__App__\Api\Modules\Api\Action\AwardAction.class.php 第 360 行.
NOTIC: [8] Undefined index: id F:\work\__App__\Api\Modules\Api\Action\AwardAction.class.php 第 363 行.
NOTIC: [2] array_column() expects parameter 1 to be array, null given F:\work\__App__\Api\Modules\Api\Action\AwardAction.class.php 第 364 行.
NOTIC: [2] in_array() expects parameter 2 to be array, null given F:\work\__App__\Api\Modules\Api\Action\AwardAction.class.php 第 366 行.

[ 2017-05-15T17:45:49+08:00 ] 127.0.0.1 /index.php?m=award&a=get_reward
NOTIC: [8192] preg_replace(): The /e modifier is deprecated, use preg_replace_callback instead F:\ThinkPHP\Common\common.php 第 171 行.
INFO: [ app_begin ] --START--
INFO: Run ReadHtmlCache Behavior [ RunTime:0.001000s ]
INFO: [ app_begin ] --END-- [ RunTime:0.001000s ]
NOTIC: 建议使用I方法替代_request
NOTIC: 建议使用I方法替代_request
SQL: SHOW COLUMNS FROM `fa_user_user` [ RunTime:0.001000s ]
NOTIC: [8192] preg_replace(): The /e modifier is deprecated, use preg_replace_callback instead F:\ThinkPHP\Lib\Core\Db.class.php 第 601 行.
SQL: SELECT * FROM `fa_user_user` WHERE ( `token` = '5' ) LIMIT 1   [ RunTime:0.000000s ]
SQL: SHOW COLUMNS FROM `fa_user_bet_gess_2` [ RunTime:0.002000s ]
NOTIC: [8192] preg_replace(): The /e modifier is deprecated, use preg_replace_callback instead F:\ThinkPHP\Lib\Core\Db.class.php 第 601 行.
SQL: SELECT * FROM `fa_user_bet_gess_2` WHERE ( `uid` = 5 ) AND ( `status` = 0 )  [ RunTime:0.000000s ]
NOTIC: [2] array_column() expects parameter 1 to be array, null given F:\work\__App__\Api\Modules\Api\Action\AwardAction.class.php 第 364 行.
NOTIC: [2] in_array() expects parameter 2 to be array, null given F:\work\__App__\Api\Modules\Api\Action\AwardAction.class.php 第 366 行.

[ 2017-05-15T17:45:52+08:00 ] 127.0.0.1 /index.php?m=award&a=get_reward
NOTIC: [8192] preg_replace(): The /e modifier is deprecated, use preg_replace_callback instead F:\ThinkPHP\Common\common.php 第 171 行.
INFO: [ app_begin ] --START--
INFO: Run ReadHtmlCache Behavior [ RunTime:0.001000s ]
INFO: [ app_begin ] --END-- [ RunTime:0.001000s ]
NOTIC: 建议使用I方法替代_request
NOTIC: 建议使用I方法替代_request
SQL: SHOW COLUMNS FROM `fa_user_user` [ RunTime:0.001000s ]
NOTIC: [8192] preg_replace(): The /e modifier is deprecated, use preg_replace_callback instead F:\ThinkPHP\Lib\Core\Db.class.php 第 601 行.
SQL: SELECT * FROM `fa_user_user` WHERE ( `token` = '5' ) LIMIT 1   [ RunTime:0.000000s ]
SQL: SHOW COLUMNS FROM `fa_user_bet_gess_2` [ RunTime:0.001000s ]
NOTIC: [8192] preg_replace(): The /e modifier is deprecated, use preg_replace_callback instead F:\ThinkPHP\Lib\Core\Db.class.php 第 601 行.
SQL: SELECT * FROM `fa_user_bet_gess_2` WHERE ( `uid` = 5 ) AND ( `status` = 0 )  [ RunTime:0.000000s ]
NOTIC: [2] array_column() expects parameter 1 to be array, null given F:\work\__App__\Api\Modules\Api\Action\AwardAction.class.php 第 364 行.
NOTIC: [2] in_array() expects parameter 2 to be array, null given F:\work\__App__\Api\Modules\Api\Action\AwardAction.class.php 第 366 行.

