[ 2017-06-19T14:37:47+08:00 ] 127.0.0.1 /index.php?g=api&m=user&a=upload
NOTIC: [8192] preg_replace(): The /e modifier is deprecated, use preg_replace_callback instead F:\ThinkPHP\Common\common.php 第 171 行.
INFO: [ app_begin ] --START--
INFO: Run ReadHtmlCache Behavior [ RunTime:0.001000s ]
INFO: [ app_begin ] --END-- [ RunTime:0.001000s ]
NOTIC: [8] Memcache::connect():  F:\ThinkPHP\Extend\Driver\Session\SessionMemcache.class.php 第 38 行.
NOTIC: [2] Memcache::connect():  F:\ThinkPHP\Extend\Driver\Session\SessionMemcache.class.php 第 38 行.
NOTIC: 建议使用I方法替代_request
NOTIC: 建议使用I方法替代_request
SQL: SHOW COLUMNS FROM `fa_user_user` [ RunTime:0.002000s ]
NOTIC: [8192] preg_replace(): The /e modifier is deprecated, use preg_replace_callback instead F:\ThinkPHP\Lib\Core\Db.class.php 第 601 行.
SQL: SELECT * FROM `fa_user_user` WHERE ( `token` = '2950a0c7fb4ccf3b8d13203f052869a2' ) LIMIT 1   [ RunTime:0.001000s ]

[ 2017-06-19T14:38:01+08:00 ] 127.0.0.1 /index.php?g=api&m=user&a=upload
NOTIC: [8192] preg_replace(): The /e modifier is deprecated, use preg_replace_callback instead F:\ThinkPHP\Common\common.php 第 171 行.
INFO: [ app_begin ] --START--
INFO: Run ReadHtmlCache Behavior [ RunTime:0.000000s ]
INFO: [ app_begin ] --END-- [ RunTime:0.000000s ]
NOTIC: [8] Memcache::connect():  F:\ThinkPHP\Extend\Driver\Session\SessionMemcache.class.php 第 38 行.
NOTIC: [2] Memcache::connect():  F:\ThinkPHP\Extend\Driver\Session\SessionMemcache.class.php 第 38 行.
NOTIC: 建议使用I方法替代_request
NOTIC: 建议使用I方法替代_request
SQL: SHOW COLUMNS FROM `fa_user_user` [ RunTime:0.002000s ]
NOTIC: [8192] preg_replace(): The /e modifier is deprecated, use preg_replace_callback instead F:\ThinkPHP\Lib\Core\Db.class.php 第 601 行.
SQL: SELECT * FROM `fa_user_user` WHERE ( `token` = '2950a0c7fb4ccf3b8d13203f052869a2' ) LIMIT 1   [ RunTime:0.001000s ]
NOTIC: [2] Illegal string offset 'id' F:\work\__App__\Api\Modules\Api\Action\UserAction.class.php 第 996 行.
SQL: SHOW COLUMNS FROM `fa_user_user` [ RunTime:0.002001s ]
SQL: UPDATE `fa_user_user` SET `gold`=gold+88 WHERE ( id = 1 ) [ RunTime:0.061003s ]
SQL: SHOW COLUMNS FROM `fa_user_gold_record` [ RunTime:0.001000s ]
ERR: 1146:Table 'www_aifamu_com_1.fa_user_gold_record' doesn't exist
 [ SQL语句 ] : SHOW COLUMNS FROM `fa_user_gold_record`
SQL: INSERT INTO `fa_user_gold_record` (`gold`,`content`,`uid`) VALUES (88,'上传头像','1') [ RunTime:0.000000s ]
ERR: 1146:Table 'www_aifamu_com_1.fa_user_gold_record' doesn't exist
 [ SQL语句 ] : INSERT INTO `fa_user_gold_record` (`gold`,`content`,`uid`) VALUES (88,'上传头像','1')

[ 2017-06-19T15:05:43+08:00 ] 127.0.0.1 /index.php?g=api&m=user&a=upload
NOTIC: [8192] preg_replace(): The /e modifier is deprecated, use preg_replace_callback instead F:\ThinkPHP\Common\common.php 第 171 行.
INFO: [ app_begin ] --START--
INFO: Run ReadHtmlCache Behavior [ RunTime:0.000000s ]
INFO: [ app_begin ] --END-- [ RunTime:0.001000s ]
NOTIC: [8] Memcache::connect():  F:\ThinkPHP\Extend\Driver\Session\SessionMemcache.class.php 第 38 行.
NOTIC: [2] Memcache::connect():  F:\ThinkPHP\Extend\Driver\Session\SessionMemcache.class.php 第 38 行.
NOTIC: 建议使用I方法替代_request
NOTIC: 建议使用I方法替代_request
SQL: SHOW COLUMNS FROM `fa_user_user` [ RunTime:0.002000s ]
NOTIC: [8192] preg_replace(): The /e modifier is deprecated, use preg_replace_callback instead F:\ThinkPHP\Lib\Core\Db.class.php 第 601 行.
SQL: SELECT * FROM `fa_user_user` WHERE ( `token` = '2950a0c7fb4ccf3b8d13203f052869a2' ) LIMIT 1   [ RunTime:0.002000s ]
NOTIC: [2] Illegal string offset 'id' F:\work\__App__\Api\Modules\Api\Action\UserAction.class.php 第 1001 行.

[ 2017-06-19T15:06:51+08:00 ] 127.0.0.1 /index.php?g=api&m=user&a=upload
NOTIC: [8192] preg_replace(): The /e modifier is deprecated, use preg_replace_callback instead F:\ThinkPHP\Common\common.php 第 171 行.
INFO: [ app_begin ] --START--
INFO: Run ReadHtmlCache Behavior [ RunTime:0.001000s ]
INFO: [ app_begin ] --END-- [ RunTime:0.001000s ]
NOTIC: [8] Memcache::connect():  F:\ThinkPHP\Extend\Driver\Session\SessionMemcache.class.php 第 38 行.
NOTIC: [2] Memcache::connect():  F:\ThinkPHP\Extend\Driver\Session\SessionMemcache.class.php 第 38 行.
NOTIC: 建议使用I方法替代_request
NOTIC: 建议使用I方法替代_request
SQL: SHOW COLUMNS FROM `fa_user_user` [ RunTime:0.002001s ]
NOTIC: [8192] preg_replace(): The /e modifier is deprecated, use preg_replace_callback instead F:\ThinkPHP\Lib\Core\Db.class.php 第 601 行.
SQL: SELECT * FROM `fa_user_user` WHERE ( `token` = '2950a0c7fb4ccf3b8d13203f052869a2' ) LIMIT 1   [ RunTime:0.001000s ]
NOTIC: [2] Illegal string offset 'id' F:\work\__App__\Api\Modules\Api\Action\UserAction.class.php 第 1001 行.

[ 2017-06-19T15:07:24+08:00 ] 127.0.0.1 /index.php?g=api&m=user&a=upload
NOTIC: [8192] preg_replace(): The /e modifier is deprecated, use preg_replace_callback instead F:\ThinkPHP\Common\common.php 第 171 行.
INFO: [ app_begin ] --START--
INFO: Run ReadHtmlCache Behavior [ RunTime:0.000000s ]
INFO: [ app_begin ] --END-- [ RunTime:0.001000s ]
NOTIC: [8] Memcache::connect():  F:\ThinkPHP\Extend\Driver\Session\SessionMemcache.class.php 第 38 行.
NOTIC: [2] Memcache::connect():  F:\ThinkPHP\Extend\Driver\Session\SessionMemcache.class.php 第 38 行.
NOTIC: 建议使用I方法替代_request
NOTIC: 建议使用I方法替代_request
SQL: SHOW COLUMNS FROM `fa_user_user` [ RunTime:0.002000s ]
NOTIC: [8192] preg_replace(): The /e modifier is deprecated, use preg_replace_callback instead F:\ThinkPHP\Lib\Core\Db.class.php 第 601 行.
SQL: SELECT * FROM `fa_user_user` WHERE ( `token` = '2950a0c7fb4ccf3b8d13203f052869a2' ) LIMIT 1   [ RunTime:0.001000s ]

[ 2017-06-19T15:08:26+08:00 ] 127.0.0.1 /index.php?g=api&m=user&a=upload
NOTIC: [8192] preg_replace(): The /e modifier is deprecated, use preg_replace_callback instead F:\ThinkPHP\Common\common.php 第 171 行.
INFO: [ app_begin ] --START--
INFO: Run ReadHtmlCache Behavior [ RunTime:0.001000s ]
INFO: [ app_begin ] --END-- [ RunTime:0.001000s ]
NOTIC: [8] Memcache::connect():  F:\ThinkPHP\Extend\Driver\Session\SessionMemcache.class.php 第 38 行.
NOTIC: [2] Memcache::connect():  F:\ThinkPHP\Extend\Driver\Session\SessionMemcache.class.php 第 38 行.
NOTIC: 建议使用I方法替代_request
NOTIC: 建议使用I方法替代_request
SQL: SHOW COLUMNS FROM `fa_user_user` [ RunTime:0.003001s ]
NOTIC: [8192] preg_replace(): The /e modifier is deprecated, use preg_replace_callback instead F:\ThinkPHP\Lib\Core\Db.class.php 第 601 行.
SQL: SELECT * FROM `fa_user_user` WHERE ( `token` = '2950a0c7fb4ccf3b8d13203f052869a2' ) LIMIT 1   [ RunTime:0.001000s ]
NOTIC: [2] getimagesize(gif): failed to open stream: No such file or directory F:\work\__App__\Api\Modules\Api\Action\UserAction.class.php 第 1079 行.

[ 2017-06-19T15:09:25+08:00 ] 127.0.0.1 /index.php?g=api&m=user&a=upload
NOTIC: [8192] preg_replace(): The /e modifier is deprecated, use preg_replace_callback instead F:\ThinkPHP\Common\common.php 第 171 行.
INFO: [ app_begin ] --START--
INFO: Run ReadHtmlCache Behavior [ RunTime:0.001000s ]
INFO: [ app_begin ] --END-- [ RunTime:0.001000s ]
NOTIC: [8] Memcache::connect():  F:\ThinkPHP\Extend\Driver\Session\SessionMemcache.class.php 第 38 行.
NOTIC: [2] Memcache::connect():  F:\ThinkPHP\Extend\Driver\Session\SessionMemcache.class.php 第 38 行.
NOTIC: 建议使用I方法替代_request
NOTIC: 建议使用I方法替代_request
SQL: SHOW COLUMNS FROM `fa_user_user` [ RunTime:0.002000s ]
NOTIC: [8192] preg_replace(): The /e modifier is deprecated, use preg_replace_callback instead F:\ThinkPHP\Lib\Core\Db.class.php 第 601 行.
SQL: SELECT * FROM `fa_user_user` WHERE ( `token` = '2950a0c7fb4ccf3b8d13203f052869a2' ) LIMIT 1   [ RunTime:0.000000s ]
NOTIC: [2] getimagesize(png): failed to open stream: No such file or directory F:\work\__App__\Api\Modules\Api\Action\UserAction.class.php 第 1079 行.

[ 2017-06-19T15:14:16+08:00 ] 127.0.0.1 /index.php?g=api&m=user&a=upload
NOTIC: [8192] preg_replace(): The /e modifier is deprecated, use preg_replace_callback instead F:\ThinkPHP\Common\common.php 第 171 行.
INFO: [ app_begin ] --START--
INFO: Run ReadHtmlCache Behavior [ RunTime:0.001000s ]
INFO: [ app_begin ] --END-- [ RunTime:0.001000s ]
NOTIC: [8] Memcache::connect():  F:\ThinkPHP\Extend\Driver\Session\SessionMemcache.class.php 第 38 行.
NOTIC: [2] Memcache::connect():  F:\ThinkPHP\Extend\Driver\Session\SessionMemcache.class.php 第 38 行.
NOTIC: 建议使用I方法替代_request
NOTIC: 建议使用I方法替代_request
SQL: SHOW COLUMNS FROM `fa_user_user` [ RunTime:0.002000s ]
NOTIC: [8192] preg_replace(): The /e modifier is deprecated, use preg_replace_callback instead F:\ThinkPHP\Lib\Core\Db.class.php 第 601 行.
SQL: SELECT * FROM `fa_user_user` WHERE ( `token` = '2950a0c7fb4ccf3b8d13203f052869a2' ) LIMIT 1   [ RunTime:0.001000s ]
NOTIC: [2] getimagesize(png): failed to open stream: No such file or directory F:\work\__App__\Api\Modules\Api\Action\UserAction.class.php 第 1081 行.

[ 2017-06-19T15:15:01+08:00 ] 127.0.0.1 /index.php?g=api&m=user&a=upload
NOTIC: [8192] preg_replace(): The /e modifier is deprecated, use preg_replace_callback instead F:\ThinkPHP\Common\common.php 第 171 行.
INFO: [ app_begin ] --START--
INFO: Run ReadHtmlCache Behavior [ RunTime:0.001000s ]
INFO: [ app_begin ] --END-- [ RunTime:0.001000s ]
NOTIC: [8] Memcache::connect():  F:\ThinkPHP\Extend\Driver\Session\SessionMemcache.class.php 第 38 行.
NOTIC: [2] Memcache::connect():  F:\ThinkPHP\Extend\Driver\Session\SessionMemcache.class.php 第 38 行.
NOTIC: 建议使用I方法替代_request
NOTIC: 建议使用I方法替代_request
SQL: SHOW COLUMNS FROM `fa_user_user` [ RunTime:0.002000s ]
NOTIC: [8192] preg_replace(): The /e modifier is deprecated, use preg_replace_callback instead F:\ThinkPHP\Lib\Core\Db.class.php 第 601 行.
SQL: SELECT * FROM `fa_user_user` WHERE ( `token` = '2950a0c7fb4ccf3b8d13203f052869a2' ) LIMIT 1   [ RunTime:0.000000s ]
NOTIC: [2] getimagesize(png): failed to open stream: No such file or directory F:\work\__App__\Api\Modules\Api\Action\UserAction.class.php 第 1081 行.

[ 2017-06-19T15:15:48+08:00 ] 127.0.0.1 /index.php?g=api&m=user&a=upload
NOTIC: [8192] preg_replace(): The /e modifier is deprecated, use preg_replace_callback instead F:\ThinkPHP\Common\common.php 第 171 行.
INFO: [ app_begin ] --START--
INFO: Run ReadHtmlCache Behavior [ RunTime:0.001000s ]
INFO: [ app_begin ] --END-- [ RunTime:0.001000s ]
NOTIC: [8] Memcache::connect():  F:\ThinkPHP\Extend\Driver\Session\SessionMemcache.class.php 第 38 行.
NOTIC: [2] Memcache::connect():  F:\ThinkPHP\Extend\Driver\Session\SessionMemcache.class.php 第 38 行.
NOTIC: 建议使用I方法替代_request
NOTIC: 建议使用I方法替代_request
SQL: SHOW COLUMNS FROM `fa_user_user` [ RunTime:0.002000s ]
NOTIC: [8192] preg_replace(): The /e modifier is deprecated, use preg_replace_callback instead F:\ThinkPHP\Lib\Core\Db.class.php 第 601 行.
SQL: SELECT * FROM `fa_user_user` WHERE ( `token` = '2950a0c7fb4ccf3b8d13203f052869a2' ) LIMIT 1   [ RunTime:0.000000s ]
NOTIC: [2] getimagesize(png): failed to open stream: No such file or directory F:\work\__App__\Api\Modules\Api\Action\UserAction.class.php 第 1081 行.

[ 2017-06-19T15:16:04+08:00 ] 127.0.0.1 /index.php?g=api&m=user&a=upload
NOTIC: [8192] preg_replace(): The /e modifier is deprecated, use preg_replace_callback instead F:\ThinkPHP\Common\common.php 第 171 行.
INFO: [ app_begin ] --START--
INFO: Run ReadHtmlCache Behavior [ RunTime:0.001000s ]
INFO: [ app_begin ] --END-- [ RunTime:0.001000s ]
NOTIC: [8] Memcache::connect():  F:\ThinkPHP\Extend\Driver\Session\SessionMemcache.class.php 第 38 行.
NOTIC: [2] Memcache::connect():  F:\ThinkPHP\Extend\Driver\Session\SessionMemcache.class.php 第 38 行.
NOTIC: 建议使用I方法替代_request
NOTIC: 建议使用I方法替代_request
SQL: SHOW COLUMNS FROM `fa_user_user` [ RunTime:0.002000s ]
NOTIC: [8192] preg_replace(): The /e modifier is deprecated, use preg_replace_callback instead F:\ThinkPHP\Lib\Core\Db.class.php 第 601 行.
SQL: SELECT * FROM `fa_user_user` WHERE ( `token` = '2950a0c7fb4ccf3b8d13203f052869a2' ) LIMIT 1   [ RunTime:0.001000s ]

[ 2017-06-19T15:18:51+08:00 ] 127.0.0.1 /index.php?g=api&m=user&a=upload
NOTIC: [8192] preg_replace(): The /e modifier is deprecated, use preg_replace_callback instead F:\ThinkPHP\Common\common.php 第 171 行.
INFO: [ app_begin ] --START--
INFO: Run ReadHtmlCache Behavior [ RunTime:0.002001s ]
INFO: [ app_begin ] --END-- [ RunTime:0.002001s ]
NOTIC: [8] Memcache::connect():  F:\ThinkPHP\Extend\Driver\Session\SessionMemcache.class.php 第 38 行.
NOTIC: [2] Memcache::connect():  F:\ThinkPHP\Extend\Driver\Session\SessionMemcache.class.php 第 38 行.
NOTIC: 建议使用I方法替代_request
NOTIC: 建议使用I方法替代_request
SQL: SHOW COLUMNS FROM `fa_user_user` [ RunTime:0.002001s ]
NOTIC: [8192] preg_replace(): The /e modifier is deprecated, use preg_replace_callback instead F:\ThinkPHP\Lib\Core\Db.class.php 第 601 行.
SQL: SELECT * FROM `fa_user_user` WHERE ( `token` = '2950a0c7fb4ccf3b8d13203f052869a2' ) LIMIT 1   [ RunTime:0.000000s ]
NOTIC: [2] imagecolorsforindex(): Color index 136 out of range F:\work\__App__\Api\Modules\Api\Action\UserAction.class.php 第 1050 行.

[ 2017-06-19T15:29:10+08:00 ] 127.0.0.1 /index.php?g=api&m=user&a=upload
NOTIC: [8192] preg_replace(): The /e modifier is deprecated, use preg_replace_callback instead F:\ThinkPHP\Common\common.php 第 171 行.
INFO: [ app_begin ] --START--
INFO: Run ReadHtmlCache Behavior [ RunTime:0.001000s ]
INFO: [ app_begin ] --END-- [ RunTime:0.001000s ]
NOTIC: [8] Memcache::connect():  F:\ThinkPHP\Extend\Driver\Session\SessionMemcache.class.php 第 38 行.
NOTIC: [2] Memcache::connect():  F:\ThinkPHP\Extend\Driver\Session\SessionMemcache.class.php 第 38 行.
NOTIC: 建议使用I方法替代_request
NOTIC: 建议使用I方法替代_request
SQL: SHOW COLUMNS FROM `fa_user_user` [ RunTime:0.002000s ]
NOTIC: [8192] preg_replace(): The /e modifier is deprecated, use preg_replace_callback instead F:\ThinkPHP\Lib\Core\Db.class.php 第 601 行.
SQL: SELECT * FROM `fa_user_user` WHERE ( `token` = '064ad034790edcb600c29cd956912010' ) LIMIT 1   [ RunTime:0.001000s ]

[ 2017-06-19T15:29:40+08:00 ] 127.0.0.1 /index.php?g=api&m=user&a=upload
NOTIC: [8192] preg_replace(): The /e modifier is deprecated, use preg_replace_callback instead F:\ThinkPHP\Common\common.php 第 171 行.
INFO: [ app_begin ] --START--
INFO: Run ReadHtmlCache Behavior [ RunTime:0.001000s ]
INFO: [ app_begin ] --END-- [ RunTime:0.001000s ]
NOTIC: [8] Memcache::connect():  F:\ThinkPHP\Extend\Driver\Session\SessionMemcache.class.php 第 38 行.
NOTIC: [2] Memcache::connect():  F:\ThinkPHP\Extend\Driver\Session\SessionMemcache.class.php 第 38 行.
NOTIC: 建议使用I方法替代_request
NOTIC: 建议使用I方法替代_request
SQL: SHOW COLUMNS FROM `fa_user_user` [ RunTime:0.002001s ]
NOTIC: [8192] preg_replace(): The /e modifier is deprecated, use preg_replace_callback instead F:\ThinkPHP\Lib\Core\Db.class.php 第 601 行.
SQL: SELECT * FROM `fa_user_user` WHERE ( `token` = '3dc85f2fdec4099f5774ad2440a43356' ) LIMIT 1   [ RunTime:0.000000s ]

[ 2017-06-19T18:02:50+08:00 ] 127.0.0.1 /index.php?g=api&m=public&a=alllogin
NOTIC: [8192] preg_replace(): The /e modifier is deprecated, use preg_replace_callback instead F:\ThinkPHP\Common\common.php 第 171 行.
INFO: [ app_begin ] --START--
INFO: Run ReadHtmlCache Behavior [ RunTime:0.000000s ]
INFO: [ app_begin ] --END-- [ RunTime:0.000000s ]
NOTIC: [8] Memcache::connect():  F:\ThinkPHP\Extend\Driver\Session\SessionMemcache.class.php 第 38 行.
NOTIC: [2] Memcache::connect():  F:\ThinkPHP\Extend\Driver\Session\SessionMemcache.class.php 第 38 行.
NOTIC: 建议使用I方法替代_request
NOTIC: 建议使用I方法替代_request
NOTIC: 建议使用I方法替代_post

[ 2017-06-19T18:03:11+08:00 ] 127.0.0.1 /index.php?g=api&m=public&a=alllogin
NOTIC: [8192] preg_replace(): The /e modifier is deprecated, use preg_replace_callback instead F:\ThinkPHP\Common\common.php 第 171 行.
INFO: [ app_begin ] --START--
INFO: Run ReadHtmlCache Behavior [ RunTime:0.001000s ]
INFO: [ app_begin ] --END-- [ RunTime:0.001000s ]
NOTIC: [8] Memcache::connect():  F:\ThinkPHP\Extend\Driver\Session\SessionMemcache.class.php 第 38 行.
NOTIC: [2] Memcache::connect():  F:\ThinkPHP\Extend\Driver\Session\SessionMemcache.class.php 第 38 行.
NOTIC: 建议使用I方法替代_request
NOTIC: 建议使用I方法替代_request
NOTIC: 建议使用I方法替代_post
NOTIC: 建议使用I方法替代_post
NOTIC: 建议使用I方法替代_post
SQL: SHOW COLUMNS FROM `fa_user_open_info` [ RunTime:0.002000s ]
NOTIC: [8192] preg_replace(): The /e modifier is deprecated, use preg_replace_callback instead F:\ThinkPHP\Lib\Core\Db.class.php 第 601 行.
SQL: SELECT * FROM `fa_user_open_info` WHERE ( `qq_openid` = '95632B95F98D22A663C9DF1C3620B91D' ) LIMIT 1   [ RunTime:0.000000s ]
SQL: SHOW COLUMNS FROM `fa_user_user` [ RunTime:0.001001s ]
NOTIC: 建议使用I方法替代_post
NOTIC: [2] Illegal string offset 'type' F:\work\__App__\Api\Modules\Api\Action\PublicAction.class.php 第 370 行.
NOTIC: [2] Illegal string offset 'add_time' F:\work\__App__\Api\Modules\Api\Action\PublicAction.class.php 第 371 行.
NOTIC: [2] Illegal string offset 'ip' F:\work\__App__\Api\Modules\Api\Action\PublicAction.class.php 第 372 行.
NOTIC: [2] Illegal string offset 'type' F:\work\__App__\Api\Modules\Api\Action\PublicAction.class.php 第 373 行.
NOTIC: [2] Illegal string offset 'username' F:\work\__App__\Api\Modules\Api\Action\PublicAction.class.php 第 373 行.
NOTIC: [2] Illegal string offset 'entrance_ticket' F:\work\__App__\Api\Modules\Api\Action\PublicAction.class.php 第 374 行.
NOTIC: [2] Illegal string offset 'diamond' F:\work\__App__\Api\Modules\Api\Action\PublicAction.class.php 第 375 行.
NOTIC: [2] Illegal string offset 'gold' F:\work\__App__\Api\Modules\Api\Action\PublicAction.class.php 第 376 行.
NOTIC: [2] Invalid argument supplied for foreach() F:\ThinkPHP\Lib\Core\Model.class.php 第 269 行.
NOTIC: [2] Invalid argument supplied for foreach() F:\ThinkPHP\Lib\Core\Db.class.php 第 697 行.
SQL: INSERT INTO `fa_user_user` () VALUES () [ RunTime:0.055004s ]
NOTIC: [2] Illegal string offset 'id' F:\ThinkPHP\Lib\Core\Model.class.php 第 323 行.
SQL: UPDATE `fa_user_user` SET `token`='c8b5d73cbd4f2c5b5f82ec05780d9493' WHERE ( id = 13 ) [ RunTime:0.052003s ]
SQL: SHOW COLUMNS FROM `fa_user_error_try` [ RunTime:0.002000s ]
SQL: INSERT INTO `fa_user_error_try` (`user_id`) VALUES (13) [ RunTime:0.048003s ]
SQL: INSERT INTO `fa_user_open_info` (`user_id`,`qq_openid`,`addtime`) VALUES (13,'95632B95F98D22A663C9DF1C3620B91D',1497866591) [ RunTime:0.050003s ]
SQL: SHOW COLUMNS FROM `fa_award_attendance` [ RunTime:0.002000s ]
NOTIC: [8192] preg_replace(): The /e modifier is deprecated, use preg_replace_callback instead F:\ThinkPHP\Lib\Core\Db.class.php 第 601 行.
SQL: SELECT `id`,`attend_day`,`user_id`,`add_time` FROM `fa_award_attendance` WHERE ( `user_id` = 13 ) LIMIT 1   [ RunTime:0.001000s ]
SQL: INSERT INTO `fa_award_attendance` (`attend_day`,`user_id`,`add_time`) VALUES (1,13,1497866591) [ RunTime:0.001000s ]
NOTIC: [8] Undefined variable: id F:\work\__App__\Api\Modules\Api\Action\PublicAction.class.php 第 244 行.
NOTIC: [2] Illegal string offset 'id' F:\work\__App__\Api\Modules\Api\Action\PublicAction.class.php 第 246 行.
SQL: UPDATE `fa_user_user` SET `ip`='2130706433',`last_time`=1497866591,`token`='01a6c57e808c62886b5e3b499d513a6c' WHERE ( `id` = 1 ) [ RunTime:0.046003s ]
NOTIC: [2] Illegal string offset 'id' F:\work\__App__\Api\Modules\Api\Action\PublicAction.class.php 第 248 行.
NOTIC: [2] Illegal string offset 'username' F:\work\__App__\Api\Modules\Api\Action\PublicAction.class.php 第 248 行.
NOTIC: [2] Illegal string offset 'phone' F:\work\__App__\Api\Modules\Api\Action\PublicAction.class.php 第 248 行.
NOTIC: [2] mcrypt_generic_init(): Key size too large; supplied length: 14, max: 8 F:\work\__App__\Api\Common\common.php 第 15 行.
NOTIC: [2] Illegal string offset 'id' F:\work\__App__\Api\Modules\Api\Action\PublicAction.class.php 第 255 行.
NOTIC: [2] Illegal string offset 'avatar_img' F:\work\__App__\Api\Modules\Api\Action\PublicAction.class.php 第 255 行.
NOTIC: [2] Illegal string offset 'token' F:\work\__App__\Api\Modules\Api\Action\PublicAction.class.php 第 256 行.
NOTIC: [2] Missing argument 3 for CommonAction::cache(), called in F:\work\__App__\Api\Modules\Api\Action\PublicAction.class.php on line 257 and defined F:\work\__App__\Api\Lib\Action\CommonAction.class.php 第 75 行.
SQL: SHOW COLUMNS FROM `fa_user_rank` [ RunTime:0.001000s ]
NOTIC: [8192] preg_replace(): The /e modifier is deprecated, use preg_replace_callback instead F:\ThinkPHP\Lib\Core\Db.class.php 第 601 行.
SQL: SELECT `id`,`name` FROM `fa_user_rank`  [ RunTime:0.000000s ]
NOTIC: [2] Illegal string offset 'rank' F:\work\__App__\Api\Modules\Api\Action\PublicAction.class.php 第 263 行.
NOTIC: [8] Undefined offset: -1 F:\work\__App__\Api\Modules\Api\Action\PublicAction.class.php 第 263 行.
NOTIC: [2] Illegal string offset 'rank_name' F:\work\__App__\Api\Modules\Api\Action\PublicAction.class.php 第 263 行.

[ 2017-06-19T18:03:45+08:00 ] 127.0.0.1 /index.php?g=api&m=public&a=alllogin
NOTIC: [8192] preg_replace(): The /e modifier is deprecated, use preg_replace_callback instead F:\ThinkPHP\Common\common.php 第 171 行.
INFO: [ app_begin ] --START--
INFO: Run ReadHtmlCache Behavior [ RunTime:0.001000s ]
INFO: [ app_begin ] --END-- [ RunTime:0.001000s ]
NOTIC: [8] Memcache::connect():  F:\ThinkPHP\Extend\Driver\Session\SessionMemcache.class.php 第 38 行.
NOTIC: [2] Memcache::connect():  F:\ThinkPHP\Extend\Driver\Session\SessionMemcache.class.php 第 38 行.
NOTIC: 建议使用I方法替代_request
NOTIC: 建议使用I方法替代_request
NOTIC: 建议使用I方法替代_post
NOTIC: 建议使用I方法替代_post
NOTIC: 建议使用I方法替代_post
SQL: SHOW COLUMNS FROM `fa_user_open_info` [ RunTime:0.002001s ]
NOTIC: [8192] preg_replace(): The /e modifier is deprecated, use preg_replace_callback instead F:\ThinkPHP\Lib\Core\Db.class.php 第 601 行.
SQL: SELECT * FROM `fa_user_open_info` WHERE ( `qq_openid` = '95632B95F98D22A663C9DF1C3620B91D' ) LIMIT 1   [ RunTime:0.000000s ]
SQL: SHOW COLUMNS FROM `fa_user_user` [ RunTime:0.001000s ]
NOTIC: 建议使用I方法替代_post

[ 2017-06-19T18:04:30+08:00 ] 127.0.0.1 /index.php?g=api&m=public&a=alllogin
NOTIC: [8192] preg_replace(): The /e modifier is deprecated, use preg_replace_callback instead F:\ThinkPHP\Common\common.php 第 171 行.
INFO: [ app_begin ] --START--
INFO: Run ReadHtmlCache Behavior [ RunTime:0.002000s ]
INFO: [ app_begin ] --END-- [ RunTime:0.002000s ]
NOTIC: [8] Memcache::connect():  F:\ThinkPHP\Extend\Driver\Session\SessionMemcache.class.php 第 38 行.
NOTIC: [2] Memcache::connect():  F:\ThinkPHP\Extend\Driver\Session\SessionMemcache.class.php 第 38 行.
NOTIC: 建议使用I方法替代_request
NOTIC: 建议使用I方法替代_request
NOTIC: 建议使用I方法替代_post
NOTIC: 建议使用I方法替代_post
NOTIC: 建议使用I方法替代_post

[ 2017-06-19T18:04:50+08:00 ] 127.0.0.1 /index.php?g=api&m=public&a=alllogin
NOTIC: [8192] preg_replace(): The /e modifier is deprecated, use preg_replace_callback instead F:\ThinkPHP\Common\common.php 第 171 行.
INFO: [ app_begin ] --START--
INFO: Run ReadHtmlCache Behavior [ RunTime:0.001000s ]
INFO: [ app_begin ] --END-- [ RunTime:0.001000s ]
NOTIC: [8] Memcache::connect():  F:\ThinkPHP\Extend\Driver\Session\SessionMemcache.class.php 第 38 行.
NOTIC: [2] Memcache::connect():  F:\ThinkPHP\Extend\Driver\Session\SessionMemcache.class.php 第 38 行.
NOTIC: 建议使用I方法替代_request
NOTIC: 建议使用I方法替代_request
NOTIC: 建议使用I方法替代_post
NOTIC: 建议使用I方法替代_post
NOTIC: 建议使用I方法替代_post

[ 2017-06-19T18:06:41+08:00 ] 127.0.0.1 /index.php?g=api&m=public&a=alllogin
NOTIC: [8192] preg_replace(): The /e modifier is deprecated, use preg_replace_callback instead F:\ThinkPHP\Common\common.php 第 171 行.
INFO: [ app_begin ] --START--
INFO: Run ReadHtmlCache Behavior [ RunTime:0.001000s ]
INFO: [ app_begin ] --END-- [ RunTime:0.001000s ]
NOTIC: [8] Memcache::connect():  F:\ThinkPHP\Extend\Driver\Session\SessionMemcache.class.php 第 38 行.
NOTIC: [2] Memcache::connect():  F:\ThinkPHP\Extend\Driver\Session\SessionMemcache.class.php 第 38 行.
NOTIC: 建议使用I方法替代_request
NOTIC: 建议使用I方法替代_request
NOTIC: 建议使用I方法替代_post
NOTIC: 建议使用I方法替代_post
NOTIC: 建议使用I方法替代_post
SQL: SHOW COLUMNS FROM `fa_user_open_info` [ RunTime:0.002000s ]
NOTIC: [8192] preg_replace(): The /e modifier is deprecated, use preg_replace_callback instead F:\ThinkPHP\Lib\Core\Db.class.php 第 601 行.
SQL: SELECT * FROM `fa_user_open_info` WHERE ( `qq_openid` = '95632B95F98D22A663C9DF1C3620B91D' ) LIMIT 1   [ RunTime:0.001000s ]
SQL: SHOW COLUMNS FROM `fa_user_user` [ RunTime:0.002001s ]
NOTIC: 建议使用I方法替代_post

[ 2017-06-19T18:07:14+08:00 ] 127.0.0.1 /index.php?g=api&m=public&a=alllogin
NOTIC: [8192] preg_replace(): The /e modifier is deprecated, use preg_replace_callback instead F:\ThinkPHP\Common\common.php 第 171 行.
INFO: [ app_begin ] --START--
INFO: Run ReadHtmlCache Behavior [ RunTime:0.001000s ]
INFO: [ app_begin ] --END-- [ RunTime:0.001000s ]
NOTIC: [8] Memcache::connect():  F:\ThinkPHP\Extend\Driver\Session\SessionMemcache.class.php 第 38 行.
NOTIC: [2] Memcache::connect():  F:\ThinkPHP\Extend\Driver\Session\SessionMemcache.class.php 第 38 行.
NOTIC: 建议使用I方法替代_request
NOTIC: 建议使用I方法替代_request
NOTIC: 建议使用I方法替代_post
NOTIC: 建议使用I方法替代_post
NOTIC: 建议使用I方法替代_post
SQL: SHOW COLUMNS FROM `fa_user_open_info` [ RunTime:0.001000s ]
NOTIC: [8192] preg_replace(): The /e modifier is deprecated, use preg_replace_callback instead F:\ThinkPHP\Lib\Core\Db.class.php 第 601 行.
SQL: SELECT * FROM `fa_user_open_info` WHERE ( `qq_openid` = '95632B95F98D22A663C9DF1C3620B91D' ) LIMIT 1   [ RunTime:0.001000s ]
SQL: SHOW COLUMNS FROM `fa_user_user` [ RunTime:0.002000s ]
NOTIC: 建议使用I方法替代_post

[ 2017-06-19T18:11:12+08:00 ] 127.0.0.1 /index.php?g=api&m=public&a=alllogin
NOTIC: [8192] preg_replace(): The /e modifier is deprecated, use preg_replace_callback instead F:\ThinkPHP\Common\common.php 第 171 行.
INFO: [ app_begin ] --START--
INFO: Run ReadHtmlCache Behavior [ RunTime:0.001000s ]
INFO: [ app_begin ] --END-- [ RunTime:0.001000s ]
NOTIC: [8] Memcache::connect():  F:\ThinkPHP\Extend\Driver\Session\SessionMemcache.class.php 第 38 行.
NOTIC: [2] Memcache::connect():  F:\ThinkPHP\Extend\Driver\Session\SessionMemcache.class.php 第 38 行.
NOTIC: 建议使用I方法替代_request
NOTIC: 建议使用I方法替代_request
NOTIC: 建议使用I方法替代_post
NOTIC: 建议使用I方法替代_post
NOTIC: 建议使用I方法替代_post
SQL: SHOW COLUMNS FROM `fa_user_open_info` [ RunTime:0.001000s ]
NOTIC: [8192] preg_replace(): The /e modifier is deprecated, use preg_replace_callback instead F:\ThinkPHP\Lib\Core\Db.class.php 第 601 行.
SQL: SELECT * FROM `fa_user_open_info` WHERE ( `qq_openid` = '95632B95F98D22A663C9DF1C3620B91D' ) LIMIT 1   [ RunTime:0.001000s ]
SQL: SHOW COLUMNS FROM `fa_user_user` [ RunTime:0.002000s ]
NOTIC: 建议使用I方法替代_post

[ 2017-06-19T18:13:46+08:00 ] 127.0.0.1 /index.php?g=api&m=public&a=alllogin
NOTIC: [8192] preg_replace(): The /e modifier is deprecated, use preg_replace_callback instead F:\ThinkPHP\Common\common.php 第 171 行.
INFO: [ app_begin ] --START--
INFO: Run ReadHtmlCache Behavior [ RunTime:0.001000s ]
INFO: [ app_begin ] --END-- [ RunTime:0.001000s ]
NOTIC: [8] Memcache::connect():  F:\ThinkPHP\Extend\Driver\Session\SessionMemcache.class.php 第 38 行.
NOTIC: [2] Memcache::connect():  F:\ThinkPHP\Extend\Driver\Session\SessionMemcache.class.php 第 38 行.
NOTIC: 建议使用I方法替代_request
NOTIC: 建议使用I方法替代_request
NOTIC: 建议使用I方法替代_post
NOTIC: 建议使用I方法替代_post
NOTIC: 建议使用I方法替代_post
SQL: SHOW COLUMNS FROM `fa_user_open_info` [ RunTime:0.001000s ]
NOTIC: [8192] preg_replace(): The /e modifier is deprecated, use preg_replace_callback instead F:\ThinkPHP\Lib\Core\Db.class.php 第 601 行.
SQL: SELECT * FROM `fa_user_open_info` WHERE ( `qq_openid` = '95632B95F98D22A663C9DF1C3620B91D' ) LIMIT 1   [ RunTime:0.001000s ]
SQL: SHOW COLUMNS FROM `fa_user_user` [ RunTime:0.002000s ]
NOTIC: 建议使用I方法替代_post

[ 2017-06-19T18:14:00+08:00 ] 127.0.0.1 /index.php?g=api&m=public&a=alllogin
NOTIC: [8192] preg_replace(): The /e modifier is deprecated, use preg_replace_callback instead F:\ThinkPHP\Common\common.php 第 171 行.
INFO: [ app_begin ] --START--
INFO: Run ReadHtmlCache Behavior [ RunTime:0.001000s ]
INFO: [ app_begin ] --END-- [ RunTime:0.001000s ]
NOTIC: [8] Memcache::connect():  F:\ThinkPHP\Extend\Driver\Session\SessionMemcache.class.php 第 38 行.
NOTIC: [2] Memcache::connect():  F:\ThinkPHP\Extend\Driver\Session\SessionMemcache.class.php 第 38 行.
NOTIC: 建议使用I方法替代_request
NOTIC: 建议使用I方法替代_request
NOTIC: 建议使用I方法替代_post
NOTIC: 建议使用I方法替代_post
NOTIC: 建议使用I方法替代_post
SQL: SHOW COLUMNS FROM `fa_user_open_info` [ RunTime:0.001000s ]
NOTIC: [8192] preg_replace(): The /e modifier is deprecated, use preg_replace_callback instead F:\ThinkPHP\Lib\Core\Db.class.php 第 601 行.
SQL: SELECT * FROM `fa_user_open_info` WHERE ( `qq_openid` = '95632B95F98D22A663C9DF1C3620B91D' ) LIMIT 1   [ RunTime:0.000000s ]
SQL: SHOW COLUMNS FROM `fa_user_user` [ RunTime:0.002000s ]
NOTIC: 建议使用I方法替代_post
NOTIC: [2] Illegal string offset 'type' F:\work\__App__\Api\Modules\Api\Action\PublicAction.class.php 第 370 行.
NOTIC: [2] Illegal string offset 'add_time' F:\work\__App__\Api\Modules\Api\Action\PublicAction.class.php 第 371 行.
NOTIC: [2] Illegal string offset 'ip' F:\work\__App__\Api\Modules\Api\Action\PublicAction.class.php 第 372 行.
NOTIC: [2] Illegal string offset 'type' F:\work\__App__\Api\Modules\Api\Action\PublicAction.class.php 第 373 行.
NOTIC: [2] Illegal string offset 'username' F:\work\__App__\Api\Modules\Api\Action\PublicAction.class.php 第 373 行.
NOTIC: [2] Illegal string offset 'entrance_ticket' F:\work\__App__\Api\Modules\Api\Action\PublicAction.class.php 第 374 行.
NOTIC: [2] Illegal string offset 'diamond' F:\work\__App__\Api\Modules\Api\Action\PublicAction.class.php 第 375 行.
NOTIC: [2] Illegal string offset 'gold' F:\work\__App__\Api\Modules\Api\Action\PublicAction.class.php 第 376 行.
NOTIC: [2] Invalid argument supplied for foreach() F:\ThinkPHP\Lib\Core\Model.class.php 第 269 行.
NOTIC: [2] Invalid argument supplied for foreach() F:\ThinkPHP\Lib\Core\Db.class.php 第 697 行.
SQL: INSERT INTO `fa_user_user` () VALUES () [ RunTime:0.069004s ]
NOTIC: [2] Illegal string offset 'id' F:\ThinkPHP\Lib\Core\Model.class.php 第 323 行.
SQL: UPDATE `fa_user_user` SET `token`='d5f93fe970d38f9ceb3974710519ef62' WHERE ( id = 14 ) [ RunTime:0.066004s ]
SQL: SHOW COLUMNS FROM `fa_user_error_try` [ RunTime:0.002000s ]
SQL: INSERT INTO `fa_user_error_try` (`user_id`) VALUES (14) [ RunTime:0.065004s ]
SQL: INSERT INTO `fa_user_open_info` (`user_id`,`qq_openid`,`addtime`) VALUES (14,'95632B95F98D22A663C9DF1C3620B91D',1497867240) [ RunTime:0.067004s ]
SQL: SHOW COLUMNS FROM `fa_award_attendance` [ RunTime:0.002000s ]
NOTIC: [8192] preg_replace(): The /e modifier is deprecated, use preg_replace_callback instead F:\ThinkPHP\Lib\Core\Db.class.php 第 601 行.
SQL: SELECT `id`,`attend_day`,`user_id`,`add_time` FROM `fa_award_attendance` WHERE ( `user_id` = 14 ) LIMIT 1   [ RunTime:0.001000s ]
SQL: INSERT INTO `fa_award_attendance` (`attend_day`,`user_id`,`add_time`) VALUES (1,14,1497867240) [ RunTime:0.001000s ]
NOTIC: [8] Undefined variable: id F:\work\__App__\Api\Modules\Api\Action\PublicAction.class.php 第 244 行.
NOTIC: [2] Illegal string offset 'id' F:\work\__App__\Api\Modules\Api\Action\PublicAction.class.php 第 246 行.
SQL: UPDATE `fa_user_user` SET `ip`='2130706433',`last_time`=1497867240,`token`='4093e5bbbc23222c6a161bd5954620d6' WHERE ( `id` = 1 ) [ RunTime:0.063004s ]
NOTIC: [2] Illegal string offset 'id' F:\work\__App__\Api\Modules\Api\Action\PublicAction.class.php 第 248 行.
NOTIC: [2] Illegal string offset 'username' F:\work\__App__\Api\Modules\Api\Action\PublicAction.class.php 第 248 行.
NOTIC: [2] Illegal string offset 'phone' F:\work\__App__\Api\Modules\Api\Action\PublicAction.class.php 第 248 行.
NOTIC: [2] mcrypt_generic_init(): Key size too large; supplied length: 14, max: 8 F:\work\__App__\Api\Common\common.php 第 15 行.
NOTIC: [2] Illegal string offset 'id' F:\work\__App__\Api\Modules\Api\Action\PublicAction.class.php 第 255 行.
NOTIC: [2] Illegal string offset 'avatar_img' F:\work\__App__\Api\Modules\Api\Action\PublicAction.class.php 第 255 行.
NOTIC: [2] Illegal string offset 'token' F:\work\__App__\Api\Modules\Api\Action\PublicAction.class.php 第 256 行.
NOTIC: [2] Missing argument 3 for CommonAction::cache(), called in F:\work\__App__\Api\Modules\Api\Action\PublicAction.class.php on line 257 and defined F:\work\__App__\Api\Lib\Action\CommonAction.class.php 第 75 行.
NOTIC: [2] Illegal string offset 'rank' F:\work\__App__\Api\Modules\Api\Action\PublicAction.class.php 第 263 行.
NOTIC: [2] Illegal string offset 'rank' F:\work\__App__\Api\Modules\Api\Action\PublicAction.class.php 第 263 行.
NOTIC: [2] Illegal string offset 'rank_name' F:\work\__App__\Api\Modules\Api\Action\PublicAction.class.php 第 263 行.

[ 2017-06-19T18:14:19+08:00 ] 127.0.0.1 /index.php?g=api&m=public&a=alllogin
NOTIC: [8192] preg_replace(): The /e modifier is deprecated, use preg_replace_callback instead F:\ThinkPHP\Common\common.php 第 171 行.
INFO: [ app_begin ] --START--
INFO: Run ReadHtmlCache Behavior [ RunTime:0.001000s ]
INFO: [ app_begin ] --END-- [ RunTime:0.001000s ]
NOTIC: [8] Memcache::connect():  F:\ThinkPHP\Extend\Driver\Session\SessionMemcache.class.php 第 38 行.
NOTIC: [2] Memcache::connect():  F:\ThinkPHP\Extend\Driver\Session\SessionMemcache.class.php 第 38 行.
NOTIC: 建议使用I方法替代_request
NOTIC: 建议使用I方法替代_request
NOTIC: 建议使用I方法替代_post
NOTIC: 建议使用I方法替代_post
NOTIC: 建议使用I方法替代_post
SQL: SHOW COLUMNS FROM `fa_user_open_info` [ RunTime:0.002000s ]
NOTIC: [8192] preg_replace(): The /e modifier is deprecated, use preg_replace_callback instead F:\ThinkPHP\Lib\Core\Db.class.php 第 601 行.
SQL: SELECT * FROM `fa_user_open_info` WHERE ( `qq_openid` = '95632B95F98D22A663C9DF1C3620B91D' ) LIMIT 1   [ RunTime:0.001000s ]
SQL: SHOW COLUMNS FROM `fa_user_user` [ RunTime:0.002000s ]
NOTIC: 建议使用I方法替代_post

[ 2017-06-19T18:18:32+08:00 ] 127.0.0.1 /index.php?g=api&m=public&a=alllogin
NOTIC: [8192] preg_replace(): The /e modifier is deprecated, use preg_replace_callback instead F:\ThinkPHP\Common\common.php 第 171 行.
INFO: [ app_begin ] --START--
INFO: Run ReadHtmlCache Behavior [ RunTime:0.001000s ]
INFO: [ app_begin ] --END-- [ RunTime:0.001000s ]
NOTIC: [8] Memcache::connect():  F:\ThinkPHP\Extend\Driver\Session\SessionMemcache.class.php 第 38 行.
NOTIC: [2] Memcache::connect():  F:\ThinkPHP\Extend\Driver\Session\SessionMemcache.class.php 第 38 行.
NOTIC: 建议使用I方法替代_request
NOTIC: 建议使用I方法替代_request
NOTIC: 建议使用I方法替代_post
NOTIC: 建议使用I方法替代_post
NOTIC: 建议使用I方法替代_post
SQL: SHOW COLUMNS FROM `fa_user_open_info` [ RunTime:0.002001s ]
NOTIC: [8192] preg_replace(): The /e modifier is deprecated, use preg_replace_callback instead F:\ThinkPHP\Lib\Core\Db.class.php 第 601 行.
SQL: SELECT * FROM `fa_user_open_info` WHERE ( `qq_openid` = '95632B95F98D22A663C9DF1C3620B91D' ) LIMIT 1   [ RunTime:0.000000s ]
SQL: SHOW COLUMNS FROM `fa_user_user` [ RunTime:0.002000s ]
NOTIC: 建议使用I方法替代_post
NOTIC: [2] Illegal string offset 'type' F:\work\__App__\Api\Modules\Api\Action\PublicAction.class.php 第 370 行.
NOTIC: [2] Illegal string offset 'add_time' F:\work\__App__\Api\Modules\Api\Action\PublicAction.class.php 第 371 行.
NOTIC: [2] Illegal string offset 'ip' F:\work\__App__\Api\Modules\Api\Action\PublicAction.class.php 第 372 行.
NOTIC: [2] Illegal string offset 'type' F:\work\__App__\Api\Modules\Api\Action\PublicAction.class.php 第 373 行.
NOTIC: [2] Illegal string offset 'username' F:\work\__App__\Api\Modules\Api\Action\PublicAction.class.php 第 373 行.
NOTIC: [2] Illegal string offset 'entrance_ticket' F:\work\__App__\Api\Modules\Api\Action\PublicAction.class.php 第 374 行.
NOTIC: [2] Illegal string offset 'diamond' F:\work\__App__\Api\Modules\Api\Action\PublicAction.class.php 第 375 行.
NOTIC: [2] Illegal string offset 'gold' F:\work\__App__\Api\Modules\Api\Action\PublicAction.class.php 第 376 行.
NOTIC: [2] Invalid argument supplied for foreach() F:\ThinkPHP\Lib\Core\Model.class.php 第 269 行.
NOTIC: [2] Invalid argument supplied for foreach() F:\ThinkPHP\Lib\Core\Db.class.php 第 697 行.
SQL: INSERT INTO `fa_user_user` () VALUES () [ RunTime:0.091005s ]
NOTIC: [2] Illegal string offset 'id' F:\ThinkPHP\Lib\Core\Model.class.php 第 323 行.

[ 2017-06-19T18:19:02+08:00 ] 127.0.0.1 /index.php?g=api&m=public&a=alllogin
NOTIC: [8192] preg_replace(): The /e modifier is deprecated, use preg_replace_callback instead F:\ThinkPHP\Common\common.php 第 171 行.
INFO: [ app_begin ] --START--
INFO: Run ReadHtmlCache Behavior [ RunTime:0.001000s ]
INFO: [ app_begin ] --END-- [ RunTime:0.001000s ]
NOTIC: [8] Memcache::connect():  F:\ThinkPHP\Extend\Driver\Session\SessionMemcache.class.php 第 38 行.
NOTIC: [2] Memcache::connect():  F:\ThinkPHP\Extend\Driver\Session\SessionMemcache.class.php 第 38 行.
NOTIC: 建议使用I方法替代_request
NOTIC: 建议使用I方法替代_request
NOTIC: 建议使用I方法替代_post
NOTIC: 建议使用I方法替代_post
NOTIC: 建议使用I方法替代_post
SQL: SHOW COLUMNS FROM `fa_user_open_info` [ RunTime:0.001001s ]
NOTIC: [8192] preg_replace(): The /e modifier is deprecated, use preg_replace_callback instead F:\ThinkPHP\Lib\Core\Db.class.php 第 601 行.
SQL: SELECT * FROM `fa_user_open_info` WHERE ( `qq_openid` = '95632B95F98D22A663C9DF1C3620B91D' ) LIMIT 1   [ RunTime:0.001000s ]
SQL: SHOW COLUMNS FROM `fa_user_user` [ RunTime:0.002000s ]
NOTIC: 建议使用I方法替代_post
SQL: INSERT INTO `fa_user_user` (`type`,`add_time`,`ip`,`username`,`entrance_ticket`,`diamond`,`gold`) VALUES (2,1497867542,'2130706433','QQ_2FUfPyND#9217',100,100,100) [ RunTime:0.077004s ]

[ 2017-06-19T18:19:18+08:00 ] 127.0.0.1 /index.php?g=api&m=public&a=alllogin
NOTIC: [8192] preg_replace(): The /e modifier is deprecated, use preg_replace_callback instead F:\ThinkPHP\Common\common.php 第 171 行.
INFO: [ app_begin ] --START--
INFO: Run ReadHtmlCache Behavior [ RunTime:0.000000s ]
INFO: [ app_begin ] --END-- [ RunTime:0.001000s ]
NOTIC: [8] Memcache::connect():  F:\ThinkPHP\Extend\Driver\Session\SessionMemcache.class.php 第 38 行.
NOTIC: [2] Memcache::connect():  F:\ThinkPHP\Extend\Driver\Session\SessionMemcache.class.php 第 38 行.
NOTIC: 建议使用I方法替代_request
NOTIC: 建议使用I方法替代_request
NOTIC: 建议使用I方法替代_post
NOTIC: 建议使用I方法替代_post
NOTIC: 建议使用I方法替代_post
SQL: SHOW COLUMNS FROM `fa_user_open_info` [ RunTime:0.002001s ]
NOTIC: [8192] preg_replace(): The /e modifier is deprecated, use preg_replace_callback instead F:\ThinkPHP\Lib\Core\Db.class.php 第 601 行.
SQL: SELECT * FROM `fa_user_open_info` WHERE ( `qq_openid` = '95632B95F98D22A663C9DF1C3620B91D' ) LIMIT 1   [ RunTime:0.001000s ]
SQL: SHOW COLUMNS FROM `fa_user_user` [ RunTime:0.002000s ]
NOTIC: 建议使用I方法替代_post
SQL: INSERT INTO `fa_user_user` (`type`,`add_time`,`ip`,`username`,`entrance_ticket`,`diamond`,`gold`) VALUES (2,1497867558,'2130706433','QQ_ikp9jDT8#7849',100,100,100) [ RunTime:0.064003s ]
SQL: UPDATE `fa_user_user` SET `token`='854098b5e5627e13873735f197b40e91' WHERE ( id = 17 ) [ RunTime:0.066004s ]
SQL: SHOW COLUMNS FROM `fa_user_error_try` [ RunTime:0.002000s ]
SQL: INSERT INTO `fa_user_error_try` (`user_id`) VALUES (17) [ RunTime:0.064004s ]
SQL: INSERT INTO `fa_user_open_info` (`user_id`,`qq_openid`,`addtime`) VALUES (17,'95632B95F98D22A663C9DF1C3620B91D',1497867558) [ RunTime:0.066004s ]
SQL: SHOW COLUMNS FROM `fa_award_attendance` [ RunTime:0.002000s ]
NOTIC: [8192] preg_replace(): The /e modifier is deprecated, use preg_replace_callback instead F:\ThinkPHP\Lib\Core\Db.class.php 第 601 行.
SQL: SELECT `id`,`attend_day`,`user_id`,`add_time` FROM `fa_award_attendance` WHERE ( `user_id` = 17 ) LIMIT 1   [ RunTime:0.001000s ]
SQL: INSERT INTO `fa_award_attendance` (`attend_day`,`user_id`,`add_time`) VALUES (1,17,1497867558) [ RunTime:0.001000s ]
NOTIC: [8] Undefined variable: id F:\work\__App__\Api\Modules\Api\Action\PublicAction.class.php 第 244 行.
NOTIC: [8] Undefined index: id F:\work\__App__\Api\Modules\Api\Action\PublicAction.class.php 第 246 行.
SQL: UPDATE `fa_user_user` SET `ip`='2130706433',`last_time`=1497867558,`token`='56ffb8d3d23d8781310f80a3bcb09c5d' WHERE ( `id` = null ) [ RunTime:0.001000s ]
NOTIC: [8] Undefined index: id F:\work\__App__\Api\Modules\Api\Action\PublicAction.class.php 第 248 行.
NOTIC: [8] Undefined index: phone F:\work\__App__\Api\Modules\Api\Action\PublicAction.class.php 第 248 行.
NOTIC: [2] mcrypt_generic_init(): Key size too large; supplied length: 14, max: 8 F:\work\__App__\Api\Common\common.php 第 15 行.
NOTIC: [8] Undefined index: id F:\work\__App__\Api\Modules\Api\Action\PublicAction.class.php 第 255 行.
NOTIC: [2] Missing argument 3 for CommonAction::cache(), called in F:\work\__App__\Api\Modules\Api\Action\PublicAction.class.php on line 257 and defined F:\work\__App__\Api\Lib\Action\CommonAction.class.php 第 75 行.
NOTIC: [8] Undefined index: rank F:\work\__App__\Api\Modules\Api\Action\PublicAction.class.php 第 263 行.
NOTIC: [8] Undefined offset: -1 F:\work\__App__\Api\Modules\Api\Action\PublicAction.class.php 第 263 行.
NOTIC: [8] Undefined index: login F:\work\__App__\Api\Lib\Action\CommonAction.class.php 第 62 行.

