[ 2017-06-29T09:23:28+08:00 ] 127.0.0.1 /index.php?g=api&m=sms&a=send
NOTIC: [8192] preg_replace(): The /e modifier is deprecated, use preg_replace_callback instead F:\ThinkPHP\Common\common.php 第 171 行.
INFO: [ app_begin ] --START--
INFO: Run ReadHtmlCache Behavior [ RunTime:0.001000s ]
INFO: [ app_begin ] --END-- [ RunTime:0.002000s ]
NOTIC: [8] Memcache::connect():  F:\ThinkPHP\Extend\Driver\Session\SessionMemcache.class.php 第 38 行.
NOTIC: [2] Memcache::connect():  F:\ThinkPHP\Extend\Driver\Session\SessionMemcache.class.php 第 38 行.
NOTIC: 建议使用I方法替代_request
NOTIC: 建议使用I方法替代_request
NOTIC: [8] Undefined index: user_token F:\work\__App__\Api\Modules\Api\Action\SmsAction.class.php 第 51 行.
SQL: SHOW COLUMNS FROM `fa_user_user` [ RunTime:0.002001s ]
NOTIC: [8192] preg_replace(): The /e modifier is deprecated, use preg_replace_callback instead F:\ThinkPHP\Lib\Core\Db.class.php 第 601 行.
SQL: SELECT `id` FROM `fa_user_user` WHERE ( `phone` = '18579180150' ) LIMIT 1   [ RunTime:0.000000s ]

[ 2017-06-29T09:23:49+08:00 ] 127.0.0.1 /index.php?g=api&m=sms&a=send
NOTIC: [8192] preg_replace(): The /e modifier is deprecated, use preg_replace_callback instead F:\ThinkPHP\Common\common.php 第 171 行.
INFO: [ app_begin ] --START--
INFO: Run ReadHtmlCache Behavior [ RunTime:0.001000s ]
INFO: [ app_begin ] --END-- [ RunTime:0.001000s ]
NOTIC: [8] Memcache::connect():  F:\ThinkPHP\Extend\Driver\Session\SessionMemcache.class.php 第 38 行.
NOTIC: [2] Memcache::connect():  F:\ThinkPHP\Extend\Driver\Session\SessionMemcache.class.php 第 38 行.
NOTIC: 建议使用I方法替代_request
NOTIC: 建议使用I方法替代_request
SQL: SHOW COLUMNS FROM `fa_user_user` [ RunTime:0.002000s ]
NOTIC: [8192] preg_replace(): The /e modifier is deprecated, use preg_replace_callback instead F:\ThinkPHP\Lib\Core\Db.class.php 第 601 行.
SQL: SELECT `id` FROM `fa_user_user` WHERE ( `phone` = '18579180150' ) LIMIT 1   [ RunTime:0.001000s ]
NOTIC: [8192] preg_replace(): The /e modifier is deprecated, use preg_replace_callback instead F:\ThinkPHP\Lib\Core\Db.class.php 第 601 行.
SQL: SELECT `phone` FROM `fa_user_user` WHERE ( `token` = '4093e5bbbc23222c6a161bd5954620d6' ) LIMIT 1   [ RunTime:0.001000s ]
SQL: SHOW COLUMNS FROM `fa_admin_sms` [ RunTime:0.001000s ]
NOTIC: [8192] preg_replace(): The /e modifier is deprecated, use preg_replace_callback instead F:\ThinkPHP\Lib\Core\Db.class.php 第 601 行.
SQL: SELECT * FROM `fa_admin_sms` WHERE ( `ip` = '2130706433' ) LIMIT 1   [ RunTime:0.000000s ]
NOTIC: [8192] preg_replace(): The /e modifier is deprecated, use preg_replace_callback instead F:\ThinkPHP\Lib\Core\Db.class.php 第 601 行.
SQL: SELECT COUNT(*) AS tp_count FROM `fa_admin_sms` WHERE ( `ip` = '2130706433' ) AND ( `sms_time` > 1498665600 ) LIMIT 1   [ RunTime:0.000000s ]
NOTIC: [8192] preg_replace(): The /e modifier is deprecated, use preg_replace_callback instead F:\ThinkPHP\Lib\Core\Db.class.php 第 601 行.
SQL: SELECT * FROM `fa_admin_sms` WHERE ( `phone` = '18579180150' ) ORDER BY id desc LIMIT 1   [ RunTime:0.000000s ]
NOTIC: [2048] mktime(): You should be using the time() function instead F:\work\__App__\Api\Modules\Api\Action\SmsAction.class.php 第 137 行.
SQL: UPDATE `fa_admin_sms` SET `get_count`=1 WHERE ( `phone` = '18579180150' ) [ RunTime:0.001000s ]
SQL: UPDATE `fa_admin_sms` SET `sms_code`=216620,`sms_time`=1498699429,`status`=0,`ip`='2130706433',`todo`=3,`source`=2 WHERE ( `phone` = '18579180150' ) [ RunTime:0.001000s ]
SQL: SHOW COLUMNS FROM `fa_admin_smscount` [ RunTime:0.001000s ]
SQL: INSERT INTO `fa_admin_smscount` (`phone`,`request_time`) VALUES ('18579180150',1498699429) [ RunTime:0.000000s ]
NOTIC: [8192] preg_replace(): The /e modifier is deprecated, use preg_replace_callback instead F:\ThinkPHP\Lib\Core\Db.class.php 第 601 行.
SQL: SELECT COUNT(*) AS tp_count FROM `fa_admin_smscount` WHERE ( `request_time` > 1498695829 ) LIMIT 1   [ RunTime:0.001000s ]
SQL: DELETE FROM `fa_admin_smscount` WHERE ( request_time <1498579200 ) [ RunTime:0.000000s ]
NOTIC: [8] Undefined offset: 1 F:\work\__App__\Api\Modules\Api\Action\SmsAction.class.php 第 337 行.
SQL: UPDATE `fa_admin_sms` SET `total`=total+1 WHERE ( `phone` = '18579180150' ) [ RunTime:0.001000s ]

[ 2017-06-29T09:24:20+08:00 ] 127.0.0.1 /index.php?g=api&m=user&a=bind_phone
NOTIC: [8192] preg_replace(): The /e modifier is deprecated, use preg_replace_callback instead F:\ThinkPHP\Common\common.php 第 171 行.
INFO: [ app_begin ] --START--
INFO: Run ReadHtmlCache Behavior [ RunTime:0.001000s ]
INFO: [ app_begin ] --END-- [ RunTime:0.001000s ]
NOTIC: [8] Memcache::connect():  F:\ThinkPHP\Extend\Driver\Session\SessionMemcache.class.php 第 38 行.
NOTIC: [2] Memcache::connect():  F:\ThinkPHP\Extend\Driver\Session\SessionMemcache.class.php 第 38 行.
NOTIC: 建议使用I方法替代_request
NOTIC: 建议使用I方法替代_request
SQL: SHOW COLUMNS FROM `fa_user_user` [ RunTime:0.002000s ]
NOTIC: [8192] preg_replace(): The /e modifier is deprecated, use preg_replace_callback instead F:\ThinkPHP\Lib\Core\Db.class.php 第 601 行.
SQL: SELECT * FROM `fa_user_user` WHERE ( `token` = '4093e5bbbc23222c6a161bd5954620d6' ) LIMIT 1   [ RunTime:0.001000s ]
SQL: SHOW COLUMNS FROM `fa_admin_sms` [ RunTime:0.002001s ]
NOTIC: [8192] preg_replace(): The /e modifier is deprecated, use preg_replace_callback instead F:\ThinkPHP\Lib\Core\Db.class.php 第 601 行.
SQL: SELECT * FROM `fa_admin_sms` WHERE ( `phone` = '18579180150' ) AND ( `sms_code` = 216620 ) AND ( `todo` = 3 ) AND ( `status` = 0 ) ORDER BY id desc LIMIT 1   [ RunTime:0.000000s ]
SQL: UPDATE `fa_admin_sms` SET `phone`='18579180150',`status`=1 WHERE ( `phone` = '18579180150' ) AND ( `sms_code` = 216620 ) AND ( `todo` = 3 ) AND ( `status` = 0 ) [ RunTime:0.001000s ]
NOTIC: [8192] preg_replace(): The /e modifier is deprecated, use preg_replace_callback instead F:\ThinkPHP\Lib\Core\Db.class.php 第 601 行.
SQL: SELECT * FROM `fa_user_user` WHERE ( `phone` = '18579180150' ) LIMIT 1   [ RunTime:0.001000s ]
SQL: UPDATE `fa_user_user` SET `phone`='18579180150' WHERE ( `id` = 1 ) [ RunTime:0.063003s ]

