[ 2017-07-10T17:42:29+08:00 ] 127.0.0.1 /index.php?g=api&m=public&a=update_champion_data&id=3
NOTIC: [8192] preg_replace(): The /e modifier is deprecated, use preg_replace_callback instead F:\ThinkPHP\Common\common.php 第 171 行.
INFO: [ app_begin ] --START--
INFO: Run ReadHtmlCache Behavior [ RunTime:0.001000s ]
INFO: [ app_begin ] --END-- [ RunTime:0.001000s ]
NOTIC: [8] Memcache::connect():  F:\ThinkPHP\Extend\Driver\Session\SessionMemcache.class.php 第 38 行.
NOTIC: [2] Memcache::connect():  F:\ThinkPHP\Extend\Driver\Session\SessionMemcache.class.php 第 38 行.
NOTIC: 建议使用I方法替代_request
NOTIC: 建议使用I方法替代_request
SQL: SHOW COLUMNS FROM `fa_champion` [ RunTime:0.002000s ]
SQL: SHOW COLUMNS FROM `fa_champion_lineup` [ RunTime:0.001000s ]
SQL: SHOW COLUMNS FROM `fa_user_champion` [ RunTime:0.001000s ]
NOTIC: [8192] preg_replace(): The /e modifier is deprecated, use preg_replace_callback instead F:\ThinkPHP\Lib\Core\Db.class.php 第 601 行.
SQL: SELECT `project_id`,`match_end_time`,`match_id` FROM `fa_champion` WHERE ( id =3 ) LIMIT 1   [ RunTime:0.000000s ]
SQL: SHOW COLUMNS FROM `fa_match_list` [ RunTime:0.001000s ]
NOTIC: [8192] preg_replace(): The /e modifier is deprecated, use preg_replace_callback instead F:\ThinkPHP\Lib\Core\Db.class.php 第 601 行.
SQL: SELECT * FROM `fa_match_list` WHERE ( match_name_id = 2 )  [ RunTime:0.001000s ]
SQL: SHOW COLUMNS FROM `fa_player_match_data_dota2` [ RunTime:0.002001s ]
NOTIC: [8192] preg_replace(): The /e modifier is deprecated, use preg_replace_callback instead F:\ThinkPHP\Lib\Core\Db.class.php 第 601 行.
SQL: SELECT `player_id`,`kill`,`death`,`assists`,`jungle`,`ten_kill`,`score` FROM `fa_player_match_data_dota2` WHERE ( match_id =11824 )  [ RunTime:0.003000s ]
NOTIC: [8192] preg_replace(): The /e modifier is deprecated, use preg_replace_callback instead F:\ThinkPHP\Lib\Core\Db.class.php 第 601 行.
SQL: SELECT `player_id`,`kill`,`death`,`assists`,`jungle`,`ten_kill`,`score` FROM `fa_player_match_data_dota2` WHERE ( match_id =11823 )  [ RunTime:0.003000s ]
NOTIC: [8192] preg_replace(): The /e modifier is deprecated, use preg_replace_callback instead F:\ThinkPHP\Lib\Core\Db.class.php 第 601 行.
SQL: SELECT `player_id`,`kill`,`death`,`assists`,`jungle`,`ten_kill`,`score` FROM `fa_player_match_data_dota2` WHERE ( match_id =11822 )  [ RunTime:0.003000s ]
NOTIC: [8192] preg_replace(): The /e modifier is deprecated, use preg_replace_callback instead F:\ThinkPHP\Lib\Core\Db.class.php 第 601 行.
SQL: SELECT `player_id`,`kill`,`death`,`assists`,`jungle`,`ten_kill`,`score` FROM `fa_player_match_data_dota2` WHERE ( match_id =11825 )  [ RunTime:0.003000s ]
NOTIC: [8] Undefined index: player_id F:\work\__App__\Api\Modules\Api\Action\PublicAction.class.php 第 1397 行.
NOTIC: [8] Undefined variable: scores F:\work\__App__\Api\Modules\Api\Action\PublicAction.class.php 第 1397 行.
NOTIC: [8] Undefined index: score F:\work\__App__\Api\Modules\Api\Action\PublicAction.class.php 第 1397 行.
NOTIC: [8] Undefined index: player_id F:\work\__App__\Api\Modules\Api\Action\PublicAction.class.php 第 1397 行.
NOTIC: [8] Undefined index: score F:\work\__App__\Api\Modules\Api\Action\PublicAction.class.php 第 1397 行.
NOTIC: [8] Undefined index: player_id F:\work\__App__\Api\Modules\Api\Action\PublicAction.class.php 第 1397 行.
NOTIC: [8] Undefined index: score F:\work\__App__\Api\Modules\Api\Action\PublicAction.class.php 第 1397 行.
NOTIC: [8] Undefined index: player_id F:\work\__App__\Api\Modules\Api\Action\PublicAction.class.php 第 1397 行.
NOTIC: [8] Undefined index: score F:\work\__App__\Api\Modules\Api\Action\PublicAction.class.php 第 1397 行.
NOTIC: [8] Undefined index: player_id F:\work\__App__\Api\Modules\Api\Action\PublicAction.class.php 第 1397 行.
NOTIC: [8] Undefined index: score F:\work\__App__\Api\Modules\Api\Action\PublicAction.class.php 第 1397 行.
NOTIC: [8] Undefined index: player_id F:\work\__App__\Api\Modules\Api\Action\PublicAction.class.php 第 1397 行.
NOTIC: [8] Undefined index: score F:\work\__App__\Api\Modules\Api\Action\PublicAction.class.php 第 1397 行.
NOTIC: [8] Undefined index: player_id F:\work\__App__\Api\Modules\Api\Action\PublicAction.class.php 第 1397 行.
NOTIC: [8] Undefined index: score F:\work\__App__\Api\Modules\Api\Action\PublicAction.class.php 第 1397 行.
NOTIC: [8] Undefined index: player_id F:\work\__App__\Api\Modules\Api\Action\PublicAction.class.php 第 1397 行.
NOTIC: [8] Undefined index: score F:\work\__App__\Api\Modules\Api\Action\PublicAction.class.php 第 1397 行.
NOTIC: [8] Undefined index: player_id F:\work\__App__\Api\Modules\Api\Action\PublicAction.class.php 第 1397 行.
NOTIC: [8] Undefined index: score F:\work\__App__\Api\Modules\Api\Action\PublicAction.class.php 第 1397 行.
NOTIC: [8] Undefined index: player_id F:\work\__App__\Api\Modules\Api\Action\PublicAction.class.php 第 1397 行.
NOTIC: [8] Undefined index: score F:\work\__App__\Api\Modules\Api\Action\PublicAction.class.php 第 1397 行.
NOTIC: [8] Undefined index: player_id F:\work\__App__\Api\Modules\Api\Action\PublicAction.class.php 第 1397 行.
NOTIC: [8] Undefined index: score F:\work\__App__\Api\Modules\Api\Action\PublicAction.class.php 第 1397 行.
NOTIC: [8] Undefined index: player_id F:\work\__App__\Api\Modules\Api\Action\PublicAction.class.php 第 1397 行.
NOTIC: [8] Undefined index: score F:\work\__App__\Api\Modules\Api\Action\PublicAction.class.php 第 1397 行.
NOTIC: [8] Undefined index: player_id F:\work\__App__\Api\Modules\Api\Action\PublicAction.class.php 第 1397 行.
NOTIC: [8] Undefined index: score F:\work\__App__\Api\Modules\Api\Action\PublicAction.class.php 第 1397 行.
NOTIC: [8] Undefined index: player_id F:\work\__App__\Api\Modules\Api\Action\PublicAction.class.php 第 1397 行.
NOTIC: [8] Undefined index: score F:\work\__App__\Api\Modules\Api\Action\PublicAction.class.php 第 1397 行.
NOTIC: [8] Undefined index: player_id F:\work\__App__\Api\Modules\Api\Action\PublicAction.class.php 第 1397 行.
NOTIC: [8] Undefined index: score F:\work\__App__\Api\Modules\Api\Action\PublicAction.class.php 第 1397 行.
NOTIC: [8] Undefined index: player_id F:\work\__App__\Api\Modules\Api\Action\PublicAction.class.php 第 1397 行.
NOTIC: [8] Undefined index: score F:\work\__App__\Api\Modules\Api\Action\PublicAction.class.php 第 1397 行.
NOTIC: [8] Undefined index: player_id F:\work\__App__\Api\Modules\Api\Action\PublicAction.class.php 第 1397 行.
NOTIC: [8] Undefined index: score F:\work\__App__\Api\Modules\Api\Action\PublicAction.class.php 第 1397 行.
NOTIC: [8] Undefined index: player_id F:\work\__App__\Api\Modules\Api\Action\PublicAction.class.php 第 1397 行.
NOTIC: [8] Undefined index: score F:\work\__App__\Api\Modules\Api\Action\PublicAction.class.php 第 1397 行.
NOTIC: [8] Undefined index: player_id F:\work\__App__\Api\Modules\Api\Action\PublicAction.class.php 第 1397 行.
NOTIC: [8] Undefined index: score F:\work\__App__\Api\Modules\Api\Action\PublicAction.class.php 第 1397 行.
NOTIC: [8] Undefined index: player_id F:\work\__App__\Api\Modules\Api\Action\PublicAction.class.php 第 1397 行.
NOTIC: [8] Undefined index: score F:\work\__App__\Api\Modules\Api\Action\PublicAction.class.php 第 1397 行.
NOTIC: [8] Undefined index: player_id F:\work\__App__\Api\Modules\Api\Action\PublicAction.class.php 第 1397 行.
NOTIC: [8] Undefined index: score F:\work\__App__\Api\Modules\Api\Action\PublicAction.class.php 第 1397 行.
NOTIC: [8] Undefined index: player_id F:\work\__App__\Api\Modules\Api\Action\PublicAction.class.php 第 1397 行.
NOTIC: [8] Undefined index: score F:\work\__App__\Api\Modules\Api\Action\PublicAction.class.php 第 1397 行.
NOTIC: [8] Undefined index: player_id F:\work\__App__\Api\Modules\Api\Action\PublicAction.class.php 第 1397 行.
NOTIC: [8] Undefined index: score F:\work\__App__\Api\Modules\Api\Action\PublicAction.class.php 第 1397 行.
NOTIC: [8] Undefined index: player_id F:\work\__App__\Api\Modules\Api\Action\PublicAction.class.php 第 1397 行.
NOTIC: [8] Undefined index: score F:\work\__App__\Api\Modules\Api\Action\PublicAction.class.php 第 1397 行.
NOTIC: [8] Undefined index: player_id F:\work\__App__\Api\Modules\Api\Action\PublicAction.class.php 第 1397 行.
NOTIC: [8] Undefined index: score F:\work\__App__\Api\Modules\Api\Action\PublicAction.class.php 第 1397 行.
NOTIC: [8] Undefined index: player_id F:\work\__App__\Api\Modules\Api\Action\PublicAction.class.php 第 1397 行.
NOTIC: [8] Undefined index: score F:\work\__App__\Api\Modules\Api\Action\PublicAction.class.php 第 1397 行.
NOTIC: [8] Undefined index: player_id F:\work\__App__\Api\Modules\Api\Action\PublicAction.class.php 第 1397 行.
NOTIC: [8] Undefined index: score F:\work\__App__\Api\Modules\Api\Action\PublicAction.class.php 第 1397 行.
NOTIC: [8] Undefined index: player_id F:\work\__App__\Api\Modules\Api\Action\PublicAction.class.php 第 1397 行.
NOTIC: [8] Undefined index: score F:\work\__App__\Api\Modules\Api\Action\PublicAction.class.php 第 1397 行.
NOTIC: [8] Undefined index: player_id F:\work\__App__\Api\Modules\Api\Action\PublicAction.class.php 第 1397 行.
NOTIC: [8] Undefined index: score F:\work\__App__\Api\Modules\Api\Action\PublicAction.class.php 第 1397 行.
NOTIC: [8] Undefined index: player_id F:\work\__App__\Api\Modules\Api\Action\PublicAction.class.php 第 1397 行.
NOTIC: [8] Undefined index: score F:\work\__App__\Api\Modules\Api\Action\PublicAction.class.php 第 1397 行.
NOTIC: [8] Undefined index: player_id F:\work\__App__\Api\Modules\Api\Action\PublicAction.class.php 第 1397 行.
NOTIC: [8] Undefined index: score F:\work\__App__\Api\Modules\Api\Action\PublicAction.class.php 第 1397 行.
NOTIC: [8] Undefined index: player_id F:\work\__App__\Api\Modules\Api\Action\PublicAction.class.php 第 1397 行.
NOTIC: [8] Undefined index: score F:\work\__App__\Api\Modules\Api\Action\PublicAction.class.php 第 1397 行.
NOTIC: [8] Undefined index: player_id F:\work\__App__\Api\Modules\Api\Action\PublicAction.class.php 第 1397 行.
NOTIC: [8] Undefined index: score F:\work\__App__\Api\Modules\Api\Action\PublicAction.class.php 第 1397 行.
NOTIC: [8] Undefined index: player_id F:\work\__App__\Api\Modules\Api\Action\PublicAction.class.php 第 1397 行.
NOTIC: [8] Undefined index: score F:\work\__App__\Api\Modules\Api\Action\PublicAction.class.php 第 1397 行.
NOTIC: [8] Undefined index: player_id F:\work\__App__\Api\Modules\Api\Action\PublicAction.class.php 第 1397 行.
NOTIC: [8] Undefined index: score F:\work\__App__\Api\Modules\Api\Action\PublicAction.class.php 第 1397 行.
NOTIC: [8] Undefined index: player_id F:\work\__App__\Api\Modules\Api\Action\PublicAction.class.php 第 1397 行.
NOTIC: [8] Undefined index: score F:\work\__App__\Api\Modules\Api\Action\PublicAction.class.php 第 1397 行.
NOTIC: [8] Undefined index: player_id F:\work\__App__\Api\Modules\Api\Action\PublicAction.class.php 第 1397 行.
NOTIC: [8] Undefined index: score F:\work\__App__\Api\Modules\Api\Action\PublicAction.class.php 第 1397 行.
NOTIC: [8] Undefined index: player_id F:\work\__App__\Api\Modules\Api\Action\PublicAction.class.php 第 1397 行.
NOTIC: [8] Undefined index: score F:\work\__App__\Api\Modules\Api\Action\PublicAction.class.php 第 1397 行.
NOTIC: [8] Undefined index: player_id F:\work\__App__\Api\Modules\Api\Action\PublicAction.class.php 第 1397 行.
NOTIC: [8] Undefined index: score F:\work\__App__\Api\Modules\Api\Action\PublicAction.class.php 第 1397 行.
NOTIC: [8] Undefined index: player_id F:\work\__App__\Api\Modules\Api\Action\PublicAction.class.php 第 1397 行.
NOTIC: [8] Undefined index: score F:\work\__App__\Api\Modules\Api\Action\PublicAction.class.php 第 1397 行.
NOTIC: [8] Undefined index: player_id F:\work\__App__\Api\Modules\Api\Action\PublicAction.class.php 第 1397 行.
NOTIC: [8] Undefined index: score F:\work\__App__\Api\Modules\Api\Action\PublicAction.class.php 第 1397 行.
NOTIC: [8192] preg_replace(): The /e modifier is deprecated, use preg_replace_callback instead F:\ThinkPHP\Lib\Core\Db.class.php 第 601 行.
SQL: SELECT `id`,`lineup` FROM `fa_champion_lineup` WHERE ( champion_id =3 )  [ RunTime:0.000000s ]
SQL: UPDATE `fa_champion_lineup` SET `lineup_score`=41635 WHERE ( id = 2 ) [ RunTime:0.067004s ]
SQL: UPDATE `fa_user_champion` SET `lineup_score`=41635 WHERE ( lineup_id = 2 ) [ RunTime:0.066003s ]
SQL: UPDATE `fa_champion_lineup` SET `lineup_score`=34043 WHERE ( id = 3 ) [ RunTime:0.068004s ]
SQL: UPDATE `fa_user_champion` SET `lineup_score`=34043 WHERE ( lineup_id = 3 ) [ RunTime:0.067004s ]

[ 2017-07-10T17:42:38+08:00 ] 127.0.0.1 /index.php?g=api&m=public&a=update_champion_data&id=3
NOTIC: [8192] preg_replace(): The /e modifier is deprecated, use preg_replace_callback instead F:\ThinkPHP\Common\common.php 第 171 行.
INFO: [ app_begin ] --START--
INFO: Run ReadHtmlCache Behavior [ RunTime:0.001000s ]
INFO: [ app_begin ] --END-- [ RunTime:0.001000s ]
NOTIC: [8] Memcache::connect():  F:\ThinkPHP\Extend\Driver\Session\SessionMemcache.class.php 第 38 行.
NOTIC: [2] Memcache::connect():  F:\ThinkPHP\Extend\Driver\Session\SessionMemcache.class.php 第 38 行.
NOTIC: 建议使用I方法替代_request
NOTIC: 建议使用I方法替代_request
SQL: SHOW COLUMNS FROM `fa_champion` [ RunTime:0.003000s ]
SQL: SHOW COLUMNS FROM `fa_champion_lineup` [ RunTime:0.002001s ]
SQL: SHOW COLUMNS FROM `fa_user_champion` [ RunTime:0.002000s ]
NOTIC: [8192] preg_replace(): The /e modifier is deprecated, use preg_replace_callback instead F:\ThinkPHP\Lib\Core\Db.class.php 第 601 行.
SQL: SELECT `project_id`,`match_end_time`,`match_id` FROM `fa_champion` WHERE ( id =3 ) LIMIT 1   [ RunTime:0.001000s ]
SQL: SHOW COLUMNS FROM `fa_match_list` [ RunTime:0.002000s ]
NOTIC: [8192] preg_replace(): The /e modifier is deprecated, use preg_replace_callback instead F:\ThinkPHP\Lib\Core\Db.class.php 第 601 行.
SQL: SELECT * FROM `fa_match_list` WHERE ( match_name_id = 2 )  [ RunTime:0.001000s ]
SQL: SHOW COLUMNS FROM `fa_player_match_data_dota2` [ RunTime:0.002000s ]
NOTIC: [8192] preg_replace(): The /e modifier is deprecated, use preg_replace_callback instead F:\ThinkPHP\Lib\Core\Db.class.php 第 601 行.
SQL: SELECT `player_id`,`kill`,`death`,`assists`,`jungle`,`ten_kill`,`score` FROM `fa_player_match_data_dota2` WHERE ( match_id =11824 )  [ RunTime:0.001000s ]
NOTIC: [8192] preg_replace(): The /e modifier is deprecated, use preg_replace_callback instead F:\ThinkPHP\Lib\Core\Db.class.php 第 601 行.
SQL: SELECT `player_id`,`kill`,`death`,`assists`,`jungle`,`ten_kill`,`score` FROM `fa_player_match_data_dota2` WHERE ( match_id =11823 )  [ RunTime:0.001000s ]
NOTIC: [8192] preg_replace(): The /e modifier is deprecated, use preg_replace_callback instead F:\ThinkPHP\Lib\Core\Db.class.php 第 601 行.
SQL: SELECT `player_id`,`kill`,`death`,`assists`,`jungle`,`ten_kill`,`score` FROM `fa_player_match_data_dota2` WHERE ( match_id =11822 )  [ RunTime:0.001000s ]
NOTIC: [8192] preg_replace(): The /e modifier is deprecated, use preg_replace_callback instead F:\ThinkPHP\Lib\Core\Db.class.php 第 601 行.
SQL: SELECT `player_id`,`kill`,`death`,`assists`,`jungle`,`ten_kill`,`score` FROM `fa_player_match_data_dota2` WHERE ( match_id =11825 )  [ RunTime:0.001000s ]
NOTIC: [8] Undefined index: player_id F:\work\__App__\Api\Modules\Api\Action\PublicAction.class.php 第 1397 行.
NOTIC: [8] Undefined variable: scores F:\work\__App__\Api\Modules\Api\Action\PublicAction.class.php 第 1397 行.
NOTIC: [8] Undefined index: score F:\work\__App__\Api\Modules\Api\Action\PublicAction.class.php 第 1397 行.
NOTIC: [8] Undefined index: player_id F:\work\__App__\Api\Modules\Api\Action\PublicAction.class.php 第 1397 行.
NOTIC: [8] Undefined index: score F:\work\__App__\Api\Modules\Api\Action\PublicAction.class.php 第 1397 行.
NOTIC: [8] Undefined index: player_id F:\work\__App__\Api\Modules\Api\Action\PublicAction.class.php 第 1397 行.
NOTIC: [8] Undefined index: score F:\work\__App__\Api\Modules\Api\Action\PublicAction.class.php 第 1397 行.
NOTIC: [8] Undefined index: player_id F:\work\__App__\Api\Modules\Api\Action\PublicAction.class.php 第 1397 行.
NOTIC: [8] Undefined index: score F:\work\__App__\Api\Modules\Api\Action\PublicAction.class.php 第 1397 行.
NOTIC: [8] Undefined index: player_id F:\work\__App__\Api\Modules\Api\Action\PublicAction.class.php 第 1397 行.
NOTIC: [8] Undefined index: score F:\work\__App__\Api\Modules\Api\Action\PublicAction.class.php 第 1397 行.
NOTIC: [8] Undefined index: player_id F:\work\__App__\Api\Modules\Api\Action\PublicAction.class.php 第 1397 行.
NOTIC: [8] Undefined index: score F:\work\__App__\Api\Modules\Api\Action\PublicAction.class.php 第 1397 行.
NOTIC: [8] Undefined index: player_id F:\work\__App__\Api\Modules\Api\Action\PublicAction.class.php 第 1397 行.
NOTIC: [8] Undefined index: score F:\work\__App__\Api\Modules\Api\Action\PublicAction.class.php 第 1397 行.
NOTIC: [8] Undefined index: player_id F:\work\__App__\Api\Modules\Api\Action\PublicAction.class.php 第 1397 行.
NOTIC: [8] Undefined index: score F:\work\__App__\Api\Modules\Api\Action\PublicAction.class.php 第 1397 行.
NOTIC: [8] Undefined index: player_id F:\work\__App__\Api\Modules\Api\Action\PublicAction.class.php 第 1397 行.
NOTIC: [8] Undefined index: score F:\work\__App__\Api\Modules\Api\Action\PublicAction.class.php 第 1397 行.
NOTIC: [8] Undefined index: player_id F:\work\__App__\Api\Modules\Api\Action\PublicAction.class.php 第 1397 行.
NOTIC: [8] Undefined index: score F:\work\__App__\Api\Modules\Api\Action\PublicAction.class.php 第 1397 行.
NOTIC: [8] Undefined index: player_id F:\work\__App__\Api\Modules\Api\Action\PublicAction.class.php 第 1397 行.
NOTIC: [8] Undefined index: score F:\work\__App__\Api\Modules\Api\Action\PublicAction.class.php 第 1397 行.
NOTIC: [8] Undefined index: player_id F:\work\__App__\Api\Modules\Api\Action\PublicAction.class.php 第 1397 行.
NOTIC: [8] Undefined index: score F:\work\__App__\Api\Modules\Api\Action\PublicAction.class.php 第 1397 行.
NOTIC: [8] Undefined index: player_id F:\work\__App__\Api\Modules\Api\Action\PublicAction.class.php 第 1397 行.
NOTIC: [8] Undefined index: score F:\work\__App__\Api\Modules\Api\Action\PublicAction.class.php 第 1397 行.
NOTIC: [8] Undefined index: player_id F:\work\__App__\Api\Modules\Api\Action\PublicAction.class.php 第 1397 行.
NOTIC: [8] Undefined index: score F:\work\__App__\Api\Modules\Api\Action\PublicAction.class.php 第 1397 行.
NOTIC: [8] Undefined index: player_id F:\work\__App__\Api\Modules\Api\Action\PublicAction.class.php 第 1397 行.
NOTIC: [8] Undefined index: score F:\work\__App__\Api\Modules\Api\Action\PublicAction.class.php 第 1397 行.
NOTIC: [8] Undefined index: player_id F:\work\__App__\Api\Modules\Api\Action\PublicAction.class.php 第 1397 行.
NOTIC: [8] Undefined index: score F:\work\__App__\Api\Modules\Api\Action\PublicAction.class.php 第 1397 行.
NOTIC: [8] Undefined index: player_id F:\work\__App__\Api\Modules\Api\Action\PublicAction.class.php 第 1397 行.
NOTIC: [8] Undefined index: score F:\work\__App__\Api\Modules\Api\Action\PublicAction.class.php 第 1397 行.
NOTIC: [8] Undefined index: player_id F:\work\__App__\Api\Modules\Api\Action\PublicAction.class.php 第 1397 行.
NOTIC: [8] Undefined index: score F:\work\__App__\Api\Modules\Api\Action\PublicAction.class.php 第 1397 行.
NOTIC: [8] Undefined index: player_id F:\work\__App__\Api\Modules\Api\Action\PublicAction.class.php 第 1397 行.
NOTIC: [8] Undefined index: score F:\work\__App__\Api\Modules\Api\Action\PublicAction.class.php 第 1397 行.
NOTIC: [8] Undefined index: player_id F:\work\__App__\Api\Modules\Api\Action\PublicAction.class.php 第 1397 行.
NOTIC: [8] Undefined index: score F:\work\__App__\Api\Modules\Api\Action\PublicAction.class.php 第 1397 行.
NOTIC: [8] Undefined index: player_id F:\work\__App__\Api\Modules\Api\Action\PublicAction.class.php 第 1397 行.
NOTIC: [8] Undefined index: score F:\work\__App__\Api\Modules\Api\Action\PublicAction.class.php 第 1397 行.
NOTIC: [8] Undefined index: player_id F:\work\__App__\Api\Modules\Api\Action\PublicAction.class.php 第 1397 行.
NOTIC: [8] Undefined index: score F:\work\__App__\Api\Modules\Api\Action\PublicAction.class.php 第 1397 行.
NOTIC: [8] Undefined index: player_id F:\work\__App__\Api\Modules\Api\Action\PublicAction.class.php 第 1397 行.
NOTIC: [8] Undefined index: score F:\work\__App__\Api\Modules\Api\Action\PublicAction.class.php 第 1397 行.
NOTIC: [8] Undefined index: player_id F:\work\__App__\Api\Modules\Api\Action\PublicAction.class.php 第 1397 行.
NOTIC: [8] Undefined index: score F:\work\__App__\Api\Modules\Api\Action\PublicAction.class.php 第 1397 行.
NOTIC: [8] Undefined index: player_id F:\work\__App__\Api\Modules\Api\Action\PublicAction.class.php 第 1397 行.
NOTIC: [8] Undefined index: score F:\work\__App__\Api\Modules\Api\Action\PublicAction.class.php 第 1397 行.
NOTIC: [8] Undefined index: player_id F:\work\__App__\Api\Modules\Api\Action\PublicAction.class.php 第 1397 行.
NOTIC: [8] Undefined index: score F:\work\__App__\Api\Modules\Api\Action\PublicAction.class.php 第 1397 行.
NOTIC: [8] Undefined index: player_id F:\work\__App__\Api\Modules\Api\Action\PublicAction.class.php 第 1397 行.
NOTIC: [8] Undefined index: score F:\work\__App__\Api\Modules\Api\Action\PublicAction.class.php 第 1397 行.
NOTIC: [8] Undefined index: player_id F:\work\__App__\Api\Modules\Api\Action\PublicAction.class.php 第 1397 行.
NOTIC: [8] Undefined index: score F:\work\__App__\Api\Modules\Api\Action\PublicAction.class.php 第 1397 行.
NOTIC: [8] Undefined index: player_id F:\work\__App__\Api\Modules\Api\Action\PublicAction.class.php 第 1397 行.
NOTIC: [8] Undefined index: score F:\work\__App__\Api\Modules\Api\Action\PublicAction.class.php 第 1397 行.
NOTIC: [8] Undefined index: player_id F:\work\__App__\Api\Modules\Api\Action\PublicAction.class.php 第 1397 行.
NOTIC: [8] Undefined index: score F:\work\__App__\Api\Modules\Api\Action\PublicAction.class.php 第 1397 行.
NOTIC: [8] Undefined index: player_id F:\work\__App__\Api\Modules\Api\Action\PublicAction.class.php 第 1397 行.
NOTIC: [8] Undefined index: score F:\work\__App__\Api\Modules\Api\Action\PublicAction.class.php 第 1397 行.
NOTIC: [8] Undefined index: player_id F:\work\__App__\Api\Modules\Api\Action\PublicAction.class.php 第 1397 行.
NOTIC: [8] Undefined index: score F:\work\__App__\Api\Modules\Api\Action\PublicAction.class.php 第 1397 行.
NOTIC: [8] Undefined index: player_id F:\work\__App__\Api\Modules\Api\Action\PublicAction.class.php 第 1397 行.
NOTIC: [8] Undefined index: score F:\work\__App__\Api\Modules\Api\Action\PublicAction.class.php 第 1397 行.
NOTIC: [8] Undefined index: player_id F:\work\__App__\Api\Modules\Api\Action\PublicAction.class.php 第 1397 行.
NOTIC: [8] Undefined index: score F:\work\__App__\Api\Modules\Api\Action\PublicAction.class.php 第 1397 行.
NOTIC: [8] Undefined index: player_id F:\work\__App__\Api\Modules\Api\Action\PublicAction.class.php 第 1397 行.
NOTIC: [8] Undefined index: score F:\work\__App__\Api\Modules\Api\Action\PublicAction.class.php 第 1397 行.
NOTIC: [8] Undefined index: player_id F:\work\__App__\Api\Modules\Api\Action\PublicAction.class.php 第 1397 行.
NOTIC: [8] Undefined index: score F:\work\__App__\Api\Modules\Api\Action\PublicAction.class.php 第 1397 行.
NOTIC: [8] Undefined index: player_id F:\work\__App__\Api\Modules\Api\Action\PublicAction.class.php 第 1397 行.
NOTIC: [8] Undefined index: score F:\work\__App__\Api\Modules\Api\Action\PublicAction.class.php 第 1397 行.
NOTIC: [8] Undefined index: player_id F:\work\__App__\Api\Modules\Api\Action\PublicAction.class.php 第 1397 行.
NOTIC: [8] Undefined index: score F:\work\__App__\Api\Modules\Api\Action\PublicAction.class.php 第 1397 行.
NOTIC: [8] Undefined index: player_id F:\work\__App__\Api\Modules\Api\Action\PublicAction.class.php 第 1397 行.
NOTIC: [8] Undefined index: score F:\work\__App__\Api\Modules\Api\Action\PublicAction.class.php 第 1397 行.
NOTIC: [8] Undefined index: player_id F:\work\__App__\Api\Modules\Api\Action\PublicAction.class.php 第 1397 行.
NOTIC: [8] Undefined index: score F:\work\__App__\Api\Modules\Api\Action\PublicAction.class.php 第 1397 行.
NOTIC: [8] Undefined index: player_id F:\work\__App__\Api\Modules\Api\Action\PublicAction.class.php 第 1397 行.
NOTIC: [8] Undefined index: score F:\work\__App__\Api\Modules\Api\Action\PublicAction.class.php 第 1397 行.
NOTIC: [8192] preg_replace(): The /e modifier is deprecated, use preg_replace_callback instead F:\ThinkPHP\Lib\Core\Db.class.php 第 601 行.
SQL: SELECT `id`,`lineup` FROM `fa_champion_lineup` WHERE ( champion_id =3 )  [ RunTime:0.001000s ]
SQL: UPDATE `fa_champion_lineup` SET `lineup_score`=41635 WHERE ( id = 2 ) [ RunTime:0.068004s ]
SQL: UPDATE `fa_user_champion` SET `lineup_score`=41635 WHERE ( lineup_id = 2 ) [ RunTime:0.066004s ]
SQL: UPDATE `fa_champion_lineup` SET `lineup_score`=34043 WHERE ( id = 3 ) [ RunTime:0.066004s ]
SQL: UPDATE `fa_user_champion` SET `lineup_score`=34043 WHERE ( lineup_id = 3 ) [ RunTime:0.066004s ]

[ 2017-07-10T17:43:18+08:00 ] 127.0.0.1 /index.php?g=api&m=public&a=update_champion_data&id=3
NOTIC: [8192] preg_replace(): The /e modifier is deprecated, use preg_replace_callback instead F:\ThinkPHP\Common\common.php 第 171 行.
INFO: [ app_begin ] --START--
INFO: Run ReadHtmlCache Behavior [ RunTime:0.001000s ]
INFO: [ app_begin ] --END-- [ RunTime:0.001000s ]
NOTIC: [8] Memcache::connect():  F:\ThinkPHP\Extend\Driver\Session\SessionMemcache.class.php 第 38 行.
NOTIC: [2] Memcache::connect():  F:\ThinkPHP\Extend\Driver\Session\SessionMemcache.class.php 第 38 行.
NOTIC: 建议使用I方法替代_request
NOTIC: 建议使用I方法替代_request
SQL: SHOW COLUMNS FROM `fa_champion` [ RunTime:0.002000s ]
SQL: SHOW COLUMNS FROM `fa_champion_lineup` [ RunTime:0.001000s ]
SQL: SHOW COLUMNS FROM `fa_user_champion` [ RunTime:0.001000s ]
NOTIC: [8192] preg_replace(): The /e modifier is deprecated, use preg_replace_callback instead F:\ThinkPHP\Lib\Core\Db.class.php 第 601 行.
SQL: SELECT `project_id`,`match_end_time`,`match_id` FROM `fa_champion` WHERE ( id =3 ) LIMIT 1   [ RunTime:0.000000s ]
SQL: SHOW COLUMNS FROM `fa_match_list` [ RunTime:0.002000s ]
NOTIC: [8192] preg_replace(): The /e modifier is deprecated, use preg_replace_callback instead F:\ThinkPHP\Lib\Core\Db.class.php 第 601 行.
SQL: SELECT * FROM `fa_match_list` WHERE ( match_name_id = 2 )  [ RunTime:0.001000s ]
SQL: SHOW COLUMNS FROM `fa_player_match_data_dota2` [ RunTime:0.002001s ]
NOTIC: [8192] preg_replace(): The /e modifier is deprecated, use preg_replace_callback instead F:\ThinkPHP\Lib\Core\Db.class.php 第 601 行.
SQL: SELECT `player_id`,`kill`,`death`,`assists`,`jungle`,`ten_kill`,`score` FROM `fa_player_match_data_dota2` WHERE ( match_id =11824 )  [ RunTime:0.000000s ]
NOTIC: [8192] preg_replace(): The /e modifier is deprecated, use preg_replace_callback instead F:\ThinkPHP\Lib\Core\Db.class.php 第 601 行.
SQL: SELECT `player_id`,`kill`,`death`,`assists`,`jungle`,`ten_kill`,`score` FROM `fa_player_match_data_dota2` WHERE ( match_id =11823 )  [ RunTime:0.001000s ]
NOTIC: [8192] preg_replace(): The /e modifier is deprecated, use preg_replace_callback instead F:\ThinkPHP\Lib\Core\Db.class.php 第 601 行.
SQL: SELECT `player_id`,`kill`,`death`,`assists`,`jungle`,`ten_kill`,`score` FROM `fa_player_match_data_dota2` WHERE ( match_id =11822 )  [ RunTime:0.001000s ]
NOTIC: [8192] preg_replace(): The /e modifier is deprecated, use preg_replace_callback instead F:\ThinkPHP\Lib\Core\Db.class.php 第 601 行.
SQL: SELECT `player_id`,`kill`,`death`,`assists`,`jungle`,`ten_kill`,`score` FROM `fa_player_match_data_dota2` WHERE ( match_id =11825 )  [ RunTime:0.001000s ]

[ 2017-07-10T17:43:42+08:00 ] 127.0.0.1 /index.php?g=api&m=public&a=update_champion_data&id=3
NOTIC: [8192] preg_replace(): The /e modifier is deprecated, use preg_replace_callback instead F:\ThinkPHP\Common\common.php 第 171 行.
INFO: [ app_begin ] --START--
INFO: Run ReadHtmlCache Behavior [ RunTime:0.001000s ]
INFO: [ app_begin ] --END-- [ RunTime:0.001000s ]
NOTIC: [8] Memcache::connect():  F:\ThinkPHP\Extend\Driver\Session\SessionMemcache.class.php 第 38 行.
NOTIC: [2] Memcache::connect():  F:\ThinkPHP\Extend\Driver\Session\SessionMemcache.class.php 第 38 行.
NOTIC: 建议使用I方法替代_request
NOTIC: 建议使用I方法替代_request
SQL: SHOW COLUMNS FROM `fa_champion` [ RunTime:0.002000s ]
SQL: SHOW COLUMNS FROM `fa_champion_lineup` [ RunTime:0.001000s ]
SQL: SHOW COLUMNS FROM `fa_user_champion` [ RunTime:0.002000s ]
NOTIC: [8192] preg_replace(): The /e modifier is deprecated, use preg_replace_callback instead F:\ThinkPHP\Lib\Core\Db.class.php 第 601 行.
SQL: SELECT `project_id`,`match_end_time`,`match_id` FROM `fa_champion` WHERE ( id =3 ) LIMIT 1   [ RunTime:0.000000s ]
SQL: SHOW COLUMNS FROM `fa_match_list` [ RunTime:0.002000s ]
NOTIC: [8192] preg_replace(): The /e modifier is deprecated, use preg_replace_callback instead F:\ThinkPHP\Lib\Core\Db.class.php 第 601 行.
SQL: SELECT * FROM `fa_match_list` WHERE ( match_name_id = 2 )  [ RunTime:0.001000s ]
SQL: SHOW COLUMNS FROM `fa_player_match_data_dota2` [ RunTime:0.002000s ]
NOTIC: [8192] preg_replace(): The /e modifier is deprecated, use preg_replace_callback instead F:\ThinkPHP\Lib\Core\Db.class.php 第 601 行.
SQL: SELECT `player_id`,`kill`,`death`,`assists`,`jungle`,`ten_kill`,`score` FROM `fa_player_match_data_dota2` WHERE ( match_id =11824 )  [ RunTime:0.001000s ]
NOTIC: [8192] preg_replace(): The /e modifier is deprecated, use preg_replace_callback instead F:\ThinkPHP\Lib\Core\Db.class.php 第 601 行.
SQL: SELECT `player_id`,`kill`,`death`,`assists`,`jungle`,`ten_kill`,`score` FROM `fa_player_match_data_dota2` WHERE ( match_id =11823 )  [ RunTime:0.001000s ]
NOTIC: [8192] preg_replace(): The /e modifier is deprecated, use preg_replace_callback instead F:\ThinkPHP\Lib\Core\Db.class.php 第 601 行.
SQL: SELECT `player_id`,`kill`,`death`,`assists`,`jungle`,`ten_kill`,`score` FROM `fa_player_match_data_dota2` WHERE ( match_id =11822 )  [ RunTime:0.000000s ]
NOTIC: [8192] preg_replace(): The /e modifier is deprecated, use preg_replace_callback instead F:\ThinkPHP\Lib\Core\Db.class.php 第 601 行.
SQL: SELECT `player_id`,`kill`,`death`,`assists`,`jungle`,`ten_kill`,`score` FROM `fa_player_match_data_dota2` WHERE ( match_id =11825 )  [ RunTime:0.000000s ]
NOTIC: [8] Undefined index: player_id F:\work\__App__\Api\Modules\Api\Action\PublicAction.class.php 第 1395 行.
NOTIC: [8] Undefined variable: scores F:\work\__App__\Api\Modules\Api\Action\PublicAction.class.php 第 1395 行.
NOTIC: [8] Undefined index: score F:\work\__App__\Api\Modules\Api\Action\PublicAction.class.php 第 1395 行.
NOTIC: [8] Undefined index: player_id F:\work\__App__\Api\Modules\Api\Action\PublicAction.class.php 第 1395 行.
NOTIC: [8] Undefined index: score F:\work\__App__\Api\Modules\Api\Action\PublicAction.class.php 第 1395 行.
NOTIC: [8] Undefined index: player_id F:\work\__App__\Api\Modules\Api\Action\PublicAction.class.php 第 1395 行.
NOTIC: [8] Undefined index: score F:\work\__App__\Api\Modules\Api\Action\PublicAction.class.php 第 1395 行.
NOTIC: [8] Undefined index: player_id F:\work\__App__\Api\Modules\Api\Action\PublicAction.class.php 第 1395 行.
NOTIC: [8] Undefined index: score F:\work\__App__\Api\Modules\Api\Action\PublicAction.class.php 第 1395 行.
NOTIC: [8] Undefined index: player_id F:\work\__App__\Api\Modules\Api\Action\PublicAction.class.php 第 1395 行.
NOTIC: [8] Undefined index: score F:\work\__App__\Api\Modules\Api\Action\PublicAction.class.php 第 1395 行.
NOTIC: [8] Undefined index: player_id F:\work\__App__\Api\Modules\Api\Action\PublicAction.class.php 第 1395 行.
NOTIC: [8] Undefined index: score F:\work\__App__\Api\Modules\Api\Action\PublicAction.class.php 第 1395 行.
NOTIC: [8] Undefined index: player_id F:\work\__App__\Api\Modules\Api\Action\PublicAction.class.php 第 1395 行.
NOTIC: [8] Undefined index: score F:\work\__App__\Api\Modules\Api\Action\PublicAction.class.php 第 1395 行.
NOTIC: [8] Undefined index: player_id F:\work\__App__\Api\Modules\Api\Action\PublicAction.class.php 第 1395 行.
NOTIC: [8] Undefined index: score F:\work\__App__\Api\Modules\Api\Action\PublicAction.class.php 第 1395 行.
NOTIC: [8] Undefined index: player_id F:\work\__App__\Api\Modules\Api\Action\PublicAction.class.php 第 1395 行.
NOTIC: [8] Undefined index: score F:\work\__App__\Api\Modules\Api\Action\PublicAction.class.php 第 1395 行.
NOTIC: [8] Undefined index: player_id F:\work\__App__\Api\Modules\Api\Action\PublicAction.class.php 第 1395 行.
NOTIC: [8] Undefined index: score F:\work\__App__\Api\Modules\Api\Action\PublicAction.class.php 第 1395 行.
NOTIC: [8] Undefined index: player_id F:\work\__App__\Api\Modules\Api\Action\PublicAction.class.php 第 1395 行.
NOTIC: [8] Undefined index: score F:\work\__App__\Api\Modules\Api\Action\PublicAction.class.php 第 1395 行.
NOTIC: [8] Undefined index: player_id F:\work\__App__\Api\Modules\Api\Action\PublicAction.class.php 第 1395 行.
NOTIC: [8] Undefined index: score F:\work\__App__\Api\Modules\Api\Action\PublicAction.class.php 第 1395 行.
NOTIC: [8] Undefined index: player_id F:\work\__App__\Api\Modules\Api\Action\PublicAction.class.php 第 1395 行.
NOTIC: [8] Undefined index: score F:\work\__App__\Api\Modules\Api\Action\PublicAction.class.php 第 1395 行.
NOTIC: [8] Undefined index: player_id F:\work\__App__\Api\Modules\Api\Action\PublicAction.class.php 第 1395 行.
NOTIC: [8] Undefined index: score F:\work\__App__\Api\Modules\Api\Action\PublicAction.class.php 第 1395 行.
NOTIC: [8] Undefined index: player_id F:\work\__App__\Api\Modules\Api\Action\PublicAction.class.php 第 1395 行.
NOTIC: [8] Undefined index: score F:\work\__App__\Api\Modules\Api\Action\PublicAction.class.php 第 1395 行.
NOTIC: [8] Undefined index: player_id F:\work\__App__\Api\Modules\Api\Action\PublicAction.class.php 第 1395 行.
NOTIC: [8] Undefined index: score F:\work\__App__\Api\Modules\Api\Action\PublicAction.class.php 第 1395 行.
NOTIC: [8] Undefined index: player_id F:\work\__App__\Api\Modules\Api\Action\PublicAction.class.php 第 1395 行.
NOTIC: [8] Undefined index: score F:\work\__App__\Api\Modules\Api\Action\PublicAction.class.php 第 1395 行.
NOTIC: [8] Undefined index: player_id F:\work\__App__\Api\Modules\Api\Action\PublicAction.class.php 第 1395 行.
NOTIC: [8] Undefined index: score F:\work\__App__\Api\Modules\Api\Action\PublicAction.class.php 第 1395 行.
NOTIC: [8] Undefined index: player_id F:\work\__App__\Api\Modules\Api\Action\PublicAction.class.php 第 1395 行.
NOTIC: [8] Undefined index: score F:\work\__App__\Api\Modules\Api\Action\PublicAction.class.php 第 1395 行.
NOTIC: [8] Undefined index: player_id F:\work\__App__\Api\Modules\Api\Action\PublicAction.class.php 第 1395 行.
NOTIC: [8] Undefined index: score F:\work\__App__\Api\Modules\Api\Action\PublicAction.class.php 第 1395 行.
NOTIC: [8] Undefined index: player_id F:\work\__App__\Api\Modules\Api\Action\PublicAction.class.php 第 1395 行.
NOTIC: [8] Undefined index: score F:\work\__App__\Api\Modules\Api\Action\PublicAction.class.php 第 1395 行.
NOTIC: [8] Undefined index: player_id F:\work\__App__\Api\Modules\Api\Action\PublicAction.class.php 第 1395 行.
NOTIC: [8] Undefined index: score F:\work\__App__\Api\Modules\Api\Action\PublicAction.class.php 第 1395 行.
NOTIC: [8] Undefined index: player_id F:\work\__App__\Api\Modules\Api\Action\PublicAction.class.php 第 1395 行.
NOTIC: [8] Undefined index: score F:\work\__App__\Api\Modules\Api\Action\PublicAction.class.php 第 1395 行.
NOTIC: [8] Undefined index: player_id F:\work\__App__\Api\Modules\Api\Action\PublicAction.class.php 第 1395 行.
NOTIC: [8] Undefined index: score F:\work\__App__\Api\Modules\Api\Action\PublicAction.class.php 第 1395 行.
NOTIC: [8] Undefined index: player_id F:\work\__App__\Api\Modules\Api\Action\PublicAction.class.php 第 1395 行.
NOTIC: [8] Undefined index: score F:\work\__App__\Api\Modules\Api\Action\PublicAction.class.php 第 1395 行.
NOTIC: [8] Undefined index: player_id F:\work\__App__\Api\Modules\Api\Action\PublicAction.class.php 第 1395 行.
NOTIC: [8] Undefined index: score F:\work\__App__\Api\Modules\Api\Action\PublicAction.class.php 第 1395 行.
NOTIC: [8] Undefined index: player_id F:\work\__App__\Api\Modules\Api\Action\PublicAction.class.php 第 1395 行.
NOTIC: [8] Undefined index: score F:\work\__App__\Api\Modules\Api\Action\PublicAction.class.php 第 1395 行.
NOTIC: [8] Undefined index: player_id F:\work\__App__\Api\Modules\Api\Action\PublicAction.class.php 第 1395 行.
NOTIC: [8] Undefined index: score F:\work\__App__\Api\Modules\Api\Action\PublicAction.class.php 第 1395 行.
NOTIC: [8] Undefined index: player_id F:\work\__App__\Api\Modules\Api\Action\PublicAction.class.php 第 1395 行.
NOTIC: [8] Undefined index: score F:\work\__App__\Api\Modules\Api\Action\PublicAction.class.php 第 1395 行.
NOTIC: [8] Undefined index: player_id F:\work\__App__\Api\Modules\Api\Action\PublicAction.class.php 第 1395 行.
NOTIC: [8] Undefined index: score F:\work\__App__\Api\Modules\Api\Action\PublicAction.class.php 第 1395 行.
NOTIC: [8] Undefined index: player_id F:\work\__App__\Api\Modules\Api\Action\PublicAction.class.php 第 1395 行.
NOTIC: [8] Undefined index: score F:\work\__App__\Api\Modules\Api\Action\PublicAction.class.php 第 1395 行.
NOTIC: [8] Undefined index: player_id F:\work\__App__\Api\Modules\Api\Action\PublicAction.class.php 第 1395 行.
NOTIC: [8] Undefined index: score F:\work\__App__\Api\Modules\Api\Action\PublicAction.class.php 第 1395 行.
NOTIC: [8] Undefined index: player_id F:\work\__App__\Api\Modules\Api\Action\PublicAction.class.php 第 1395 行.
NOTIC: [8] Undefined index: score F:\work\__App__\Api\Modules\Api\Action\PublicAction.class.php 第 1395 行.
NOTIC: [8] Undefined index: player_id F:\work\__App__\Api\Modules\Api\Action\PublicAction.class.php 第 1395 行.
NOTIC: [8] Undefined index: score F:\work\__App__\Api\Modules\Api\Action\PublicAction.class.php 第 1395 行.
NOTIC: [8] Undefined index: player_id F:\work\__App__\Api\Modules\Api\Action\PublicAction.class.php 第 1395 行.
NOTIC: [8] Undefined index: score F:\work\__App__\Api\Modules\Api\Action\PublicAction.class.php 第 1395 行.
NOTIC: [8] Undefined index: player_id F:\work\__App__\Api\Modules\Api\Action\PublicAction.class.php 第 1395 行.
NOTIC: [8] Undefined index: score F:\work\__App__\Api\Modules\Api\Action\PublicAction.class.php 第 1395 行.
NOTIC: [8] Undefined index: player_id F:\work\__App__\Api\Modules\Api\Action\PublicAction.class.php 第 1395 行.
NOTIC: [8] Undefined index: score F:\work\__App__\Api\Modules\Api\Action\PublicAction.class.php 第 1395 行.
NOTIC: [8] Undefined index: player_id F:\work\__App__\Api\Modules\Api\Action\PublicAction.class.php 第 1395 行.
NOTIC: [8] Undefined index: score F:\work\__App__\Api\Modules\Api\Action\PublicAction.class.php 第 1395 行.
NOTIC: [8] Undefined index: player_id F:\work\__App__\Api\Modules\Api\Action\PublicAction.class.php 第 1395 行.
NOTIC: [8] Undefined index: score F:\work\__App__\Api\Modules\Api\Action\PublicAction.class.php 第 1395 行.
NOTIC: [8] Undefined index: player_id F:\work\__App__\Api\Modules\Api\Action\PublicAction.class.php 第 1395 行.
NOTIC: [8] Undefined index: score F:\work\__App__\Api\Modules\Api\Action\PublicAction.class.php 第 1395 行.
NOTIC: [8] Undefined index: player_id F:\work\__App__\Api\Modules\Api\Action\PublicAction.class.php 第 1395 行.
NOTIC: [8] Undefined index: score F:\work\__App__\Api\Modules\Api\Action\PublicAction.class.php 第 1395 行.

[ 2017-07-10T17:44:03+08:00 ] 127.0.0.1 /index.php?g=api&m=public&a=update_champion_data&id=3
NOTIC: [8192] preg_replace(): The /e modifier is deprecated, use preg_replace_callback instead F:\ThinkPHP\Common\common.php 第 171 行.
INFO: [ app_begin ] --START--
INFO: Run ReadHtmlCache Behavior [ RunTime:0.001000s ]
INFO: [ app_begin ] --END-- [ RunTime:0.001000s ]
NOTIC: [8] Memcache::connect():  F:\ThinkPHP\Extend\Driver\Session\SessionMemcache.class.php 第 38 行.
NOTIC: [2] Memcache::connect():  F:\ThinkPHP\Extend\Driver\Session\SessionMemcache.class.php 第 38 行.
NOTIC: 建议使用I方法替代_request
NOTIC: 建议使用I方法替代_request
SQL: SHOW COLUMNS FROM `fa_champion` [ RunTime:0.002000s ]
SQL: SHOW COLUMNS FROM `fa_champion_lineup` [ RunTime:0.001000s ]
SQL: SHOW COLUMNS FROM `fa_user_champion` [ RunTime:0.002000s ]
NOTIC: [8192] preg_replace(): The /e modifier is deprecated, use preg_replace_callback instead F:\ThinkPHP\Lib\Core\Db.class.php 第 601 行.
SQL: SELECT `project_id`,`match_end_time`,`match_id` FROM `fa_champion` WHERE ( id =3 ) LIMIT 1   [ RunTime:0.000000s ]
SQL: SHOW COLUMNS FROM `fa_match_list` [ RunTime:0.002001s ]
NOTIC: [8192] preg_replace(): The /e modifier is deprecated, use preg_replace_callback instead F:\ThinkPHP\Lib\Core\Db.class.php 第 601 行.
SQL: SELECT * FROM `fa_match_list` WHERE ( match_name_id = 2 )  [ RunTime:0.001000s ]
SQL: SHOW COLUMNS FROM `fa_player_match_data_dota2` [ RunTime:0.002000s ]
NOTIC: [8192] preg_replace(): The /e modifier is deprecated, use preg_replace_callback instead F:\ThinkPHP\Lib\Core\Db.class.php 第 601 行.
SQL: SELECT `player_id`,`kill`,`death`,`assists`,`jungle`,`ten_kill`,`score` FROM `fa_player_match_data_dota2` WHERE ( match_id =11824 )  [ RunTime:0.000000s ]
NOTIC: [8192] preg_replace(): The /e modifier is deprecated, use preg_replace_callback instead F:\ThinkPHP\Lib\Core\Db.class.php 第 601 行.
SQL: SELECT `player_id`,`kill`,`death`,`assists`,`jungle`,`ten_kill`,`score` FROM `fa_player_match_data_dota2` WHERE ( match_id =11823 )  [ RunTime:0.001000s ]
NOTIC: [8192] preg_replace(): The /e modifier is deprecated, use preg_replace_callback instead F:\ThinkPHP\Lib\Core\Db.class.php 第 601 行.
SQL: SELECT `player_id`,`kill`,`death`,`assists`,`jungle`,`ten_kill`,`score` FROM `fa_player_match_data_dota2` WHERE ( match_id =11822 )  [ RunTime:0.001000s ]
NOTIC: [8192] preg_replace(): The /e modifier is deprecated, use preg_replace_callback instead F:\ThinkPHP\Lib\Core\Db.class.php 第 601 行.
SQL: SELECT `player_id`,`kill`,`death`,`assists`,`jungle`,`ten_kill`,`score` FROM `fa_player_match_data_dota2` WHERE ( match_id =11825 )  [ RunTime:0.001000s ]
NOTIC: [8] Undefined index: player_id F:\work\__App__\Api\Modules\Api\Action\PublicAction.class.php 第 1395 行.
NOTIC: [8] Undefined variable: scores F:\work\__App__\Api\Modules\Api\Action\PublicAction.class.php 第 1395 行.
NOTIC: [8] Undefined index: score F:\work\__App__\Api\Modules\Api\Action\PublicAction.class.php 第 1395 行.
NOTIC: [8] Undefined index: player_id F:\work\__App__\Api\Modules\Api\Action\PublicAction.class.php 第 1395 行.
NOTIC: [8] Undefined index: score F:\work\__App__\Api\Modules\Api\Action\PublicAction.class.php 第 1395 行.
NOTIC: [8] Undefined index: player_id F:\work\__App__\Api\Modules\Api\Action\PublicAction.class.php 第 1395 行.
NOTIC: [8] Undefined index: score F:\work\__App__\Api\Modules\Api\Action\PublicAction.class.php 第 1395 行.
NOTIC: [8] Undefined index: player_id F:\work\__App__\Api\Modules\Api\Action\PublicAction.class.php 第 1395 行.
NOTIC: [8] Undefined index: score F:\work\__App__\Api\Modules\Api\Action\PublicAction.class.php 第 1395 行.
NOTIC: [8] Undefined index: player_id F:\work\__App__\Api\Modules\Api\Action\PublicAction.class.php 第 1395 行.
NOTIC: [8] Undefined index: score F:\work\__App__\Api\Modules\Api\Action\PublicAction.class.php 第 1395 行.
NOTIC: [8] Undefined index: player_id F:\work\__App__\Api\Modules\Api\Action\PublicAction.class.php 第 1395 行.
NOTIC: [8] Undefined index: score F:\work\__App__\Api\Modules\Api\Action\PublicAction.class.php 第 1395 行.
NOTIC: [8] Undefined index: player_id F:\work\__App__\Api\Modules\Api\Action\PublicAction.class.php 第 1395 行.
NOTIC: [8] Undefined index: score F:\work\__App__\Api\Modules\Api\Action\PublicAction.class.php 第 1395 行.
NOTIC: [8] Undefined index: player_id F:\work\__App__\Api\Modules\Api\Action\PublicAction.class.php 第 1395 行.
NOTIC: [8] Undefined index: score F:\work\__App__\Api\Modules\Api\Action\PublicAction.class.php 第 1395 行.
NOTIC: [8] Undefined index: player_id F:\work\__App__\Api\Modules\Api\Action\PublicAction.class.php 第 1395 行.
NOTIC: [8] Undefined index: score F:\work\__App__\Api\Modules\Api\Action\PublicAction.class.php 第 1395 行.
NOTIC: [8] Undefined index: player_id F:\work\__App__\Api\Modules\Api\Action\PublicAction.class.php 第 1395 行.
NOTIC: [8] Undefined index: score F:\work\__App__\Api\Modules\Api\Action\PublicAction.class.php 第 1395 行.
NOTIC: [8] Undefined index: player_id F:\work\__App__\Api\Modules\Api\Action\PublicAction.class.php 第 1395 行.
NOTIC: [8] Undefined index: score F:\work\__App__\Api\Modules\Api\Action\PublicAction.class.php 第 1395 行.
NOTIC: [8] Undefined index: player_id F:\work\__App__\Api\Modules\Api\Action\PublicAction.class.php 第 1395 行.
NOTIC: [8] Undefined index: score F:\work\__App__\Api\Modules\Api\Action\PublicAction.class.php 第 1395 行.
NOTIC: [8] Undefined index: player_id F:\work\__App__\Api\Modules\Api\Action\PublicAction.class.php 第 1395 行.
NOTIC: [8] Undefined index: score F:\work\__App__\Api\Modules\Api\Action\PublicAction.class.php 第 1395 行.
NOTIC: [8] Undefined index: player_id F:\work\__App__\Api\Modules\Api\Action\PublicAction.class.php 第 1395 行.
NOTIC: [8] Undefined index: score F:\work\__App__\Api\Modules\Api\Action\PublicAction.class.php 第 1395 行.
NOTIC: [8] Undefined index: player_id F:\work\__App__\Api\Modules\Api\Action\PublicAction.class.php 第 1395 行.
NOTIC: [8] Undefined index: score F:\work\__App__\Api\Modules\Api\Action\PublicAction.class.php 第 1395 行.
NOTIC: [8] Undefined index: player_id F:\work\__App__\Api\Modules\Api\Action\PublicAction.class.php 第 1395 行.
NOTIC: [8] Undefined index: score F:\work\__App__\Api\Modules\Api\Action\PublicAction.class.php 第 1395 行.
NOTIC: [8] Undefined index: player_id F:\work\__App__\Api\Modules\Api\Action\PublicAction.class.php 第 1395 行.
NOTIC: [8] Undefined index: score F:\work\__App__\Api\Modules\Api\Action\PublicAction.class.php 第 1395 行.
NOTIC: [8] Undefined index: player_id F:\work\__App__\Api\Modules\Api\Action\PublicAction.class.php 第 1395 行.
NOTIC: [8] Undefined index: score F:\work\__App__\Api\Modules\Api\Action\PublicAction.class.php 第 1395 行.
NOTIC: [8] Undefined index: player_id F:\work\__App__\Api\Modules\Api\Action\PublicAction.class.php 第 1395 行.
NOTIC: [8] Undefined index: score F:\work\__App__\Api\Modules\Api\Action\PublicAction.class.php 第 1395 行.
NOTIC: [8] Undefined index: player_id F:\work\__App__\Api\Modules\Api\Action\PublicAction.class.php 第 1395 行.
NOTIC: [8] Undefined index: score F:\work\__App__\Api\Modules\Api\Action\PublicAction.class.php 第 1395 行.
NOTIC: [8] Undefined index: player_id F:\work\__App__\Api\Modules\Api\Action\PublicAction.class.php 第 1395 行.
NOTIC: [8] Undefined index: score F:\work\__App__\Api\Modules\Api\Action\PublicAction.class.php 第 1395 行.
NOTIC: [8] Undefined index: player_id F:\work\__App__\Api\Modules\Api\Action\PublicAction.class.php 第 1395 行.
NOTIC: [8] Undefined index: score F:\work\__App__\Api\Modules\Api\Action\PublicAction.class.php 第 1395 行.
NOTIC: [8] Undefined index: player_id F:\work\__App__\Api\Modules\Api\Action\PublicAction.class.php 第 1395 行.
NOTIC: [8] Undefined index: score F:\work\__App__\Api\Modules\Api\Action\PublicAction.class.php 第 1395 行.
NOTIC: [8] Undefined index: player_id F:\work\__App__\Api\Modules\Api\Action\PublicAction.class.php 第 1395 行.
NOTIC: [8] Undefined index: score F:\work\__App__\Api\Modules\Api\Action\PublicAction.class.php 第 1395 行.
NOTIC: [8] Undefined index: player_id F:\work\__App__\Api\Modules\Api\Action\PublicAction.class.php 第 1395 行.
NOTIC: [8] Undefined index: score F:\work\__App__\Api\Modules\Api\Action\PublicAction.class.php 第 1395 行.
NOTIC: [8] Undefined index: player_id F:\work\__App__\Api\Modules\Api\Action\PublicAction.class.php 第 1395 行.
NOTIC: [8] Undefined index: score F:\work\__App__\Api\Modules\Api\Action\PublicAction.class.php 第 1395 行.
NOTIC: [8] Undefined index: player_id F:\work\__App__\Api\Modules\Api\Action\PublicAction.class.php 第 1395 行.
NOTIC: [8] Undefined index: score F:\work\__App__\Api\Modules\Api\Action\PublicAction.class.php 第 1395 行.
NOTIC: [8] Undefined index: player_id F:\work\__App__\Api\Modules\Api\Action\PublicAction.class.php 第 1395 行.
NOTIC: [8] Undefined index: score F:\work\__App__\Api\Modules\Api\Action\PublicAction.class.php 第 1395 行.
NOTIC: [8] Undefined index: player_id F:\work\__App__\Api\Modules\Api\Action\PublicAction.class.php 第 1395 行.
NOTIC: [8] Undefined index: score F:\work\__App__\Api\Modules\Api\Action\PublicAction.class.php 第 1395 行.
NOTIC: [8] Undefined index: player_id F:\work\__App__\Api\Modules\Api\Action\PublicAction.class.php 第 1395 行.
NOTIC: [8] Undefined index: score F:\work\__App__\Api\Modules\Api\Action\PublicAction.class.php 第 1395 行.
NOTIC: [8] Undefined index: player_id F:\work\__App__\Api\Modules\Api\Action\PublicAction.class.php 第 1395 行.
NOTIC: [8] Undefined index: score F:\work\__App__\Api\Modules\Api\Action\PublicAction.class.php 第 1395 行.
NOTIC: [8] Undefined index: player_id F:\work\__App__\Api\Modules\Api\Action\PublicAction.class.php 第 1395 行.
NOTIC: [8] Undefined index: score F:\work\__App__\Api\Modules\Api\Action\PublicAction.class.php 第 1395 行.
NOTIC: [8] Undefined index: player_id F:\work\__App__\Api\Modules\Api\Action\PublicAction.class.php 第 1395 行.
NOTIC: [8] Undefined index: score F:\work\__App__\Api\Modules\Api\Action\PublicAction.class.php 第 1395 行.
NOTIC: [8] Undefined index: player_id F:\work\__App__\Api\Modules\Api\Action\PublicAction.class.php 第 1395 行.
NOTIC: [8] Undefined index: score F:\work\__App__\Api\Modules\Api\Action\PublicAction.class.php 第 1395 行.
NOTIC: [8] Undefined index: player_id F:\work\__App__\Api\Modules\Api\Action\PublicAction.class.php 第 1395 行.
NOTIC: [8] Undefined index: score F:\work\__App__\Api\Modules\Api\Action\PublicAction.class.php 第 1395 行.
NOTIC: [8] Undefined index: player_id F:\work\__App__\Api\Modules\Api\Action\PublicAction.class.php 第 1395 行.
NOTIC: [8] Undefined index: score F:\work\__App__\Api\Modules\Api\Action\PublicAction.class.php 第 1395 行.
NOTIC: [8] Undefined index: player_id F:\work\__App__\Api\Modules\Api\Action\PublicAction.class.php 第 1395 行.
NOTIC: [8] Undefined index: score F:\work\__App__\Api\Modules\Api\Action\PublicAction.class.php 第 1395 行.
NOTIC: [8] Undefined index: player_id F:\work\__App__\Api\Modules\Api\Action\PublicAction.class.php 第 1395 行.
NOTIC: [8] Undefined index: score F:\work\__App__\Api\Modules\Api\Action\PublicAction.class.php 第 1395 行.
NOTIC: [8] Undefined index: player_id F:\work\__App__\Api\Modules\Api\Action\PublicAction.class.php 第 1395 行.
NOTIC: [8] Undefined index: score F:\work\__App__\Api\Modules\Api\Action\PublicAction.class.php 第 1395 行.
NOTIC: [8] Undefined index: player_id F:\work\__App__\Api\Modules\Api\Action\PublicAction.class.php 第 1395 行.
NOTIC: [8] Undefined index: score F:\work\__App__\Api\Modules\Api\Action\PublicAction.class.php 第 1395 行.
NOTIC: [8] Undefined index: player_id F:\work\__App__\Api\Modules\Api\Action\PublicAction.class.php 第 1395 行.
NOTIC: [8] Undefined index: score F:\work\__App__\Api\Modules\Api\Action\PublicAction.class.php 第 1395 行.

[ 2017-07-10T17:44:15+08:00 ] 127.0.0.1 /index.php?g=api&m=public&a=update_champion_data&id=3
NOTIC: [8192] preg_replace(): The /e modifier is deprecated, use preg_replace_callback instead F:\ThinkPHP\Common\common.php 第 171 行.
INFO: [ app_begin ] --START--
INFO: Run ReadHtmlCache Behavior [ RunTime:0.000000s ]
INFO: [ app_begin ] --END-- [ RunTime:0.001000s ]
NOTIC: [8] Memcache::connect():  F:\ThinkPHP\Extend\Driver\Session\SessionMemcache.class.php 第 38 行.
NOTIC: [2] Memcache::connect():  F:\ThinkPHP\Extend\Driver\Session\SessionMemcache.class.php 第 38 行.
NOTIC: 建议使用I方法替代_request
NOTIC: 建议使用I方法替代_request
SQL: SHOW COLUMNS FROM `fa_champion` [ RunTime:0.002000s ]
SQL: SHOW COLUMNS FROM `fa_champion_lineup` [ RunTime:0.001000s ]
SQL: SHOW COLUMNS FROM `fa_user_champion` [ RunTime:0.001000s ]
NOTIC: [8192] preg_replace(): The /e modifier is deprecated, use preg_replace_callback instead F:\ThinkPHP\Lib\Core\Db.class.php 第 601 行.
SQL: SELECT `project_id`,`match_end_time`,`match_id` FROM `fa_champion` WHERE ( id =3 ) LIMIT 1   [ RunTime:0.000000s ]
SQL: SHOW COLUMNS FROM `fa_match_list` [ RunTime:0.002000s ]
NOTIC: [8192] preg_replace(): The /e modifier is deprecated, use preg_replace_callback instead F:\ThinkPHP\Lib\Core\Db.class.php 第 601 行.
SQL: SELECT * FROM `fa_match_list` WHERE ( match_name_id = 2 )  [ RunTime:0.001001s ]
SQL: SHOW COLUMNS FROM `fa_player_match_data_dota2` [ RunTime:0.002000s ]
NOTIC: [8192] preg_replace(): The /e modifier is deprecated, use preg_replace_callback instead F:\ThinkPHP\Lib\Core\Db.class.php 第 601 行.
SQL: SELECT `player_id`,`kill`,`death`,`assists`,`jungle`,`ten_kill`,`score` FROM `fa_player_match_data_dota2` WHERE ( match_id =11824 )  [ RunTime:0.001000s ]
NOTIC: [8192] preg_replace(): The /e modifier is deprecated, use preg_replace_callback instead F:\ThinkPHP\Lib\Core\Db.class.php 第 601 行.
SQL: SELECT `player_id`,`kill`,`death`,`assists`,`jungle`,`ten_kill`,`score` FROM `fa_player_match_data_dota2` WHERE ( match_id =11823 )  [ RunTime:0.001000s ]
NOTIC: [8192] preg_replace(): The /e modifier is deprecated, use preg_replace_callback instead F:\ThinkPHP\Lib\Core\Db.class.php 第 601 行.
SQL: SELECT `player_id`,`kill`,`death`,`assists`,`jungle`,`ten_kill`,`score` FROM `fa_player_match_data_dota2` WHERE ( match_id =11822 )  [ RunTime:0.000000s ]
NOTIC: [8192] preg_replace(): The /e modifier is deprecated, use preg_replace_callback instead F:\ThinkPHP\Lib\Core\Db.class.php 第 601 行.
SQL: SELECT `player_id`,`kill`,`death`,`assists`,`jungle`,`ten_kill`,`score` FROM `fa_player_match_data_dota2` WHERE ( match_id =11825 )  [ RunTime:0.001000s ]
NOTIC: [8] Undefined index: player_id F:\work\__App__\Api\Modules\Api\Action\PublicAction.class.php 第 1395 行.
NOTIC: [8] Undefined variable: scores F:\work\__App__\Api\Modules\Api\Action\PublicAction.class.php 第 1395 行.
NOTIC: [8] Undefined index: score F:\work\__App__\Api\Modules\Api\Action\PublicAction.class.php 第 1395 行.
NOTIC: [8] Undefined index: player_id F:\work\__App__\Api\Modules\Api\Action\PublicAction.class.php 第 1395 行.
NOTIC: [8] Undefined index: score F:\work\__App__\Api\Modules\Api\Action\PublicAction.class.php 第 1395 行.
NOTIC: [8] Undefined index: player_id F:\work\__App__\Api\Modules\Api\Action\PublicAction.class.php 第 1395 行.
NOTIC: [8] Undefined index: score F:\work\__App__\Api\Modules\Api\Action\PublicAction.class.php 第 1395 行.
NOTIC: [8] Undefined index: player_id F:\work\__App__\Api\Modules\Api\Action\PublicAction.class.php 第 1395 行.
NOTIC: [8] Undefined index: score F:\work\__App__\Api\Modules\Api\Action\PublicAction.class.php 第 1395 行.
NOTIC: [8] Undefined index: player_id F:\work\__App__\Api\Modules\Api\Action\PublicAction.class.php 第 1395 行.
NOTIC: [8] Undefined index: score F:\work\__App__\Api\Modules\Api\Action\PublicAction.class.php 第 1395 行.
NOTIC: [8] Undefined index: player_id F:\work\__App__\Api\Modules\Api\Action\PublicAction.class.php 第 1395 行.
NOTIC: [8] Undefined index: score F:\work\__App__\Api\Modules\Api\Action\PublicAction.class.php 第 1395 行.
NOTIC: [8] Undefined index: player_id F:\work\__App__\Api\Modules\Api\Action\PublicAction.class.php 第 1395 行.
NOTIC: [8] Undefined index: score F:\work\__App__\Api\Modules\Api\Action\PublicAction.class.php 第 1395 行.
NOTIC: [8] Undefined index: player_id F:\work\__App__\Api\Modules\Api\Action\PublicAction.class.php 第 1395 行.
NOTIC: [8] Undefined index: score F:\work\__App__\Api\Modules\Api\Action\PublicAction.class.php 第 1395 行.
NOTIC: [8] Undefined index: player_id F:\work\__App__\Api\Modules\Api\Action\PublicAction.class.php 第 1395 行.
NOTIC: [8] Undefined index: score F:\work\__App__\Api\Modules\Api\Action\PublicAction.class.php 第 1395 行.
NOTIC: [8] Undefined index: player_id F:\work\__App__\Api\Modules\Api\Action\PublicAction.class.php 第 1395 行.
NOTIC: [8] Undefined index: score F:\work\__App__\Api\Modules\Api\Action\PublicAction.class.php 第 1395 行.
NOTIC: [8] Undefined index: player_id F:\work\__App__\Api\Modules\Api\Action\PublicAction.class.php 第 1395 行.
NOTIC: [8] Undefined index: score F:\work\__App__\Api\Modules\Api\Action\PublicAction.class.php 第 1395 行.
NOTIC: [8] Undefined index: player_id F:\work\__App__\Api\Modules\Api\Action\PublicAction.class.php 第 1395 行.
NOTIC: [8] Undefined index: score F:\work\__App__\Api\Modules\Api\Action\PublicAction.class.php 第 1395 行.
NOTIC: [8] Undefined index: player_id F:\work\__App__\Api\Modules\Api\Action\PublicAction.class.php 第 1395 行.
NOTIC: [8] Undefined index: score F:\work\__App__\Api\Modules\Api\Action\PublicAction.class.php 第 1395 行.
NOTIC: [8] Undefined index: player_id F:\work\__App__\Api\Modules\Api\Action\PublicAction.class.php 第 1395 行.
NOTIC: [8] Undefined index: score F:\work\__App__\Api\Modules\Api\Action\PublicAction.class.php 第 1395 行.
NOTIC: [8] Undefined index: player_id F:\work\__App__\Api\Modules\Api\Action\PublicAction.class.php 第 1395 行.
NOTIC: [8] Undefined index: score F:\work\__App__\Api\Modules\Api\Action\PublicAction.class.php 第 1395 行.
NOTIC: [8] Undefined index: player_id F:\work\__App__\Api\Modules\Api\Action\PublicAction.class.php 第 1395 行.
NOTIC: [8] Undefined index: score F:\work\__App__\Api\Modules\Api\Action\PublicAction.class.php 第 1395 行.
NOTIC: [8] Undefined index: player_id F:\work\__App__\Api\Modules\Api\Action\PublicAction.class.php 第 1395 行.
NOTIC: [8] Undefined index: score F:\work\__App__\Api\Modules\Api\Action\PublicAction.class.php 第 1395 行.
NOTIC: [8] Undefined index: player_id F:\work\__App__\Api\Modules\Api\Action\PublicAction.class.php 第 1395 行.
NOTIC: [8] Undefined index: score F:\work\__App__\Api\Modules\Api\Action\PublicAction.class.php 第 1395 行.
NOTIC: [8] Undefined index: player_id F:\work\__App__\Api\Modules\Api\Action\PublicAction.class.php 第 1395 行.
NOTIC: [8] Undefined index: score F:\work\__App__\Api\Modules\Api\Action\PublicAction.class.php 第 1395 行.
NOTIC: [8] Undefined index: player_id F:\work\__App__\Api\Modules\Api\Action\PublicAction.class.php 第 1395 行.
NOTIC: [8] Undefined index: score F:\work\__App__\Api\Modules\Api\Action\PublicAction.class.php 第 1395 行.
NOTIC: [8] Undefined index: player_id F:\work\__App__\Api\Modules\Api\Action\PublicAction.class.php 第 1395 行.
NOTIC: [8] Undefined index: score F:\work\__App__\Api\Modules\Api\Action\PublicAction.class.php 第 1395 行.
NOTIC: [8] Undefined index: player_id F:\work\__App__\Api\Modules\Api\Action\PublicAction.class.php 第 1395 行.
NOTIC: [8] Undefined index: score F:\work\__App__\Api\Modules\Api\Action\PublicAction.class.php 第 1395 行.
NOTIC: [8] Undefined index: player_id F:\work\__App__\Api\Modules\Api\Action\PublicAction.class.php 第 1395 行.
NOTIC: [8] Undefined index: score F:\work\__App__\Api\Modules\Api\Action\PublicAction.class.php 第 1395 行.
NOTIC: [8] Undefined index: player_id F:\work\__App__\Api\Modules\Api\Action\PublicAction.class.php 第 1395 行.
NOTIC: [8] Undefined index: score F:\work\__App__\Api\Modules\Api\Action\PublicAction.class.php 第 1395 行.
NOTIC: [8] Undefined index: player_id F:\work\__App__\Api\Modules\Api\Action\PublicAction.class.php 第 1395 行.
NOTIC: [8] Undefined index: score F:\work\__App__\Api\Modules\Api\Action\PublicAction.class.php 第 1395 行.
NOTIC: [8] Undefined index: player_id F:\work\__App__\Api\Modules\Api\Action\PublicAction.class.php 第 1395 行.
NOTIC: [8] Undefined index: score F:\work\__App__\Api\Modules\Api\Action\PublicAction.class.php 第 1395 行.
NOTIC: [8] Undefined index: player_id F:\work\__App__\Api\Modules\Api\Action\PublicAction.class.php 第 1395 行.
NOTIC: [8] Undefined index: score F:\work\__App__\Api\Modules\Api\Action\PublicAction.class.php 第 1395 行.
NOTIC: [8] Undefined index: player_id F:\work\__App__\Api\Modules\Api\Action\PublicAction.class.php 第 1395 行.
NOTIC: [8] Undefined index: score F:\work\__App__\Api\Modules\Api\Action\PublicAction.class.php 第 1395 行.
NOTIC: [8] Undefined index: player_id F:\work\__App__\Api\Modules\Api\Action\PublicAction.class.php 第 1395 行.
NOTIC: [8] Undefined index: score F:\work\__App__\Api\Modules\Api\Action\PublicAction.class.php 第 1395 行.
NOTIC: [8] Undefined index: player_id F:\work\__App__\Api\Modules\Api\Action\PublicAction.class.php 第 1395 行.
NOTIC: [8] Undefined index: score F:\work\__App__\Api\Modules\Api\Action\PublicAction.class.php 第 1395 行.
NOTIC: [8] Undefined index: player_id F:\work\__App__\Api\Modules\Api\Action\PublicAction.class.php 第 1395 行.
NOTIC: [8] Undefined index: score F:\work\__App__\Api\Modules\Api\Action\PublicAction.class.php 第 1395 行.
NOTIC: [8] Undefined index: player_id F:\work\__App__\Api\Modules\Api\Action\PublicAction.class.php 第 1395 行.
NOTIC: [8] Undefined index: score F:\work\__App__\Api\Modules\Api\Action\PublicAction.class.php 第 1395 行.
NOTIC: [8] Undefined index: player_id F:\work\__App__\Api\Modules\Api\Action\PublicAction.class.php 第 1395 行.
NOTIC: [8] Undefined index: score F:\work\__App__\Api\Modules\Api\Action\PublicAction.class.php 第 1395 行.
NOTIC: [8] Undefined index: player_id F:\work\__App__\Api\Modules\Api\Action\PublicAction.class.php 第 1395 行.
NOTIC: [8] Undefined index: score F:\work\__App__\Api\Modules\Api\Action\PublicAction.class.php 第 1395 行.
NOTIC: [8] Undefined index: player_id F:\work\__App__\Api\Modules\Api\Action\PublicAction.class.php 第 1395 行.
NOTIC: [8] Undefined index: score F:\work\__App__\Api\Modules\Api\Action\PublicAction.class.php 第 1395 行.
NOTIC: [8] Undefined index: player_id F:\work\__App__\Api\Modules\Api\Action\PublicAction.class.php 第 1395 行.
NOTIC: [8] Undefined index: score F:\work\__App__\Api\Modules\Api\Action\PublicAction.class.php 第 1395 行.
NOTIC: [8] Undefined index: player_id F:\work\__App__\Api\Modules\Api\Action\PublicAction.class.php 第 1395 行.
NOTIC: [8] Undefined index: score F:\work\__App__\Api\Modules\Api\Action\PublicAction.class.php 第 1395 行.
NOTIC: [8] Undefined index: player_id F:\work\__App__\Api\Modules\Api\Action\PublicAction.class.php 第 1395 行.
NOTIC: [8] Undefined index: score F:\work\__App__\Api\Modules\Api\Action\PublicAction.class.php 第 1395 行.
NOTIC: [8] Undefined index: player_id F:\work\__App__\Api\Modules\Api\Action\PublicAction.class.php 第 1395 行.
NOTIC: [8] Undefined index: score F:\work\__App__\Api\Modules\Api\Action\PublicAction.class.php 第 1395 行.
NOTIC: [8] Undefined index: player_id F:\work\__App__\Api\Modules\Api\Action\PublicAction.class.php 第 1395 行.
NOTIC: [8] Undefined index: score F:\work\__App__\Api\Modules\Api\Action\PublicAction.class.php 第 1395 行.
NOTIC: [8] Undefined index: player_id F:\work\__App__\Api\Modules\Api\Action\PublicAction.class.php 第 1395 行.
NOTIC: [8] Undefined index: score F:\work\__App__\Api\Modules\Api\Action\PublicAction.class.php 第 1395 行.
NOTIC: [8192] preg_replace(): The /e modifier is deprecated, use preg_replace_callback instead F:\ThinkPHP\Lib\Core\Db.class.php 第 601 行.
SQL: SELECT `id`,`lineup` FROM `fa_champion_lineup` WHERE ( champion_id =3 )  [ RunTime:0.000000s ]
SQL: UPDATE `fa_champion_lineup` SET `lineup_score`=4164 WHERE ( id = 2 ) [ RunTime:0.076004s ]
SQL: UPDATE `fa_user_champion` SET `lineup_score`=4164 WHERE ( lineup_id = 2 ) [ RunTime:0.067004s ]
SQL: UPDATE `fa_champion_lineup` SET `lineup_score`=3405 WHERE ( id = 3 ) [ RunTime:0.066004s ]
SQL: UPDATE `fa_user_champion` SET `lineup_score`=3405 WHERE ( lineup_id = 3 ) [ RunTime:0.066004s ]

