[ 2017-06-26T16:57:29+08:00 ] 127.0.0.1 /index.php?g=api&m=public&a=update_champion_data?id=3
NOTIC: [8192] preg_replace(): The /e modifier is deprecated, use preg_replace_callback instead F:\ThinkPHP\Common\common.php 第 171 行.
INFO: [ app_begin ] --START--
INFO: Run ReadHtmlCache Behavior [ RunTime:0.001000s ]
INFO: [ app_begin ] --END-- [ RunTime:0.001000s ]
NOTIC: [8] Memcache::connect():  F:\ThinkPHP\Extend\Driver\Session\SessionMemcache.class.php 第 38 行.
NOTIC: [2] Memcache::connect():  F:\ThinkPHP\Extend\Driver\Session\SessionMemcache.class.php 第 38 行.
NOTIC: 建议使用I方法替代_request
NOTIC: 建议使用I方法替代_request
ERR: 非法操作:update_champion_data?id=3

[ 2017-06-26T16:58:21+08:00 ] 127.0.0.1 /index.php?g=api&m=public&a=update_champion_data
NOTIC: [8192] preg_replace(): The /e modifier is deprecated, use preg_replace_callback instead F:\ThinkPHP\Common\common.php 第 171 行.
INFO: [ app_begin ] --START--
INFO: Run ReadHtmlCache Behavior [ RunTime:0.000000s ]
INFO: [ app_begin ] --END-- [ RunTime:0.001000s ]
NOTIC: [8] Memcache::connect():  F:\ThinkPHP\Extend\Driver\Session\SessionMemcache.class.php 第 38 行.
NOTIC: [2] Memcache::connect():  F:\ThinkPHP\Extend\Driver\Session\SessionMemcache.class.php 第 38 行.
NOTIC: 建议使用I方法替代_request
NOTIC: 建议使用I方法替代_request
SQL: SHOW COLUMNS FROM `fa_champion` [ RunTime:0.002000s ]
NOTIC: [8192] preg_replace(): The /e modifier is deprecated, use preg_replace_callback instead F:\ThinkPHP\Lib\Core\Db.class.php 第 601 行.
SQL: SELECT `project_id`,`match_end_time`,`match_id` FROM `fa_champion` WHERE ( id =0 ) LIMIT 1   [ RunTime:0.001000s ]
SQL: SHOW COLUMNS FROM `fa_match_list` [ RunTime:0.002000s ]
NOTIC: [8192] preg_replace(): The /e modifier is deprecated, use preg_replace_callback instead F:\ThinkPHP\Lib\Core\Db.class.php 第 601 行.
SQL: SELECT * FROM `fa_match_list` WHERE ( match_name_id =  )  [ RunTime:0.001000s ]
ERR: 1064:You have an error in your SQL syntax; check the manual that corresponds to your MySQL server version for the right syntax to use near ')' at line 1
 [ SQL语句 ] : SELECT * FROM `fa_match_list` WHERE ( match_name_id =  ) 

[ 2017-06-26T16:58:33+08:00 ] 127.0.0.1 /index.php?g=api&m=public&a=update_champion_data
NOTIC: [8192] preg_replace(): The /e modifier is deprecated, use preg_replace_callback instead F:\ThinkPHP\Common\common.php 第 171 行.
INFO: [ app_begin ] --START--
INFO: Run ReadHtmlCache Behavior [ RunTime:0.001000s ]
INFO: [ app_begin ] --END-- [ RunTime:0.001000s ]
NOTIC: [8] Memcache::connect():  F:\ThinkPHP\Extend\Driver\Session\SessionMemcache.class.php 第 38 行.
NOTIC: [2] Memcache::connect():  F:\ThinkPHP\Extend\Driver\Session\SessionMemcache.class.php 第 38 行.
NOTIC: 建议使用I方法替代_request
NOTIC: 建议使用I方法替代_request
SQL: SHOW COLUMNS FROM `fa_champion` [ RunTime:0.000000s ]
NOTIC: [8192] preg_replace(): The /e modifier is deprecated, use preg_replace_callback instead F:\ThinkPHP\Lib\Core\Db.class.php 第 601 行.
SQL: SELECT `project_id`,`match_end_time`,`match_id` FROM `fa_champion` WHERE ( id =0 ) LIMIT 1   [ RunTime:0.000000s ]
SQL: SHOW COLUMNS FROM `fa_match_list` [ RunTime:0.000000s ]
NOTIC: [8192] preg_replace(): The /e modifier is deprecated, use preg_replace_callback instead F:\ThinkPHP\Lib\Core\Db.class.php 第 601 行.
SQL: SELECT * FROM `fa_match_list` WHERE ( match_name_id =  )  [ RunTime:0.000000s ]
ERR: 1064:You have an error in your SQL syntax; check the manual that corresponds to your MySQL server version for the right syntax to use near ')' at line 1
 [ SQL语句 ] : SELECT * FROM `fa_match_list` WHERE ( match_name_id =  ) 

[ 2017-06-26T16:58:53+08:00 ] 127.0.0.1 /index.php?g=api&m=public&a=update_champion_data
NOTIC: [8192] preg_replace(): The /e modifier is deprecated, use preg_replace_callback instead F:\ThinkPHP\Common\common.php 第 171 行.
INFO: [ app_begin ] --START--
INFO: Run ReadHtmlCache Behavior [ RunTime:0.001000s ]
INFO: [ app_begin ] --END-- [ RunTime:0.001000s ]
NOTIC: [8] Memcache::connect():  F:\ThinkPHP\Extend\Driver\Session\SessionMemcache.class.php 第 38 行.
NOTIC: [2] Memcache::connect():  F:\ThinkPHP\Extend\Driver\Session\SessionMemcache.class.php 第 38 行.
NOTIC: 建议使用I方法替代_request
NOTIC: 建议使用I方法替代_request
SQL: SHOW COLUMNS FROM `fa_champion` [ RunTime:0.000000s ]
NOTIC: [8192] preg_replace(): The /e modifier is deprecated, use preg_replace_callback instead F:\ThinkPHP\Lib\Core\Db.class.php 第 601 行.
SQL: SELECT `project_id`,`match_end_time`,`match_id` FROM `fa_champion` WHERE ( id =0 ) LIMIT 1   [ RunTime:0.000000s ]
SQL: SHOW COLUMNS FROM `fa_match_list` [ RunTime:0.000000s ]
NOTIC: [8192] preg_replace(): The /e modifier is deprecated, use preg_replace_callback instead F:\ThinkPHP\Lib\Core\Db.class.php 第 601 行.
SQL: SELECT * FROM `fa_match_list` WHERE ( match_name_id =  )  [ RunTime:0.000000s ]
ERR: 1064:You have an error in your SQL syntax; check the manual that corresponds to your MySQL server version for the right syntax to use near ')' at line 1
 [ SQL语句 ] : SELECT * FROM `fa_match_list` WHERE ( match_name_id =  ) 

[ 2017-06-26T16:59:10+08:00 ] 127.0.0.1 /index.php?g=api&m=public&a=update_champion_data
NOTIC: [8192] preg_replace(): The /e modifier is deprecated, use preg_replace_callback instead F:\ThinkPHP\Common\common.php 第 171 行.
INFO: [ app_begin ] --START--
INFO: Run ReadHtmlCache Behavior [ RunTime:0.001000s ]
INFO: [ app_begin ] --END-- [ RunTime:0.001000s ]
NOTIC: [8] Memcache::connect():  F:\ThinkPHP\Extend\Driver\Session\SessionMemcache.class.php 第 38 行.
NOTIC: [2] Memcache::connect():  F:\ThinkPHP\Extend\Driver\Session\SessionMemcache.class.php 第 38 行.
NOTIC: 建议使用I方法替代_request
NOTIC: 建议使用I方法替代_request
SQL: SHOW COLUMNS FROM `fa_champion` [ RunTime:0.000000s ]
NOTIC: [8192] preg_replace(): The /e modifier is deprecated, use preg_replace_callback instead F:\ThinkPHP\Lib\Core\Db.class.php 第 601 行.
SQL: SELECT `project_id`,`match_end_time`,`match_id` FROM `fa_champion` WHERE ( id =0 ) LIMIT 1   [ RunTime:0.000000s ]

[ 2017-06-26T16:59:25+08:00 ] 127.0.0.1 /index.php?g=api&m=public&a=update_champion_data
NOTIC: [8192] preg_replace(): The /e modifier is deprecated, use preg_replace_callback instead F:\ThinkPHP\Common\common.php 第 171 行.
INFO: [ app_begin ] --START--
INFO: Run ReadHtmlCache Behavior [ RunTime:0.000000s ]
INFO: [ app_begin ] --END-- [ RunTime:0.000000s ]
NOTIC: [8] Memcache::connect():  F:\ThinkPHP\Extend\Driver\Session\SessionMemcache.class.php 第 38 行.
NOTIC: [2] Memcache::connect():  F:\ThinkPHP\Extend\Driver\Session\SessionMemcache.class.php 第 38 行.
NOTIC: 建议使用I方法替代_request
NOTIC: 建议使用I方法替代_request
SQL: SHOW COLUMNS FROM `fa_champion` [ RunTime:0.000000s ]
NOTIC: [8192] preg_replace(): The /e modifier is deprecated, use preg_replace_callback instead F:\ThinkPHP\Lib\Core\Db.class.php 第 601 行.
SQL: SELECT `project_id`,`match_end_time`,`match_id` FROM `fa_champion` WHERE ( id =0 ) LIMIT 1   [ RunTime:0.000000s ]

[ 2017-06-26T16:59:44+08:00 ] 127.0.0.1 /index.php?g=api&m=public&a=update_champion_data
NOTIC: [8192] preg_replace(): The /e modifier is deprecated, use preg_replace_callback instead F:\ThinkPHP\Common\common.php 第 171 行.
INFO: [ app_begin ] --START--
INFO: Run ReadHtmlCache Behavior [ RunTime:0.001000s ]
INFO: [ app_begin ] --END-- [ RunTime:0.001000s ]
NOTIC: [8] Memcache::connect():  F:\ThinkPHP\Extend\Driver\Session\SessionMemcache.class.php 第 38 行.
NOTIC: [2] Memcache::connect():  F:\ThinkPHP\Extend\Driver\Session\SessionMemcache.class.php 第 38 行.
NOTIC: 建议使用I方法替代_request
NOTIC: 建议使用I方法替代_request
SQL: SHOW COLUMNS FROM `fa_champion` [ RunTime:0.000000s ]
NOTIC: [8192] preg_replace(): The /e modifier is deprecated, use preg_replace_callback instead F:\ThinkPHP\Lib\Core\Db.class.php 第 601 行.
SQL: SELECT * FROM `fa_champion` WHERE ( id =0 ) LIMIT 1   [ RunTime:0.000000s ]

[ 2017-06-26T16:59:59+08:00 ] 127.0.0.1 /index.php?g=api&m=public&a=update_champion_data
NOTIC: [8192] preg_replace(): The /e modifier is deprecated, use preg_replace_callback instead F:\ThinkPHP\Common\common.php 第 171 行.
INFO: [ app_begin ] --START--
INFO: Run ReadHtmlCache Behavior [ RunTime:0.001000s ]
INFO: [ app_begin ] --END-- [ RunTime:0.001000s ]
NOTIC: [8] Memcache::connect():  F:\ThinkPHP\Extend\Driver\Session\SessionMemcache.class.php 第 38 行.
NOTIC: [2] Memcache::connect():  F:\ThinkPHP\Extend\Driver\Session\SessionMemcache.class.php 第 38 行.
NOTIC: 建议使用I方法替代_request
NOTIC: 建议使用I方法替代_request
SQL: SHOW COLUMNS FROM `fa_champion` [ RunTime:0.002000s ]
NOTIC: [8192] preg_replace(): The /e modifier is deprecated, use preg_replace_callback instead F:\ThinkPHP\Lib\Core\Db.class.php 第 601 行.
SQL: SELECT * FROM `fa_champion` WHERE ( id =0 ) LIMIT 1   [ RunTime:0.000000s ]

[ 2017-06-26T17:00:19+08:00 ] 127.0.0.1 /index.php?g=api&m=public&a=update_champion_data
NOTIC: [8192] preg_replace(): The /e modifier is deprecated, use preg_replace_callback instead F:\ThinkPHP\Common\common.php 第 171 行.
INFO: [ app_begin ] --START--
INFO: Run ReadHtmlCache Behavior [ RunTime:0.000000s ]
INFO: [ app_begin ] --END-- [ RunTime:0.001000s ]
NOTIC: [8] Memcache::connect():  F:\ThinkPHP\Extend\Driver\Session\SessionMemcache.class.php 第 38 行.
NOTIC: [2] Memcache::connect():  F:\ThinkPHP\Extend\Driver\Session\SessionMemcache.class.php 第 38 行.
NOTIC: 建议使用I方法替代_request
NOTIC: 建议使用I方法替代_request
SQL: SHOW COLUMNS FROM `fa_champion` [ RunTime:0.000000s ]
NOTIC: [8192] preg_replace(): The /e modifier is deprecated, use preg_replace_callback instead F:\ThinkPHP\Lib\Core\Db.class.php 第 601 行.
SQL: SELECT * FROM `fa_champion` WHERE ( id =0 ) LIMIT 1   [ RunTime:0.000000s ]

[ 2017-06-26T17:00:47+08:00 ] 127.0.0.1 /index.php?g=api&m=public&a=update_champion_data&id=3
NOTIC: [8192] preg_replace(): The /e modifier is deprecated, use preg_replace_callback instead F:\ThinkPHP\Common\common.php 第 171 行.
INFO: [ app_begin ] --START--
INFO: Run ReadHtmlCache Behavior [ RunTime:0.000000s ]
INFO: [ app_begin ] --END-- [ RunTime:0.000000s ]
NOTIC: [8] Memcache::connect():  F:\ThinkPHP\Extend\Driver\Session\SessionMemcache.class.php 第 38 行.
NOTIC: [2] Memcache::connect():  F:\ThinkPHP\Extend\Driver\Session\SessionMemcache.class.php 第 38 行.
NOTIC: 建议使用I方法替代_request
NOTIC: 建议使用I方法替代_request
SQL: SHOW COLUMNS FROM `fa_champion` [ RunTime:0.000000s ]
NOTIC: [8192] preg_replace(): The /e modifier is deprecated, use preg_replace_callback instead F:\ThinkPHP\Lib\Core\Db.class.php 第 601 行.
SQL: SELECT * FROM `fa_champion` WHERE ( id =3 ) LIMIT 1   [ RunTime:0.000000s ]

[ 2017-06-26T17:00:56+08:00 ] 127.0.0.1 /index.php?g=api&m=public&a=update_champion_data&id=3
NOTIC: [8192] preg_replace(): The /e modifier is deprecated, use preg_replace_callback instead F:\ThinkPHP\Common\common.php 第 171 行.
INFO: [ app_begin ] --START--
INFO: Run ReadHtmlCache Behavior [ RunTime:0.004000s ]
INFO: [ app_begin ] --END-- [ RunTime:0.004000s ]
NOTIC: [8] Memcache::connect():  F:\ThinkPHP\Extend\Driver\Session\SessionMemcache.class.php 第 38 行.
NOTIC: [2] Memcache::connect():  F:\ThinkPHP\Extend\Driver\Session\SessionMemcache.class.php 第 38 行.
NOTIC: 建议使用I方法替代_request
NOTIC: 建议使用I方法替代_request
SQL: SHOW COLUMNS FROM `fa_champion` [ RunTime:0.000000s ]
NOTIC: [8192] preg_replace(): The /e modifier is deprecated, use preg_replace_callback instead F:\ThinkPHP\Lib\Core\Db.class.php 第 601 行.
SQL: SELECT `project_id`,`match_end_time`,`match_id` FROM `fa_champion` WHERE ( id =3 ) LIMIT 1   [ RunTime:0.000000s ]
SQL: SHOW COLUMNS FROM `fa_match_list` [ RunTime:0.001000s ]
NOTIC: [8192] preg_replace(): The /e modifier is deprecated, use preg_replace_callback instead F:\ThinkPHP\Lib\Core\Db.class.php 第 601 行.
SQL: SELECT * FROM `fa_match_list` WHERE ( match_name_id = 2 )  [ RunTime:0.001000s ]
SQL: SHOW COLUMNS FROM `fa_player_match_data_dota2` [ RunTime:0.000000s ]
NOTIC: [8192] preg_replace(): The /e modifier is deprecated, use preg_replace_callback instead F:\ThinkPHP\Lib\Core\Db.class.php 第 601 行.
SQL: SELECT * FROM `fa_player_match_data_dota2` WHERE ( match_id =11824 )  [ RunTime:0.000000s ]
NOTIC: [8192] preg_replace(): The /e modifier is deprecated, use preg_replace_callback instead F:\ThinkPHP\Lib\Core\Db.class.php 第 601 行.
SQL: SELECT * FROM `fa_player_match_data_dota2` WHERE ( match_id =11823 )  [ RunTime:0.000000s ]
NOTIC: [8192] preg_replace(): The /e modifier is deprecated, use preg_replace_callback instead F:\ThinkPHP\Lib\Core\Db.class.php 第 601 行.
SQL: SELECT * FROM `fa_player_match_data_dota2` WHERE ( match_id =11822 )  [ RunTime:0.015600s ]
NOTIC: [8192] preg_replace(): The /e modifier is deprecated, use preg_replace_callback instead F:\ThinkPHP\Lib\Core\Db.class.php 第 601 行.
SQL: SELECT * FROM `fa_player_match_data_dota2` WHERE ( match_id =11825 )  [ RunTime:0.000000s ]

[ 2017-06-26T17:02:06+08:00 ] 127.0.0.1 /index.php?g=api&m=public&a=update_champion_data&id=3
NOTIC: [8192] preg_replace(): The /e modifier is deprecated, use preg_replace_callback instead F:\ThinkPHP\Common\common.php 第 171 行.
INFO: [ app_begin ] --START--
INFO: Run ReadHtmlCache Behavior [ RunTime:0.002000s ]
INFO: [ app_begin ] --END-- [ RunTime:0.002000s ]
NOTIC: [8] Memcache::connect():  F:\ThinkPHP\Extend\Driver\Session\SessionMemcache.class.php 第 38 行.
NOTIC: [2] Memcache::connect():  F:\ThinkPHP\Extend\Driver\Session\SessionMemcache.class.php 第 38 行.
NOTIC: 建议使用I方法替代_request
NOTIC: 建议使用I方法替代_request
SQL: SHOW COLUMNS FROM `fa_champion` [ RunTime:0.000000s ]
NOTIC: [8192] preg_replace(): The /e modifier is deprecated, use preg_replace_callback instead F:\ThinkPHP\Lib\Core\Db.class.php 第 601 行.
SQL: SELECT `project_id`,`match_end_time`,`match_id` FROM `fa_champion` WHERE ( id =3 ) LIMIT 1   [ RunTime:0.000000s ]
SQL: SHOW COLUMNS FROM `fa_match_list` [ RunTime:0.000000s ]
NOTIC: [8192] preg_replace(): The /e modifier is deprecated, use preg_replace_callback instead F:\ThinkPHP\Lib\Core\Db.class.php 第 601 行.
SQL: SELECT * FROM `fa_match_list` WHERE ( match_name_id = 2 )  [ RunTime:0.000000s ]
SQL: SHOW COLUMNS FROM `fa_player_match_data_dota2` [ RunTime:0.000000s ]
NOTIC: [8192] preg_replace(): The /e modifier is deprecated, use preg_replace_callback instead F:\ThinkPHP\Lib\Core\Db.class.php 第 601 行.
SQL: SELECT * FROM `fa_player_match_data_dota2` WHERE ( match_id =11824 )  [ RunTime:0.000000s ]
NOTIC: [8192] preg_replace(): The /e modifier is deprecated, use preg_replace_callback instead F:\ThinkPHP\Lib\Core\Db.class.php 第 601 行.
SQL: SELECT * FROM `fa_player_match_data_dota2` WHERE ( match_id =11823 )  [ RunTime:0.000000s ]
NOTIC: [8192] preg_replace(): The /e modifier is deprecated, use preg_replace_callback instead F:\ThinkPHP\Lib\Core\Db.class.php 第 601 行.
SQL: SELECT * FROM `fa_player_match_data_dota2` WHERE ( match_id =11822 )  [ RunTime:0.000000s ]
NOTIC: [8192] preg_replace(): The /e modifier is deprecated, use preg_replace_callback instead F:\ThinkPHP\Lib\Core\Db.class.php 第 601 行.
SQL: SELECT * FROM `fa_player_match_data_dota2` WHERE ( match_id =11825 )  [ RunTime:0.000000s ]

[ 2017-06-26T17:02:47+08:00 ] 127.0.0.1 /index.php?g=api&m=public&a=update_champion_data&id=3
NOTIC: [8192] preg_replace(): The /e modifier is deprecated, use preg_replace_callback instead F:\ThinkPHP\Common\common.php 第 171 行.
INFO: [ app_begin ] --START--
INFO: Run ReadHtmlCache Behavior [ RunTime:0.001000s ]
INFO: [ app_begin ] --END-- [ RunTime:0.001000s ]
NOTIC: [8] Memcache::connect():  F:\ThinkPHP\Extend\Driver\Session\SessionMemcache.class.php 第 38 行.
NOTIC: [2] Memcache::connect():  F:\ThinkPHP\Extend\Driver\Session\SessionMemcache.class.php 第 38 行.
NOTIC: 建议使用I方法替代_request
NOTIC: 建议使用I方法替代_request
SQL: SHOW COLUMNS FROM `fa_champion` [ RunTime:0.002000s ]
NOTIC: [8192] preg_replace(): The /e modifier is deprecated, use preg_replace_callback instead F:\ThinkPHP\Lib\Core\Db.class.php 第 601 行.
SQL: SELECT `project_id`,`match_end_time`,`match_id` FROM `fa_champion` WHERE ( id =3 ) LIMIT 1   [ RunTime:0.000000s ]
SQL: SHOW COLUMNS FROM `fa_match_list` [ RunTime:0.000000s ]
NOTIC: [8192] preg_replace(): The /e modifier is deprecated, use preg_replace_callback instead F:\ThinkPHP\Lib\Core\Db.class.php 第 601 行.
SQL: SELECT * FROM `fa_match_list` WHERE ( match_name_id = 2 )  [ RunTime:0.000000s ]
SQL: SHOW COLUMNS FROM `fa_player_match_data_dota2` [ RunTime:0.000000s ]
NOTIC: [8192] preg_replace(): The /e modifier is deprecated, use preg_replace_callback instead F:\ThinkPHP\Lib\Core\Db.class.php 第 601 行.
SQL: SELECT `player_id`,`scores` FROM `fa_player_match_data_dota2` WHERE ( match_id =11824 )  [ RunTime:0.000000s ]
NOTIC: [8192] preg_replace(): The /e modifier is deprecated, use preg_replace_callback instead F:\ThinkPHP\Lib\Core\Db.class.php 第 601 行.
SQL: SELECT `player_id`,`scores` FROM `fa_player_match_data_dota2` WHERE ( match_id =11823 )  [ RunTime:0.000000s ]
NOTIC: [8192] preg_replace(): The /e modifier is deprecated, use preg_replace_callback instead F:\ThinkPHP\Lib\Core\Db.class.php 第 601 行.
SQL: SELECT `player_id`,`scores` FROM `fa_player_match_data_dota2` WHERE ( match_id =11822 )  [ RunTime:0.000000s ]
NOTIC: [8192] preg_replace(): The /e modifier is deprecated, use preg_replace_callback instead F:\ThinkPHP\Lib\Core\Db.class.php 第 601 行.
SQL: SELECT `player_id`,`scores` FROM `fa_player_match_data_dota2` WHERE ( match_id =11825 )  [ RunTime:0.015600s ]

[ 2017-06-26T17:09:02+08:00 ] 127.0.0.1 /index.php?g=api&m=public&a=update_champion_data&id=3
NOTIC: [8192] preg_replace(): The /e modifier is deprecated, use preg_replace_callback instead F:\ThinkPHP\Common\common.php 第 171 行.
INFO: [ app_begin ] --START--
INFO: Run ReadHtmlCache Behavior [ RunTime:0.001000s ]
INFO: [ app_begin ] --END-- [ RunTime:0.001000s ]
NOTIC: [8] Memcache::connect():  F:\ThinkPHP\Extend\Driver\Session\SessionMemcache.class.php 第 38 行.
NOTIC: [2] Memcache::connect():  F:\ThinkPHP\Extend\Driver\Session\SessionMemcache.class.php 第 38 行.
NOTIC: 建议使用I方法替代_request
NOTIC: 建议使用I方法替代_request
SQL: SHOW COLUMNS FROM `fa_champion` [ RunTime:0.000000s ]
NOTIC: [8192] preg_replace(): The /e modifier is deprecated, use preg_replace_callback instead F:\ThinkPHP\Lib\Core\Db.class.php 第 601 行.
SQL: SELECT `project_id`,`match_end_time`,`match_id` FROM `fa_champion` WHERE ( id =3 ) LIMIT 1   [ RunTime:0.000000s ]
SQL: SHOW COLUMNS FROM `fa_match_list` [ RunTime:0.000000s ]
NOTIC: [8192] preg_replace(): The /e modifier is deprecated, use preg_replace_callback instead F:\ThinkPHP\Lib\Core\Db.class.php 第 601 行.
SQL: SELECT * FROM `fa_match_list` WHERE ( match_name_id = 2 )  [ RunTime:0.000000s ]
SQL: SHOW COLUMNS FROM `fa_player_match_data_dota2` [ RunTime:0.000000s ]
NOTIC: [8192] preg_replace(): The /e modifier is deprecated, use preg_replace_callback instead F:\ThinkPHP\Lib\Core\Db.class.php 第 601 行.
SQL: SELECT `player_id`,`scores` FROM `fa_player_match_data_dota2` WHERE ( match_id =11824 )  [ RunTime:0.000000s ]
NOTIC: [8192] preg_replace(): The /e modifier is deprecated, use preg_replace_callback instead F:\ThinkPHP\Lib\Core\Db.class.php 第 601 行.
SQL: SELECT `player_id`,`scores` FROM `fa_player_match_data_dota2` WHERE ( match_id =11823 )  [ RunTime:0.000000s ]
NOTIC: [8192] preg_replace(): The /e modifier is deprecated, use preg_replace_callback instead F:\ThinkPHP\Lib\Core\Db.class.php 第 601 行.
SQL: SELECT `player_id`,`scores` FROM `fa_player_match_data_dota2` WHERE ( match_id =11822 )  [ RunTime:0.000000s ]
NOTIC: [8192] preg_replace(): The /e modifier is deprecated, use preg_replace_callback instead F:\ThinkPHP\Lib\Core\Db.class.php 第 601 行.
SQL: SELECT `player_id`,`scores` FROM `fa_player_match_data_dota2` WHERE ( match_id =11825 )  [ RunTime:0.000000s ]
NOTIC: [8] Undefined index: id F:\work\__App__\Api\Modules\Api\Action\PublicAction.class.php 第 1382 行.
NOTIC: [8] Undefined index: id F:\work\__App__\Api\Modules\Api\Action\PublicAction.class.php 第 1382 行.
NOTIC: [8] Undefined index: id F:\work\__App__\Api\Modules\Api\Action\PublicAction.class.php 第 1382 行.
NOTIC: [8] Undefined index: id F:\work\__App__\Api\Modules\Api\Action\PublicAction.class.php 第 1382 行.
NOTIC: [8] Undefined index: id F:\work\__App__\Api\Modules\Api\Action\PublicAction.class.php 第 1382 行.
NOTIC: [8] Undefined index: id F:\work\__App__\Api\Modules\Api\Action\PublicAction.class.php 第 1382 行.
NOTIC: [8] Undefined index: id F:\work\__App__\Api\Modules\Api\Action\PublicAction.class.php 第 1382 行.
NOTIC: [8] Undefined index: id F:\work\__App__\Api\Modules\Api\Action\PublicAction.class.php 第 1382 行.
NOTIC: [8] Undefined index: id F:\work\__App__\Api\Modules\Api\Action\PublicAction.class.php 第 1382 行.
NOTIC: [8] Undefined index: id F:\work\__App__\Api\Modules\Api\Action\PublicAction.class.php 第 1382 行.
NOTIC: [8] Undefined index: id F:\work\__App__\Api\Modules\Api\Action\PublicAction.class.php 第 1382 行.
NOTIC: [8] Undefined index: id F:\work\__App__\Api\Modules\Api\Action\PublicAction.class.php 第 1382 行.
NOTIC: [8] Undefined index: id F:\work\__App__\Api\Modules\Api\Action\PublicAction.class.php 第 1382 行.
NOTIC: [8] Undefined index: id F:\work\__App__\Api\Modules\Api\Action\PublicAction.class.php 第 1382 行.
NOTIC: [8] Undefined index: id F:\work\__App__\Api\Modules\Api\Action\PublicAction.class.php 第 1382 行.
NOTIC: [8] Undefined index: id F:\work\__App__\Api\Modules\Api\Action\PublicAction.class.php 第 1382 行.
NOTIC: [8] Undefined index: id F:\work\__App__\Api\Modules\Api\Action\PublicAction.class.php 第 1382 行.
NOTIC: [8] Undefined index: id F:\work\__App__\Api\Modules\Api\Action\PublicAction.class.php 第 1382 行.
NOTIC: [8] Undefined index: id F:\work\__App__\Api\Modules\Api\Action\PublicAction.class.php 第 1382 行.
NOTIC: [8] Undefined index: id F:\work\__App__\Api\Modules\Api\Action\PublicAction.class.php 第 1382 行.
NOTIC: [8] Undefined index: id F:\work\__App__\Api\Modules\Api\Action\PublicAction.class.php 第 1382 行.
NOTIC: [8] Undefined index: id F:\work\__App__\Api\Modules\Api\Action\PublicAction.class.php 第 1382 行.
NOTIC: [8] Undefined index: id F:\work\__App__\Api\Modules\Api\Action\PublicAction.class.php 第 1382 行.
NOTIC: [8] Undefined index: id F:\work\__App__\Api\Modules\Api\Action\PublicAction.class.php 第 1382 行.
NOTIC: [8] Undefined index: id F:\work\__App__\Api\Modules\Api\Action\PublicAction.class.php 第 1382 行.
NOTIC: [8] Undefined index: id F:\work\__App__\Api\Modules\Api\Action\PublicAction.class.php 第 1382 行.
NOTIC: [8] Undefined index: id F:\work\__App__\Api\Modules\Api\Action\PublicAction.class.php 第 1382 行.
NOTIC: [8] Undefined index: id F:\work\__App__\Api\Modules\Api\Action\PublicAction.class.php 第 1382 行.
NOTIC: [8] Undefined index: id F:\work\__App__\Api\Modules\Api\Action\PublicAction.class.php 第 1382 行.
NOTIC: [8] Undefined index: id F:\work\__App__\Api\Modules\Api\Action\PublicAction.class.php 第 1382 行.
NOTIC: [8] Undefined index: id F:\work\__App__\Api\Modules\Api\Action\PublicAction.class.php 第 1382 行.
NOTIC: [8] Undefined index: id F:\work\__App__\Api\Modules\Api\Action\PublicAction.class.php 第 1382 行.
NOTIC: [8] Undefined index: id F:\work\__App__\Api\Modules\Api\Action\PublicAction.class.php 第 1382 行.
NOTIC: [8] Undefined index: id F:\work\__App__\Api\Modules\Api\Action\PublicAction.class.php 第 1382 行.
NOTIC: [8] Undefined index: id F:\work\__App__\Api\Modules\Api\Action\PublicAction.class.php 第 1382 行.
NOTIC: [8] Undefined index: id F:\work\__App__\Api\Modules\Api\Action\PublicAction.class.php 第 1382 行.
NOTIC: [8] Undefined index: id F:\work\__App__\Api\Modules\Api\Action\PublicAction.class.php 第 1382 行.
NOTIC: [8] Undefined index: id F:\work\__App__\Api\Modules\Api\Action\PublicAction.class.php 第 1382 行.
NOTIC: [8] Undefined index: id F:\work\__App__\Api\Modules\Api\Action\PublicAction.class.php 第 1382 行.
NOTIC: [8] Undefined index: id F:\work\__App__\Api\Modules\Api\Action\PublicAction.class.php 第 1382 行.
NOTIC: [8] Undefined index: id F:\work\__App__\Api\Modules\Api\Action\PublicAction.class.php 第 1382 行.

[ 2017-06-26T17:09:37+08:00 ] 127.0.0.1 /index.php?g=api&m=public&a=update_champion_data&id=3
NOTIC: [8192] preg_replace(): The /e modifier is deprecated, use preg_replace_callback instead F:\ThinkPHP\Common\common.php 第 171 行.
INFO: [ app_begin ] --START--
INFO: Run ReadHtmlCache Behavior [ RunTime:0.001000s ]
INFO: [ app_begin ] --END-- [ RunTime:0.001000s ]
NOTIC: [8] Memcache::connect():  F:\ThinkPHP\Extend\Driver\Session\SessionMemcache.class.php 第 38 行.
NOTIC: [2] Memcache::connect():  F:\ThinkPHP\Extend\Driver\Session\SessionMemcache.class.php 第 38 行.
NOTIC: 建议使用I方法替代_request
NOTIC: 建议使用I方法替代_request
SQL: SHOW COLUMNS FROM `fa_champion` [ RunTime:0.000000s ]
NOTIC: [8192] preg_replace(): The /e modifier is deprecated, use preg_replace_callback instead F:\ThinkPHP\Lib\Core\Db.class.php 第 601 行.
SQL: SELECT `project_id`,`match_end_time`,`match_id` FROM `fa_champion` WHERE ( id =3 ) LIMIT 1   [ RunTime:0.000000s ]
SQL: SHOW COLUMNS FROM `fa_match_list` [ RunTime:0.015600s ]
NOTIC: [8192] preg_replace(): The /e modifier is deprecated, use preg_replace_callback instead F:\ThinkPHP\Lib\Core\Db.class.php 第 601 行.
SQL: SELECT * FROM `fa_match_list` WHERE ( match_name_id = 2 )  [ RunTime:0.000000s ]
SQL: SHOW COLUMNS FROM `fa_player_match_data_dota2` [ RunTime:0.000000s ]
NOTIC: [8192] preg_replace(): The /e modifier is deprecated, use preg_replace_callback instead F:\ThinkPHP\Lib\Core\Db.class.php 第 601 行.
SQL: SELECT `player_id`,`scores` FROM `fa_player_match_data_dota2` WHERE ( match_id =11824 )  [ RunTime:0.000000s ]
NOTIC: [8192] preg_replace(): The /e modifier is deprecated, use preg_replace_callback instead F:\ThinkPHP\Lib\Core\Db.class.php 第 601 行.
SQL: SELECT `player_id`,`scores` FROM `fa_player_match_data_dota2` WHERE ( match_id =11823 )  [ RunTime:0.000000s ]
NOTIC: [8192] preg_replace(): The /e modifier is deprecated, use preg_replace_callback instead F:\ThinkPHP\Lib\Core\Db.class.php 第 601 行.
SQL: SELECT `player_id`,`scores` FROM `fa_player_match_data_dota2` WHERE ( match_id =11822 )  [ RunTime:0.000000s ]
NOTIC: [8192] preg_replace(): The /e modifier is deprecated, use preg_replace_callback instead F:\ThinkPHP\Lib\Core\Db.class.php 第 601 行.
SQL: SELECT `player_id`,`scores` FROM `fa_player_match_data_dota2` WHERE ( match_id =11825 )  [ RunTime:0.000000s ]

[ 2017-06-26T17:12:57+08:00 ] 127.0.0.1 /index.php?g=api&m=public&a=update_champion_data&id=3
NOTIC: [8192] preg_replace(): The /e modifier is deprecated, use preg_replace_callback instead F:\ThinkPHP\Common\common.php 第 171 行.
INFO: [ app_begin ] --START--
INFO: Run ReadHtmlCache Behavior [ RunTime:0.000000s ]
INFO: [ app_begin ] --END-- [ RunTime:0.000000s ]
NOTIC: [8] Memcache::connect():  F:\ThinkPHP\Extend\Driver\Session\SessionMemcache.class.php 第 38 行.
NOTIC: [2] Memcache::connect():  F:\ThinkPHP\Extend\Driver\Session\SessionMemcache.class.php 第 38 行.
NOTIC: 建议使用I方法替代_request
NOTIC: 建议使用I方法替代_request
SQL: SHOW COLUMNS FROM `fa_champion` [ RunTime:0.000000s ]
NOTIC: [8192] preg_replace(): The /e modifier is deprecated, use preg_replace_callback instead F:\ThinkPHP\Lib\Core\Db.class.php 第 601 行.
SQL: SELECT `project_id`,`match_end_time`,`match_id` FROM `fa_champion` WHERE ( id =3 ) LIMIT 1   [ RunTime:0.000000s ]
SQL: SHOW COLUMNS FROM `fa_match_list` [ RunTime:0.000000s ]
NOTIC: [8192] preg_replace(): The /e modifier is deprecated, use preg_replace_callback instead F:\ThinkPHP\Lib\Core\Db.class.php 第 601 行.
SQL: SELECT * FROM `fa_match_list` WHERE ( match_name_id = 2 )  [ RunTime:0.000000s ]
SQL: SHOW COLUMNS FROM `fa_player_match_data_dota2` [ RunTime:0.015600s ]
NOTIC: [8192] preg_replace(): The /e modifier is deprecated, use preg_replace_callback instead F:\ThinkPHP\Lib\Core\Db.class.php 第 601 行.
SQL: SELECT `player_id`,`scores` FROM `fa_player_match_data_dota2` WHERE ( match_id =11824 )  [ RunTime:0.000000s ]
NOTIC: [8192] preg_replace(): The /e modifier is deprecated, use preg_replace_callback instead F:\ThinkPHP\Lib\Core\Db.class.php 第 601 行.
SQL: SELECT `player_id`,`scores` FROM `fa_player_match_data_dota2` WHERE ( match_id =11823 )  [ RunTime:0.000000s ]
NOTIC: [8192] preg_replace(): The /e modifier is deprecated, use preg_replace_callback instead F:\ThinkPHP\Lib\Core\Db.class.php 第 601 行.
SQL: SELECT `player_id`,`scores` FROM `fa_player_match_data_dota2` WHERE ( match_id =11822 )  [ RunTime:0.000000s ]
NOTIC: [8192] preg_replace(): The /e modifier is deprecated, use preg_replace_callback instead F:\ThinkPHP\Lib\Core\Db.class.php 第 601 行.
SQL: SELECT `player_id`,`scores` FROM `fa_player_match_data_dota2` WHERE ( match_id =11825 )  [ RunTime:0.000000s ]

[ 2017-06-26T17:13:37+08:00 ] 127.0.0.1 /index.php?g=api&m=public&a=update_champion_data&id=3
NOTIC: [8192] preg_replace(): The /e modifier is deprecated, use preg_replace_callback instead F:\ThinkPHP\Common\common.php 第 171 行.
INFO: [ app_begin ] --START--
INFO: Run ReadHtmlCache Behavior [ RunTime:0.001000s ]
INFO: [ app_begin ] --END-- [ RunTime:0.001000s ]
NOTIC: [8] Memcache::connect():  F:\ThinkPHP\Extend\Driver\Session\SessionMemcache.class.php 第 38 行.
NOTIC: [2] Memcache::connect():  F:\ThinkPHP\Extend\Driver\Session\SessionMemcache.class.php 第 38 行.
NOTIC: 建议使用I方法替代_request
NOTIC: 建议使用I方法替代_request
SQL: SHOW COLUMNS FROM `fa_champion` [ RunTime:0.000000s ]
NOTIC: [8192] preg_replace(): The /e modifier is deprecated, use preg_replace_callback instead F:\ThinkPHP\Lib\Core\Db.class.php 第 601 行.
SQL: SELECT `project_id`,`match_end_time`,`match_id` FROM `fa_champion` WHERE ( id =3 ) LIMIT 1   [ RunTime:0.000000s ]
SQL: SHOW COLUMNS FROM `fa_match_list` [ RunTime:0.000000s ]
NOTIC: [8192] preg_replace(): The /e modifier is deprecated, use preg_replace_callback instead F:\ThinkPHP\Lib\Core\Db.class.php 第 601 行.
SQL: SELECT * FROM `fa_match_list` WHERE ( match_name_id = 2 )  [ RunTime:0.000000s ]
SQL: SHOW COLUMNS FROM `fa_player_match_data_dota2` [ RunTime:0.000000s ]
NOTIC: [8192] preg_replace(): The /e modifier is deprecated, use preg_replace_callback instead F:\ThinkPHP\Lib\Core\Db.class.php 第 601 行.
SQL: SELECT `player_id`,`scores` FROM `fa_player_match_data_dota2` WHERE ( match_id =11824 )  [ RunTime:0.000000s ]
NOTIC: [8192] preg_replace(): The /e modifier is deprecated, use preg_replace_callback instead F:\ThinkPHP\Lib\Core\Db.class.php 第 601 行.
SQL: SELECT `player_id`,`scores` FROM `fa_player_match_data_dota2` WHERE ( match_id =11823 )  [ RunTime:0.000000s ]
NOTIC: [8192] preg_replace(): The /e modifier is deprecated, use preg_replace_callback instead F:\ThinkPHP\Lib\Core\Db.class.php 第 601 行.
SQL: SELECT `player_id`,`scores` FROM `fa_player_match_data_dota2` WHERE ( match_id =11822 )  [ RunTime:0.000000s ]
NOTIC: [8192] preg_replace(): The /e modifier is deprecated, use preg_replace_callback instead F:\ThinkPHP\Lib\Core\Db.class.php 第 601 行.
SQL: SELECT `player_id`,`scores` FROM `fa_player_match_data_dota2` WHERE ( match_id =11825 )  [ RunTime:0.000000s ]

[ 2017-06-26T17:15:35+08:00 ] 127.0.0.1 /index.php?g=api&m=public&a=update_champion_data&id=3
NOTIC: [8192] preg_replace(): The /e modifier is deprecated, use preg_replace_callback instead F:\ThinkPHP\Common\common.php 第 171 行.
INFO: [ app_begin ] --START--
INFO: Run ReadHtmlCache Behavior [ RunTime:0.001000s ]
INFO: [ app_begin ] --END-- [ RunTime:0.001000s ]
NOTIC: [8] Memcache::connect():  F:\ThinkPHP\Extend\Driver\Session\SessionMemcache.class.php 第 38 行.
NOTIC: [2] Memcache::connect():  F:\ThinkPHP\Extend\Driver\Session\SessionMemcache.class.php 第 38 行.
NOTIC: 建议使用I方法替代_request
NOTIC: 建议使用I方法替代_request
SQL: SHOW COLUMNS FROM `fa_champion` [ RunTime:0.002000s ]
NOTIC: [8192] preg_replace(): The /e modifier is deprecated, use preg_replace_callback instead F:\ThinkPHP\Lib\Core\Db.class.php 第 601 行.
SQL: SELECT `project_id`,`match_end_time`,`match_id` FROM `fa_champion` WHERE ( id =3 ) LIMIT 1   [ RunTime:0.001000s ]
SQL: SHOW COLUMNS FROM `fa_match_list` [ RunTime:0.002000s ]
NOTIC: [8192] preg_replace(): The /e modifier is deprecated, use preg_replace_callback instead F:\ThinkPHP\Lib\Core\Db.class.php 第 601 行.
SQL: SELECT * FROM `fa_match_list` WHERE ( match_name_id = 2 )  [ RunTime:0.000000s ]
SQL: SHOW COLUMNS FROM `fa_player_match_data_dota2` [ RunTime:0.002000s ]
NOTIC: [8192] preg_replace(): The /e modifier is deprecated, use preg_replace_callback instead F:\ThinkPHP\Lib\Core\Db.class.php 第 601 行.
SQL: SELECT `player_id`,`scores` FROM `fa_player_match_data_dota2` WHERE ( match_id =11824 )  [ RunTime:0.000000s ]
NOTIC: [8192] preg_replace(): The /e modifier is deprecated, use preg_replace_callback instead F:\ThinkPHP\Lib\Core\Db.class.php 第 601 行.
SQL: SELECT `player_id`,`scores` FROM `fa_player_match_data_dota2` WHERE ( match_id =11823 )  [ RunTime:0.000000s ]
NOTIC: [8192] preg_replace(): The /e modifier is deprecated, use preg_replace_callback instead F:\ThinkPHP\Lib\Core\Db.class.php 第 601 行.
SQL: SELECT `player_id`,`scores` FROM `fa_player_match_data_dota2` WHERE ( match_id =11822 )  [ RunTime:0.001000s ]
NOTIC: [8192] preg_replace(): The /e modifier is deprecated, use preg_replace_callback instead F:\ThinkPHP\Lib\Core\Db.class.php 第 601 行.
SQL: SELECT `player_id`,`scores` FROM `fa_player_match_data_dota2` WHERE ( match_id =11825 )  [ RunTime:0.000000s ]

[ 2017-06-26T17:15:55+08:00 ] 127.0.0.1 /index.php?g=api&m=public&a=update_champion_data&id=3
NOTIC: [8192] preg_replace(): The /e modifier is deprecated, use preg_replace_callback instead F:\ThinkPHP\Common\common.php 第 171 行.
INFO: [ app_begin ] --START--
INFO: Run ReadHtmlCache Behavior [ RunTime:0.001000s ]
INFO: [ app_begin ] --END-- [ RunTime:0.001000s ]
NOTIC: [8] Memcache::connect():  F:\ThinkPHP\Extend\Driver\Session\SessionMemcache.class.php 第 38 行.
NOTIC: [2] Memcache::connect():  F:\ThinkPHP\Extend\Driver\Session\SessionMemcache.class.php 第 38 行.
NOTIC: 建议使用I方法替代_request
NOTIC: 建议使用I方法替代_request
SQL: SHOW COLUMNS FROM `fa_champion` [ RunTime:0.000000s ]
NOTIC: [8192] preg_replace(): The /e modifier is deprecated, use preg_replace_callback instead F:\ThinkPHP\Lib\Core\Db.class.php 第 601 行.
SQL: SELECT `project_id`,`match_end_time`,`match_id` FROM `fa_champion` WHERE ( id =3 ) LIMIT 1   [ RunTime:0.000000s ]
SQL: SHOW COLUMNS FROM `fa_match_list` [ RunTime:0.000000s ]
NOTIC: [8192] preg_replace(): The /e modifier is deprecated, use preg_replace_callback instead F:\ThinkPHP\Lib\Core\Db.class.php 第 601 行.
SQL: SELECT * FROM `fa_match_list` WHERE ( match_name_id = 2 )  [ RunTime:0.000000s ]
SQL: SHOW COLUMNS FROM `fa_player_match_data_dota2` [ RunTime:0.000000s ]
NOTIC: [8192] preg_replace(): The /e modifier is deprecated, use preg_replace_callback instead F:\ThinkPHP\Lib\Core\Db.class.php 第 601 行.
SQL: SELECT `player_id`,`scores` FROM `fa_player_match_data_dota2` WHERE ( match_id =11824 )  [ RunTime:0.000000s ]
NOTIC: [8192] preg_replace(): The /e modifier is deprecated, use preg_replace_callback instead F:\ThinkPHP\Lib\Core\Db.class.php 第 601 行.
SQL: SELECT `player_id`,`scores` FROM `fa_player_match_data_dota2` WHERE ( match_id =11823 )  [ RunTime:0.000000s ]
NOTIC: [8192] preg_replace(): The /e modifier is deprecated, use preg_replace_callback instead F:\ThinkPHP\Lib\Core\Db.class.php 第 601 行.
SQL: SELECT `player_id`,`scores` FROM `fa_player_match_data_dota2` WHERE ( match_id =11822 )  [ RunTime:0.000000s ]
NOTIC: [8192] preg_replace(): The /e modifier is deprecated, use preg_replace_callback instead F:\ThinkPHP\Lib\Core\Db.class.php 第 601 行.
SQL: SELECT `player_id`,`scores` FROM `fa_player_match_data_dota2` WHERE ( match_id =11825 )  [ RunTime:0.000000s ]

[ 2017-06-26T17:16:18+08:00 ] 127.0.0.1 /index.php?g=api&m=public&a=update_champion_data&id=3
NOTIC: [8192] preg_replace(): The /e modifier is deprecated, use preg_replace_callback instead F:\ThinkPHP\Common\common.php 第 171 行.
INFO: [ app_begin ] --START--
INFO: Run ReadHtmlCache Behavior [ RunTime:0.000000s ]
INFO: [ app_begin ] --END-- [ RunTime:0.000000s ]
NOTIC: [8] Memcache::connect():  F:\ThinkPHP\Extend\Driver\Session\SessionMemcache.class.php 第 38 行.
NOTIC: [2] Memcache::connect():  F:\ThinkPHP\Extend\Driver\Session\SessionMemcache.class.php 第 38 行.
NOTIC: 建议使用I方法替代_request
NOTIC: 建议使用I方法替代_request
SQL: SHOW COLUMNS FROM `fa_champion` [ RunTime:0.002000s ]
NOTIC: [8192] preg_replace(): The /e modifier is deprecated, use preg_replace_callback instead F:\ThinkPHP\Lib\Core\Db.class.php 第 601 行.
SQL: SELECT `project_id`,`match_end_time`,`match_id` FROM `fa_champion` WHERE ( id =3 ) LIMIT 1   [ RunTime:0.001001s ]
SQL: SHOW COLUMNS FROM `fa_match_list` [ RunTime:0.002000s ]
NOTIC: [8192] preg_replace(): The /e modifier is deprecated, use preg_replace_callback instead F:\ThinkPHP\Lib\Core\Db.class.php 第 601 行.
SQL: SELECT * FROM `fa_match_list` WHERE ( match_name_id = 2 )  [ RunTime:0.001000s ]
SQL: SHOW COLUMNS FROM `fa_player_match_data_dota2` [ RunTime:0.002000s ]
NOTIC: [8192] preg_replace(): The /e modifier is deprecated, use preg_replace_callback instead F:\ThinkPHP\Lib\Core\Db.class.php 第 601 行.
SQL: SELECT `player_id`,`scores` FROM `fa_player_match_data_dota2` WHERE ( match_id =11824 )  [ RunTime:0.001000s ]
NOTIC: [8192] preg_replace(): The /e modifier is deprecated, use preg_replace_callback instead F:\ThinkPHP\Lib\Core\Db.class.php 第 601 行.
SQL: SELECT `player_id`,`scores` FROM `fa_player_match_data_dota2` WHERE ( match_id =11823 )  [ RunTime:0.000000s ]
NOTIC: [8192] preg_replace(): The /e modifier is deprecated, use preg_replace_callback instead F:\ThinkPHP\Lib\Core\Db.class.php 第 601 行.
SQL: SELECT `player_id`,`scores` FROM `fa_player_match_data_dota2` WHERE ( match_id =11822 )  [ RunTime:0.000000s ]
NOTIC: [8192] preg_replace(): The /e modifier is deprecated, use preg_replace_callback instead F:\ThinkPHP\Lib\Core\Db.class.php 第 601 行.
SQL: SELECT `player_id`,`scores` FROM `fa_player_match_data_dota2` WHERE ( match_id =11825 )  [ RunTime:0.000000s ]

[ 2017-06-26T17:17:21+08:00 ] 127.0.0.1 /index.php?g=api&m=public&a=update_champion_data&id=3
NOTIC: [8192] preg_replace(): The /e modifier is deprecated, use preg_replace_callback instead F:\ThinkPHP\Common\common.php 第 171 行.
INFO: [ app_begin ] --START--
INFO: Run ReadHtmlCache Behavior [ RunTime:0.001001s ]
INFO: [ app_begin ] --END-- [ RunTime:0.001001s ]
NOTIC: [8] Memcache::connect():  F:\ThinkPHP\Extend\Driver\Session\SessionMemcache.class.php 第 38 行.
NOTIC: [2] Memcache::connect():  F:\ThinkPHP\Extend\Driver\Session\SessionMemcache.class.php 第 38 行.
NOTIC: 建议使用I方法替代_request
NOTIC: 建议使用I方法替代_request
SQL: SHOW COLUMNS FROM `fa_champion` [ RunTime:0.002000s ]
NOTIC: [8192] preg_replace(): The /e modifier is deprecated, use preg_replace_callback instead F:\ThinkPHP\Lib\Core\Db.class.php 第 601 行.
SQL: SELECT `project_id`,`match_end_time`,`match_id` FROM `fa_champion` WHERE ( id =3 ) LIMIT 1   [ RunTime:0.000000s ]
SQL: SHOW COLUMNS FROM `fa_match_list` [ RunTime:0.001000s ]
NOTIC: [8192] preg_replace(): The /e modifier is deprecated, use preg_replace_callback instead F:\ThinkPHP\Lib\Core\Db.class.php 第 601 行.
SQL: SELECT * FROM `fa_match_list` WHERE ( match_name_id = 2 )  [ RunTime:0.000000s ]
SQL: SHOW COLUMNS FROM `fa_player_match_data_dota2` [ RunTime:0.002001s ]
NOTIC: [8192] preg_replace(): The /e modifier is deprecated, use preg_replace_callback instead F:\ThinkPHP\Lib\Core\Db.class.php 第 601 行.
SQL: SELECT `player_id`,`scores` FROM `fa_player_match_data_dota2` WHERE ( match_id =11824 )  [ RunTime:0.000000s ]
NOTIC: [8192] preg_replace(): The /e modifier is deprecated, use preg_replace_callback instead F:\ThinkPHP\Lib\Core\Db.class.php 第 601 行.
SQL: SELECT `player_id`,`scores` FROM `fa_player_match_data_dota2` WHERE ( match_id =11823 )  [ RunTime:0.001000s ]
NOTIC: [8192] preg_replace(): The /e modifier is deprecated, use preg_replace_callback instead F:\ThinkPHP\Lib\Core\Db.class.php 第 601 行.
SQL: SELECT `player_id`,`scores` FROM `fa_player_match_data_dota2` WHERE ( match_id =11822 )  [ RunTime:0.001000s ]
NOTIC: [8192] preg_replace(): The /e modifier is deprecated, use preg_replace_callback instead F:\ThinkPHP\Lib\Core\Db.class.php 第 601 行.
SQL: SELECT `player_id`,`scores` FROM `fa_player_match_data_dota2` WHERE ( match_id =11825 )  [ RunTime:0.000000s ]

[ 2017-06-26T17:20:13+08:00 ] 127.0.0.1 /index.php?g=api&m=public&a=update_champion_data&id=3
NOTIC: [8192] preg_replace(): The /e modifier is deprecated, use preg_replace_callback instead F:\ThinkPHP\Common\common.php 第 171 行.
INFO: [ app_begin ] --START--
INFO: Run ReadHtmlCache Behavior [ RunTime:0.001000s ]
INFO: [ app_begin ] --END-- [ RunTime:0.001000s ]
NOTIC: [8] Memcache::connect():  F:\ThinkPHP\Extend\Driver\Session\SessionMemcache.class.php 第 38 行.
NOTIC: [2] Memcache::connect():  F:\ThinkPHP\Extend\Driver\Session\SessionMemcache.class.php 第 38 行.
NOTIC: 建议使用I方法替代_request
NOTIC: 建议使用I方法替代_request
SQL: SHOW COLUMNS FROM `fa_champion` [ RunTime:0.000000s ]
NOTIC: [8192] preg_replace(): The /e modifier is deprecated, use preg_replace_callback instead F:\ThinkPHP\Lib\Core\Db.class.php 第 601 行.
SQL: SELECT `project_id`,`match_end_time`,`match_id` FROM `fa_champion` WHERE ( id =3 ) LIMIT 1   [ RunTime:0.000000s ]
SQL: SHOW COLUMNS FROM `fa_match_list` [ RunTime:0.000000s ]
NOTIC: [8192] preg_replace(): The /e modifier is deprecated, use preg_replace_callback instead F:\ThinkPHP\Lib\Core\Db.class.php 第 601 行.
SQL: SELECT * FROM `fa_match_list` WHERE ( match_name_id = 2 )  [ RunTime:0.000000s ]
SQL: SHOW COLUMNS FROM `fa_player_match_data_dota2` [ RunTime:0.000000s ]
NOTIC: [8192] preg_replace(): The /e modifier is deprecated, use preg_replace_callback instead F:\ThinkPHP\Lib\Core\Db.class.php 第 601 行.
SQL: SELECT `player_id`,`scores` FROM `fa_player_match_data_dota2` WHERE ( match_id =11824 )  [ RunTime:0.000000s ]
NOTIC: [8192] preg_replace(): The /e modifier is deprecated, use preg_replace_callback instead F:\ThinkPHP\Lib\Core\Db.class.php 第 601 行.
SQL: SELECT `player_id`,`scores` FROM `fa_player_match_data_dota2` WHERE ( match_id =11823 )  [ RunTime:0.000000s ]
NOTIC: [8192] preg_replace(): The /e modifier is deprecated, use preg_replace_callback instead F:\ThinkPHP\Lib\Core\Db.class.php 第 601 行.
SQL: SELECT `player_id`,`scores` FROM `fa_player_match_data_dota2` WHERE ( match_id =11822 )  [ RunTime:0.015600s ]
NOTIC: [8192] preg_replace(): The /e modifier is deprecated, use preg_replace_callback instead F:\ThinkPHP\Lib\Core\Db.class.php 第 601 行.
SQL: SELECT `player_id`,`scores` FROM `fa_player_match_data_dota2` WHERE ( match_id =11825 )  [ RunTime:0.000000s ]

[ 2017-06-26T17:24:31+08:00 ] 127.0.0.1 /index.php?g=api&m=public&a=update_champion_data&id=3
NOTIC: [8192] preg_replace(): The /e modifier is deprecated, use preg_replace_callback instead F:\ThinkPHP\Common\common.php 第 171 行.
INFO: [ app_begin ] --START--
INFO: Run ReadHtmlCache Behavior [ RunTime:0.000000s ]
INFO: [ app_begin ] --END-- [ RunTime:0.001000s ]
NOTIC: [8] Memcache::connect():  F:\ThinkPHP\Extend\Driver\Session\SessionMemcache.class.php 第 38 行.
NOTIC: [2] Memcache::connect():  F:\ThinkPHP\Extend\Driver\Session\SessionMemcache.class.php 第 38 行.
NOTIC: 建议使用I方法替代_request
NOTIC: 建议使用I方法替代_request
SQL: SHOW COLUMNS FROM `fa_champion` [ RunTime:0.002001s ]
NOTIC: [8192] preg_replace(): The /e modifier is deprecated, use preg_replace_callback instead F:\ThinkPHP\Lib\Core\Db.class.php 第 601 行.
SQL: SELECT `project_id`,`match_end_time`,`match_id` FROM `fa_champion` WHERE ( id =3 ) LIMIT 1   [ RunTime:0.001000s ]
SQL: SHOW COLUMNS FROM `fa_match_list` [ RunTime:0.002000s ]
NOTIC: [8192] preg_replace(): The /e modifier is deprecated, use preg_replace_callback instead F:\ThinkPHP\Lib\Core\Db.class.php 第 601 行.
SQL: SELECT * FROM `fa_match_list` WHERE ( match_name_id = 2 )  [ RunTime:0.000000s ]
SQL: SHOW COLUMNS FROM `fa_player_match_data_dota2` [ RunTime:0.002000s ]
NOTIC: [8192] preg_replace(): The /e modifier is deprecated, use preg_replace_callback instead F:\ThinkPHP\Lib\Core\Db.class.php 第 601 行.
SQL: SELECT `player_id`,`scores` FROM `fa_player_match_data_dota2` WHERE ( match_id =11824 )  [ RunTime:0.003000s ]
NOTIC: [8192] preg_replace(): The /e modifier is deprecated, use preg_replace_callback instead F:\ThinkPHP\Lib\Core\Db.class.php 第 601 行.
SQL: SELECT `player_id`,`scores` FROM `fa_player_match_data_dota2` WHERE ( match_id =11823 )  [ RunTime:0.002000s ]
NOTIC: [8192] preg_replace(): The /e modifier is deprecated, use preg_replace_callback instead F:\ThinkPHP\Lib\Core\Db.class.php 第 601 行.
SQL: SELECT `player_id`,`scores` FROM `fa_player_match_data_dota2` WHERE ( match_id =11822 )  [ RunTime:0.003000s ]
NOTIC: [8192] preg_replace(): The /e modifier is deprecated, use preg_replace_callback instead F:\ThinkPHP\Lib\Core\Db.class.php 第 601 行.
SQL: SELECT `player_id`,`scores` FROM `fa_player_match_data_dota2` WHERE ( match_id =11825 )  [ RunTime:0.002000s ]

[ 2017-06-26T17:24:59+08:00 ] 127.0.0.1 /index.php?g=api&m=public&a=update_champion_data&id=3
NOTIC: [8192] preg_replace(): The /e modifier is deprecated, use preg_replace_callback instead F:\ThinkPHP\Common\common.php 第 171 行.
INFO: [ app_begin ] --START--
INFO: Run ReadHtmlCache Behavior [ RunTime:0.001000s ]
INFO: [ app_begin ] --END-- [ RunTime:0.001000s ]
NOTIC: [8] Memcache::connect():  F:\ThinkPHP\Extend\Driver\Session\SessionMemcache.class.php 第 38 行.
NOTIC: [2] Memcache::connect():  F:\ThinkPHP\Extend\Driver\Session\SessionMemcache.class.php 第 38 行.
NOTIC: 建议使用I方法替代_request
NOTIC: 建议使用I方法替代_request
SQL: SHOW COLUMNS FROM `fa_champion` [ RunTime:0.000000s ]
NOTIC: [8192] preg_replace(): The /e modifier is deprecated, use preg_replace_callback instead F:\ThinkPHP\Lib\Core\Db.class.php 第 601 行.
SQL: SELECT `project_id`,`match_end_time`,`match_id` FROM `fa_champion` WHERE ( id =3 ) LIMIT 1   [ RunTime:0.000000s ]
SQL: SHOW COLUMNS FROM `fa_match_list` [ RunTime:0.000000s ]
NOTIC: [8192] preg_replace(): The /e modifier is deprecated, use preg_replace_callback instead F:\ThinkPHP\Lib\Core\Db.class.php 第 601 行.
SQL: SELECT * FROM `fa_match_list` WHERE ( match_name_id = 2 )  [ RunTime:0.000000s ]
SQL: SHOW COLUMNS FROM `fa_player_match_data_dota2` [ RunTime:0.000000s ]
NOTIC: [8192] preg_replace(): The /e modifier is deprecated, use preg_replace_callback instead F:\ThinkPHP\Lib\Core\Db.class.php 第 601 行.
SQL: SELECT `player_id`,`scores` FROM `fa_player_match_data_dota2` WHERE ( match_id =11824 )  [ RunTime:0.000000s ]
NOTIC: [8192] preg_replace(): The /e modifier is deprecated, use preg_replace_callback instead F:\ThinkPHP\Lib\Core\Db.class.php 第 601 行.
SQL: SELECT `player_id`,`scores` FROM `fa_player_match_data_dota2` WHERE ( match_id =11823 )  [ RunTime:0.000000s ]
NOTIC: [8192] preg_replace(): The /e modifier is deprecated, use preg_replace_callback instead F:\ThinkPHP\Lib\Core\Db.class.php 第 601 行.
SQL: SELECT `player_id`,`scores` FROM `fa_player_match_data_dota2` WHERE ( match_id =11822 )  [ RunTime:0.000000s ]
NOTIC: [8192] preg_replace(): The /e modifier is deprecated, use preg_replace_callback instead F:\ThinkPHP\Lib\Core\Db.class.php 第 601 行.
SQL: SELECT `player_id`,`scores` FROM `fa_player_match_data_dota2` WHERE ( match_id =11825 )  [ RunTime:0.000000s ]

[ 2017-06-26T17:25:41+08:00 ] 127.0.0.1 /index.php?g=api&m=public&a=update_champion_data&id=3
NOTIC: [8192] preg_replace(): The /e modifier is deprecated, use preg_replace_callback instead F:\ThinkPHP\Common\common.php 第 171 行.
INFO: [ app_begin ] --START--
INFO: Run ReadHtmlCache Behavior [ RunTime:0.000000s ]
INFO: [ app_begin ] --END-- [ RunTime:0.000000s ]
NOTIC: [8] Memcache::connect():  F:\ThinkPHP\Extend\Driver\Session\SessionMemcache.class.php 第 38 行.
NOTIC: [2] Memcache::connect():  F:\ThinkPHP\Extend\Driver\Session\SessionMemcache.class.php 第 38 行.
NOTIC: 建议使用I方法替代_request
NOTIC: 建议使用I方法替代_request
SQL: SHOW COLUMNS FROM `fa_champion` [ RunTime:0.000000s ]
NOTIC: [8192] preg_replace(): The /e modifier is deprecated, use preg_replace_callback instead F:\ThinkPHP\Lib\Core\Db.class.php 第 601 行.
SQL: SELECT `project_id`,`match_end_time`,`match_id` FROM `fa_champion` WHERE ( id =3 ) LIMIT 1   [ RunTime:0.000000s ]
SQL: SHOW COLUMNS FROM `fa_match_list` [ RunTime:0.000000s ]
NOTIC: [8192] preg_replace(): The /e modifier is deprecated, use preg_replace_callback instead F:\ThinkPHP\Lib\Core\Db.class.php 第 601 行.
SQL: SELECT * FROM `fa_match_list` WHERE ( match_name_id = 2 )  [ RunTime:0.000000s ]
SQL: SHOW COLUMNS FROM `fa_player_match_data_dota2` [ RunTime:0.000000s ]
NOTIC: [8192] preg_replace(): The /e modifier is deprecated, use preg_replace_callback instead F:\ThinkPHP\Lib\Core\Db.class.php 第 601 行.
SQL: SELECT `player_id`,`scores` FROM `fa_player_match_data_dota2` WHERE ( match_id =11824 )  [ RunTime:0.000000s ]
NOTIC: [8192] preg_replace(): The /e modifier is deprecated, use preg_replace_callback instead F:\ThinkPHP\Lib\Core\Db.class.php 第 601 行.
SQL: SELECT `player_id`,`scores` FROM `fa_player_match_data_dota2` WHERE ( match_id =11823 )  [ RunTime:0.000000s ]
NOTIC: [8192] preg_replace(): The /e modifier is deprecated, use preg_replace_callback instead F:\ThinkPHP\Lib\Core\Db.class.php 第 601 行.
SQL: SELECT `player_id`,`scores` FROM `fa_player_match_data_dota2` WHERE ( match_id =11822 )  [ RunTime:0.000000s ]
NOTIC: [8192] preg_replace(): The /e modifier is deprecated, use preg_replace_callback instead F:\ThinkPHP\Lib\Core\Db.class.php 第 601 行.
SQL: SELECT `player_id`,`scores` FROM `fa_player_match_data_dota2` WHERE ( match_id =11825 )  [ RunTime:0.000000s ]

[ 2017-06-26T17:28:39+08:00 ] 127.0.0.1 /index.php?g=api&m=public&a=update_champion_data&id=3
NOTIC: [8192] preg_replace(): The /e modifier is deprecated, use preg_replace_callback instead F:\ThinkPHP\Common\common.php 第 171 行.
INFO: [ app_begin ] --START--
INFO: Run ReadHtmlCache Behavior [ RunTime:0.000000s ]
INFO: [ app_begin ] --END-- [ RunTime:0.000000s ]
NOTIC: [8] Memcache::connect():  F:\ThinkPHP\Extend\Driver\Session\SessionMemcache.class.php 第 38 行.
NOTIC: [2] Memcache::connect():  F:\ThinkPHP\Extend\Driver\Session\SessionMemcache.class.php 第 38 行.
NOTIC: 建议使用I方法替代_request
NOTIC: 建议使用I方法替代_request
SQL: SHOW COLUMNS FROM `fa_champion` [ RunTime:0.002001s ]
NOTIC: [8192] preg_replace(): The /e modifier is deprecated, use preg_replace_callback instead F:\ThinkPHP\Lib\Core\Db.class.php 第 601 行.
SQL: SELECT `project_id`,`match_end_time`,`match_id` FROM `fa_champion` WHERE ( id =3 ) LIMIT 1   [ RunTime:0.001000s ]
SQL: SHOW COLUMNS FROM `fa_match_list` [ RunTime:0.002000s ]
NOTIC: [8192] preg_replace(): The /e modifier is deprecated, use preg_replace_callback instead F:\ThinkPHP\Lib\Core\Db.class.php 第 601 行.
SQL: SELECT * FROM `fa_match_list` WHERE ( match_name_id = 2 )  [ RunTime:0.001000s ]
SQL: SHOW COLUMNS FROM `fa_player_match_data_dota2` [ RunTime:0.002000s ]
NOTIC: [8192] preg_replace(): The /e modifier is deprecated, use preg_replace_callback instead F:\ThinkPHP\Lib\Core\Db.class.php 第 601 行.
SQL: SELECT `player_id`,`scores` FROM `fa_player_match_data_dota2` WHERE ( match_id =11824 )  [ RunTime:0.001000s ]
NOTIC: [8192] preg_replace(): The /e modifier is deprecated, use preg_replace_callback instead F:\ThinkPHP\Lib\Core\Db.class.php 第 601 行.
SQL: SELECT `player_id`,`scores` FROM `fa_player_match_data_dota2` WHERE ( match_id =11823 )  [ RunTime:0.000000s ]
NOTIC: [8192] preg_replace(): The /e modifier is deprecated, use preg_replace_callback instead F:\ThinkPHP\Lib\Core\Db.class.php 第 601 行.
SQL: SELECT `player_id`,`scores` FROM `fa_player_match_data_dota2` WHERE ( match_id =11822 )  [ RunTime:0.000000s ]
NOTIC: [8192] preg_replace(): The /e modifier is deprecated, use preg_replace_callback instead F:\ThinkPHP\Lib\Core\Db.class.php 第 601 行.
SQL: SELECT `player_id`,`scores` FROM `fa_player_match_data_dota2` WHERE ( match_id =11825 )  [ RunTime:0.000000s ]

[ 2017-06-26T17:35:59+08:00 ] 127.0.0.1 /index.php?g=api&m=public&a=update_champion_data&id=3
NOTIC: [8192] preg_replace(): The /e modifier is deprecated, use preg_replace_callback instead F:\ThinkPHP\Common\common.php 第 171 行.
INFO: [ app_begin ] --START--
INFO: Run ReadHtmlCache Behavior [ RunTime:0.000000s ]
INFO: [ app_begin ] --END-- [ RunTime:0.000000s ]
NOTIC: [8] Memcache::connect():  F:\ThinkPHP\Extend\Driver\Session\SessionMemcache.class.php 第 38 行.
NOTIC: [2] Memcache::connect():  F:\ThinkPHP\Extend\Driver\Session\SessionMemcache.class.php 第 38 行.
NOTIC: 建议使用I方法替代_request
NOTIC: 建议使用I方法替代_request
SQL: SHOW COLUMNS FROM `fa_champion` [ RunTime:0.000000s ]
SQL: SHOW COLUMNS FROM `fa_champion_lineup` [ RunTime:0.000000s ]
NOTIC: [8192] preg_replace(): The /e modifier is deprecated, use preg_replace_callback instead F:\ThinkPHP\Lib\Core\Db.class.php 第 601 行.
SQL: SELECT `project_id`,`match_end_time`,`match_id` FROM `fa_champion` WHERE ( id =3 ) LIMIT 1   [ RunTime:0.000000s ]
SQL: SHOW COLUMNS FROM `fa_match_list` [ RunTime:0.000000s ]
NOTIC: [8192] preg_replace(): The /e modifier is deprecated, use preg_replace_callback instead F:\ThinkPHP\Lib\Core\Db.class.php 第 601 行.
SQL: SELECT * FROM `fa_match_list` WHERE ( match_name_id = 2 )  [ RunTime:0.000000s ]
SQL: SHOW COLUMNS FROM `fa_player_match_data_dota2` [ RunTime:0.000000s ]
NOTIC: [8192] preg_replace(): The /e modifier is deprecated, use preg_replace_callback instead F:\ThinkPHP\Lib\Core\Db.class.php 第 601 行.
SQL: SELECT `player_id`,`scores` FROM `fa_player_match_data_dota2` WHERE ( match_id =11824 )  [ RunTime:0.000000s ]
NOTIC: [8192] preg_replace(): The /e modifier is deprecated, use preg_replace_callback instead F:\ThinkPHP\Lib\Core\Db.class.php 第 601 行.
SQL: SELECT `player_id`,`scores` FROM `fa_player_match_data_dota2` WHERE ( match_id =11823 )  [ RunTime:0.000000s ]
NOTIC: [8192] preg_replace(): The /e modifier is deprecated, use preg_replace_callback instead F:\ThinkPHP\Lib\Core\Db.class.php 第 601 行.
SQL: SELECT `player_id`,`scores` FROM `fa_player_match_data_dota2` WHERE ( match_id =11822 )  [ RunTime:0.000000s ]
NOTIC: [8192] preg_replace(): The /e modifier is deprecated, use preg_replace_callback instead F:\ThinkPHP\Lib\Core\Db.class.php 第 601 行.
SQL: SELECT `player_id`,`scores` FROM `fa_player_match_data_dota2` WHERE ( match_id =11825 )  [ RunTime:0.000000s ]
NOTIC: [8192] preg_replace(): The /e modifier is deprecated, use preg_replace_callback instead F:\ThinkPHP\Lib\Core\Db.class.php 第 601 行.
SQL: SELECT `id`,`lineup` FROM `fa_champion_lineup` WHERE ( champion_id =3 )  [ RunTime:0.000000s ]
SQL: UPDATE `fa_champion_lineup` SET `lineup_score`=3057 WHERE ( id = 2 ) [ RunTime:0.067401s ]
SQL: UPDATE `fa_champion_lineup` SET `lineup_score`=3442 WHERE ( id = 3 ) [ RunTime:0.065400s ]

[ 2017-06-26T17:39:29+08:00 ] 127.0.0.1 /index.php?g=api&m=public&a=update_champion_data&id=3
NOTIC: [8192] preg_replace(): The /e modifier is deprecated, use preg_replace_callback instead F:\ThinkPHP\Common\common.php 第 171 行.
INFO: [ app_begin ] --START--
INFO: Run ReadHtmlCache Behavior [ RunTime:0.001000s ]
INFO: [ app_begin ] --END-- [ RunTime:0.001000s ]
NOTIC: [8] Memcache::connect():  F:\ThinkPHP\Extend\Driver\Session\SessionMemcache.class.php 第 38 行.
NOTIC: [2] Memcache::connect():  F:\ThinkPHP\Extend\Driver\Session\SessionMemcache.class.php 第 38 行.
NOTIC: 建议使用I方法替代_request
NOTIC: 建议使用I方法替代_request
SQL: SHOW COLUMNS FROM `fa_champion` [ RunTime:0.000000s ]
SQL: SHOW COLUMNS FROM `fa_champion_lineup` [ RunTime:0.000000s ]
SQL: SHOW COLUMNS FROM `fa_user_champion` [ RunTime:0.000000s ]
NOTIC: [8192] preg_replace(): The /e modifier is deprecated, use preg_replace_callback instead F:\ThinkPHP\Lib\Core\Db.class.php 第 601 行.
SQL: SELECT `project_id`,`match_end_time`,`match_id` FROM `fa_champion` WHERE ( id =3 ) LIMIT 1   [ RunTime:0.000000s ]
SQL: SHOW COLUMNS FROM `fa_match_list` [ RunTime:0.000000s ]
NOTIC: [8192] preg_replace(): The /e modifier is deprecated, use preg_replace_callback instead F:\ThinkPHP\Lib\Core\Db.class.php 第 601 行.
SQL: SELECT * FROM `fa_match_list` WHERE ( match_name_id = 2 )  [ RunTime:0.000000s ]
SQL: SHOW COLUMNS FROM `fa_player_match_data_dota2` [ RunTime:0.000000s ]
NOTIC: [8192] preg_replace(): The /e modifier is deprecated, use preg_replace_callback instead F:\ThinkPHP\Lib\Core\Db.class.php 第 601 行.
SQL: SELECT `player_id`,`scores` FROM `fa_player_match_data_dota2` WHERE ( match_id =11824 )  [ RunTime:0.000000s ]
NOTIC: [8192] preg_replace(): The /e modifier is deprecated, use preg_replace_callback instead F:\ThinkPHP\Lib\Core\Db.class.php 第 601 行.
SQL: SELECT `player_id`,`scores` FROM `fa_player_match_data_dota2` WHERE ( match_id =11823 )  [ RunTime:0.015600s ]
NOTIC: [8192] preg_replace(): The /e modifier is deprecated, use preg_replace_callback instead F:\ThinkPHP\Lib\Core\Db.class.php 第 601 行.
SQL: SELECT `player_id`,`scores` FROM `fa_player_match_data_dota2` WHERE ( match_id =11822 )  [ RunTime:0.000000s ]
NOTIC: [8192] preg_replace(): The /e modifier is deprecated, use preg_replace_callback instead F:\ThinkPHP\Lib\Core\Db.class.php 第 601 行.
SQL: SELECT `player_id`,`scores` FROM `fa_player_match_data_dota2` WHERE ( match_id =11825 )  [ RunTime:0.000000s ]
NOTIC: [8192] preg_replace(): The /e modifier is deprecated, use preg_replace_callback instead F:\ThinkPHP\Lib\Core\Db.class.php 第 601 行.
SQL: SELECT `id`,`lineup` FROM `fa_champion_lineup` WHERE ( champion_id =3 )  [ RunTime:0.000000s ]
SQL: UPDATE `fa_champion_lineup` SET `lineup_score`=3057 WHERE ( id = 2 ) [ RunTime:0.079202s ]
SQL: UPDATE `fa_user_champion` SET `lineup_score`=3057 WHERE ( lineup_id = 2 ) [ RunTime:0.067004s ]
SQL: UPDATE `fa_champion_lineup` SET `lineup_score`=3442 WHERE ( id = 3 ) [ RunTime:0.067004s ]
SQL: UPDATE `fa_user_champion` SET `lineup_score`=3442 WHERE ( lineup_id = 3 ) [ RunTime:0.065801s ]

[ 2017-06-26T17:58:23+08:00 ] 127.0.0.1 /index.php?g=api&m=public&a=get_match_live
NOTIC: [8192] preg_replace(): The /e modifier is deprecated, use preg_replace_callback instead F:\ThinkPHP\Common\common.php 第 171 行.
INFO: [ app_begin ] --START--
INFO: Run ReadHtmlCache Behavior [ RunTime:0.001000s ]
INFO: [ app_begin ] --END-- [ RunTime:0.001000s ]
NOTIC: [8] Memcache::connect():  F:\ThinkPHP\Extend\Driver\Session\SessionMemcache.class.php 第 38 行.
NOTIC: [2] Memcache::connect():  F:\ThinkPHP\Extend\Driver\Session\SessionMemcache.class.php 第 38 行.
NOTIC: 建议使用I方法替代_request
NOTIC: 建议使用I方法替代_request
SQL: SHOW COLUMNS FROM `fa_player_match_data_dota2` [ RunTime:0.002000s ]
SQL: SHOW COLUMNS FROM `fa_match_list` [ RunTime:0.002001s ]
NOTIC: [8192] preg_replace(): The /e modifier is deprecated, use preg_replace_callback instead F:\ThinkPHP\Lib\Core\Db.class.php 第 601 行.
SQL: SELECT * FROM `fa_match_list` WHERE ( id = 0 ) LIMIT 1   [ RunTime:0.001000s ]
SQL: SHOW COLUMNS FROM `fa_match_player_wcg` [ RunTime:0.002000s ]
NOTIC: [8192] preg_replace(): The /e modifier is deprecated, use preg_replace_callback instead F:\ThinkPHP\Lib\Core\Db.class.php 第 601 行.
SQL: SELECT `id`,`only_id`,`team_id`,`name` FROM `fa_match_player_wcg` WHERE ( project_id = 6 )  [ RunTime:0.001000s ]
SQL: SHOW COLUMNS FROM `fa_match_team` [ RunTime:0.002000s ]
NOTIC: [8192] preg_replace(): The /e modifier is deprecated, use preg_replace_callback instead F:\ThinkPHP\Lib\Core\Db.class.php 第 601 行.
SQL: SELECT `id`,`code` FROM `fa_match_team` WHERE ( project_id = 6 )  [ RunTime:0.000000s ]

[ 2017-06-26T17:58:35+08:00 ] 127.0.0.1 /index.php?g=api&m=public&a=get_match_live
NOTIC: [8192] preg_replace(): The /e modifier is deprecated, use preg_replace_callback instead F:\ThinkPHP\Common\common.php 第 171 行.
INFO: [ app_begin ] --START--
INFO: Run ReadHtmlCache Behavior [ RunTime:0.000000s ]
INFO: [ app_begin ] --END-- [ RunTime:0.000000s ]
NOTIC: [8] Memcache::connect():  F:\ThinkPHP\Extend\Driver\Session\SessionMemcache.class.php 第 38 行.
NOTIC: [2] Memcache::connect():  F:\ThinkPHP\Extend\Driver\Session\SessionMemcache.class.php 第 38 行.
NOTIC: 建议使用I方法替代_request
NOTIC: 建议使用I方法替代_request
SQL: SHOW COLUMNS FROM `fa_player_match_data_dota2` [ RunTime:0.000000s ]
SQL: SHOW COLUMNS FROM `fa_match_list` [ RunTime:0.015600s ]
NOTIC: [8192] preg_replace(): The /e modifier is deprecated, use preg_replace_callback instead F:\ThinkPHP\Lib\Core\Db.class.php 第 601 行.
SQL: SELECT * FROM `fa_match_list` WHERE ( id = 0 ) LIMIT 1   [ RunTime:0.000000s ]
SQL: SHOW COLUMNS FROM `fa_match_player_wcg` [ RunTime:0.000000s ]
NOTIC: [8192] preg_replace(): The /e modifier is deprecated, use preg_replace_callback instead F:\ThinkPHP\Lib\Core\Db.class.php 第 601 行.
SQL: SELECT `id`,`only_id`,`team_id`,`name` FROM `fa_match_player_wcg` WHERE ( project_id = 6 )  [ RunTime:0.000000s ]
SQL: SHOW COLUMNS FROM `fa_match_team` [ RunTime:0.000000s ]
NOTIC: [8192] preg_replace(): The /e modifier is deprecated, use preg_replace_callback instead F:\ThinkPHP\Lib\Core\Db.class.php 第 601 行.
SQL: SELECT `id`,`code` FROM `fa_match_team` WHERE ( project_id = 6 )  [ RunTime:0.000000s ]

[ 2017-06-26T17:58:38+08:00 ] 127.0.0.1 /index.php?g=api&m=public&a=get_match_live
NOTIC: [8192] preg_replace(): The /e modifier is deprecated, use preg_replace_callback instead F:\ThinkPHP\Common\common.php 第 171 行.
INFO: [ app_begin ] --START--
INFO: Run ReadHtmlCache Behavior [ RunTime:0.000000s ]
INFO: [ app_begin ] --END-- [ RunTime:0.000000s ]
NOTIC: [8] Memcache::connect():  F:\ThinkPHP\Extend\Driver\Session\SessionMemcache.class.php 第 38 行.
NOTIC: [2] Memcache::connect():  F:\ThinkPHP\Extend\Driver\Session\SessionMemcache.class.php 第 38 行.
NOTIC: 建议使用I方法替代_request
NOTIC: 建议使用I方法替代_request
SQL: SHOW COLUMNS FROM `fa_player_match_data_dota2` [ RunTime:0.000000s ]
SQL: SHOW COLUMNS FROM `fa_match_list` [ RunTime:0.000000s ]
NOTIC: [8192] preg_replace(): The /e modifier is deprecated, use preg_replace_callback instead F:\ThinkPHP\Lib\Core\Db.class.php 第 601 行.
SQL: SELECT * FROM `fa_match_list` WHERE ( id = 0 ) LIMIT 1   [ RunTime:0.000000s ]
SQL: SHOW COLUMNS FROM `fa_match_player_wcg` [ RunTime:0.000000s ]
NOTIC: [8192] preg_replace(): The /e modifier is deprecated, use preg_replace_callback instead F:\ThinkPHP\Lib\Core\Db.class.php 第 601 行.
SQL: SELECT `id`,`only_id`,`team_id`,`name` FROM `fa_match_player_wcg` WHERE ( project_id = 6 )  [ RunTime:0.000000s ]
SQL: SHOW COLUMNS FROM `fa_match_team` [ RunTime:0.000000s ]
NOTIC: [8192] preg_replace(): The /e modifier is deprecated, use preg_replace_callback instead F:\ThinkPHP\Lib\Core\Db.class.php 第 601 行.
SQL: SELECT `id`,`code` FROM `fa_match_team` WHERE ( project_id = 6 )  [ RunTime:0.000000s ]

[ 2017-06-26T17:58:42+08:00 ] 127.0.0.1 /index.php?g=api&m=public&a=get_match_live
NOTIC: [8192] preg_replace(): The /e modifier is deprecated, use preg_replace_callback instead F:\ThinkPHP\Common\common.php 第 171 行.
INFO: [ app_begin ] --START--
INFO: Run ReadHtmlCache Behavior [ RunTime:0.000000s ]
INFO: [ app_begin ] --END-- [ RunTime:0.000000s ]
NOTIC: [8] Memcache::connect():  F:\ThinkPHP\Extend\Driver\Session\SessionMemcache.class.php 第 38 行.
NOTIC: [2] Memcache::connect():  F:\ThinkPHP\Extend\Driver\Session\SessionMemcache.class.php 第 38 行.
NOTIC: 建议使用I方法替代_request
NOTIC: 建议使用I方法替代_request
SQL: SHOW COLUMNS FROM `fa_player_match_data_dota2` [ RunTime:0.015600s ]
SQL: SHOW COLUMNS FROM `fa_match_list` [ RunTime:0.000000s ]
NOTIC: [8192] preg_replace(): The /e modifier is deprecated, use preg_replace_callback instead F:\ThinkPHP\Lib\Core\Db.class.php 第 601 行.
SQL: SELECT * FROM `fa_match_list` WHERE ( id = 0 ) LIMIT 1   [ RunTime:0.000000s ]
SQL: SHOW COLUMNS FROM `fa_match_player_wcg` [ RunTime:0.000000s ]
NOTIC: [8192] preg_replace(): The /e modifier is deprecated, use preg_replace_callback instead F:\ThinkPHP\Lib\Core\Db.class.php 第 601 行.
SQL: SELECT `id`,`only_id`,`team_id`,`name` FROM `fa_match_player_wcg` WHERE ( project_id = 6 )  [ RunTime:0.000000s ]
SQL: SHOW COLUMNS FROM `fa_match_team` [ RunTime:0.000000s ]
NOTIC: [8192] preg_replace(): The /e modifier is deprecated, use preg_replace_callback instead F:\ThinkPHP\Lib\Core\Db.class.php 第 601 行.
SQL: SELECT `id`,`code` FROM `fa_match_team` WHERE ( project_id = 6 )  [ RunTime:0.000000s ]

[ 2017-06-26T17:58:45+08:00 ] 127.0.0.1 /index.php?g=api&m=public&a=get_match_live
NOTIC: [8192] preg_replace(): The /e modifier is deprecated, use preg_replace_callback instead F:\ThinkPHP\Common\common.php 第 171 行.
INFO: [ app_begin ] --START--
INFO: Run ReadHtmlCache Behavior [ RunTime:0.001000s ]
INFO: [ app_begin ] --END-- [ RunTime:0.001000s ]
NOTIC: [8] Memcache::connect():  F:\ThinkPHP\Extend\Driver\Session\SessionMemcache.class.php 第 38 行.
NOTIC: [2] Memcache::connect():  F:\ThinkPHP\Extend\Driver\Session\SessionMemcache.class.php 第 38 行.
NOTIC: 建议使用I方法替代_request
NOTIC: 建议使用I方法替代_request
SQL: SHOW COLUMNS FROM `fa_player_match_data_dota2` [ RunTime:0.003000s ]
SQL: SHOW COLUMNS FROM `fa_match_list` [ RunTime:0.002000s ]
NOTIC: [8192] preg_replace(): The /e modifier is deprecated, use preg_replace_callback instead F:\ThinkPHP\Lib\Core\Db.class.php 第 601 行.
SQL: SELECT * FROM `fa_match_list` WHERE ( id = 0 ) LIMIT 1   [ RunTime:0.000000s ]
SQL: SHOW COLUMNS FROM `fa_match_player_wcg` [ RunTime:0.002000s ]
NOTIC: [8192] preg_replace(): The /e modifier is deprecated, use preg_replace_callback instead F:\ThinkPHP\Lib\Core\Db.class.php 第 601 行.
SQL: SELECT `id`,`only_id`,`team_id`,`name` FROM `fa_match_player_wcg` WHERE ( project_id = 6 )  [ RunTime:0.001000s ]
SQL: SHOW COLUMNS FROM `fa_match_team` [ RunTime:0.001000s ]
NOTIC: [8192] preg_replace(): The /e modifier is deprecated, use preg_replace_callback instead F:\ThinkPHP\Lib\Core\Db.class.php 第 601 行.
SQL: SELECT `id`,`code` FROM `fa_match_team` WHERE ( project_id = 6 )  [ RunTime:0.000000s ]

[ 2017-06-26T17:59:36+08:00 ] 127.0.0.1 /index.php?g=api&m=public&a=get_match_live&id=11825
NOTIC: [8192] preg_replace(): The /e modifier is deprecated, use preg_replace_callback instead F:\ThinkPHP\Common\common.php 第 171 行.
INFO: [ app_begin ] --START--
INFO: Run ReadHtmlCache Behavior [ RunTime:0.001000s ]
INFO: [ app_begin ] --END-- [ RunTime:0.001000s ]
NOTIC: [8] Memcache::connect():  F:\ThinkPHP\Extend\Driver\Session\SessionMemcache.class.php 第 38 行.
NOTIC: [2] Memcache::connect():  F:\ThinkPHP\Extend\Driver\Session\SessionMemcache.class.php 第 38 行.
NOTIC: 建议使用I方法替代_request
NOTIC: 建议使用I方法替代_request
SQL: SHOW COLUMNS FROM `fa_player_match_data_dota2` [ RunTime:0.002000s ]
SQL: SHOW COLUMNS FROM `fa_match_list` [ RunTime:0.002000s ]
NOTIC: [8192] preg_replace(): The /e modifier is deprecated, use preg_replace_callback instead F:\ThinkPHP\Lib\Core\Db.class.php 第 601 行.
SQL: SELECT * FROM `fa_match_list` WHERE ( id = 11825 ) LIMIT 1   [ RunTime:0.001000s ]
SQL: SHOW COLUMNS FROM `fa_match_player_wcg` [ RunTime:0.002000s ]
NOTIC: [8192] preg_replace(): The /e modifier is deprecated, use preg_replace_callback instead F:\ThinkPHP\Lib\Core\Db.class.php 第 601 行.
SQL: SELECT `id`,`only_id`,`team_id`,`name` FROM `fa_match_player_wcg` WHERE ( project_id = 6 )  [ RunTime:0.002000s ]
SQL: SHOW COLUMNS FROM `fa_match_team` [ RunTime:0.001000s ]
NOTIC: [8192] preg_replace(): The /e modifier is deprecated, use preg_replace_callback instead F:\ThinkPHP\Lib\Core\Db.class.php 第 601 行.
SQL: SELECT `id`,`code` FROM `fa_match_team` WHERE ( project_id = 6 )  [ RunTime:0.001000s ]
NOTIC: [8] Undefined index: tower F:\work\__App__\Api\Modules\Api\Action\PublicAction.class.php 第 1278 行.
NOTIC: [8] Undefined index: roshan F:\work\__App__\Api\Modules\Api\Action\PublicAction.class.php 第 1279 行.
NOTIC: [8] Undefined index: barons F:\work\__App__\Api\Modules\Api\Action\PublicAction.class.php 第 1279 行.
NOTIC: [8] Undefined index: is_fast F:\work\__App__\Api\Modules\Api\Action\PublicAction.class.php 第 1280 行.
NOTIC: [8] Undefined index: is_fast F:\work\__App__\Api\Modules\Api\Action\PublicAction.class.php 第 1280 行.
NOTIC: [8192] preg_replace(): The /e modifier is deprecated, use preg_replace_callback instead F:\ThinkPHP\Lib\Core\Db.class.php 第 601 行.
SQL: SELECT `position` FROM `fa_match_player_wcg` WHERE ( `id` = 100371 ) LIMIT 1   [ RunTime:0.000000s ]
NOTIC: [8] Undefined index: id F:\work\__App__\Api\Modules\Api\Action\PublicAction.class.php 第 1144 行.
NOTIC: [8] Undefined index: tower F:\work\__App__\Api\Modules\Api\Action\PublicAction.class.php 第 1278 行.
NOTIC: [8] Undefined index: roshan F:\work\__App__\Api\Modules\Api\Action\PublicAction.class.php 第 1279 行.
NOTIC: [8] Undefined index: barons F:\work\__App__\Api\Modules\Api\Action\PublicAction.class.php 第 1279 行.
NOTIC: [8] Undefined index: is_fast F:\work\__App__\Api\Modules\Api\Action\PublicAction.class.php 第 1280 行.
NOTIC: [8] Undefined index: is_fast F:\work\__App__\Api\Modules\Api\Action\PublicAction.class.php 第 1280 行.
NOTIC: [8192] preg_replace(): The /e modifier is deprecated, use preg_replace_callback instead F:\ThinkPHP\Lib\Core\Db.class.php 第 601 行.
SQL: SELECT `position` FROM `fa_match_player_wcg` WHERE ( `id` = 100391 ) LIMIT 1   [ RunTime:0.000000s ]
NOTIC: [8] Undefined index: id F:\work\__App__\Api\Modules\Api\Action\PublicAction.class.php 第 1144 行.
NOTIC: [8] Undefined index: kill F:\work\__App__\Api\Modules\Api\Action\PublicAction.class.php 第 1302 行.
NOTIC: [8] Undefined index: death F:\work\__App__\Api\Modules\Api\Action\PublicAction.class.php 第 1303 行.
NOTIC: [8] Undefined index: assists F:\work\__App__\Api\Modules\Api\Action\PublicAction.class.php 第 1304 行.
NOTIC: [8] Undefined index: jungle F:\work\__App__\Api\Modules\Api\Action\PublicAction.class.php 第 1305 行.
NOTIC: [8] Undefined index: ten_kill F:\work\__App__\Api\Modules\Api\Action\PublicAction.class.php 第 1306 行.
NOTIC: [8192] preg_replace(): The /e modifier is deprecated, use preg_replace_callback instead F:\ThinkPHP\Lib\Core\Db.class.php 第 601 行.
SQL: SELECT `position` FROM `fa_match_player_wcg` WHERE ( `id` = 100352 ) LIMIT 1   [ RunTime:0.000000s ]
NOTIC: [8] Undefined index: id F:\work\__App__\Api\Modules\Api\Action\PublicAction.class.php 第 1144 行.
NOTIC: [8] Undefined index: kill F:\work\__App__\Api\Modules\Api\Action\PublicAction.class.php 第 1302 行.
NOTIC: [8] Undefined index: death F:\work\__App__\Api\Modules\Api\Action\PublicAction.class.php 第 1303 行.
NOTIC: [8] Undefined index: assists F:\work\__App__\Api\Modules\Api\Action\PublicAction.class.php 第 1304 行.
NOTIC: [8] Undefined index: jungle F:\work\__App__\Api\Modules\Api\Action\PublicAction.class.php 第 1305 行.
NOTIC: [8] Undefined index: ten_kill F:\work\__App__\Api\Modules\Api\Action\PublicAction.class.php 第 1306 行.
NOTIC: [8192] preg_replace(): The /e modifier is deprecated, use preg_replace_callback instead F:\ThinkPHP\Lib\Core\Db.class.php 第 601 行.
SQL: SELECT `position` FROM `fa_match_player_wcg` WHERE ( `id` = 100351 ) LIMIT 1   [ RunTime:0.000000s ]
NOTIC: [8] Undefined index: id F:\work\__App__\Api\Modules\Api\Action\PublicAction.class.php 第 1144 行.
NOTIC: [8] Undefined index: kill F:\work\__App__\Api\Modules\Api\Action\PublicAction.class.php 第 1302 行.
NOTIC: [8] Undefined index: death F:\work\__App__\Api\Modules\Api\Action\PublicAction.class.php 第 1303 行.
NOTIC: [8] Undefined index: assists F:\work\__App__\Api\Modules\Api\Action\PublicAction.class.php 第 1304 行.
NOTIC: [8] Undefined index: jungle F:\work\__App__\Api\Modules\Api\Action\PublicAction.class.php 第 1305 行.
NOTIC: [8] Undefined index: ten_kill F:\work\__App__\Api\Modules\Api\Action\PublicAction.class.php 第 1306 行.
NOTIC: [8192] preg_replace(): The /e modifier is deprecated, use preg_replace_callback instead F:\ThinkPHP\Lib\Core\Db.class.php 第 601 行.
SQL: SELECT `position` FROM `fa_match_player_wcg` WHERE ( `id` = 100349 ) LIMIT 1   [ RunTime:0.000000s ]
NOTIC: [8] Undefined index: id F:\work\__App__\Api\Modules\Api\Action\PublicAction.class.php 第 1144 行.
NOTIC: [8] Undefined index: kill F:\work\__App__\Api\Modules\Api\Action\PublicAction.class.php 第 1302 行.
NOTIC: [8] Undefined index: death F:\work\__App__\Api\Modules\Api\Action\PublicAction.class.php 第 1303 行.
NOTIC: [8] Undefined index: assists F:\work\__App__\Api\Modules\Api\Action\PublicAction.class.php 第 1304 行.
NOTIC: [8] Undefined index: jungle F:\work\__App__\Api\Modules\Api\Action\PublicAction.class.php 第 1305 行.
NOTIC: [8] Undefined index: ten_kill F:\work\__App__\Api\Modules\Api\Action\PublicAction.class.php 第 1306 行.
NOTIC: [8192] preg_replace(): The /e modifier is deprecated, use preg_replace_callback instead F:\ThinkPHP\Lib\Core\Db.class.php 第 601 行.
SQL: SELECT `position` FROM `fa_match_player_wcg` WHERE ( `id` = 100348 ) LIMIT 1   [ RunTime:0.000000s ]
NOTIC: [8] Undefined index: id F:\work\__App__\Api\Modules\Api\Action\PublicAction.class.php 第 1144 行.
NOTIC: [8] Undefined index: kill F:\work\__App__\Api\Modules\Api\Action\PublicAction.class.php 第 1302 行.
NOTIC: [8] Undefined index: death F:\work\__App__\Api\Modules\Api\Action\PublicAction.class.php 第 1303 行.
NOTIC: [8] Undefined index: assists F:\work\__App__\Api\Modules\Api\Action\PublicAction.class.php 第 1304 行.
NOTIC: [8] Undefined index: jungle F:\work\__App__\Api\Modules\Api\Action\PublicAction.class.php 第 1305 行.
NOTIC: [8] Undefined index: ten_kill F:\work\__App__\Api\Modules\Api\Action\PublicAction.class.php 第 1306 行.
NOTIC: [8192] preg_replace(): The /e modifier is deprecated, use preg_replace_callback instead F:\ThinkPHP\Lib\Core\Db.class.php 第 601 行.
SQL: SELECT `position` FROM `fa_match_player_wcg` WHERE ( `id` = 100350 ) LIMIT 1   [ RunTime:0.000000s ]
NOTIC: [8] Undefined index: id F:\work\__App__\Api\Modules\Api\Action\PublicAction.class.php 第 1144 行.
NOTIC: [8] Undefined index: kill F:\work\__App__\Api\Modules\Api\Action\PublicAction.class.php 第 1302 行.
NOTIC: [8] Undefined index: death F:\work\__App__\Api\Modules\Api\Action\PublicAction.class.php 第 1303 行.
NOTIC: [8] Undefined index: assists F:\work\__App__\Api\Modules\Api\Action\PublicAction.class.php 第 1304 行.
NOTIC: [8] Undefined index: jungle F:\work\__App__\Api\Modules\Api\Action\PublicAction.class.php 第 1305 行.
NOTIC: [8] Undefined index: ten_kill F:\work\__App__\Api\Modules\Api\Action\PublicAction.class.php 第 1306 行.
NOTIC: [8192] preg_replace(): The /e modifier is deprecated, use preg_replace_callback instead F:\ThinkPHP\Lib\Core\Db.class.php 第 601 行.
SQL: SELECT `position` FROM `fa_match_player_wcg` WHERE ( `id` = 100252 ) LIMIT 1   [ RunTime:0.000000s ]
NOTIC: [8] Undefined index: id F:\work\__App__\Api\Modules\Api\Action\PublicAction.class.php 第 1144 行.
NOTIC: [8] Undefined index: kill F:\work\__App__\Api\Modules\Api\Action\PublicAction.class.php 第 1302 行.
NOTIC: [8] Undefined index: death F:\work\__App__\Api\Modules\Api\Action\PublicAction.class.php 第 1303 行.
NOTIC: [8] Undefined index: assists F:\work\__App__\Api\Modules\Api\Action\PublicAction.class.php 第 1304 行.
NOTIC: [8] Undefined index: jungle F:\work\__App__\Api\Modules\Api\Action\PublicAction.class.php 第 1305 行.
NOTIC: [8] Undefined index: ten_kill F:\work\__App__\Api\Modules\Api\Action\PublicAction.class.php 第 1306 行.
NOTIC: [8192] preg_replace(): The /e modifier is deprecated, use preg_replace_callback instead F:\ThinkPHP\Lib\Core\Db.class.php 第 601 行.
SQL: SELECT `position` FROM `fa_match_player_wcg` WHERE ( `id` = 100249 ) LIMIT 1   [ RunTime:0.000000s ]
NOTIC: [8] Undefined index: id F:\work\__App__\Api\Modules\Api\Action\PublicAction.class.php 第 1144 行.
NOTIC: [8] Undefined index: kill F:\work\__App__\Api\Modules\Api\Action\PublicAction.class.php 第 1302 行.
NOTIC: [8] Undefined index: death F:\work\__App__\Api\Modules\Api\Action\PublicAction.class.php 第 1303 行.
NOTIC: [8] Undefined index: assists F:\work\__App__\Api\Modules\Api\Action\PublicAction.class.php 第 1304 行.
NOTIC: [8] Undefined index: jungle F:\work\__App__\Api\Modules\Api\Action\PublicAction.class.php 第 1305 行.
NOTIC: [8] Undefined index: ten_kill F:\work\__App__\Api\Modules\Api\Action\PublicAction.class.php 第 1306 行.
NOTIC: [8192] preg_replace(): The /e modifier is deprecated, use preg_replace_callback instead F:\ThinkPHP\Lib\Core\Db.class.php 第 601 行.
SQL: SELECT `position` FROM `fa_match_player_wcg` WHERE ( `id` = 100251 ) LIMIT 1   [ RunTime:0.000000s ]
NOTIC: [8] Undefined index: id F:\work\__App__\Api\Modules\Api\Action\PublicAction.class.php 第 1144 行.
NOTIC: [8] Undefined index: kill F:\work\__App__\Api\Modules\Api\Action\PublicAction.class.php 第 1302 行.
NOTIC: [8] Undefined index: death F:\work\__App__\Api\Modules\Api\Action\PublicAction.class.php 第 1303 行.
NOTIC: [8] Undefined index: assists F:\work\__App__\Api\Modules\Api\Action\PublicAction.class.php 第 1304 行.
NOTIC: [8] Undefined index: jungle F:\work\__App__\Api\Modules\Api\Action\PublicAction.class.php 第 1305 行.
NOTIC: [8] Undefined index: ten_kill F:\work\__App__\Api\Modules\Api\Action\PublicAction.class.php 第 1306 行.
NOTIC: [8192] preg_replace(): The /e modifier is deprecated, use preg_replace_callback instead F:\ThinkPHP\Lib\Core\Db.class.php 第 601 行.
SQL: SELECT `position` FROM `fa_match_player_wcg` WHERE ( `id` = 100248 ) LIMIT 1   [ RunTime:0.001000s ]
NOTIC: [8] Undefined index: id F:\work\__App__\Api\Modules\Api\Action\PublicAction.class.php 第 1144 行.
NOTIC: [8] Undefined index: kill F:\work\__App__\Api\Modules\Api\Action\PublicAction.class.php 第 1302 行.
NOTIC: [8] Undefined index: death F:\work\__App__\Api\Modules\Api\Action\PublicAction.class.php 第 1303 行.
NOTIC: [8] Undefined index: assists F:\work\__App__\Api\Modules\Api\Action\PublicAction.class.php 第 1304 行.
NOTIC: [8] Undefined index: jungle F:\work\__App__\Api\Modules\Api\Action\PublicAction.class.php 第 1305 行.
NOTIC: [8] Undefined index: ten_kill F:\work\__App__\Api\Modules\Api\Action\PublicAction.class.php 第 1306 行.
NOTIC: [8192] preg_replace(): The /e modifier is deprecated, use preg_replace_callback instead F:\ThinkPHP\Lib\Core\Db.class.php 第 601 行.
SQL: SELECT `position` FROM `fa_match_player_wcg` WHERE ( `id` = 100250 ) LIMIT 1   [ RunTime:0.000000s ]
NOTIC: [8] Undefined index: id F:\work\__App__\Api\Modules\Api\Action\PublicAction.class.php 第 1144 行.
NOTIC: [8192] preg_replace(): The /e modifier is deprecated, use preg_replace_callback instead F:\ThinkPHP\Lib\Core\Db.class.php 第 601 行.
SQL: SELECT * FROM `fa_player_match_data_dota2` WHERE ( match_id = 11825 and player_id = 100352 ) LIMIT 1   [ RunTime:0.005000s ]
SQL: UPDATE `fa_player_match_data_dota2` SET `kill`=3,`death`=7,`assists`=21,`jungle`=114,`ten_kill`=1,`remain`=1,`scores`=68,`opp`='Newbee',`score`='2:0',`player_id`=100352,`match_id`=11825,`season`=2017,`date`='06/15',`addtime`=1498471175 WHERE ( id =3262 ) [ RunTime:0.077005s ]
NOTIC: [8192] preg_replace(): The /e modifier is deprecated, use preg_replace_callback instead F:\ThinkPHP\Lib\Core\Db.class.php 第 601 行.
SQL: SELECT * FROM `fa_player_match_data_dota2` WHERE ( match_id = 11825 and player_id = 100351 ) LIMIT 1   [ RunTime:0.005000s ]
SQL: UPDATE `fa_player_match_data_dota2` SET `kill`=3,`death`=11,`assists`=21,`jungle`=37,`ten_kill`=1,`remain`=1,`scores`=62,`opp`='Newbee',`score`='2:0',`player_id`=100351,`match_id`=11825,`season`=2017,`date`='06/15',`addtime`=1498471175 WHERE ( id =3263 ) [ RunTime:0.069004s ]
NOTIC: [8192] preg_replace(): The /e modifier is deprecated, use preg_replace_callback instead F:\ThinkPHP\Lib\Core\Db.class.php 第 601 行.
SQL: SELECT * FROM `fa_player_match_data_dota2` WHERE ( match_id = 11825 and player_id = 100349 ) LIMIT 1   [ RunTime:0.005000s ]
SQL: UPDATE `fa_player_match_data_dota2` SET `kill`=8,`death`=2,`assists`=14,`jungle`=314,`ten_kill`=1,`remain`=1,`scores`=78,`opp`='Newbee',`score`='2:0',`player_id`=100349,`match_id`=11825,`season`=2017,`date`='06/15',`addtime`=1498471175 WHERE ( id =3264 ) [ RunTime:0.061004s ]
NOTIC: [8192] preg_replace(): The /e modifier is deprecated, use preg_replace_callback instead F:\ThinkPHP\Lib\Core\Db.class.php 第 601 行.
SQL: SELECT * FROM `fa_player_match_data_dota2` WHERE ( match_id = 11825 and player_id = 100348 ) LIMIT 1   [ RunTime:0.005000s ]
SQL: UPDATE `fa_player_match_data_dota2` SET `kill`=14,`death`=3,`assists`=12,`jungle`=487,`ten_kill`=2,`remain`=1,`scores`=96,`opp`='Newbee',`score`='2:0',`player_id`=100348,`match_id`=11825,`season`=2017,`date`='06/15',`addtime`=1498471175 WHERE ( id =3265 ) [ RunTime:0.062004s ]
NOTIC: [8192] preg_replace(): The /e modifier is deprecated, use preg_replace_callback instead F:\ThinkPHP\Lib\Core\Db.class.php 第 601 行.
SQL: SELECT * FROM `fa_player_match_data_dota2` WHERE ( match_id = 11825 and player_id = 100350 ) LIMIT 1   [ RunTime:0.005000s ]
SQL: UPDATE `fa_player_match_data_dota2` SET `kill`=6,`death`=4,`assists`=19,`jungle`=98,`ten_kill`=1,`remain`=1,`scores`=76,`opp`='Newbee',`score`='2:0',`player_id`=100350,`match_id`=11825,`season`=2017,`date`='06/15',`addtime`=1498471175 WHERE ( id =3266 ) [ RunTime:0.062004s ]
NOTIC: [8192] preg_replace(): The /e modifier is deprecated, use preg_replace_callback instead F:\ThinkPHP\Lib\Core\Db.class.php 第 601 行.
SQL: SELECT * FROM `fa_player_match_data_dota2` WHERE ( match_id = 11825 and player_id = 100252 ) LIMIT 1   [ RunTime:0.005000s ]
SQL: UPDATE `fa_player_match_data_dota2` SET `kill`=8,`death`=9,`assists`=13,`jungle`=99,`ten_kill`=1,`remain`=0,`scores`=45,`opp`='TNC',`score`='0:2',`player_id`=100252,`match_id`=11825,`season`=2017,`date`='06/15',`addtime`=1498471175 WHERE ( id =3257 ) [ RunTime:0.062003s ]
NOTIC: [8192] preg_replace(): The /e modifier is deprecated, use preg_replace_callback instead F:\ThinkPHP\Lib\Core\Db.class.php 第 601 行.
SQL: SELECT * FROM `fa_player_match_data_dota2` WHERE ( match_id = 11825 and player_id = 100249 ) LIMIT 1   [ RunTime:0.005001s ]
SQL: UPDATE `fa_player_match_data_dota2` SET `kill`=7,`death`=3,`assists`=13,`jungle`=345,`ten_kill`=1,`remain`=0,`scores`=52,`opp`='TNC',`score`='0:2',`player_id`=100249,`match_id`=11825,`season`=2017,`date`='06/15',`addtime`=1498471175 WHERE ( id =3258 ) [ RunTime:0.061003s ]
NOTIC: [8192] preg_replace(): The /e modifier is deprecated, use preg_replace_callback instead F:\ThinkPHP\Lib\Core\Db.class.php 第 601 行.
SQL: SELECT * FROM `fa_player_match_data_dota2` WHERE ( match_id = 11825 and player_id = 100251 ) LIMIT 1   [ RunTime:0.005000s ]
SQL: UPDATE `fa_player_match_data_dota2` SET `kill`=0,`death`=9,`assists`=11,`jungle`=36,`ten_kill`=1,`remain`=0,`scores`=15,`opp`='TNC',`score`='0:2',`player_id`=100251,`match_id`=11825,`season`=2017,`date`='06/15',`addtime`=1498471175 WHERE ( id =3259 ) [ RunTime:0.070004s ]
NOTIC: [8192] preg_replace(): The /e modifier is deprecated, use preg_replace_callback instead F:\ThinkPHP\Lib\Core\Db.class.php 第 601 行.
SQL: SELECT * FROM `fa_player_match_data_dota2` WHERE ( match_id = 11825 and player_id = 100248 ) LIMIT 1   [ RunTime:0.005001s ]
SQL: UPDATE `fa_player_match_data_dota2` SET `kill`=12,`death`=7,`assists`=12,`jungle`=285,`ten_kill`=2,`remain`=0,`scores`=62,`opp`='TNC',`score`='0:2',`player_id`=100248,`match_id`=11825,`season`=2017,`date`='06/15',`addtime`=1498471175 WHERE ( id =3260 ) [ RunTime:0.070004s ]
NOTIC: [8192] preg_replace(): The /e modifier is deprecated, use preg_replace_callback instead F:\ThinkPHP\Lib\Core\Db.class.php 第 601 行.
SQL: SELECT * FROM `fa_player_match_data_dota2` WHERE ( match_id = 11825 and player_id = 100250 ) LIMIT 1   [ RunTime:0.005000s ]
SQL: UPDATE `fa_player_match_data_dota2` SET `kill`=0,`death`=6,`assists`=15,`jungle`=186,`ten_kill`=1,`remain`=0,`scores`=29,`opp`='TNC',`score`='0:2',`player_id`=100250,`match_id`=11825,`season`=2017,`date`='06/15',`addtime`=1498471175 WHERE ( id =3261 ) [ RunTime:0.062004s ]
NOTIC: [8192] preg_replace(): The /e modifier is deprecated, use preg_replace_callback instead F:\ThinkPHP\Lib\Core\Db.class.php 第 601 行.
SQL: SELECT * FROM `fa_player_match_data_dota2` WHERE ( match_id = 11825 and player_id = 100371 ) LIMIT 1   [ RunTime:0.005000s ]
SQL: UPDATE `fa_player_match_data_dota2` SET `tower`=11,`barons`=0,`is_fast`=0,`remain`=1,`is_win`=1,`score`='2:0',`opp`='Newbee',`scores`=28,`player_id`=100371,`match_id`=11825,`season`=2017,`date`='06/15',`addtime`=1498471175 WHERE ( id =3267 ) [ RunTime:0.061003s ]
NOTIC: [8192] preg_replace(): The /e modifier is deprecated, use preg_replace_callback instead F:\ThinkPHP\Lib\Core\Db.class.php 第 601 行.
SQL: SELECT * FROM `fa_player_match_data_dota2` WHERE ( match_id = 11825 and player_id = 100391 ) LIMIT 1   [ RunTime:0.005001s ]
SQL: UPDATE `fa_player_match_data_dota2` SET `tower`=5,`barons`=0,`is_fast`=0,`remain`=0,`is_win`=0,`score`='0:2',`opp`='TNC',`scores`=5,`player_id`=100391,`match_id`=11825,`season`=2017,`date`='06/15',`addtime`=1498471175 WHERE ( id =3268 ) [ RunTime:0.070004s ]

