[ 2017-05-24T09:18:40+08:00 ] 127.0.0.1 /index.php?g=api&m=extra&a=lolplayermatchdata
NOTIC: [8192] preg_replace(): The /e modifier is deprecated, use preg_replace_callback instead F:\ThinkPHP\Common\common.php 第 171 行.
INFO: [ app_begin ] --START--
INFO: Run ReadHtmlCache Behavior [ RunTime:0.000000s ]
INFO: [ app_begin ] --END-- [ RunTime:0.001000s ]
NOTIC: 建议使用I方法替代_request
NOTIC: 建议使用I方法替代_request
SQL: SHOW COLUMNS FROM `fa_user_user` [ RunTime:0.000000s ]
NOTIC: [8192] preg_replace(): The /e modifier is deprecated, use preg_replace_callback instead F:\ThinkPHP\Lib\Core\Db.class.php 第 601 行.
SQL: SELECT * FROM `fa_user_user` WHERE ( `token` = '4' ) LIMIT 1   [ RunTime:0.000000s ]
SQL: SHOW COLUMNS FROM `fa_player_match_data_lol` [ RunTime:0.000000s ]
SQL: SHOW COLUMNS FROM `fa_match_player_wcg` [ RunTime:0.000000s ]
NOTIC: [8192] preg_replace(): The /e modifier is deprecated, use preg_replace_callback instead F:\ThinkPHP\Lib\Core\Db.class.php 第 601 行.
SQL: SELECT `team_id`,`position` FROM `fa_match_player_wcg` WHERE ( `id` = 100053 )  [ RunTime:0.000000s ]
NOTIC: [8] Undefined index: team_id F:\work\__App__\Api\Modules\Api\Action\ExtraAction.class.php 第 141 行.
NOTIC: [8] Undefined index: position F:\work\__App__\Api\Modules\Api\Action\ExtraAction.class.php 第 142 行.
NOTIC: [8192] preg_replace(): The /e modifier is deprecated, use preg_replace_callback instead F:\ThinkPHP\Lib\Core\Db.class.php 第 601 行.
SQL: SELECT * FROM `fa_player_match_data_lol` WHERE ( `player_id` = 100053 ) ORDER BY addtime desc  [ RunTime:0.000000s ]
NOTIC: [8] Undefined index: player_id F:\work\__App__\Api\Lib\Action\CommonAction.class.php 第 498 行.
NOTIC: [8] Undefined index: match_id F:\work\__App__\Api\Lib\Action\CommonAction.class.php 第 498 行.
NOTIC: [8] Undefined index: kill F:\work\__App__\Api\Lib\Action\CommonAction.class.php 第 498 行.
NOTIC: [8] Undefined index: death F:\work\__App__\Api\Lib\Action\CommonAction.class.php 第 498 行.
NOTIC: [8] Undefined index: assists F:\work\__App__\Api\Lib\Action\CommonAction.class.php 第 498 行.
NOTIC: [8] Undefined index: jungle F:\work\__App__\Api\Lib\Action\CommonAction.class.php 第 498 行.
NOTIC: [8] Undefined index: ten_kill F:\work\__App__\Api\Lib\Action\CommonAction.class.php 第 498 行.
NOTIC: [8] Undefined index: score F:\work\__App__\Api\Lib\Action\CommonAction.class.php 第 498 行.
NOTIC: [8] Undefined index: scores F:\work\__App__\Api\Lib\Action\CommonAction.class.php 第 498 行.
NOTIC: [8] Undefined index: tower F:\work\__App__\Api\Lib\Action\CommonAction.class.php 第 498 行.
NOTIC: [8] Undefined index: dragons F:\work\__App__\Api\Lib\Action\CommonAction.class.php 第 498 行.
NOTIC: [8] Undefined index: barons F:\work\__App__\Api\Lib\Action\CommonAction.class.php 第 498 行.
NOTIC: [8] Undefined index: first_blood F:\work\__App__\Api\Lib\Action\CommonAction.class.php 第 498 行.
NOTIC: [8] Undefined index: is_win F:\work\__App__\Api\Lib\Action\CommonAction.class.php 第 498 行.
NOTIC: [8] Undefined index: is_join F:\work\__App__\Api\Lib\Action\CommonAction.class.php 第 498 行.
NOTIC: [8] Undefined index: is_fast F:\work\__App__\Api\Lib\Action\CommonAction.class.php 第 498 行.
NOTIC: [8] Undefined index: remain F:\work\__App__\Api\Lib\Action\CommonAction.class.php 第 498 行.
NOTIC: [8] Undefined index: season F:\work\__App__\Api\Lib\Action\CommonAction.class.php 第 498 行.
NOTIC: [8] Undefined index: opponents F:\work\__App__\Api\Lib\Action\CommonAction.class.php 第 498 行.
NOTIC: [8] Undefined index: time F:\work\__App__\Api\Lib\Action\CommonAction.class.php 第 498 行.
NOTIC: [8] Undefined index: player_id F:\work\__App__\Api\Lib\Action\CommonAction.class.php 第 498 行.
NOTIC: [8] Undefined index: match_id F:\work\__App__\Api\Lib\Action\CommonAction.class.php 第 498 行.
NOTIC: [8] Undefined index: kill F:\work\__App__\Api\Lib\Action\CommonAction.class.php 第 498 行.
NOTIC: [8] Undefined index: death F:\work\__App__\Api\Lib\Action\CommonAction.class.php 第 498 行.
NOTIC: [8] Undefined index: assists F:\work\__App__\Api\Lib\Action\CommonAction.class.php 第 498 行.
NOTIC: [8] Undefined index: jungle F:\work\__App__\Api\Lib\Action\CommonAction.class.php 第 498 行.
NOTIC: [8] Undefined index: ten_kill F:\work\__App__\Api\Lib\Action\CommonAction.class.php 第 498 行.
NOTIC: [8] Undefined index: score F:\work\__App__\Api\Lib\Action\CommonAction.class.php 第 498 行.
NOTIC: [8] Undefined index: scores F:\work\__App__\Api\Lib\Action\CommonAction.class.php 第 498 行.
NOTIC: [8] Undefined index: tower F:\work\__App__\Api\Lib\Action\CommonAction.class.php 第 498 行.
NOTIC: [8] Undefined index: dragons F:\work\__App__\Api\Lib\Action\CommonAction.class.php 第 498 行.
NOTIC: [8] Undefined index: barons F:\work\__App__\Api\Lib\Action\CommonAction.class.php 第 498 行.
NOTIC: [8] Undefined index: first_blood F:\work\__App__\Api\Lib\Action\CommonAction.class.php 第 498 行.
NOTIC: [8] Undefined index: is_win F:\work\__App__\Api\Lib\Action\CommonAction.class.php 第 498 行.
NOTIC: [8] Undefined index: is_join F:\work\__App__\Api\Lib\Action\CommonAction.class.php 第 498 行.
NOTIC: [8] Undefined index: is_fast F:\work\__App__\Api\Lib\Action\CommonAction.class.php 第 498 行.
NOTIC: [8] Undefined index: remain F:\work\__App__\Api\Lib\Action\CommonAction.class.php 第 498 行.
NOTIC: [8] Undefined index: season F:\work\__App__\Api\Lib\Action\CommonAction.class.php 第 498 行.
NOTIC: [8] Undefined index: opponents F:\work\__App__\Api\Lib\Action\CommonAction.class.php 第 498 行.
NOTIC: [8] Undefined index: time F:\work\__App__\Api\Lib\Action\CommonAction.class.php 第 498 行.
NOTIC: [8] Undefined index: player_id F:\work\__App__\Api\Lib\Action\CommonAction.class.php 第 498 行.
NOTIC: [8] Undefined index: match_id F:\work\__App__\Api\Lib\Action\CommonAction.class.php 第 498 行.
NOTIC: [8] Undefined index: kill F:\work\__App__\Api\Lib\Action\CommonAction.class.php 第 498 行.
NOTIC: [8] Undefined index: death F:\work\__App__\Api\Lib\Action\CommonAction.class.php 第 498 行.
NOTIC: [8] Undefined index: assists F:\work\__App__\Api\Lib\Action\CommonAction.class.php 第 498 行.
NOTIC: [8] Undefined index: jungle F:\work\__App__\Api\Lib\Action\CommonAction.class.php 第 498 行.
NOTIC: [8] Undefined index: ten_kill F:\work\__App__\Api\Lib\Action\CommonAction.class.php 第 498 行.
NOTIC: [8] Undefined index: score F:\work\__App__\Api\Lib\Action\CommonAction.class.php 第 498 行.
NOTIC: [8] Undefined index: scores F:\work\__App__\Api\Lib\Action\CommonAction.class.php 第 498 行.
NOTIC: [8] Undefined index: tower F:\work\__App__\Api\Lib\Action\CommonAction.class.php 第 498 行.
NOTIC: [8] Undefined index: dragons F:\work\__App__\Api\Lib\Action\CommonAction.class.php 第 498 行.
NOTIC: [8] Undefined index: barons F:\work\__App__\Api\Lib\Action\CommonAction.class.php 第 498 行.
NOTIC: [8] Undefined index: first_blood F:\work\__App__\Api\Lib\Action\CommonAction.class.php 第 498 行.
NOTIC: [8] Undefined index: is_win F:\work\__App__\Api\Lib\Action\CommonAction.class.php 第 498 行.
NOTIC: [8] Undefined index: is_join F:\work\__App__\Api\Lib\Action\CommonAction.class.php 第 498 行.
NOTIC: [8] Undefined index: is_fast F:\work\__App__\Api\Lib\Action\CommonAction.class.php 第 498 行.
NOTIC: [8] Undefined index: remain F:\work\__App__\Api\Lib\Action\CommonAction.class.php 第 498 行.
NOTIC: [8] Undefined index: season F:\work\__App__\Api\Lib\Action\CommonAction.class.php 第 498 行.
NOTIC: [8] Undefined index: opponents F:\work\__App__\Api\Lib\Action\CommonAction.class.php 第 498 行.
NOTIC: [8] Undefined index: time F:\work\__App__\Api\Lib\Action\CommonAction.class.php 第 498 行.

[ 2017-05-24T09:24:16+08:00 ] 127.0.0.1 /index.php?m=award&a=try_turnplate&user_token=1fehsdffd
NOTIC: [8192] preg_replace(): The /e modifier is deprecated, use preg_replace_callback instead F:\ThinkPHP\Common\common.php 第 171 行.
INFO: [ app_begin ] --START--
INFO: Run ReadHtmlCache Behavior [ RunTime:0.001000s ]
INFO: [ app_begin ] --END-- [ RunTime:0.001000s ]
NOTIC: 建议使用I方法替代_request
NOTIC: 建议使用I方法替代_request
SQL: SHOW COLUMNS FROM `fa_user_user` [ RunTime:0.002000s ]
NOTIC: [8192] preg_replace(): The /e modifier is deprecated, use preg_replace_callback instead F:\ThinkPHP\Lib\Core\Db.class.php 第 601 行.
SQL: SELECT * FROM `fa_user_user` WHERE ( `token` = '1fehsdffd' ) LIMIT 1   [ RunTime:0.000000s ]
SQL: SHOW COLUMNS FROM `fa_award_turnplate` [ RunTime:0.001000s ]
SQL: SHOW COLUMNS FROM `fa_award_turnplate_class` [ RunTime:0.001001s ]
NOTIC: [8192] preg_replace(): The /e modifier is deprecated, use preg_replace_callback instead F:\ThinkPHP\Lib\Core\Db.class.php 第 601 行.
SQL: SELECT `cost` FROM `fa_award_turnplate_class` WHERE ( `id` = 1 ) LIMIT 1   [ RunTime:0.000000s ]
NOTIC: [8192] preg_replace(): The /e modifier is deprecated, use preg_replace_callback instead F:\ThinkPHP\Lib\Core\Db.class.php 第 601 行.
SQL: SELECT t1.id,t1.chance,t1.level,t2.type,t2.nums,t2.name FROM `fa_award_turnplate` as t1 LEFT JOIN fa_award_turnplate_bonus t2 on t1.bonus_id = t2.id WHERE ( `class_id` = '1' )  [ RunTime:0.001000s ]
SQL: UPDATE `fa_user_user` SET `diamond`=diamond-20 WHERE ( `id` = 1 ) [ RunTime:0.001000s ]
SQL: SHOW COLUMNS FROM `fa_user_account` [ RunTime:0.001000s ]
SQL: INSERT INTO `fa_user_account` (`go_nums`,`class_id`,`type`,`user_id`,`addtime`) VALUES (20,5,2,1,1495589056) [ RunTime:0.067004s ]
SQL: UPDATE `fa_user_user` SET `entrance_ticket`=entrance_ticket+10 WHERE ( `id` = 1 ) [ RunTime:0.001000s ]
SQL: SHOW COLUMNS FROM `fa_award_turnplate_list` [ RunTime:0.001000s ]
SQL: INSERT INTO `fa_award_turnplate_list` (`user_name`,`prize_name`,`prize_num`,`addtime`) VALUES ('我是1号','入场券',10,1495589056) [ RunTime:0.063003s ]
SQL: INSERT INTO `fa_user_account` (`back_nums`,`class_id`,`type`,`user_id`,`addtime`) VALUES (20,11,1,1,1495589056) [ RunTime:0.067004s ]

[ 2017-05-24T09:39:02+08:00 ] 127.0.0.1 /index.php?g=api&m=extra&a=lolplayermatchdata
NOTIC: [8192] preg_replace(): The /e modifier is deprecated, use preg_replace_callback instead F:\ThinkPHP\Common\common.php 第 171 行.
INFO: [ app_begin ] --START--
INFO: Run ReadHtmlCache Behavior [ RunTime:0.001000s ]
INFO: [ app_begin ] --END-- [ RunTime:0.001000s ]
NOTIC: 建议使用I方法替代_request
NOTIC: 建议使用I方法替代_request
SQL: SHOW COLUMNS FROM `fa_user_user` [ RunTime:0.002000s ]
NOTIC: [8192] preg_replace(): The /e modifier is deprecated, use preg_replace_callback instead F:\ThinkPHP\Lib\Core\Db.class.php 第 601 行.
SQL: SELECT * FROM `fa_user_user` WHERE ( `token` = '4' ) LIMIT 1   [ RunTime:0.001000s ]
SQL: SHOW COLUMNS FROM `fa_player_match_data_lol` [ RunTime:0.002000s ]
SQL: SHOW COLUMNS FROM `fa_match_player_wcg` [ RunTime:0.002000s ]
NOTIC: [8192] preg_replace(): The /e modifier is deprecated, use preg_replace_callback instead F:\ThinkPHP\Lib\Core\Db.class.php 第 601 行.
SQL: SELECT `team_id`,`position` FROM `fa_match_player_wcg` WHERE ( `id` = 100053 )  [ RunTime:0.001000s ]
NOTIC: [8] Undefined index: team_id F:\work\__App__\Api\Modules\Api\Action\ExtraAction.class.php 第 141 行.
NOTIC: [8] Undefined index: position F:\work\__App__\Api\Modules\Api\Action\ExtraAction.class.php 第 142 行.
NOTIC: [8192] preg_replace(): The /e modifier is deprecated, use preg_replace_callback instead F:\ThinkPHP\Lib\Core\Db.class.php 第 601 行.
SQL: SELECT * FROM `fa_player_match_data_lol` WHERE ( `player_id` = 100053 ) ORDER BY addtime desc  [ RunTime:0.001001s ]
NOTIC: [8] Undefined index: player_id F:\work\__App__\Api\Lib\Action\CommonAction.class.php 第 498 行.
NOTIC: [8] Undefined index: match_id F:\work\__App__\Api\Lib\Action\CommonAction.class.php 第 498 行.
NOTIC: [8] Undefined index: kill F:\work\__App__\Api\Lib\Action\CommonAction.class.php 第 498 行.
NOTIC: [8] Undefined index: death F:\work\__App__\Api\Lib\Action\CommonAction.class.php 第 498 行.
NOTIC: [8] Undefined index: assists F:\work\__App__\Api\Lib\Action\CommonAction.class.php 第 498 行.
NOTIC: [8] Undefined index: jungle F:\work\__App__\Api\Lib\Action\CommonAction.class.php 第 498 行.
NOTIC: [8] Undefined index: ten_kill F:\work\__App__\Api\Lib\Action\CommonAction.class.php 第 498 行.
NOTIC: [8] Undefined index: score F:\work\__App__\Api\Lib\Action\CommonAction.class.php 第 498 行.
NOTIC: [8] Undefined index: scores F:\work\__App__\Api\Lib\Action\CommonAction.class.php 第 498 行.
NOTIC: [8] Undefined index: tower F:\work\__App__\Api\Lib\Action\CommonAction.class.php 第 498 行.
NOTIC: [8] Undefined index: dragons F:\work\__App__\Api\Lib\Action\CommonAction.class.php 第 498 行.
NOTIC: [8] Undefined index: barons F:\work\__App__\Api\Lib\Action\CommonAction.class.php 第 498 行.
NOTIC: [8] Undefined index: first_blood F:\work\__App__\Api\Lib\Action\CommonAction.class.php 第 498 行.
NOTIC: [8] Undefined index: is_win F:\work\__App__\Api\Lib\Action\CommonAction.class.php 第 498 行.
NOTIC: [8] Undefined index: is_join F:\work\__App__\Api\Lib\Action\CommonAction.class.php 第 498 行.
NOTIC: [8] Undefined index: is_fast F:\work\__App__\Api\Lib\Action\CommonAction.class.php 第 498 行.
NOTIC: [8] Undefined index: remain F:\work\__App__\Api\Lib\Action\CommonAction.class.php 第 498 行.
NOTIC: [8] Undefined index: season F:\work\__App__\Api\Lib\Action\CommonAction.class.php 第 498 行.
NOTIC: [8] Undefined index: opponents F:\work\__App__\Api\Lib\Action\CommonAction.class.php 第 498 行.
NOTIC: [8] Undefined index: time F:\work\__App__\Api\Lib\Action\CommonAction.class.php 第 498 行.
NOTIC: [8] Undefined index: player_id F:\work\__App__\Api\Lib\Action\CommonAction.class.php 第 498 行.
NOTIC: [8] Undefined index: match_id F:\work\__App__\Api\Lib\Action\CommonAction.class.php 第 498 行.
NOTIC: [8] Undefined index: kill F:\work\__App__\Api\Lib\Action\CommonAction.class.php 第 498 行.
NOTIC: [8] Undefined index: death F:\work\__App__\Api\Lib\Action\CommonAction.class.php 第 498 行.
NOTIC: [8] Undefined index: assists F:\work\__App__\Api\Lib\Action\CommonAction.class.php 第 498 行.
NOTIC: [8] Undefined index: jungle F:\work\__App__\Api\Lib\Action\CommonAction.class.php 第 498 行.
NOTIC: [8] Undefined index: ten_kill F:\work\__App__\Api\Lib\Action\CommonAction.class.php 第 498 行.
NOTIC: [8] Undefined index: score F:\work\__App__\Api\Lib\Action\CommonAction.class.php 第 498 行.
NOTIC: [8] Undefined index: scores F:\work\__App__\Api\Lib\Action\CommonAction.class.php 第 498 行.
NOTIC: [8] Undefined index: tower F:\work\__App__\Api\Lib\Action\CommonAction.class.php 第 498 行.
NOTIC: [8] Undefined index: dragons F:\work\__App__\Api\Lib\Action\CommonAction.class.php 第 498 行.
NOTIC: [8] Undefined index: barons F:\work\__App__\Api\Lib\Action\CommonAction.class.php 第 498 行.
NOTIC: [8] Undefined index: first_blood F:\work\__App__\Api\Lib\Action\CommonAction.class.php 第 498 行.
NOTIC: [8] Undefined index: is_win F:\work\__App__\Api\Lib\Action\CommonAction.class.php 第 498 行.
NOTIC: [8] Undefined index: is_join F:\work\__App__\Api\Lib\Action\CommonAction.class.php 第 498 行.
NOTIC: [8] Undefined index: is_fast F:\work\__App__\Api\Lib\Action\CommonAction.class.php 第 498 行.
NOTIC: [8] Undefined index: remain F:\work\__App__\Api\Lib\Action\CommonAction.class.php 第 498 行.
NOTIC: [8] Undefined index: season F:\work\__App__\Api\Lib\Action\CommonAction.class.php 第 498 行.
NOTIC: [8] Undefined index: opponents F:\work\__App__\Api\Lib\Action\CommonAction.class.php 第 498 行.
NOTIC: [8] Undefined index: time F:\work\__App__\Api\Lib\Action\CommonAction.class.php 第 498 行.
NOTIC: [8] Undefined index: player_id F:\work\__App__\Api\Lib\Action\CommonAction.class.php 第 498 行.
NOTIC: [8] Undefined index: match_id F:\work\__App__\Api\Lib\Action\CommonAction.class.php 第 498 行.
NOTIC: [8] Undefined index: kill F:\work\__App__\Api\Lib\Action\CommonAction.class.php 第 498 行.
NOTIC: [8] Undefined index: death F:\work\__App__\Api\Lib\Action\CommonAction.class.php 第 498 行.
NOTIC: [8] Undefined index: assists F:\work\__App__\Api\Lib\Action\CommonAction.class.php 第 498 行.
NOTIC: [8] Undefined index: jungle F:\work\__App__\Api\Lib\Action\CommonAction.class.php 第 498 行.
NOTIC: [8] Undefined index: ten_kill F:\work\__App__\Api\Lib\Action\CommonAction.class.php 第 498 行.
NOTIC: [8] Undefined index: score F:\work\__App__\Api\Lib\Action\CommonAction.class.php 第 498 行.
NOTIC: [8] Undefined index: scores F:\work\__App__\Api\Lib\Action\CommonAction.class.php 第 498 行.
NOTIC: [8] Undefined index: tower F:\work\__App__\Api\Lib\Action\CommonAction.class.php 第 498 行.
NOTIC: [8] Undefined index: dragons F:\work\__App__\Api\Lib\Action\CommonAction.class.php 第 498 行.
NOTIC: [8] Undefined index: barons F:\work\__App__\Api\Lib\Action\CommonAction.class.php 第 498 行.
NOTIC: [8] Undefined index: first_blood F:\work\__App__\Api\Lib\Action\CommonAction.class.php 第 498 行.
NOTIC: [8] Undefined index: is_win F:\work\__App__\Api\Lib\Action\CommonAction.class.php 第 498 行.
NOTIC: [8] Undefined index: is_join F:\work\__App__\Api\Lib\Action\CommonAction.class.php 第 498 行.
NOTIC: [8] Undefined index: is_fast F:\work\__App__\Api\Lib\Action\CommonAction.class.php 第 498 行.
NOTIC: [8] Undefined index: remain F:\work\__App__\Api\Lib\Action\CommonAction.class.php 第 498 行.
NOTIC: [8] Undefined index: season F:\work\__App__\Api\Lib\Action\CommonAction.class.php 第 498 行.
NOTIC: [8] Undefined index: opponents F:\work\__App__\Api\Lib\Action\CommonAction.class.php 第 498 行.
NOTIC: [8] Undefined index: time F:\work\__App__\Api\Lib\Action\CommonAction.class.php 第 498 行.

[ 2017-05-24T09:39:17+08:00 ] 127.0.0.1 /index.php?g=api&m=extra&a=lolplayermatchdata
NOTIC: [8192] preg_replace(): The /e modifier is deprecated, use preg_replace_callback instead F:\ThinkPHP\Common\common.php 第 171 行.
INFO: [ app_begin ] --START--
INFO: Run ReadHtmlCache Behavior [ RunTime:0.000000s ]
INFO: [ app_begin ] --END-- [ RunTime:0.000000s ]
NOTIC: 建议使用I方法替代_request
NOTIC: 建议使用I方法替代_request
SQL: SHOW COLUMNS FROM `fa_user_user` [ RunTime:0.001001s ]
NOTIC: [8192] preg_replace(): The /e modifier is deprecated, use preg_replace_callback instead F:\ThinkPHP\Lib\Core\Db.class.php 第 601 行.
SQL: SELECT * FROM `fa_user_user` WHERE ( `token` = '4' ) LIMIT 1   [ RunTime:0.000000s ]
SQL: SHOW COLUMNS FROM `fa_player_match_data_lol` [ RunTime:0.002000s ]
SQL: SHOW COLUMNS FROM `fa_match_player_wcg` [ RunTime:0.002000s ]
NOTIC: [8192] preg_replace(): The /e modifier is deprecated, use preg_replace_callback instead F:\ThinkPHP\Lib\Core\Db.class.php 第 601 行.
SQL: SELECT `team_id`,`position` FROM `fa_match_player_wcg` WHERE ( `id` = 100053 )  [ RunTime:0.000000s ]
NOTIC: [8] Undefined index: team_id F:\work\__App__\Api\Modules\Api\Action\ExtraAction.class.php 第 141 行.
NOTIC: [8] Undefined index: position F:\work\__App__\Api\Modules\Api\Action\ExtraAction.class.php 第 142 行.
NOTIC: [8192] preg_replace(): The /e modifier is deprecated, use preg_replace_callback instead F:\ThinkPHP\Lib\Core\Db.class.php 第 601 行.
SQL: SELECT * FROM `fa_player_match_data_lol` WHERE ( `player_id` = 100053 ) ORDER BY addtime desc  [ RunTime:0.002000s ]
NOTIC: [8] Undefined index: player_id F:\work\__App__\Api\Lib\Action\CommonAction.class.php 第 498 行.
NOTIC: [8] Undefined index: match_id F:\work\__App__\Api\Lib\Action\CommonAction.class.php 第 498 行.
NOTIC: [8] Undefined index: kill F:\work\__App__\Api\Lib\Action\CommonAction.class.php 第 498 行.
NOTIC: [8] Undefined index: death F:\work\__App__\Api\Lib\Action\CommonAction.class.php 第 498 行.
NOTIC: [8] Undefined index: assists F:\work\__App__\Api\Lib\Action\CommonAction.class.php 第 498 行.
NOTIC: [8] Undefined index: jungle F:\work\__App__\Api\Lib\Action\CommonAction.class.php 第 498 行.
NOTIC: [8] Undefined index: ten_kill F:\work\__App__\Api\Lib\Action\CommonAction.class.php 第 498 行.
NOTIC: [8] Undefined index: score F:\work\__App__\Api\Lib\Action\CommonAction.class.php 第 498 行.
NOTIC: [8] Undefined index: scores F:\work\__App__\Api\Lib\Action\CommonAction.class.php 第 498 行.
NOTIC: [8] Undefined index: tower F:\work\__App__\Api\Lib\Action\CommonAction.class.php 第 498 行.
NOTIC: [8] Undefined index: dragons F:\work\__App__\Api\Lib\Action\CommonAction.class.php 第 498 行.
NOTIC: [8] Undefined index: barons F:\work\__App__\Api\Lib\Action\CommonAction.class.php 第 498 行.
NOTIC: [8] Undefined index: first_blood F:\work\__App__\Api\Lib\Action\CommonAction.class.php 第 498 行.
NOTIC: [8] Undefined index: is_win F:\work\__App__\Api\Lib\Action\CommonAction.class.php 第 498 行.
NOTIC: [8] Undefined index: is_join F:\work\__App__\Api\Lib\Action\CommonAction.class.php 第 498 行.
NOTIC: [8] Undefined index: is_fast F:\work\__App__\Api\Lib\Action\CommonAction.class.php 第 498 行.
NOTIC: [8] Undefined index: remain F:\work\__App__\Api\Lib\Action\CommonAction.class.php 第 498 行.
NOTIC: [8] Undefined index: season F:\work\__App__\Api\Lib\Action\CommonAction.class.php 第 498 行.
NOTIC: [8] Undefined index: opponents F:\work\__App__\Api\Lib\Action\CommonAction.class.php 第 498 行.
NOTIC: [8] Undefined index: time F:\work\__App__\Api\Lib\Action\CommonAction.class.php 第 498 行.
NOTIC: [8] Undefined index: player_id F:\work\__App__\Api\Lib\Action\CommonAction.class.php 第 498 行.
NOTIC: [8] Undefined index: match_id F:\work\__App__\Api\Lib\Action\CommonAction.class.php 第 498 行.
NOTIC: [8] Undefined index: kill F:\work\__App__\Api\Lib\Action\CommonAction.class.php 第 498 行.
NOTIC: [8] Undefined index: death F:\work\__App__\Api\Lib\Action\CommonAction.class.php 第 498 行.
NOTIC: [8] Undefined index: assists F:\work\__App__\Api\Lib\Action\CommonAction.class.php 第 498 行.
NOTIC: [8] Undefined index: jungle F:\work\__App__\Api\Lib\Action\CommonAction.class.php 第 498 行.
NOTIC: [8] Undefined index: ten_kill F:\work\__App__\Api\Lib\Action\CommonAction.class.php 第 498 行.
NOTIC: [8] Undefined index: score F:\work\__App__\Api\Lib\Action\CommonAction.class.php 第 498 行.
NOTIC: [8] Undefined index: scores F:\work\__App__\Api\Lib\Action\CommonAction.class.php 第 498 行.
NOTIC: [8] Undefined index: tower F:\work\__App__\Api\Lib\Action\CommonAction.class.php 第 498 行.
NOTIC: [8] Undefined index: dragons F:\work\__App__\Api\Lib\Action\CommonAction.class.php 第 498 行.
NOTIC: [8] Undefined index: barons F:\work\__App__\Api\Lib\Action\CommonAction.class.php 第 498 行.
NOTIC: [8] Undefined index: first_blood F:\work\__App__\Api\Lib\Action\CommonAction.class.php 第 498 行.
NOTIC: [8] Undefined index: is_win F:\work\__App__\Api\Lib\Action\CommonAction.class.php 第 498 行.
NOTIC: [8] Undefined index: is_join F:\work\__App__\Api\Lib\Action\CommonAction.class.php 第 498 行.
NOTIC: [8] Undefined index: is_fast F:\work\__App__\Api\Lib\Action\CommonAction.class.php 第 498 行.
NOTIC: [8] Undefined index: remain F:\work\__App__\Api\Lib\Action\CommonAction.class.php 第 498 行.
NOTIC: [8] Undefined index: season F:\work\__App__\Api\Lib\Action\CommonAction.class.php 第 498 行.
NOTIC: [8] Undefined index: opponents F:\work\__App__\Api\Lib\Action\CommonAction.class.php 第 498 行.
NOTIC: [8] Undefined index: time F:\work\__App__\Api\Lib\Action\CommonAction.class.php 第 498 行.
NOTIC: [8] Undefined index: player_id F:\work\__App__\Api\Lib\Action\CommonAction.class.php 第 498 行.
NOTIC: [8] Undefined index: match_id F:\work\__App__\Api\Lib\Action\CommonAction.class.php 第 498 行.
NOTIC: [8] Undefined index: kill F:\work\__App__\Api\Lib\Action\CommonAction.class.php 第 498 行.
NOTIC: [8] Undefined index: death F:\work\__App__\Api\Lib\Action\CommonAction.class.php 第 498 行.
NOTIC: [8] Undefined index: assists F:\work\__App__\Api\Lib\Action\CommonAction.class.php 第 498 行.
NOTIC: [8] Undefined index: jungle F:\work\__App__\Api\Lib\Action\CommonAction.class.php 第 498 行.
NOTIC: [8] Undefined index: ten_kill F:\work\__App__\Api\Lib\Action\CommonAction.class.php 第 498 行.
NOTIC: [8] Undefined index: score F:\work\__App__\Api\Lib\Action\CommonAction.class.php 第 498 行.
NOTIC: [8] Undefined index: scores F:\work\__App__\Api\Lib\Action\CommonAction.class.php 第 498 行.
NOTIC: [8] Undefined index: tower F:\work\__App__\Api\Lib\Action\CommonAction.class.php 第 498 行.
NOTIC: [8] Undefined index: dragons F:\work\__App__\Api\Lib\Action\CommonAction.class.php 第 498 行.
NOTIC: [8] Undefined index: barons F:\work\__App__\Api\Lib\Action\CommonAction.class.php 第 498 行.
NOTIC: [8] Undefined index: first_blood F:\work\__App__\Api\Lib\Action\CommonAction.class.php 第 498 行.
NOTIC: [8] Undefined index: is_win F:\work\__App__\Api\Lib\Action\CommonAction.class.php 第 498 行.
NOTIC: [8] Undefined index: is_join F:\work\__App__\Api\Lib\Action\CommonAction.class.php 第 498 行.
NOTIC: [8] Undefined index: is_fast F:\work\__App__\Api\Lib\Action\CommonAction.class.php 第 498 行.
NOTIC: [8] Undefined index: remain F:\work\__App__\Api\Lib\Action\CommonAction.class.php 第 498 行.
NOTIC: [8] Undefined index: season F:\work\__App__\Api\Lib\Action\CommonAction.class.php 第 498 行.
NOTIC: [8] Undefined index: opponents F:\work\__App__\Api\Lib\Action\CommonAction.class.php 第 498 行.
NOTIC: [8] Undefined index: time F:\work\__App__\Api\Lib\Action\CommonAction.class.php 第 498 行.

[ 2017-05-24T09:46:26+08:00 ] 127.0.0.1 /index.php?g=api&m=extra&a=lolplayermatchdata
NOTIC: [8192] preg_replace(): The /e modifier is deprecated, use preg_replace_callback instead F:\ThinkPHP\Common\common.php 第 171 行.
INFO: [ app_begin ] --START--
INFO: Run ReadHtmlCache Behavior [ RunTime:0.001000s ]
INFO: [ app_begin ] --END-- [ RunTime:0.001000s ]
NOTIC: 建议使用I方法替代_request
NOTIC: 建议使用I方法替代_request
SQL: SHOW COLUMNS FROM `fa_user_user` [ RunTime:0.002000s ]
NOTIC: [8192] preg_replace(): The /e modifier is deprecated, use preg_replace_callback instead F:\ThinkPHP\Lib\Core\Db.class.php 第 601 行.
SQL: SELECT * FROM `fa_user_user` WHERE ( `token` = '4' ) LIMIT 1   [ RunTime:0.001000s ]
SQL: SHOW COLUMNS FROM `fa_player_match_data_lol` [ RunTime:0.002000s ]
SQL: SHOW COLUMNS FROM `fa_match_player_wcg` [ RunTime:0.002001s ]
NOTIC: [8192] preg_replace(): The /e modifier is deprecated, use preg_replace_callback instead F:\ThinkPHP\Lib\Core\Db.class.php 第 601 行.
SQL: SELECT `team_id`,`position` FROM `fa_match_player_wcg` WHERE ( `id` = 100053 )  [ RunTime:0.000000s ]
NOTIC: [8] Undefined index: team_id F:\work\__App__\Api\Modules\Api\Action\ExtraAction.class.php 第 141 行.
NOTIC: [8] Undefined index: position F:\work\__App__\Api\Modules\Api\Action\ExtraAction.class.php 第 142 行.
NOTIC: [8192] preg_replace(): The /e modifier is deprecated, use preg_replace_callback instead F:\ThinkPHP\Lib\Core\Db.class.php 第 601 行.
SQL: SELECT * FROM `fa_player_match_data_lol` WHERE ( `player_id` = 100053 ) ORDER BY addtime desc  [ RunTime:0.001000s ]
NOTIC: [8] Undefined index: player_id F:\work\__App__\Api\Lib\Action\CommonAction.class.php 第 498 行.
NOTIC: [8] Undefined index: match_id F:\work\__App__\Api\Lib\Action\CommonAction.class.php 第 498 行.
NOTIC: [8] Undefined index: kill F:\work\__App__\Api\Lib\Action\CommonAction.class.php 第 498 行.
NOTIC: [8] Undefined index: death F:\work\__App__\Api\Lib\Action\CommonAction.class.php 第 498 行.
NOTIC: [8] Undefined index: assists F:\work\__App__\Api\Lib\Action\CommonAction.class.php 第 498 行.
NOTIC: [8] Undefined index: jungle F:\work\__App__\Api\Lib\Action\CommonAction.class.php 第 498 行.
NOTIC: [8] Undefined index: ten_kill F:\work\__App__\Api\Lib\Action\CommonAction.class.php 第 498 行.
NOTIC: [8] Undefined index: score F:\work\__App__\Api\Lib\Action\CommonAction.class.php 第 498 行.
NOTIC: [8] Undefined index: scores F:\work\__App__\Api\Lib\Action\CommonAction.class.php 第 498 行.
NOTIC: [8] Undefined index: tower F:\work\__App__\Api\Lib\Action\CommonAction.class.php 第 498 行.
NOTIC: [8] Undefined index: dragons F:\work\__App__\Api\Lib\Action\CommonAction.class.php 第 498 行.
NOTIC: [8] Undefined index: barons F:\work\__App__\Api\Lib\Action\CommonAction.class.php 第 498 行.
NOTIC: [8] Undefined index: first_blood F:\work\__App__\Api\Lib\Action\CommonAction.class.php 第 498 行.
NOTIC: [8] Undefined index: is_win F:\work\__App__\Api\Lib\Action\CommonAction.class.php 第 498 行.
NOTIC: [8] Undefined index: is_join F:\work\__App__\Api\Lib\Action\CommonAction.class.php 第 498 行.
NOTIC: [8] Undefined index: is_fast F:\work\__App__\Api\Lib\Action\CommonAction.class.php 第 498 行.
NOTIC: [8] Undefined index: remain F:\work\__App__\Api\Lib\Action\CommonAction.class.php 第 498 行.
NOTIC: [8] Undefined index: season F:\work\__App__\Api\Lib\Action\CommonAction.class.php 第 498 行.
NOTIC: [8] Undefined index: opponents F:\work\__App__\Api\Lib\Action\CommonAction.class.php 第 498 行.
NOTIC: [8] Undefined index: time F:\work\__App__\Api\Lib\Action\CommonAction.class.php 第 498 行.
NOTIC: [8] Undefined index: player_id F:\work\__App__\Api\Lib\Action\CommonAction.class.php 第 498 行.
NOTIC: [8] Undefined index: match_id F:\work\__App__\Api\Lib\Action\CommonAction.class.php 第 498 行.
NOTIC: [8] Undefined index: kill F:\work\__App__\Api\Lib\Action\CommonAction.class.php 第 498 行.
NOTIC: [8] Undefined index: death F:\work\__App__\Api\Lib\Action\CommonAction.class.php 第 498 行.
NOTIC: [8] Undefined index: assists F:\work\__App__\Api\Lib\Action\CommonAction.class.php 第 498 行.
NOTIC: [8] Undefined index: jungle F:\work\__App__\Api\Lib\Action\CommonAction.class.php 第 498 行.
NOTIC: [8] Undefined index: ten_kill F:\work\__App__\Api\Lib\Action\CommonAction.class.php 第 498 行.
NOTIC: [8] Undefined index: score F:\work\__App__\Api\Lib\Action\CommonAction.class.php 第 498 行.
NOTIC: [8] Undefined index: scores F:\work\__App__\Api\Lib\Action\CommonAction.class.php 第 498 行.
NOTIC: [8] Undefined index: tower F:\work\__App__\Api\Lib\Action\CommonAction.class.php 第 498 行.
NOTIC: [8] Undefined index: dragons F:\work\__App__\Api\Lib\Action\CommonAction.class.php 第 498 行.
NOTIC: [8] Undefined index: barons F:\work\__App__\Api\Lib\Action\CommonAction.class.php 第 498 行.
NOTIC: [8] Undefined index: first_blood F:\work\__App__\Api\Lib\Action\CommonAction.class.php 第 498 行.
NOTIC: [8] Undefined index: is_win F:\work\__App__\Api\Lib\Action\CommonAction.class.php 第 498 行.
NOTIC: [8] Undefined index: is_join F:\work\__App__\Api\Lib\Action\CommonAction.class.php 第 498 行.
NOTIC: [8] Undefined index: is_fast F:\work\__App__\Api\Lib\Action\CommonAction.class.php 第 498 行.
NOTIC: [8] Undefined index: remain F:\work\__App__\Api\Lib\Action\CommonAction.class.php 第 498 行.
NOTIC: [8] Undefined index: season F:\work\__App__\Api\Lib\Action\CommonAction.class.php 第 498 行.
NOTIC: [8] Undefined index: opponents F:\work\__App__\Api\Lib\Action\CommonAction.class.php 第 498 行.
NOTIC: [8] Undefined index: time F:\work\__App__\Api\Lib\Action\CommonAction.class.php 第 498 行.
NOTIC: [8] Undefined index: player_id F:\work\__App__\Api\Lib\Action\CommonAction.class.php 第 498 行.
NOTIC: [8] Undefined index: match_id F:\work\__App__\Api\Lib\Action\CommonAction.class.php 第 498 行.
NOTIC: [8] Undefined index: kill F:\work\__App__\Api\Lib\Action\CommonAction.class.php 第 498 行.
NOTIC: [8] Undefined index: death F:\work\__App__\Api\Lib\Action\CommonAction.class.php 第 498 行.
NOTIC: [8] Undefined index: assists F:\work\__App__\Api\Lib\Action\CommonAction.class.php 第 498 行.
NOTIC: [8] Undefined index: jungle F:\work\__App__\Api\Lib\Action\CommonAction.class.php 第 498 行.
NOTIC: [8] Undefined index: ten_kill F:\work\__App__\Api\Lib\Action\CommonAction.class.php 第 498 行.
NOTIC: [8] Undefined index: score F:\work\__App__\Api\Lib\Action\CommonAction.class.php 第 498 行.
NOTIC: [8] Undefined index: scores F:\work\__App__\Api\Lib\Action\CommonAction.class.php 第 498 行.
NOTIC: [8] Undefined index: tower F:\work\__App__\Api\Lib\Action\CommonAction.class.php 第 498 行.
NOTIC: [8] Undefined index: dragons F:\work\__App__\Api\Lib\Action\CommonAction.class.php 第 498 行.
NOTIC: [8] Undefined index: barons F:\work\__App__\Api\Lib\Action\CommonAction.class.php 第 498 行.
NOTIC: [8] Undefined index: first_blood F:\work\__App__\Api\Lib\Action\CommonAction.class.php 第 498 行.
NOTIC: [8] Undefined index: is_win F:\work\__App__\Api\Lib\Action\CommonAction.class.php 第 498 行.
NOTIC: [8] Undefined index: is_join F:\work\__App__\Api\Lib\Action\CommonAction.class.php 第 498 行.
NOTIC: [8] Undefined index: is_fast F:\work\__App__\Api\Lib\Action\CommonAction.class.php 第 498 行.
NOTIC: [8] Undefined index: remain F:\work\__App__\Api\Lib\Action\CommonAction.class.php 第 498 行.
NOTIC: [8] Undefined index: season F:\work\__App__\Api\Lib\Action\CommonAction.class.php 第 498 行.
NOTIC: [8] Undefined index: opponents F:\work\__App__\Api\Lib\Action\CommonAction.class.php 第 498 行.
NOTIC: [8] Undefined index: time F:\work\__App__\Api\Lib\Action\CommonAction.class.php 第 498 行.

